ARM GAS  C:\Users\ziemannt\AppData\Local\Temp\cckdKoC5.s 			page 1


   1              		.cpu cortex-m4
   2              		.eabi_attribute 20, 1
   3              		.eabi_attribute 21, 1
   4              		.eabi_attribute 23, 3
   5              		.eabi_attribute 24, 1
   6              		.eabi_attribute 25, 1
   7              		.eabi_attribute 26, 1
   8              		.eabi_attribute 30, 2
   9              		.eabi_attribute 34, 1
  10              		.eabi_attribute 18, 4
  11              		.file	"chcoreapi.c"
  12              		.section	.gnu.debuglto_.debug_info,"e",%progbits
  13              	.Ldebug_info0:
  14              		.hidden	chcoreapi.c.a4951675
  15              		.weak	chcoreapi.c.a4951675
  16              	chcoreapi.c.a4951675:
  17 0000 75000000 		.4byte	0x75
  18 0004 0400     		.2byte	0x4
  19 0006 00000000 		.4byte	.Ldebug_abbrev0
  20 000a 04       		.byte	0x4
  21 000b 01       		.uleb128 0x1
  22 000c D6000000 		.4byte	.LASF12
  23 0010 0C       		.byte	0xc
  24 0011 1B000000 		.4byte	.LASF13
  25 0015 7E000000 		.4byte	.LASF14
  26 0019 00000000 		.4byte	.Ldebug_line0
  27 001d 02       		.uleb128 0x2
  28 001e 04       		.byte	0x4
  29 001f 05       		.byte	0x5
  30 0020 696E7400 		.ascii	"int\000"
  31 0024 03       		.uleb128 0x3
  32 0025 04       		.byte	0x4
  33 0026 07       		.byte	0x7
  34 0027 0E000000 		.4byte	.LASF0
  35 002b 03       		.uleb128 0x3
  36 002c 08       		.byte	0x8
  37 002d 05       		.byte	0x5
  38 002e 00000000 		.4byte	.LASF1
  39 0032 03       		.uleb128 0x3
  40 0033 08       		.byte	0x8
  41 0034 04       		.byte	0x4
  42 0035 BA010000 		.4byte	.LASF2
  43 0039 03       		.uleb128 0x3
  44 003a 01       		.byte	0x1
  45 003b 06       		.byte	0x6
  46 003c AE010000 		.4byte	.LASF3
  47 0040 03       		.uleb128 0x3
  48 0041 01       		.byte	0x1
  49 0042 08       		.byte	0x8
  50 0043 B4000000 		.4byte	.LASF4
  51 0047 03       		.uleb128 0x3
  52 0048 02       		.byte	0x2
  53 0049 05       		.byte	0x5
  54 004a C6010000 		.4byte	.LASF5
  55 004e 03       		.uleb128 0x3
  56 004f 02       		.byte	0x2
  57 0050 07       		.byte	0x7
ARM GAS  C:\Users\ziemannt\AppData\Local\Temp\cckdKoC5.s 			page 2


  58 0051 9B010000 		.4byte	.LASF6
  59 0055 03       		.uleb128 0x3
  60 0056 04       		.byte	0x4
  61 0057 05       		.byte	0x5
  62 0058 C7000000 		.4byte	.LASF7
  63 005c 03       		.uleb128 0x3
  64 005d 04       		.byte	0x4
  65 005e 07       		.byte	0x7
  66 005f 55000000 		.4byte	.LASF8
  67 0063 03       		.uleb128 0x3
  68 0064 08       		.byte	0x8
  69 0065 07       		.byte	0x7
  70 0066 67000000 		.4byte	.LASF9
  71 006a 03       		.uleb128 0x3
  72 006b 01       		.byte	0x1
  73 006c 08       		.byte	0x8
  74 006d C2000000 		.4byte	.LASF10
  75 0071 03       		.uleb128 0x3
  76 0072 01       		.byte	0x1
  77 0073 02       		.byte	0x2
  78 0074 D0000000 		.4byte	.LASF11
  79 0078 00       		.byte	0
  80              		.section	.gnu.debuglto_.debug_abbrev,"e",%progbits
  81              	.Ldebug_abbrev0:
  82 0000 01       		.uleb128 0x1
  83 0001 11       		.uleb128 0x11
  84 0002 01       		.byte	0x1
  85 0003 25       		.uleb128 0x25
  86 0004 0E       		.uleb128 0xe
  87 0005 13       		.uleb128 0x13
  88 0006 0B       		.uleb128 0xb
  89 0007 03       		.uleb128 0x3
  90 0008 0E       		.uleb128 0xe
  91 0009 1B       		.uleb128 0x1b
  92 000a 0E       		.uleb128 0xe
  93 000b 10       		.uleb128 0x10
  94 000c 17       		.uleb128 0x17
  95 000d 00       		.byte	0
  96 000e 00       		.byte	0
  97 000f 02       		.uleb128 0x2
  98 0010 24       		.uleb128 0x24
  99 0011 00       		.byte	0
 100 0012 0B       		.uleb128 0xb
 101 0013 0B       		.uleb128 0xb
 102 0014 3E       		.uleb128 0x3e
 103 0015 0B       		.uleb128 0xb
 104 0016 03       		.uleb128 0x3
 105 0017 08       		.uleb128 0x8
 106 0018 00       		.byte	0
 107 0019 00       		.byte	0
 108 001a 03       		.uleb128 0x3
 109 001b 24       		.uleb128 0x24
 110 001c 00       		.byte	0
 111 001d 0B       		.uleb128 0xb
 112 001e 0B       		.uleb128 0xb
 113 001f 3E       		.uleb128 0x3e
 114 0020 0B       		.uleb128 0xb
ARM GAS  C:\Users\ziemannt\AppData\Local\Temp\cckdKoC5.s 			page 3


 115 0021 03       		.uleb128 0x3
 116 0022 0E       		.uleb128 0xe
 117 0023 00       		.byte	0
 118 0024 00       		.byte	0
 119 0025 00       		.byte	0
 120              		.section	.gnu.debuglto_.debug_line,"e",%progbits
 121              	.Ldebug_line0:
 122 0000 1A000000 		.4byte	.LELT0-.LSLT0
 123              	.LSLT0:
 124 0004 0400     		.2byte	0x4
 125 0006 14000000 		.4byte	.LELTP0-.LASLTP0
 126              	.LASLTP0:
 127 000a 01       		.byte	0x1
 128 000b 01       		.byte	0x1
 129 000c 01       		.byte	0x1
 130 000d F6       		.byte	0xf6
 131 000e F2       		.byte	0xf2
 132 000f 0D       		.byte	0xd
 133 0010 00       		.byte	0
 134 0011 01       		.byte	0x1
 135 0012 01       		.byte	0x1
 136 0013 01       		.byte	0x1
 137 0014 01       		.byte	0x1
 138 0015 00       		.byte	0
 139 0016 00       		.byte	0
 140 0017 00       		.byte	0
 141 0018 01       		.byte	0x1
 142 0019 00       		.byte	0
 143 001a 00       		.byte	0
 144 001b 01       		.byte	0x1
 145 001c 00       		.byte	0
 146 001d 00       		.byte	0
 147              	.LELTP0:
 148              	.LELT0:
 149              		.section	.gnu.debuglto_.debug_str,"eMS",%progbits,1
 150              	.LASF1:
 151 0000 6C6F6E67 		.ascii	"long long int\000"
 151      206C6F6E 
 151      6720696E 
 151      7400
 152              	.LASF0:
 153 000e 756E7369 		.ascii	"unsigned int\000"
 153      676E6564 
 153      20696E74 
 153      00
 154              	.LASF13:
 155 001b 2E2E2F2E 		.ascii	"../../chibios2111/os/common/ports/ARMv7-M-ALT/chcor"
 155      2E2F6368 
 155      6962696F 
 155      73323131 
 155      312F6F73 
 156 004e 65617069 		.ascii	"eapi.c\000"
 156      2E6300
 157              	.LASF8:
 158 0055 6C6F6E67 		.ascii	"long unsigned int\000"
 158      20756E73 
 158      69676E65 
ARM GAS  C:\Users\ziemannt\AppData\Local\Temp\cckdKoC5.s 			page 4


 158      6420696E 
 158      7400
 159              	.LASF9:
 160 0067 6C6F6E67 		.ascii	"long long unsigned int\000"
 160      206C6F6E 
 160      6720756E 
 160      7369676E 
 160      65642069 
 161              	.LASF14:
 162 007e 433A5C43 		.ascii	"C:\\ChibiStudio\\workspace_user\\Software digital d"
 162      68696269 
 162      53747564 
 162      696F5C77 
 162      6F726B73 
 163 00ae 72697665 		.ascii	"river\000"
 163      7200
 164              	.LASF4:
 165 00b4 756E7369 		.ascii	"unsigned char\000"
 165      676E6564 
 165      20636861 
 165      7200
 166              	.LASF10:
 167 00c2 63686172 		.ascii	"char\000"
 167      00
 168              	.LASF7:
 169 00c7 6C6F6E67 		.ascii	"long int\000"
 169      20696E74 
 169      00
 170              	.LASF11:
 171 00d0 5F426F6F 		.ascii	"_Bool\000"
 171      6C00
 172              	.LASF12:
 173 00d6 474E5520 		.ascii	"GNU C17 10.3.1 20210621 (release) -mcpu=cortex-m4 -"
 173      43313720 
 173      31302E33 
 173      2E312032 
 173      30323130 
 174 0109 6D746875 		.ascii	"mthumb -mfloat-abi=soft -march=armv7e-m -ggdb -O2 -"
 174      6D62202D 
 174      6D666C6F 
 174      61742D61 
 174      62693D73 
 175 013c 666F6D69 		.ascii	"fomit-frame-pointer -falign-functions=16 -ffunction"
 175      742D6672 
 175      616D652D 
 175      706F696E 
 175      74657220 
 176 016f 2D736563 		.ascii	"-sections -fdata-sections -fno-common -flto\000"
 176      74696F6E 
 176      73202D66 
 176      64617461 
 176      2D736563 
 177              	.LASF6:
 178 019b 73686F72 		.ascii	"short unsigned int\000"
 178      7420756E 
 178      7369676E 
 178      65642069 
ARM GAS  C:\Users\ziemannt\AppData\Local\Temp\cckdKoC5.s 			page 5


 178      6E7400
 179              	.LASF3:
 180 01ae 7369676E 		.ascii	"signed char\000"
 180      65642063 
 180      68617200 
 181              	.LASF2:
 182 01ba 6C6F6E67 		.ascii	"long double\000"
 182      20646F75 
 182      626C6500 
 183              	.LASF5:
 184 01c6 73686F72 		.ascii	"short int\000"
 184      7420696E 
 184      7400
 185              		.text
 186              		.section	.gnu.lto_.profile.5f3b2ea,"e",%progbits
 187 0000 789C6362 		.ascii	"x\234cb\000\001\000\000\022\000\003"
 187      00010000 
 187      120003
 188              		.text
 189              		.section	.gnu.lto_.icf.5f3b2ea,"e",%progbits
 190 0000 789C6362 		.ascii	"x\234cb@\006\000\000*\000\003"
 190      40060000 
 190      2A0003
 191              		.text
 192              		.section	.gnu.lto_.ipa_sra.5f3b2ea,"e",%progbits
 193 0000 789C6362 		.ascii	"x\234cb@\006\000\000*\000\003"
 193      40060000 
 193      2A0003
 194              		.text
 195              		.section	.gnu.lto_.inline.5f3b2ea,"e",%progbits
 196 0000 789C6362 		.ascii	"x\234cb@\006\000\000*\000\003"
 196      40060000 
 196      2A0003
 197              		.text
 198              		.section	.gnu.lto_.jmpfuncs.5f3b2ea,"e",%progbits
 199 0000 789C6362 		.ascii	"x\234cb@\006\000\000*\000\003"
 199      40060000 
 199      2A0003
 200              		.text
 201              		.section	.gnu.lto_.pureconst.5f3b2ea,"e",%progbits
 202 0000 789C6364 		.ascii	"x\234cd\000\002\000\000\012\000\002"
 202      00020000 
 202      0A0002
 203              		.text
 204              		.section	.gnu.lto_.lto.5f3b2ea,"e",%progbits
 205 0000 09000400 		.ascii	"\011\000\004\000\001\000\000\000"
 205      01000000 
 206              		.text
 207              		.section	.gnu.lto_.symbol_nodes.5f3b2ea,"e",%progbits
 208 0000 789C6362 		.ascii	"x\234cb\000\001\000\000\022\000\003"
 208      00010000 
 208      120003
 209              		.text
 210              		.section	.gnu.lto_.refs.5f3b2ea,"e",%progbits
 211 0000 789C6364 		.ascii	"x\234cd\000\002\000\000\012\000\002"
 211      00020000 
 211      0A0002
ARM GAS  C:\Users\ziemannt\AppData\Local\Temp\cckdKoC5.s 			page 6


 212              		.text
 213              		.section	.gnu.lto_.decls.5f3b2ea,"e",%progbits
 214 0000 789C6360 		.ascii	"x\234c````\004b\025 \376\017\004 \366E\006\002\000\000"
 214      60606004 
 214      621520FE 
 214      0F0420F6 
 214      45060200 
 215 0015 BF3204F4 		.ascii	"\2772\004\364"
 216              		.text
 217              		.section	.gnu.lto_.symtab.5f3b2ea,"e",%progbits
 218              		.text
 219              		.section	.gnu.lto_.ext_symtab.5f3b2ea,"e",%progbits
 220 0000 01       		.ascii	"\001"
 221              		.text
 222              		.section	.gnu.lto_.opts,"e",%progbits
 223 0000 272D666E 		.ascii	"'-fno-openmp' '-fno-openacc' '-fno-pie' '-fcf-prote"
 223      6F2D6F70 
 223      656E6D70 
 223      2720272D 
 223      666E6F2D 
 224 0033 6374696F 		.ascii	"ction=none' '-g' '-mcpu=cortex-m4' '-mthumb' '-mflo"
 224      6E3D6E6F 
 224      6E652720 
 224      272D6727 
 224      20272D6D 
 225 0066 61742D61 		.ascii	"at-abi=soft' '-mlibarch=armv7e-m' '-march=armv7e-m'"
 225      62693D73 
 225      6F667427 
 225      20272D6D 
 225      6C696261 
 226 0099 20272D4F 		.ascii	" '-O2' '-fomit-frame-pointer' '-falign-functions=16"
 226      32272027 
 226      2D666F6D 
 226      69742D66 
 226      72616D65 
 227 00cc 2720272D 		.ascii	"' '-ffunction-sections' '-fdata-sections' '-fno-com"
 227      6666756E 
 227      6374696F 
 227      6E2D7365 
 227      6374696F 
 228 00ff 6D6F6E27 		.ascii	"mon' '-flto' '-Xassembler' '-alms=./build/lst/chcor"
 228      20272D66 
 228      6C746F27 
 228      20272D58 
 228      61737365 
 229 0132 65617069 		.ascii	"eapi.lst'\000"
 229      2E6C7374 
 229      2700
 230              		.text
 231              		.comm	__gnu_lto_slim,1,1
 232              		.ident	"GCC: (GNU Arm Embedded Toolchain 10.3-2021.07) 10.3.1 20210621 (release)"
ARM GAS  C:\Users\ziemannt\AppData\Local\Temp\cckdKoC5.s 			page 7


DEFINED SYMBOLS
                            *ABS*:00000000 chcoreapi.c
C:\Users\ziemannt\AppData\Local\Temp\cckdKoC5.s:16     .gnu.debuglto_.debug_info:00000000 chcoreapi.c.a4951675
                            *COM*:00000001 __gnu_lto_slim

NO UNDEFINED SYMBOLS
