ARM GAS  C:\Users\zerog\AppData\Local\Temp\cclkzbrd.s 			page 1


   1              		.cpu cortex-m4
   2              		.eabi_attribute 20, 1
   3              		.eabi_attribute 21, 1
   4              		.eabi_attribute 23, 3
   5              		.eabi_attribute 24, 1
   6              		.eabi_attribute 25, 1
   7              		.eabi_attribute 26, 1
   8              		.eabi_attribute 30, 2
   9              		.eabi_attribute 34, 1
  10              		.eabi_attribute 18, 4
  11              		.file	"crt1.c"
  12              		.file 1 "c:\\chibistudio\\tools\\gnu tools arm embedded\\10.3 2021.07\\arm-none-eabi\\include\\mac
  13              		.file 2 "c:\\chibistudio\\tools\\gnu tools arm embedded\\10.3 2021.07\\arm-none-eabi\\include\\sys
  14              		.file 3 "../../chibios2111/os/common/startup/ARMCMx/compilers/GCC/crt1.c"
  15              		.section	.gnu.debuglto_.debug_info,"e",%progbits
  16              	.Ldebug_info0:
  17              		.hidden	crt1.c.40f9f977
  18              		.weak	crt1.c.40f9f977
  19              	crt1.c.40f9f977:
  20 0000 C4020000 		.4byte	0x2c4
  21 0004 0400     		.2byte	0x4
  22 0006 00000000 		.4byte	.Ldebug_abbrev0
  23 000a 04       		.byte	0x4
  24 000b 01       		.uleb128 0x1
  25 000c 64010000 		.4byte	.LASF52
  26 0010 0C       		.byte	0xc
  27 0011 14030000 		.4byte	.LASF53
  28 0015 FD000000 		.4byte	.LASF54
  29 0019 00000000 		.4byte	.Ldebug_line0
  30 001d 02       		.uleb128 0x2
  31 001e 01       		.byte	0x1
  32 001f 06       		.byte	0x6
  33 0020 15040000 		.4byte	.LASF0
  34 0024 02       		.uleb128 0x2
  35 0025 01       		.byte	0x1
  36 0026 08       		.byte	0x8
  37 0027 EF000000 		.4byte	.LASF1
  38 002b 02       		.uleb128 0x2
  39 002c 02       		.byte	0x2
  40 002d 05       		.byte	0x5
  41 002e D1030000 		.4byte	.LASF2
  42 0032 02       		.uleb128 0x2
  43 0033 02       		.byte	0x2
  44 0034 07       		.byte	0x7
  45 0035 34040000 		.4byte	.LASF3
  46 0039 02       		.uleb128 0x2
  47 003a 04       		.byte	0x4
  48 003b 05       		.byte	0x5
  49 003c FC030000 		.4byte	.LASF4
  50 0040 03       		.uleb128 0x3
  51 0041 78020000 		.4byte	.LASF9
  52 0045 01       		.byte	0x1
  53 0046 4F       		.byte	0x4f
  54 0047 19       		.byte	0x19
  55 0048 4C000000 		.4byte	0x4c
  56 004c 02       		.uleb128 0x2
  57 004d 04       		.byte	0x4
ARM GAS  C:\Users\zerog\AppData\Local\Temp\cclkzbrd.s 			page 2


  58 004e 07       		.byte	0x7
  59 004f 36010000 		.4byte	.LASF5
  60 0053 02       		.uleb128 0x2
  61 0054 08       		.byte	0x8
  62 0055 05       		.byte	0x5
  63 0056 63030000 		.4byte	.LASF6
  64 005a 02       		.uleb128 0x2
  65 005b 08       		.byte	0x8
  66 005c 07       		.byte	0x7
  67 005d D0020000 		.4byte	.LASF7
  68 0061 04       		.uleb128 0x4
  69 0062 04       		.byte	0x4
  70 0063 05       		.byte	0x5
  71 0064 696E7400 		.ascii	"int\000"
  72 0068 02       		.uleb128 0x2
  73 0069 04       		.byte	0x4
  74 006a 07       		.byte	0x7
  75 006b C3020000 		.4byte	.LASF8
  76 006f 03       		.uleb128 0x3
  77 0070 F3030000 		.4byte	.LASF10
  78 0074 02       		.byte	0x2
  79 0075 30       		.byte	0x30
  80 0076 14       		.byte	0x14
  81 0077 40000000 		.4byte	0x40
  82 007b 05       		.uleb128 0x5
  83 007c 10       		.byte	0x10
  84 007d 03       		.byte	0x3
  85 007e 39       		.byte	0x39
  86 007f 09       		.byte	0x9
  87 0080 B9000000 		.4byte	0xb9
  88 0084 06       		.uleb128 0x6
  89 0085 AE000000 		.4byte	.LASF11
  90 0089 03       		.byte	0x3
  91 008a 3A       		.byte	0x3a
  92 008b 1A       		.byte	0x1a
  93 008c B9000000 		.4byte	0xb9
  94 0090 00       		.byte	0
  95 0091 06       		.uleb128 0x6
  96 0092 DB030000 		.4byte	.LASF12
  97 0096 03       		.byte	0x3
  98 0097 3B       		.byte	0x3b
  99 0098 1A       		.byte	0x1a
 100 0099 B9000000 		.4byte	0xb9
 101 009d 04       		.byte	0x4
 102 009e 06       		.uleb128 0x6
 103 009f 78000000 		.4byte	.LASF13
 104 00a3 03       		.byte	0x3
 105 00a4 3C       		.byte	0x3c
 106 00a5 1A       		.byte	0x1a
 107 00a6 B9000000 		.4byte	0xb9
 108 00aa 08       		.byte	0x8
 109 00ab 06       		.uleb128 0x6
 110 00ac 07030000 		.4byte	.LASF14
 111 00b0 03       		.byte	0x3
 112 00b1 3D       		.byte	0x3d
 113 00b2 1A       		.byte	0x1a
 114 00b3 B9000000 		.4byte	0xb9
ARM GAS  C:\Users\zerog\AppData\Local\Temp\cclkzbrd.s 			page 3


 115 00b7 0C       		.byte	0xc
 116 00b8 00       		.byte	0
 117 00b9 07       		.uleb128 0x7
 118 00ba 04       		.byte	0x4
 119 00bb 6F000000 		.4byte	0x6f
 120 00bf 03       		.uleb128 0x3
 121 00c0 4B000000 		.4byte	.LASF15
 122 00c4 03       		.byte	0x3
 123 00c5 3E       		.byte	0x3e
 124 00c6 03       		.byte	0x3
 125 00c7 7B000000 		.4byte	0x7b
 126 00cb 08       		.uleb128 0x8
 127 00cc BF000000 		.4byte	0xbf
 128 00d0 09       		.uleb128 0x9
 129 00d1 65000000 		.4byte	.LASF16
 130 00d5 03       		.byte	0x3
 131 00d6 45       		.byte	0x45
 132 00d7 11       		.byte	0x11
 133 00d8 6F000000 		.4byte	0x6f
 134 00dc 09       		.uleb128 0x9
 135 00dd 48010000 		.4byte	.LASF17
 136 00e1 03       		.byte	0x3
 137 00e2 45       		.byte	0x45
 138 00e3 25       		.byte	0x25
 139 00e4 6F000000 		.4byte	0x6f
 140 00e8 09       		.uleb128 0x9
 141 00e9 00000000 		.4byte	.LASF18
 142 00ed 03       		.byte	0x3
 143 00ee 45       		.byte	0x45
 144 00ef 34       		.byte	0x34
 145 00f0 6F000000 		.4byte	0x6f
 146 00f4 09       		.uleb128 0x9
 147 00f5 2B000000 		.4byte	.LASF19
 148 00f9 03       		.byte	0x3
 149 00fa 45       		.byte	0x45
 150 00fb 44       		.byte	0x44
 151 00fc 6F000000 		.4byte	0x6f
 152 0100 09       		.uleb128 0x9
 153 0101 81030000 		.4byte	.LASF20
 154 0105 03       		.byte	0x3
 155 0106 48       		.byte	0x48
 156 0107 11       		.byte	0x11
 157 0108 6F000000 		.4byte	0x6f
 158 010c 09       		.uleb128 0x9
 159 010d 92000000 		.4byte	.LASF21
 160 0111 03       		.byte	0x3
 161 0112 48       		.byte	0x48
 162 0113 25       		.byte	0x25
 163 0114 6F000000 		.4byte	0x6f
 164 0118 09       		.uleb128 0x9
 165 0119 BD000000 		.4byte	.LASF22
 166 011d 03       		.byte	0x3
 167 011e 48       		.byte	0x48
 168 011f 34       		.byte	0x34
 169 0120 6F000000 		.4byte	0x6f
 170 0124 09       		.uleb128 0x9
 171 0125 05040000 		.4byte	.LASF23
ARM GAS  C:\Users\zerog\AppData\Local\Temp\cclkzbrd.s 			page 4


 172 0129 03       		.byte	0x3
 173 012a 48       		.byte	0x48
 174 012b 44       		.byte	0x44
 175 012c 6F000000 		.4byte	0x6f
 176 0130 09       		.uleb128 0x9
 177 0131 21040000 		.4byte	.LASF24
 178 0135 03       		.byte	0x3
 179 0136 4B       		.byte	0x4b
 180 0137 11       		.byte	0x11
 181 0138 6F000000 		.4byte	0x6f
 182 013c 09       		.uleb128 0x9
 183 013d 0F000000 		.4byte	.LASF25
 184 0141 03       		.byte	0x3
 185 0142 4B       		.byte	0x4b
 186 0143 25       		.byte	0x25
 187 0144 6F000000 		.4byte	0x6f
 188 0148 09       		.uleb128 0x9
 189 0149 AF030000 		.4byte	.LASF26
 190 014d 03       		.byte	0x3
 191 014e 4B       		.byte	0x4b
 192 014f 34       		.byte	0x34
 193 0150 6F000000 		.4byte	0x6f
 194 0154 09       		.uleb128 0x9
 195 0155 71030000 		.4byte	.LASF27
 196 0159 03       		.byte	0x3
 197 015a 4B       		.byte	0x4b
 198 015b 44       		.byte	0x44
 199 015c 6F000000 		.4byte	0x6f
 200 0160 09       		.uleb128 0x9
 201 0161 65020000 		.4byte	.LASF28
 202 0165 03       		.byte	0x3
 203 0166 4E       		.byte	0x4e
 204 0167 11       		.byte	0x11
 205 0168 6F000000 		.4byte	0x6f
 206 016c 09       		.uleb128 0x9
 207 016d E5030000 		.4byte	.LASF29
 208 0171 03       		.byte	0x3
 209 0172 4E       		.byte	0x4e
 210 0173 25       		.byte	0x25
 211 0174 6F000000 		.4byte	0x6f
 212 0178 09       		.uleb128 0x9
 213 0179 83000000 		.4byte	.LASF30
 214 017d 03       		.byte	0x3
 215 017e 4E       		.byte	0x4e
 216 017f 34       		.byte	0x34
 217 0180 6F000000 		.4byte	0x6f
 218 0184 09       		.uleb128 0x9
 219 0185 94030000 		.4byte	.LASF31
 220 0189 03       		.byte	0x3
 221 018a 4E       		.byte	0x4e
 222 018b 44       		.byte	0x44
 223 018c 6F000000 		.4byte	0x6f
 224 0190 09       		.uleb128 0x9
 225 0191 BE030000 		.4byte	.LASF32
 226 0195 03       		.byte	0x3
 227 0196 51       		.byte	0x51
 228 0197 11       		.byte	0x11
ARM GAS  C:\Users\zerog\AppData\Local\Temp\cclkzbrd.s 			page 5


 229 0198 6F000000 		.4byte	0x6f
 230 019c 09       		.uleb128 0x9
 231 019d 96020000 		.4byte	.LASF33
 232 01a1 03       		.byte	0x3
 233 01a2 51       		.byte	0x51
 234 01a3 25       		.byte	0x25
 235 01a4 6F000000 		.4byte	0x6f
 236 01a8 09       		.uleb128 0x9
 237 01a9 A4020000 		.4byte	.LASF34
 238 01ad 03       		.byte	0x3
 239 01ae 51       		.byte	0x51
 240 01af 34       		.byte	0x34
 241 01b0 6F000000 		.4byte	0x6f
 242 01b4 09       		.uleb128 0x9
 243 01b5 B3020000 		.4byte	.LASF35
 244 01b9 03       		.byte	0x3
 245 01ba 51       		.byte	0x51
 246 01bb 44       		.byte	0x44
 247 01bc 6F000000 		.4byte	0x6f
 248 01c0 09       		.uleb128 0x9
 249 01c1 83020000 		.4byte	.LASF36
 250 01c5 03       		.byte	0x3
 251 01c6 54       		.byte	0x54
 252 01c7 11       		.byte	0x11
 253 01c8 6F000000 		.4byte	0x6f
 254 01cc 09       		.uleb128 0x9
 255 01cd 56010000 		.4byte	.LASF37
 256 01d1 03       		.byte	0x3
 257 01d2 54       		.byte	0x54
 258 01d3 25       		.byte	0x25
 259 01d4 6F000000 		.4byte	0x6f
 260 01d8 09       		.uleb128 0x9
 261 01d9 47040000 		.4byte	.LASF38
 262 01dd 03       		.byte	0x3
 263 01de 54       		.byte	0x54
 264 01df 34       		.byte	0x34
 265 01e0 6F000000 		.4byte	0x6f
 266 01e4 09       		.uleb128 0x9
 267 01e5 35020000 		.4byte	.LASF39
 268 01e9 03       		.byte	0x3
 269 01ea 54       		.byte	0x54
 270 01eb 44       		.byte	0x44
 271 01ec 6F000000 		.4byte	0x6f
 272 01f0 09       		.uleb128 0x9
 273 01f1 CC000000 		.4byte	.LASF40
 274 01f5 03       		.byte	0x3
 275 01f6 57       		.byte	0x57
 276 01f7 11       		.byte	0x11
 277 01f8 6F000000 		.4byte	0x6f
 278 01fc 09       		.uleb128 0x9
 279 01fd A0000000 		.4byte	.LASF41
 280 0201 03       		.byte	0x3
 281 0202 57       		.byte	0x57
 282 0203 25       		.byte	0x25
 283 0204 6F000000 		.4byte	0x6f
 284 0208 09       		.uleb128 0x9
 285 0209 27010000 		.4byte	.LASF42
ARM GAS  C:\Users\zerog\AppData\Local\Temp\cclkzbrd.s 			page 6


 286 020d 03       		.byte	0x3
 287 020e 57       		.byte	0x57
 288 020f 34       		.byte	0x34
 289 0210 6F000000 		.4byte	0x6f
 290 0214 09       		.uleb128 0x9
 291 0215 DF000000 		.4byte	.LASF43
 292 0219 03       		.byte	0x3
 293 021a 57       		.byte	0x57
 294 021b 44       		.byte	0x44
 295 021c 6F000000 		.4byte	0x6f
 296 0220 09       		.uleb128 0x9
 297 0221 E7020000 		.4byte	.LASF44
 298 0225 03       		.byte	0x3
 299 0226 5A       		.byte	0x5a
 300 0227 11       		.byte	0x11
 301 0228 6F000000 		.4byte	0x6f
 302 022c 09       		.uleb128 0x9
 303 022d 1D000000 		.4byte	.LASF45
 304 0231 03       		.byte	0x3
 305 0232 5A       		.byte	0x5a
 306 0233 25       		.byte	0x25
 307 0234 6F000000 		.4byte	0x6f
 308 0238 09       		.uleb128 0x9
 309 0239 54030000 		.4byte	.LASF46
 310 023d 03       		.byte	0x3
 311 023e 5A       		.byte	0x5a
 312 023f 34       		.byte	0x34
 313 0240 6F000000 		.4byte	0x6f
 314 0244 09       		.uleb128 0x9
 315 0245 3B000000 		.4byte	.LASF47
 316 0249 03       		.byte	0x3
 317 024a 5A       		.byte	0x5a
 318 024b 44       		.byte	0x44
 319 024c 6F000000 		.4byte	0x6f
 320 0250 0A       		.uleb128 0xa
 321 0251 CB000000 		.4byte	0xcb
 322 0255 60020000 		.4byte	0x260
 323 0259 0B       		.uleb128 0xb
 324 025a 68000000 		.4byte	0x68
 325 025e 07       		.byte	0x7
 326 025f 00       		.byte	0
 327 0260 08       		.uleb128 0x8
 328 0261 50020000 		.4byte	0x250
 329 0265 0C       		.uleb128 0xc
 330 0266 5B000000 		.4byte	.LASF48
 331 026a 03       		.byte	0x3
 332 026b 61       		.byte	0x61
 333 026c 1E       		.byte	0x1e
 334 026d 60020000 		.4byte	0x260
 335 0271 0D       		.uleb128 0xd
 336 0272 54020000 		.4byte	.LASF55
 337 0276 03       		.byte	0x3
 338 0277 EC       		.byte	0xec
 339 0278 06       		.byte	0x6
 340 0279 A1020000 		.4byte	0x2a1
 341 027d 0E       		.uleb128 0xe
 342 027e 72617000 		.ascii	"rap\000"
ARM GAS  C:\Users\zerog\AppData\Local\Temp\cclkzbrd.s 			page 7


 343 0282 03       		.byte	0x3
 344 0283 EE       		.byte	0xee
 345 0284 1A       		.byte	0x1a
 346 0285 A1020000 		.4byte	0x2a1
 347 0289 0F       		.uleb128 0xf
 348 028a 0E       		.uleb128 0xe
 349 028b 747000   		.ascii	"tp\000"
 350 028e 03       		.byte	0x3
 351 028f F1       		.byte	0xf1
 352 0290 0F       		.byte	0xf
 353 0291 B9000000 		.4byte	0xb9
 354 0295 0E       		.uleb128 0xe
 355 0296 7000     		.ascii	"p\000"
 356 0298 03       		.byte	0x3
 357 0299 F2       		.byte	0xf2
 358 029a 0F       		.byte	0xf
 359 029b B9000000 		.4byte	0xb9
 360 029f 00       		.byte	0
 361 02a0 00       		.byte	0
 362 02a1 07       		.uleb128 0x7
 363 02a2 04       		.byte	0x4
 364 02a3 CB000000 		.4byte	0xcb
 365 02a7 10       		.uleb128 0x10
 366 02a8 45020000 		.4byte	.LASF56
 367 02ac 03       		.byte	0x3
 368 02ad BB       		.byte	0xbb
 369 02ae 06       		.byte	0x6
 370 02af 11       		.uleb128 0x11
 371 02b0 29020000 		.4byte	.LASF49
 372 02b4 03       		.byte	0x3
 373 02b5 AE       		.byte	0xae
 374 02b6 06       		.byte	0x6
 375 02b7 11       		.uleb128 0x11
 376 02b8 FA020000 		.4byte	.LASF50
 377 02bc 03       		.byte	0x3
 378 02bd A0       		.byte	0xa0
 379 02be 06       		.byte	0x6
 380 02bf 11       		.uleb128 0x11
 381 02c0 A4030000 		.4byte	.LASF51
 382 02c4 03       		.byte	0x3
 383 02c5 8D       		.byte	0x8d
 384 02c6 06       		.byte	0x6
 385 02c7 00       		.byte	0
 386              		.section	.gnu.debuglto_.debug_abbrev,"e",%progbits
 387              	.Ldebug_abbrev0:
 388 0000 01       		.uleb128 0x1
 389 0001 11       		.uleb128 0x11
 390 0002 01       		.byte	0x1
 391 0003 25       		.uleb128 0x25
 392 0004 0E       		.uleb128 0xe
 393 0005 13       		.uleb128 0x13
 394 0006 0B       		.uleb128 0xb
 395 0007 03       		.uleb128 0x3
 396 0008 0E       		.uleb128 0xe
 397 0009 1B       		.uleb128 0x1b
 398 000a 0E       		.uleb128 0xe
 399 000b 10       		.uleb128 0x10
ARM GAS  C:\Users\zerog\AppData\Local\Temp\cclkzbrd.s 			page 8


 400 000c 17       		.uleb128 0x17
 401 000d 00       		.byte	0
 402 000e 00       		.byte	0
 403 000f 02       		.uleb128 0x2
 404 0010 24       		.uleb128 0x24
 405 0011 00       		.byte	0
 406 0012 0B       		.uleb128 0xb
 407 0013 0B       		.uleb128 0xb
 408 0014 3E       		.uleb128 0x3e
 409 0015 0B       		.uleb128 0xb
 410 0016 03       		.uleb128 0x3
 411 0017 0E       		.uleb128 0xe
 412 0018 00       		.byte	0
 413 0019 00       		.byte	0
 414 001a 03       		.uleb128 0x3
 415 001b 16       		.uleb128 0x16
 416 001c 00       		.byte	0
 417 001d 03       		.uleb128 0x3
 418 001e 0E       		.uleb128 0xe
 419 001f 3A       		.uleb128 0x3a
 420 0020 0B       		.uleb128 0xb
 421 0021 3B       		.uleb128 0x3b
 422 0022 0B       		.uleb128 0xb
 423 0023 39       		.uleb128 0x39
 424 0024 0B       		.uleb128 0xb
 425 0025 49       		.uleb128 0x49
 426 0026 13       		.uleb128 0x13
 427 0027 00       		.byte	0
 428 0028 00       		.byte	0
 429 0029 04       		.uleb128 0x4
 430 002a 24       		.uleb128 0x24
 431 002b 00       		.byte	0
 432 002c 0B       		.uleb128 0xb
 433 002d 0B       		.uleb128 0xb
 434 002e 3E       		.uleb128 0x3e
 435 002f 0B       		.uleb128 0xb
 436 0030 03       		.uleb128 0x3
 437 0031 08       		.uleb128 0x8
 438 0032 00       		.byte	0
 439 0033 00       		.byte	0
 440 0034 05       		.uleb128 0x5
 441 0035 13       		.uleb128 0x13
 442 0036 01       		.byte	0x1
 443 0037 0B       		.uleb128 0xb
 444 0038 0B       		.uleb128 0xb
 445 0039 3A       		.uleb128 0x3a
 446 003a 0B       		.uleb128 0xb
 447 003b 3B       		.uleb128 0x3b
 448 003c 0B       		.uleb128 0xb
 449 003d 39       		.uleb128 0x39
 450 003e 0B       		.uleb128 0xb
 451 003f 01       		.uleb128 0x1
 452 0040 13       		.uleb128 0x13
 453 0041 00       		.byte	0
 454 0042 00       		.byte	0
 455 0043 06       		.uleb128 0x6
 456 0044 0D       		.uleb128 0xd
ARM GAS  C:\Users\zerog\AppData\Local\Temp\cclkzbrd.s 			page 9


 457 0045 00       		.byte	0
 458 0046 03       		.uleb128 0x3
 459 0047 0E       		.uleb128 0xe
 460 0048 3A       		.uleb128 0x3a
 461 0049 0B       		.uleb128 0xb
 462 004a 3B       		.uleb128 0x3b
 463 004b 0B       		.uleb128 0xb
 464 004c 39       		.uleb128 0x39
 465 004d 0B       		.uleb128 0xb
 466 004e 49       		.uleb128 0x49
 467 004f 13       		.uleb128 0x13
 468 0050 38       		.uleb128 0x38
 469 0051 0B       		.uleb128 0xb
 470 0052 00       		.byte	0
 471 0053 00       		.byte	0
 472 0054 07       		.uleb128 0x7
 473 0055 0F       		.uleb128 0xf
 474 0056 00       		.byte	0
 475 0057 0B       		.uleb128 0xb
 476 0058 0B       		.uleb128 0xb
 477 0059 49       		.uleb128 0x49
 478 005a 13       		.uleb128 0x13
 479 005b 00       		.byte	0
 480 005c 00       		.byte	0
 481 005d 08       		.uleb128 0x8
 482 005e 26       		.uleb128 0x26
 483 005f 00       		.byte	0
 484 0060 49       		.uleb128 0x49
 485 0061 13       		.uleb128 0x13
 486 0062 00       		.byte	0
 487 0063 00       		.byte	0
 488 0064 09       		.uleb128 0x9
 489 0065 34       		.uleb128 0x34
 490 0066 00       		.byte	0
 491 0067 03       		.uleb128 0x3
 492 0068 0E       		.uleb128 0xe
 493 0069 3A       		.uleb128 0x3a
 494 006a 0B       		.uleb128 0xb
 495 006b 3B       		.uleb128 0x3b
 496 006c 0B       		.uleb128 0xb
 497 006d 39       		.uleb128 0x39
 498 006e 0B       		.uleb128 0xb
 499 006f 49       		.uleb128 0x49
 500 0070 13       		.uleb128 0x13
 501 0071 3F       		.uleb128 0x3f
 502 0072 19       		.uleb128 0x19
 503 0073 3C       		.uleb128 0x3c
 504 0074 19       		.uleb128 0x19
 505 0075 00       		.byte	0
 506 0076 00       		.byte	0
 507 0077 0A       		.uleb128 0xa
 508 0078 01       		.uleb128 0x1
 509 0079 01       		.byte	0x1
 510 007a 49       		.uleb128 0x49
 511 007b 13       		.uleb128 0x13
 512 007c 01       		.uleb128 0x1
 513 007d 13       		.uleb128 0x13
ARM GAS  C:\Users\zerog\AppData\Local\Temp\cclkzbrd.s 			page 10


 514 007e 00       		.byte	0
 515 007f 00       		.byte	0
 516 0080 0B       		.uleb128 0xb
 517 0081 21       		.uleb128 0x21
 518 0082 00       		.byte	0
 519 0083 49       		.uleb128 0x49
 520 0084 13       		.uleb128 0x13
 521 0085 2F       		.uleb128 0x2f
 522 0086 0B       		.uleb128 0xb
 523 0087 00       		.byte	0
 524 0088 00       		.byte	0
 525 0089 0C       		.uleb128 0xc
 526 008a 34       		.uleb128 0x34
 527 008b 00       		.byte	0
 528 008c 03       		.uleb128 0x3
 529 008d 0E       		.uleb128 0xe
 530 008e 3A       		.uleb128 0x3a
 531 008f 0B       		.uleb128 0xb
 532 0090 3B       		.uleb128 0x3b
 533 0091 0B       		.uleb128 0xb
 534 0092 39       		.uleb128 0x39
 535 0093 0B       		.uleb128 0xb
 536 0094 49       		.uleb128 0x49
 537 0095 13       		.uleb128 0x13
 538 0096 00       		.byte	0
 539 0097 00       		.byte	0
 540 0098 0D       		.uleb128 0xd
 541 0099 2E       		.uleb128 0x2e
 542 009a 01       		.byte	0x1
 543 009b 3F       		.uleb128 0x3f
 544 009c 19       		.uleb128 0x19
 545 009d 03       		.uleb128 0x3
 546 009e 0E       		.uleb128 0xe
 547 009f 3A       		.uleb128 0x3a
 548 00a0 0B       		.uleb128 0xb
 549 00a1 3B       		.uleb128 0x3b
 550 00a2 0B       		.uleb128 0xb
 551 00a3 39       		.uleb128 0x39
 552 00a4 0B       		.uleb128 0xb
 553 00a5 27       		.uleb128 0x27
 554 00a6 19       		.uleb128 0x19
 555 00a7 01       		.uleb128 0x1
 556 00a8 13       		.uleb128 0x13
 557 00a9 00       		.byte	0
 558 00aa 00       		.byte	0
 559 00ab 0E       		.uleb128 0xe
 560 00ac 34       		.uleb128 0x34
 561 00ad 00       		.byte	0
 562 00ae 03       		.uleb128 0x3
 563 00af 08       		.uleb128 0x8
 564 00b0 3A       		.uleb128 0x3a
 565 00b1 0B       		.uleb128 0xb
 566 00b2 3B       		.uleb128 0x3b
 567 00b3 0B       		.uleb128 0xb
 568 00b4 39       		.uleb128 0x39
 569 00b5 0B       		.uleb128 0xb
 570 00b6 49       		.uleb128 0x49
ARM GAS  C:\Users\zerog\AppData\Local\Temp\cclkzbrd.s 			page 11


 571 00b7 13       		.uleb128 0x13
 572 00b8 00       		.byte	0
 573 00b9 00       		.byte	0
 574 00ba 0F       		.uleb128 0xf
 575 00bb 0B       		.uleb128 0xb
 576 00bc 01       		.byte	0x1
 577 00bd 00       		.byte	0
 578 00be 00       		.byte	0
 579 00bf 10       		.uleb128 0x10
 580 00c0 2E       		.uleb128 0x2e
 581 00c1 00       		.byte	0
 582 00c2 3F       		.uleb128 0x3f
 583 00c3 19       		.uleb128 0x19
 584 00c4 03       		.uleb128 0x3
 585 00c5 0E       		.uleb128 0xe
 586 00c6 3A       		.uleb128 0x3a
 587 00c7 0B       		.uleb128 0xb
 588 00c8 3B       		.uleb128 0x3b
 589 00c9 0B       		.uleb128 0xb
 590 00ca 39       		.uleb128 0x39
 591 00cb 0B       		.uleb128 0xb
 592 00cc 27       		.uleb128 0x27
 593 00cd 19       		.uleb128 0x19
 594 00ce 8701     		.uleb128 0x87
 595 00d0 19       		.uleb128 0x19
 596 00d1 00       		.byte	0
 597 00d2 00       		.byte	0
 598 00d3 11       		.uleb128 0x11
 599 00d4 2E       		.uleb128 0x2e
 600 00d5 00       		.byte	0
 601 00d6 3F       		.uleb128 0x3f
 602 00d7 19       		.uleb128 0x19
 603 00d8 03       		.uleb128 0x3
 604 00d9 0E       		.uleb128 0xe
 605 00da 3A       		.uleb128 0x3a
 606 00db 0B       		.uleb128 0xb
 607 00dc 3B       		.uleb128 0x3b
 608 00dd 0B       		.uleb128 0xb
 609 00de 39       		.uleb128 0x39
 610 00df 0B       		.uleb128 0xb
 611 00e0 27       		.uleb128 0x27
 612 00e1 19       		.uleb128 0x19
 613 00e2 00       		.byte	0
 614 00e3 00       		.byte	0
 615 00e4 00       		.byte	0
 616              		.section	.gnu.debuglto_.debug_line,"e",%progbits
 617              	.Ldebug_line0:
 618 0000 28010000 		.4byte	.LELT0-.LSLT0
 619              	.LSLT0:
 620 0004 0400     		.2byte	0x4
 621 0006 22010000 		.4byte	.LELTP0-.LASLTP0
 622              	.LASLTP0:
 623 000a 01       		.byte	0x1
 624 000b 01       		.byte	0x1
 625 000c 01       		.byte	0x1
 626 000d F6       		.byte	0xf6
 627 000e F2       		.byte	0xf2
ARM GAS  C:\Users\zerog\AppData\Local\Temp\cclkzbrd.s 			page 12


 628 000f 0D       		.byte	0xd
 629 0010 00       		.byte	0
 630 0011 01       		.byte	0x1
 631 0012 01       		.byte	0x1
 632 0013 01       		.byte	0x1
 633 0014 01       		.byte	0x1
 634 0015 00       		.byte	0
 635 0016 00       		.byte	0
 636 0017 00       		.byte	0
 637 0018 01       		.byte	0x1
 638 0019 00       		.byte	0
 639 001a 00       		.byte	0
 640 001b 01       		.byte	0x1
 641 001c 2E2E2F2E 		.ascii	"../../chibios2111/os/common/startup/ARMCMx/compiler"
 641      2E2F6368 
 641      6962696F 
 641      73323131 
 641      312F6F73 
 642 004f 732F4743 		.ascii	"s/GCC"
 642      43
 643 0054 00       		.byte	0
 644 0055 633A5C63 		.ascii	"c:\\chibistudio\\tools\\gnu tools arm embedded\\10."
 644      68696269 
 644      73747564 
 644      696F5C74 
 644      6F6F6C73 
 645 0084 33203230 		.ascii	"3 2021.07\\arm-none-eabi\\include\\machine"
 645      32312E30 
 645      375C6172 
 645      6D2D6E6F 
 645      6E652D65 
 646 00ab 00       		.byte	0
 647 00ac 633A5C63 		.ascii	"c:\\chibistudio\\tools\\gnu tools arm embedded\\10."
 647      68696269 
 647      73747564 
 647      696F5C74 
 647      6F6F6C73 
 648 00db 33203230 		.ascii	"3 2021.07\\arm-none-eabi\\include\\sys"
 648      32312E30 
 648      375C6172 
 648      6D2D6E6F 
 648      6E652D65 
 649 00fe 00       		.byte	0
 650 00ff 00       		.byte	0
 651 0100 5F646566 		.ascii	"_default_types.h\000"
 651      61756C74 
 651      5F747970 
 651      65732E68 
 651      00
 652 0111 02       		.uleb128 0x2
 653 0112 00       		.uleb128 0
 654 0113 00       		.uleb128 0
 655 0114 5F737464 		.ascii	"_stdint.h\000"
 655      696E742E 
 655      6800
 656 011e 03       		.uleb128 0x3
 657 011f 00       		.uleb128 0
ARM GAS  C:\Users\zerog\AppData\Local\Temp\cclkzbrd.s 			page 13


 658 0120 00       		.uleb128 0
 659 0121 63727431 		.ascii	"crt1.c\000"
 659      2E6300
 660 0128 01       		.uleb128 0x1
 661 0129 00       		.uleb128 0
 662 012a 00       		.uleb128 0
 663 012b 00       		.byte	0
 664              	.LELTP0:
 665              	.LELT0:
 666              		.section	.gnu.debuglto_.debug_str,"eMS",%progbits,1
 667              	.LASF18:
 668 0000 5F5F7261 		.ascii	"__ram0_clear__\000"
 668      6D305F63 
 668      6C656172 
 668      5F5F00
 669              	.LASF25:
 670 000f 5F5F7261 		.ascii	"__ram2_init__\000"
 670      6D325F69 
 670      6E69745F 
 670      5F00
 671              	.LASF45:
 672 001d 5F5F7261 		.ascii	"__ram7_init__\000"
 672      6D375F69 
 672      6E69745F 
 672      5F00
 673              	.LASF19:
 674 002b 5F5F7261 		.ascii	"__ram0_noinit__\000"
 674      6D305F6E 
 674      6F696E69 
 674      745F5F00 
 675              	.LASF47:
 676 003b 5F5F7261 		.ascii	"__ram7_noinit__\000"
 676      6D375F6E 
 676      6F696E69 
 676      745F5F00 
 677              	.LASF15:
 678 004b 72616D5F 		.ascii	"ram_init_area_t\000"
 678      696E6974 
 678      5F617265 
 678      615F7400 
 679              	.LASF48:
 680 005b 72616D5F 		.ascii	"ram_areas\000"
 680      61726561 
 680      7300
 681              	.LASF16:
 682 0065 5F5F7261 		.ascii	"__ram0_init_text__\000"
 682      6D305F69 
 682      6E69745F 
 682      74657874 
 682      5F5F00
 683              	.LASF13:
 684 0078 636C6561 		.ascii	"clear_area\000"
 684      725F6172 
 684      656100
 685              	.LASF30:
 686 0083 5F5F7261 		.ascii	"__ram3_clear__\000"
 686      6D335F63 
ARM GAS  C:\Users\zerog\AppData\Local\Temp\cclkzbrd.s 			page 14


 686      6C656172 
 686      5F5F00
 687              	.LASF21:
 688 0092 5F5F7261 		.ascii	"__ram1_init__\000"
 688      6D315F69 
 688      6E69745F 
 688      5F00
 689              	.LASF41:
 690 00a0 5F5F7261 		.ascii	"__ram6_init__\000"
 690      6D365F69 
 690      6E69745F 
 690      5F00
 691              	.LASF11:
 692 00ae 696E6974 		.ascii	"init_text_area\000"
 692      5F746578 
 692      745F6172 
 692      656100
 693              	.LASF22:
 694 00bd 5F5F7261 		.ascii	"__ram1_clear__\000"
 694      6D315F63 
 694      6C656172 
 694      5F5F00
 695              	.LASF40:
 696 00cc 5F5F7261 		.ascii	"__ram6_init_text__\000"
 696      6D365F69 
 696      6E69745F 
 696      74657874 
 696      5F5F00
 697              	.LASF43:
 698 00df 5F5F7261 		.ascii	"__ram6_noinit__\000"
 698      6D365F6E 
 698      6F696E69 
 698      745F5F00 
 699              	.LASF1:
 700 00ef 756E7369 		.ascii	"unsigned char\000"
 700      676E6564 
 700      20636861 
 700      7200
 701              	.LASF54:
 702 00fd 433A5C43 		.ascii	"C:\\ChibiStudio\\workspace_user\\CGG_DIGITAL\000"
 702      68696269 
 702      53747564 
 702      696F5C77 
 702      6F726B73 
 703              	.LASF42:
 704 0127 5F5F7261 		.ascii	"__ram6_clear__\000"
 704      6D365F63 
 704      6C656172 
 704      5F5F00
 705              	.LASF5:
 706 0136 6C6F6E67 		.ascii	"long unsigned int\000"
 706      20756E73 
 706      69676E65 
 706      6420696E 
 706      7400
 707              	.LASF17:
 708 0148 5F5F7261 		.ascii	"__ram0_init__\000"
ARM GAS  C:\Users\zerog\AppData\Local\Temp\cclkzbrd.s 			page 15


 708      6D305F69 
 708      6E69745F 
 708      5F00
 709              	.LASF37:
 710 0156 5F5F7261 		.ascii	"__ram5_init__\000"
 710      6D355F69 
 710      6E69745F 
 710      5F00
 711              	.LASF52:
 712 0164 474E5520 		.ascii	"GNU C17 10.3.1 20210621 (release) -mcpu=cortex-m4 -"
 712      43313720 
 712      31302E33 
 712      2E312032 
 712      30323130 
 713 0197 6D746875 		.ascii	"mthumb -mfloat-abi=soft -march=armv7e-m -ggdb -O2 -"
 713      6D62202D 
 713      6D666C6F 
 713      61742D61 
 713      62693D73 
 714 01ca 666F6D69 		.ascii	"fomit-frame-pointer -falign-functions=16 -ffunction"
 714      742D6672 
 714      616D652D 
 714      706F696E 
 714      74657220 
 715 01fd 2D736563 		.ascii	"-sections -fdata-sections -fno-common -flto\000"
 715      74696F6E 
 715      73202D66 
 715      64617461 
 715      2D736563 
 716              	.LASF49:
 717 0229 5F5F6C61 		.ascii	"__late_init\000"
 717      74655F69 
 717      6E697400 
 718              	.LASF39:
 719 0235 5F5F7261 		.ascii	"__ram5_noinit__\000"
 719      6D355F6E 
 719      6F696E69 
 719      745F5F00 
 720              	.LASF56:
 721 0245 5F5F6465 		.ascii	"__default_exit\000"
 721      6661756C 
 721      745F6578 
 721      697400
 722              	.LASF55:
 723 0254 5F5F696E 		.ascii	"__init_ram_areas\000"
 723      69745F72 
 723      616D5F61 
 723      72656173 
 723      00
 724              	.LASF28:
 725 0265 5F5F7261 		.ascii	"__ram3_init_text__\000"
 725      6D335F69 
 725      6E69745F 
 725      74657874 
 725      5F5F00
 726              	.LASF9:
 727 0278 5F5F7569 		.ascii	"__uint32_t\000"
ARM GAS  C:\Users\zerog\AppData\Local\Temp\cclkzbrd.s 			page 16


 727      6E743332 
 727      5F7400
 728              	.LASF36:
 729 0283 5F5F7261 		.ascii	"__ram5_init_text__\000"
 729      6D355F69 
 729      6E69745F 
 729      74657874 
 729      5F5F00
 730              	.LASF33:
 731 0296 5F5F7261 		.ascii	"__ram4_init__\000"
 731      6D345F69 
 731      6E69745F 
 731      5F00
 732              	.LASF34:
 733 02a4 5F5F7261 		.ascii	"__ram4_clear__\000"
 733      6D345F63 
 733      6C656172 
 733      5F5F00
 734              	.LASF35:
 735 02b3 5F5F7261 		.ascii	"__ram4_noinit__\000"
 735      6D345F6E 
 735      6F696E69 
 735      745F5F00 
 736              	.LASF8:
 737 02c3 756E7369 		.ascii	"unsigned int\000"
 737      676E6564 
 737      20696E74 
 737      00
 738              	.LASF7:
 739 02d0 6C6F6E67 		.ascii	"long long unsigned int\000"
 739      206C6F6E 
 739      6720756E 
 739      7369676E 
 739      65642069 
 740              	.LASF44:
 741 02e7 5F5F7261 		.ascii	"__ram7_init_text__\000"
 741      6D375F69 
 741      6E69745F 
 741      74657874 
 741      5F5F00
 742              	.LASF50:
 743 02fa 5F5F6561 		.ascii	"__early_init\000"
 743      726C795F 
 743      696E6974 
 743      00
 744              	.LASF14:
 745 0307 6E6F5F69 		.ascii	"no_init_area\000"
 745      6E69745F 
 745      61726561 
 745      00
 746              	.LASF53:
 747 0314 2E2E2F2E 		.ascii	"../../chibios2111/os/common/startup/ARMCMx/compiler"
 747      2E2F6368 
 747      6962696F 
 747      73323131 
 747      312F6F73 
 748 0347 732F4743 		.ascii	"s/GCC/crt1.c\000"
ARM GAS  C:\Users\zerog\AppData\Local\Temp\cclkzbrd.s 			page 17


 748      432F6372 
 748      74312E63 
 748      00
 749              	.LASF46:
 750 0354 5F5F7261 		.ascii	"__ram7_clear__\000"
 750      6D375F63 
 750      6C656172 
 750      5F5F00
 751              	.LASF6:
 752 0363 6C6F6E67 		.ascii	"long long int\000"
 752      206C6F6E 
 752      6720696E 
 752      7400
 753              	.LASF27:
 754 0371 5F5F7261 		.ascii	"__ram2_noinit__\000"
 754      6D325F6E 
 754      6F696E69 
 754      745F5F00 
 755              	.LASF20:
 756 0381 5F5F7261 		.ascii	"__ram1_init_text__\000"
 756      6D315F69 
 756      6E69745F 
 756      74657874 
 756      5F5F00
 757              	.LASF31:
 758 0394 5F5F7261 		.ascii	"__ram3_noinit__\000"
 758      6D335F6E 
 758      6F696E69 
 758      745F5F00 
 759              	.LASF51:
 760 03a4 5F5F6370 		.ascii	"__cpu_init\000"
 760      755F696E 
 760      697400
 761              	.LASF26:
 762 03af 5F5F7261 		.ascii	"__ram2_clear__\000"
 762      6D325F63 
 762      6C656172 
 762      5F5F00
 763              	.LASF32:
 764 03be 5F5F7261 		.ascii	"__ram4_init_text__\000"
 764      6D345F69 
 764      6E69745F 
 764      74657874 
 764      5F5F00
 765              	.LASF2:
 766 03d1 73686F72 		.ascii	"short int\000"
 766      7420696E 
 766      7400
 767              	.LASF12:
 768 03db 696E6974 		.ascii	"init_area\000"
 768      5F617265 
 768      6100
 769              	.LASF29:
 770 03e5 5F5F7261 		.ascii	"__ram3_init__\000"
 770      6D335F69 
 770      6E69745F 
 770      5F00
ARM GAS  C:\Users\zerog\AppData\Local\Temp\cclkzbrd.s 			page 18


 771              	.LASF10:
 772 03f3 75696E74 		.ascii	"uint32_t\000"
 772      33325F74 
 772      00
 773              	.LASF4:
 774 03fc 6C6F6E67 		.ascii	"long int\000"
 774      20696E74 
 774      00
 775              	.LASF23:
 776 0405 5F5F7261 		.ascii	"__ram1_noinit__\000"
 776      6D315F6E 
 776      6F696E69 
 776      745F5F00 
 777              	.LASF0:
 778 0415 7369676E 		.ascii	"signed char\000"
 778      65642063 
 778      68617200 
 779              	.LASF24:
 780 0421 5F5F7261 		.ascii	"__ram2_init_text__\000"
 780      6D325F69 
 780      6E69745F 
 780      74657874 
 780      5F5F00
 781              	.LASF3:
 782 0434 73686F72 		.ascii	"short unsigned int\000"
 782      7420756E 
 782      7369676E 
 782      65642069 
 782      6E7400
 783              	.LASF38:
 784 0447 5F5F7261 		.ascii	"__ram5_clear__\000"
 784      6D355F63 
 784      6C656172 
 784      5F5F00
 785              		.text
 786              		.section	.gnu.lto_.profile.f06d1880,"e",%progbits
 787 0000 789C6362 		.ascii	"x\234cb\000\001\000\000\022\000\003"
 787      00010000 
 787      120003
 788              		.text
 789              		.section	.gnu.lto_.icf.f06d1880,"e",%progbits
 790 0000 789C5365 		.ascii	"x\234Se@\0006\206gS\336?\340`\004\223L`\222\371\327"
 790      40003686 
 790      6753DE3F 
 790      E0600493 
 790      4C6092F9 
 791 0015 81DD7FB8 		.ascii	"\201\335\177\270Y\216\355\234\357\317\372\252\347\363"
 791      598EED9C 
 791      EFCFFAAA 
 791      E7F3
 792 0023 15760600 		.ascii	"\025v\006\000v:\023["
 792      763A135B 
 793              		.text
 794              		.section	.gnu.lto_.ipa_sra.f06d1880,"e",%progbits
 795 0000 789C1364 		.ascii	"x\234\023d@\000V\006\006FF\006F&\006Ff\006F\026\006"
 795      40005606 
 795      06464606 
ARM GAS  C:\Users\zerog\AppData\Local\Temp\cclkzbrd.s 			page 19


 795      46260646 
 795      66064616 
 796 0015 46060002 		.ascii	"F\006\000\002\315\000&"
 796      CD0026
 797              		.text
 798              		.section	.gnu.lto_.inline.f06d1880,"e",%progbits
 799 0000 789C5BC3 		.ascii	"x\234[\303\200\000\254\014\014\314\015@\300\224\302"
 799      8000AC0C 
 799      0CCC0D40 
 799      C094C2
 800 000f C8C0C4C0 		.ascii	"\310\300\304\300\320\010d\32610\260A\204\230@B\014\214"
 800      D00864D6 
 800      3130B041 
 800      84984042 
 800      0C8C
 801 0021 04553011 		.ascii	"\004U0\021T\301\014$\301\342\310*X \014\210\012\026"
 801      54C10C24 
 801      C1E2C82A 
 801      58200C88 
 801      0A16
 802 0033 06917747 		.ascii	"\006\221wG\327md\316\001\252P\002\26260\347\240\231"
 802      D76D64CE 
 802      01AA5002 
 802      B23630E7 
 802      A099
 803 0045 C1000068 		.ascii	"\301\000\000hr(\001"
 803      722801
 804              		.text
 805              		.section	.gnu.lto_.jmpfuncs.f06d1880,"e",%progbits
 806 0000 789C1364 		.ascii	"x\234\023d@\000V fd``b``f``\001r\000\002\245\000!"
 806      40005620 
 806      66646060 
 806      62606066 
 806      60600172 
 807              		.text
 808              		.section	.gnu.lto_.pureconst.f06d1880,"e",%progbits
 809 0000 789C1360 		.ascii	"x\234\023````e\230\301\3028\203\205i\006\013\363\026"
 809      60606065 
 809      98C1C238 
 809      83856906 
 809      0BF316
 810 0013 1696592C 		.ascii	"\026\226Y,\000\032\274\003J"
 810      001ABC03 
 810      4A
 811              		.text
 812              		.section	.gnu.lto_.lto.f06d1880,"e",%progbits
 813 0000 09000400 		.ascii	"\011\000\004\000\001\000\000\000"
 813      01000000 
 814              		.text
 815              		.section	.gnu.lto_ram_areas.130.f06d1880,"e",%progbits
 816 0000 789C5DCF 		.ascii	"x\234]\317\317O\323p\030\307\361~\366\335\017\021q\240"
 816      CF4FD370 
 816      18C7F17E 
 816      F6DD0F11 
 816      71A0
 817 0012 A82843EF 		.ascii	"\250(C\357\306\254\351nzb)I\263\304]\324\343\2221\353"
 817      C6ACE96E 
ARM GAS  C:\Users\zerog\AppData\Local\Temp\cclkzbrd.s 			page 20


 817      7A622949 
 817      B3C45DD4 
 817      E39231EB 
 818 0026 12179D5D 		.ascii	"\022\027\235]\332-r\\\026\017&\336<\353\201d\207\375"
 818      DA2D725C 
 818      160F26DE 
 818      3CEB8164 
 818      87FD
 819 0038 012A5307 		.ascii	"\001*S\007\202\212\370\013\224\201\200\370\0038\200"
 819      828AF80B 
 819      948180F8 
 819      033880
 820 0047 5EE484C1 		.ascii	"^\344\204\301\003\007\272\307\256M\236\246y\322\274"
 820      0307BAC7 
 820      AE4D9EA6 
 820      79D2BC
 821 0056 FBFDE695 		.ascii	"\373\375\346\225\247!$)/\375\177\036\010\334A\245\\"
 821      A7212429 
 821      2FFD7F1E 
 821      08DC41A5 
 821      5C
 822 0067 DE6BDEDB 		.ascii	"\336k\336\333\035\015W\205T\023^\374}\216\002\274\020"
 822      1D0D5785 
 822      54135EFC 
 822      7D8E02BC 
 822      10
 823 0078 A1E07343 		.ascii	"\241\340sC\315GA\264\302\371\312\335rwU\340\241\220"
 823      CD4741B4 
 823      C2F9CADD 
 823      727755E0 
 823      A190
 824 008a 30664FE0 		.ascii	"0fO\340\211=}xlO\201G\260\217\334\027U;\204\332\267"
 824      893D7D78 
 824      6C4F8147 
 824      B08FDC17 
 824      553B84DA 
 825 009f FFFD7548 		.ascii	"\377\375uH?'\003\234\014r2\304\311q\"\033D>'\362\231"
 825      3F27039C 
 825      0C7232C4 
 825      C971221B 
 825      443E27F2 
 826 00b4 4706DBB7 		.ascii	"G\006\333\267\353;\016y\200\223\035\234<\310\311NN\276"
 826      EB3B0E79 
 826      80931D9C 
 826      3CC8C94E 
 826      4EBE
 827 00c6 22F22591 		.ascii	"\"\362%\221SDNzd\300\335r\333!\017q\262\213\223\207"
 827      53444E7A 
 827      64C0DD72 
 827      DB210F71 
 827      B28B9387 
 828 00da 3919E6E4 		.ascii	"9\031\346\344;\"\337\0229C\344\033\217\364\273[\376"
 828      3B22DF12 
 828      3943E41B 
 828      8FF4BB5B 
 828      FE
 829 00eb 71C86E4E 		.ascii	"q\310nN\366p\362\010'\217r\362\023\221sD\316\022\371"
ARM GAS  C:\Users\zerog\AppData\Local\Temp\cclkzbrd.s 			page 21


 829      F670F208 
 829      278F72F2 
 829      13917344 
 829      CE12F9
 830 00fe D12385BB 		.ascii	"\321#\205\273\345/\207\354\345\3441N\036\347\344\011"
 830      E52F87EC 
 830      E5E4314E 
 830      1EE7E409 
 831 010e 4E7E2172 		.ascii	"N~!r\221\310\005\"\233\036\351s\267\334r\310>N\236\344"
 831      91C80522 
 831      9B1EE973 
 831      B7DC72C8 
 831      3E4E9EE4 
 832 0122 E4294EF6 		.ascii	"\344)N\366s\362\033\221\253D~%r\005.\264\351@\021\016"
 832      73F21B91 
 832      AB447E25 
 832      72052EB4 
 832      E940110E 
 833 0136 0D70E834 		.ascii	"\015p\3504\207\316ph\235\2405\202~\022\364\203\376\017"
 833      87CE7068 
 833      9DA03582 
 833      7E12F483 
 833      FE0F
 834 0148 57ED4F05 		.ascii	"W\355O\005\033@\014\337\201e`\011\230\007>\003\037\200"
 834      1B400CDF 
 834      81656009 
 834      98073E03 
 834      1F80
 835 015a F7C034F0 		.ascii	"\367\3004\360\032x\001L\000O\201:\244\263\352\205\224"
 835      1A78014C 
 835      004F813A 
 835      A4B3EA85 
 835      94
 836 016b 7A3D7735 		.ascii	"z=w5w\271X\272\2263R\267\015\363\206U\310\350\331t\311"
 836      77B958BA 
 836      963352B7 
 836      0DF38655 
 836      C8E8D974 
 837 0180 CA9A2955 		.ascii	"\312\232)U\323\322C\011-q%~Q\032\214Fe\373\325[\247"
 837      D3D24309 
 837      2D71257E 
 837      511A8C46 
 837      65FBD55B 
 838 0195 0D2BA628 		.ascii	"\015+\246(\212lX\262n\344\363\306-\331*f\314b\251 \307"
 838      8A6C58B2 
 838      6EE4F3C6 
 838      2DD92A66 
 838      CC62A920 
 839 01aa 2F25D5E4 		.ascii	"/%\325\344H\253\026r7\263\246%k\252*\353fQ\211\352\322"
 839      48AB1672 
 839      37B3A625 
 839      6BAA2AEB 
 839      665189EA 
 840 01bf 3ECE7932 		.ascii	">\316y26"
 840      36
 841              		.text
 842              		.section	.gnu.lto___cpu_init.131.f06d1880,"e",%progbits
ARM GAS  C:\Users\zerog\AppData\Local\Temp\cclkzbrd.s 			page 22


 843 0000 789C2B61 		.ascii	"x\234+a``\310\005be fdf`\2344\261\213\211\241\241\241"
 843      6060C805 
 843      62652066 
 843      6466609C 
 843      34B18B89 
 844 0017 C1819D89 		.ascii	"\301\201\235\211\261qb\027'\343VF0\217\221\241\236\211"
 844      B1716217 
 844      27E35646 
 844      308F91A1 
 844      9E89
 845 0029 B19E7132 		.ascii	"\261\236q2\263&\220\373c\351\364\271G\031\033V\034`"
 845      B32690FB 
 845      63E9F4B9 
 845      47191B56 
 845      1C60
 846 003b 5CC2CCC0 		.ascii	"\\\302\314\3000\017\210\241\200\015\306c\004\342\365"
 846      300F88A1 
 846      800DC663 
 846      04E2F5
 847 004a 97580F34 		.ascii	"\227X\0174\374\371\337\337\320\360\367\021\343jU&\006"
 847      FCF9DFDF 
 847      D0F0F711 
 847      E36A5526 
 847      06
 848 005b 867E6690 		.ascii	"\206~f\220\321\015,\214\015\007\030\030&03A8\215@\316"
 848      D10D2C8C 
 848      0D071818 
 848      26303341 
 848      388D40CE 
 849 006f 2BC60625 		.ascii	"+\306\006%\206O\214M\012`c\372\231\031\021\352\030\030"
 849      864F8C4D 
 849      0A6063FA 
 849      991911EA 
 849      1818
 850 0081 B49CAD62 		.ascii	"\264\234\255b\23432\2232\203KJS2\363c\312\363\213\262"
 850      9C333293 
 850      32834B4A 
 850      5332F363 
 850      CAF38BB2 
 851 0095 8B0B1293 		.ascii	"\213\013\022\223S\343K\213S\213b\234\335\335\343]<\335"
 851      53E34B8B 
 851      538B629C 
 851      DDDDE35D 
 851      3CDD
 852 00a7 3D431C7D 		.ascii	"=C\034}\030\034\364\364\364\201(\031\244:\277\330\310"
 852      181CF4F4 
 852      F4812819 
 852      A43ABFD8 
 852      C8
 853 00b8 D0D0503F 		.ascii	"\320\320P?\277X?9?77?O\277\270$\261\250\244\264@\337"
 853      BF583F39 
 853      3F37373F 
 853      4FBFB824 
 853      B1A8A4B4 
 854 00ce 31C8D7D9 		.ascii	"1\310\327\331\267\002$Z\220\231\223ZT\254\357\356\354"
 854      B702245A 
 854      9099935A 
ARM GAS  C:\Users\zerog\AppData\Local\Temp\cclkzbrd.s 			page 23


 854      54ACEFEE 
 854      EC
 855 00df AC9F5C54 		.ascii	"\254\237\\Tb\250\227\314\000\000_BO\204"
 855      62A897CC 
 855      00005F42 
 855      4F84
 856              		.text
 857              		.section	.gnu.lto___early_init.132.f06d1880,"e",%progbits
 858 0000 789C2B66 		.ascii	"x\234+f``\310\005be fdf`\2344\261\213\211\241\241\241"
 858      6060C805 
 858      62652066 
 858      6466609C 
 858      34B18B89 
 859 0017 C1819D89 		.ascii	"\301\201\235\211\261qb\027'\343VF0\217\221\241\236\211"
 859      B1716217 
 859      27E35646 
 859      308F91A1 
 859      9E89
 860 0029 B19E7132 		.ascii	"\261\236q2\263&\220\373c\351\364\023G\031\033V\034`"
 860      B32690FB 
 860      63E9F413 
 860      47191B56 
 860      1C60
 861 003b 5CC2CCC0 		.ascii	"\\\302\314\3000\017\210\241\200\015\306c\004\342\365"
 861      300F88A1 
 861      800DC663 
 861      04E2F5
 862 004a 97580F34 		.ascii	"\227X\0174\374\371\337\337\320pv1\243\025\023\003C?"
 862      FCF9DFDF 
 862      D0707631 
 862      A3151303 
 862      433F
 863 005c 33C8E406 		.ascii	"3\310\344\006\026\306\206\003\014\014\023\230\231 \234"
 863      16C68603 
 863      0C0C1398 
 863      99209C
 864 006b 4620E715 		.ascii	"F \347\025c\203\022\303'\306&\005\260)\375\314\214\010"
 864      638312C3 
 864      27C62605 
 864      B029FDCC 
 864      8C08
 865 007d 750C0C5A 		.ascii	"u\014\014Z\316V1\316\031\231I\231\301%\245)\231\371"
 865      CE5631CE 
 865      19994999 
 865      C125A529 
 865      99F9
 866 008f 31E5F945 		.ascii	"1\345\371E\331\305\005\211\311\251\361\245\305\251E"
 866      D9C50589 
 866      C9A9F1A5 
 866      C5A945
 867 009e 31CEEEEE 		.ascii	"1\316\356\356\361.\236\356\236!\216>\014\016zz\372@"
 867      F12E9EEE 
 867      9E218E3E 
 867      0C0E7A7A 
 867      FA40
 868 00b0 940C529D 		.ascii	"\224\014R\235_ldhh\250\237_\254\237\234\237\233\233"
 868      5F6C6468 
ARM GAS  C:\Users\zerog\AppData\Local\Temp\cclkzbrd.s 			page 24


 868      68A89F5F 
 868      AC9F9C9F 
 868      9B9B
 869 00c2 9FA75F5C 		.ascii	"\237\247_\\\222XTRZ\240\357\030\344\353\354[\001\022"
 869      92585452 
 869      5AA0EF18 
 869      E4EBEC5B 
 869      0112
 870 00d4 2DC8CC49 		.ascii	"-\310\314I-*\326wwv\326O.*1\324Kf\000\000\272\275N\251"
 870      2D2AD677 
 870      7776D64F 
 870      2E2A31D4 
 870      4B660000 
 871              		.text
 872              		.section	.gnu.lto___late_init.133.f06d1880,"e",%progbits
 873 0000 789C2B66 		.ascii	"x\234+f``\310\005be fdf`\2344\261\213\211\241\241\241"
 873      6060C805 
 873      62652066 
 873      6466609C 
 873      34B18B89 
 874 0017 C1819D89 		.ascii	"\301\201\235\211\261qb\027'\343VF0\217\221\241\236\211"
 874      B1716217 
 874      27E35646 
 874      308F91A1 
 874      9E89
 875 0029 B19E7132 		.ascii	"\261\236q2\263&\220\373c\351\364{G\031\033V\034`\\\302"
 875      B32690FB 
 875      63E9F47B 
 875      47191B56 
 875      1C605CC2 
 876 003d CCC0300F 		.ascii	"\314\3000\017\210\241\200\015\306c\004\342\365\227X"
 876      88A1800D 
 876      C66304E2 
 876      F59758
 877 004c 0F34FCF9 		.ascii	"\0174\374\371\337\337\320pt1\243%\023\003C?3\310\344"
 877      DFDFD070 
 877      7431A325 
 877      1303433F 
 877      33C8E4
 878 005f 0616C686 		.ascii	"\006\026\306\206\003\014\014\023\230\231 \234F \347"
 878      030C0C13 
 878      9899209C 
 878      4620E7
 879 006e 15638312 		.ascii	"\025c\203\022\303'\306&\005\260)\375\314\214\010u\014"
 879      C327C626 
 879      05B029FD 
 879      CC8C0875 
 879      0C
 880 007f 0C5ACE56 		.ascii	"\014Z\316V1\316\031\231I\231\301%\245)\231\3711\345"
 880      31CE1999 
 880      4999C125 
 880      A52999F9 
 880      31E5
 881 0091 F945D9C5 		.ascii	"\371E\331\305\005\211\311\251\361\245\305\251E1\316"
 881      0589C9A9 
 881      F1A5C5A9 
 881      4531CE
ARM GAS  C:\Users\zerog\AppData\Local\Temp\cclkzbrd.s 			page 25


 882 00a0 EEEEF12E 		.ascii	"\356\356\361.\236\356\236!\216>\014\016zz\372@\224\014"
 882      9EEE9E21 
 882      8E3E0C0E 
 882      7A7AFA40 
 882      940C
 883 00b2 529D5F6C 		.ascii	"R\235_ldhh\250\237_\254\237\234\237\233\233\237\247"
 883      646868A8 
 883      9F5FAC9F 
 883      9C9F9B9B 
 883      9FA7
 884 00c4 5F5C9258 		.ascii	"_\\\222XTRZ\240\357\030\344\353\354[\001\022-\310\314"
 884      54525AA0 
 884      EF18E4EB 
 884      EC5B0112 
 884      2DC8CC
 885 00d7 492D2AD6 		.ascii	"I-*\326wwv\326O.*1\324Kf\000\000\307@N\266"
 885      777776D6 
 885      4F2E2A31 
 885      D44B6600 
 885      00C7404E 
 886              		.text
 887              		.section	.gnu.lto___default_exit.134.f06d1880,"e",%progbits
 888 0000 789C9BC4 		.ascii	"x\234\233\304\300\300\220\013\304\016@\314\310\312\300"
 888      C0C0900B 
 888      C40E40CC 
 888      C8CAC0
 889 000f 38696217 		.ascii	"8ib\027\023CCC\203\003;\023\343\344\211\\`\0263\343"
 889      13434343 
 889      83033B13 
 889      E3E4895C 
 889      601633E3 
 890 0023 14288B85 		.ascii	"\024(\213\205q\262!\230\301\310P\317\304\314\302\010"
 890      71B22198 
 890      C1C850CF 
 890      C4CCC208 
 891 0033 24181060 		.ascii	"$\030\020`2\263&P\362\307\322\351\277\21726\2548\300"
 891      32B32650 
 891      F2C7D2E9 
 891      BF8F3236 
 891      AC38C0
 892 0046 B8042839 		.ascii	"\270\004(9\017\241\200\015\306c\004\342\365\227X\017"
 892      0FA1800D 
 892      C66304E2 
 892      F597580F 
 893 0056 34FCF9DF 		.ascii	"4\374\371\337\337\320p\3671c\207:P\250\237\231\341\310"
 893      DFD070F7 
 893      3163873A 
 893      50A89F99 
 893      E1C8
 894 0068 FB0E56C6 		.ascii	"\373\016V\306\206\003 6\023\230\335\010dO`f\006\232"
 894      86032036 
 894      1398DD08 
 894      644F6066 
 894      069A
 895 007a DAC002E2 		.ascii	"\332\300\002\3420\276blx\364\3674'\343VF\006\020\363"
 895      30BE626C 
 895      78F4F734 
ARM GAS  C:\Users\zerog\AppData\Local\Temp\cclkzbrd.s 			page 26


 895      27E35646 
 895      0610F3
 896 008d 1F370344 		.ascii	"\0377\003D\204\207\001\244\211\005\242\220\021\310d"
 896      848701A4 
 896      8905A290 
 896      11C864
 897 009c 64600759 		.ascii	"d`\007Y\245\345l\025\343\234\221\231\224\031\\R\232"
 897      A5E56C15 
 897      E39C9199 
 897      94195C52 
 897      9A
 898 00ad 92991F53 		.ascii	"\222\231\037S\236_\224]\\\220\230\234\032_Z\234Z\024"
 898      9E5F945D 
 898      5C90989C 
 898      1A5F5A9C 
 898      5A14
 899 00bf E3ECEE1E 		.ascii	"\343\354\356\036\357\342\351\356\031\342\350\303\340"
 899      EFE2E9EE 
 899      19E2E8C3 
 899      E0
 900 00cc A0A7A70F 		.ascii	"\240\247\247\017D\311 \325\371\305F\206\206\206\372"
 900      44C920D5 
 900      F9C54686 
 900      8686FA
 901 00db F9C5FAC9 		.ascii	"\371\305\372\311\371\271\271\371y\372\305%\211E%\245"
 901      F9B9B9F9 
 901      79FAC525 
 901      894525A5 
 902 00eb 05FA8E41 		.ascii	"\005\372\216A\276\316\276\025 \321\202\314\234\324\242"
 902      BECEBE15 
 902      20D182CC 
 902      9CD4A2
 903 00fa 627D7767 		.ascii	"b}wgg\375\344\242\022C\275d\006\000\334\266a!"
 903      67FDE4A2 
 903      1243BD64 
 903      0600DCB6 
 903      6121
 904              		.text
 905              		.section	.gnu.lto___init_ram_areas.135.f06d1880,"e",%progbits
 906 0000 789C7D54 		.ascii	"x\234}T_h[e\024\377\316=\337\315\275\371\273\320N|\022"
 906      5F685B65 
 906      14FFCE3D 
 906      DFCDBDF9 
 906      BBD04E7C 
 907 0015 AA28A20F 		.ascii	"\252(\242\017\3152\204u\202\330\031\241\014\334\313"
 907      CD328475 
 907      82D819A1 
 907      0CDCCB
 908 0024 F4B1B0D5 		.ascii	"\364\261\260\325\254\303\242kB\222\242\017\302n\323"
 908      ACC3A26B 
 908      4292A20F 
 908      C26ED3
 909 0033 74C14CDB 		.ascii	"t\301L\333\244\245\330i\035\222\305\021|\230n\2609\355"
 909      A4A5D869 
 909      1D92C511 
 909      7C986EB0 
 909      39ED
ARM GAS  C:\Users\zerog\AppData\Local\Temp\cclkzbrd.s 			page 27


 910 0045 3AA355AB 		.ascii	":\243U\253\240D;\253\017sC\013R\273\301V\367\244u\265"
 910      A0443BAB 
 910      0F73430B 
 910      52BBC156 
 910      F7A475B5 
 911 0059 9EF3DD9B 		.ascii	"\236\363\335\233\273X\252!\371r\356w~\347w\316\371\235"
 911      BB58AA21 
 911      F972EE77 
 911      7EE777CE 
 911      F99D
 912 006b EFBB4FE8 		.ascii	"\357\273O\350B\344\205\020\327\351\007A\001c\245\202"
 912      42E48510 
 912      D7E90741 
 912      0163A582 
 913 007b 262CCBEA 		.ascii	"&,\313\35244\030/\371\224\2050Q*\334\274xN\302EP\033"
 913      3434182F 
 913      F9948530 
 913      512ADCBC 
 913      784EC245 
 914 0091 12264E37 		.ascii	"\022&N7`\272\226+\035\325\3103\277\262\332!\337,.\302"
 914      60BA962B 
 914      1DD5C833 
 914      BFB2DA21 
 914      DF2C2EC2 
 915 00a5 A9D16143 		.ascii	"\251\321aC\372a2\0136\302\200\311\261\223v\240\251\345"
 915      FA61320B 
 915      36C280C9 
 915      B19376A0 
 915      A9E5
 916 00b7 9BC0C71A 		.ascii	"\233\300\307\032`\2576U<s/|\310\240\016\371\006m\223"
 916      60AF3655 
 916      3C732F7C 
 916      C8A00EF9 
 916      066D93
 917 00ca 61CA008C 		.ascii	"a\312\000\214\237\016\333\034>\030,\025\226\276\274"
 917      9F0EDB1C 
 917      3E182C15 
 917      96BEBC
 918 00d9 CFC6741A 		.ascii	"\317\306t\032 \016k(u\277az\003>8,Q@M\202qg\021\366"
 918      200E6B28 
 918      75BF617A 
 918      033E382C 
 918      51404D82 
 919 00f1 4717773E 		.ascii	"G\027w>f\223=\216\017\021\317\037\357\274\376\323\034"
 919      66933D8E 
 919      0F11CF1F 
 919      EFBCFED3 
 919      1C
 920 0102 58D51A54 		.ascii	"X\325\032TP\210\343\350\272\247\020\306\260\202\000"
 920      5088E3E8 
 920      BAA710C6 
 920      B08200
 921 0111 D2B13468 		.ascii	"\322\2614h#\013\373\331\363@\315\262V\256\316\215\204"
 921      230BFBD9 
 921      F340CDB2 
 921      56AECE8D 
 921      84
ARM GAS  C:\Users\zerog\AppData\Local\Temp\cclkzbrd.s 			page 28


 922 0122 8A836605 		.ascii	"\212\203f\005\021>\000\212\204s\000g\201cSk\322#\340"
 922      113E008A 
 922      84730067 
 922      8163536B 
 922      D223E0
 923 0135 3CD87CC0 		.ascii	"<\330|\300aC\340\306][\312\333q\022>\332\0207\2413v"
 923      6143E0C6 
 923      5D5BCADB 
 923      71123EDA 
 923      1037A133 
 924 014a D8C5BEBF 		.ascii	"\330\305\276\277\234\317[\341\\\033c/l\300\026t\312"
 924      9CCF5BE1 
 924      5C1B632F 
 924      6CC01674 
 924      CA
 925 015b 3103300D 		.ascii	"1\0030\015\202$\021\251Wt\332G\312jo\2767\257\327\254"
 925      822411A9 
 925      5774DA47 
 925      CA6A6FBE 
 925      37AFD7AC 
 926 016f DBEBA396 		.ascii	"\333\353\243\226\265\364\330\314\324\011\337V\020\025"
 926      B5F4D8CC 
 926      D409DF56 
 926      1015
 927 017d D4355A48 		.ascii	"\3245ZH)Z$\027\2503\003\321L\223Z\264\004\3701\310V"
 927      295A2417 
 927      A83303D1 
 927      4C935AB4 
 927      04F831C8 
 928 0192 88BD61B6 		.ascii	"\210\275a\266Zxie\207\020\243(xX`\325\204(\242\246\354"
 928      5A786965 
 928      8710A328 
 928      785860D5 
 928      8428A2A6 
 929 01a7 41B2AF81 		.ascii	"A\262\257\201\2658S\007\372\317\276=@\201\216b\036\325"
 929      B5385307 
 929      FACFBE3D 
 929      40818E62 
 929      1ED5
 930 01b9 470E3C64 		.ascii	"G\016<dVQIz\022d\005i<\000\037\203\310\301\021\313\252"
 930      5651497A 
 930      12640569 
 930      3C001F83 
 930      C8C111CB 
 931 01ce DECFC04F 		.ascii	"\336\317\300OTOE\304\225\325j\207\303\231\355\344\""
 931      544F45C4 
 931      95D56A87 
 931      C399EDE4 
 931      22
 932 01df CA2815FF 		.ascii	"\312(\025\377wu/\267\311\346\245\272\217\316\217\270"
 932      77752FB7 
 932      C9E6A5BA 
 932      8FCE8FB8 
 933 01ef 01D90BCB 		.ascii	"\001\331\013\313[\312\030p\322!\330\031h\252\277\335"
 933      5BCA1870 
 933      D221D819 
 933      68AABFDD 
ARM GAS  C:\Users\zerog\AppData\Local\Temp\cclkzbrd.s 			page 29


 934 01ff 5D419322 		.ascii	"]A\223\"a\026\304\266\034\035\244\012z\3413xK\215\227"
 934      6116C4B6 
 934      1C1DA40A 
 934      7AE13378 
 934      4B8D97
 935 0212 AB7C9CFA 		.ascii	"\253|\234\372\241HE\267P\327\\\256`\203\241\272\031"
 935      A14845B7 
 935      50D75CAE 
 935      6083A1BA 
 935      19
 936 0223 C317C400 		.ascii	"\303\027\304\000.\30341\004\025\303eb\020\253 UC\347"
 936      2EC33431 
 936      0415C365 
 936      6210AB20 
 936      5543E7
 937 0236 6F0E799D 		.ascii	"o\016y\235\206\265w\037\244\232\313\030\012\214\224"
 937      86B5771F 
 937      A49ACB18 
 937      0A8C94
 938 0245 7E31B9E6 		.ascii	"~1\271\346\"\312\322\360\217s\350\312v\245\216\234|"
 938      22CAD2F0 
 938      8F73E8CA 
 938      76A58E9C 
 938      7C
 939 0256 F2E8AF84 		.ascii	"\362\350\257\204k\010'A\250\"(\251\257\214:|EI\011\264"
 939      6B082741 
 939      A82228A9 
 939      AF8C3A7C 
 939      454909B4 
 940 026a 525870DA 		.ascii	"RXp\332C\345\360\260\203\242\024\321\325-\004\031:s"
 940      43E5F0B0 
 940      83A214D1 
 940      D52D0419 
 940      3A73
 941 027c E473E269 		.ascii	"\344s\342ia\337Y5\2176Uf\213\202\374\256r\021\346\033"
 941      61DF5935 
 941      8F365566 
 941      8B82FCAE 
 941      7211E61B 
 942 0290 DA6A65E2 		.ascii	"\332je\342\006\206\305hU\003\320\211\336\222M\023\340"
 942      0686C568 
 942      5503D089 
 942      DE924D13 
 942      E0
 943 02a1 700FD99A 		.ascii	"p\017\331\232\002\351N\277\257\201;\201\273\312\250"
 943      02E94EBF 
 943      AF813B81 
 943      BBCAA8
 944 02b0 35543337 		.ascii	"5T37\021\355k\022\215\344\021\313\220\2732\333O`\346"
 944      11ED6B12 
 944      8DE411CB 
 944      90BB32DB 
 944      4F60E6
 945 02c3 13AC974E 		.ascii	"\023\254\227N\023\300\343k/Sn9\262~`\025<$(\236\342"
 945      13C0E36B 
 945      2F536E39 
 945      B27E6015 
ARM GAS  C:\Users\zerog\AppData\Local\Temp\cclkzbrd.s 			page 30


 945      3C24289E 
 946 02d8 8D16F9F7 		.ascii	"\215\026\371\367\332~:o~u\036X7\343\337\272\375e\353"
 946      DA7E3A6F 
 946      7E751E58 
 946      37E3DFBA 
 946      FD65EB
 947 02eb 76AB1A6C 		.ascii	"v\253\032lV\304`EXA\037\330\260\333M\252\204\331\337"
 947      56C46045 
 947      58411FD8 
 947      B0DB4DAA 
 947      84D9DF
 948 02fe AC4A5875 		.ascii	"\254JXuln\326\261\241\242\377\334\320'\376_\237\337"
 948      6C6ED6B1 
 948      A1A2FFDC 
 948      D027FE5F 
 948      9FDF
 949 0310 529FD8D4 		.ascii	"R\237\330\324'2\213\352\323\240T\306\215\365\375\324"
 949      27328BEA 
 949      D3A054C6 
 949      8DF5FDD4 
 950 0320 B85F724A 		.ascii	"\270_rJo\323)\267\026K\363\316qv\352\014\021\263\375"
 950      6FD329B7 
 950      164BF3CE 
 950      7176EA0C 
 950      11B3FD
 951 0333 EA09DBB5 		.ascii	"\352\011\333\265\362%\010)\350\304\374\253\300\267\200"
 951      F2250829 
 951      E8C4FCAB 
 951      C0B780
 952 0342 725C9E25 		.ascii	"r\\\236%\\\31090~0\377\343\246}\257n\032=o\247:\253"
 952      5CC83930 
 952      7E30FFE3 
 952      A67DAF6E 
 952      1A3D6FA7 
 953 0358 F750DDB0 		.ascii	"\367P\335\260\000p\211O\261}\375\266\362\305\371\001"
 953      0070894F 
 953      B17DFDB6 
 953      F2C5F901 
 954 0368 EC97DE28 		.ascii	"\354\227\336(\006>\275~\"\252\004\367\271\327\373\026"
 954      063EBD7E 
 954      22AA04F7 
 954      B9D7FB16 
 955 0378 647F3EB6 		.ascii	"d\177>\266\327\001\200\373\006\020\342\341\330\243\335"
 955      D70180FB 
 955      0610E2E1 
 955      D8A3DD
 956 0387 B1E7FA9E 		.ascii	"\261\347\372\236\355{:3p\240/\321\375b\"\365|:\331\023"
 956      ED7B3A33 
 956      70A02FD1 
 956      FD6222F5 
 956      7C3AD913 
 957 039b EFDD3790 		.ascii	"\357\3357\220\356Mu\307\272\272\366=\271\273k\3673\273"
 957      EE4D75C7 
 957      BABAF63D 
 957      B9BB6BF7 
 957      33BB
 958 03ad 9E129DED 		.ascii	"\236\022\235\355\355\021\372\306\031\235Ho\217F\243"
ARM GAS  C:\Users\zerog\AppData\Local\Temp\cclkzbrd.s 			page 31


 958      ED11FAC6 
 958      199D486F 
 958      8F46A3
 959 03bc 91443A12 		.ascii	"\221D:\022O\034:\224\350\217\2443=\251\314@2\262k\357"
 959      4F1C3A94 
 959      E88FA433 
 959      3DA9CC40 
 959      32B26BEF 
 960 03d0 9ED89E97 		.ascii	"\236\330\236\227x7\331\367Bo*\035\351\212\305\"\361"
 960      7837D9F7 
 960      426F2A1D 
 960      E98AC522 
 960      F1
 961 03e1 5426DA1E 		.ascii	"T&\332\036\027\230\352I\206m\273\375\221m\007w\036\334"
 961      1798EA49 
 961      866DBBFD 
 961      916D0777 
 961      1EDC
 962 03f3 B9638780 		.ascii	"\271c\207\200\244\226I\376\003\257\341\375\003"
 962      A49649FE 
 962      03AFE1FD 
 962      03
 963              		.text
 964              		.section	.gnu.lto_.symbol_nodes.f06d1880,"e",%progbits
 965 0000 789C75CB 		.ascii	"x\234u\313GRBa\020E\341>/\210\212\001\025\005E\205\255"
 965      47524261 
 965      1045E13E 
 965      2F888A01 
 965      15054585 
 966 0015 C8C6FE67 		.ascii	"\310\306\376g\0001\020\004\023AT\004\235\271\000\306"
 966      00311004 
 966      13415404 
 966      9DB900C6 
 967 0025 8ED98A5B 		.ascii	"\216\331\212[\200w\253,&\322\223\257\252O\3356f\346"
 967      8077AB2C 
 967      26D293AF 
 967      AA4FDD36 
 967      66E6
 968 0037 9DE32C9A 		.ascii	"\235\343,\232]@cb\346\314\306\321)\026\247Y\274\300"
 968      5D406362 
 968      E6CCC6D1 
 968      2916A759 
 968      BCC0
 969 0049 B1309670 		.ascii	"\2610\226p\336\302X\306\371?\277\225p\336N\376\322%"
 969      DEC258C6 
 969      F93FBF95 
 969      70DE4EFE 
 969      D225
 970 005b 2EF8AE97 		.ascii	".\370\256\227\022\377\314\3023,*\232\371a\005\012\361"
 970      12FFCCC2 
 970      332C2A9A 
 970      F961050A 
 970      F1
 971 006c E30A4F5E 		.ascii	"\343\012O^\343\313\033\002yK(\253,\311\032\011YgY6X"
 971      E3CB1B02 
 971      794B28AB 
 971      2CC91A09 
ARM GAS  C:\Users\zerog\AppData\Local\Temp\cclkzbrd.s 			page 32


 971      59675936 
 972 0081 9177ACCA 		.ascii	"\221w\254\312&I\331bM\336\263.\037\330\220\217l\312"
 972      2649D962 
 972      4DDEB32E 
 972      1FD8908F 
 972      6CCA
 973 0093 2752F299 		.ascii	"'R\362\231-\331f[v\330\221]\322\262\307\256|aO\366\311"
 973      2DD9665B 
 973      76D8915D 
 973      D2B2C7AE 
 973      7C614FF6 
 974 00a8 C857B2F2 		.ascii	"\310W\262\362\215}\371\316\201\034\220\223\037\034\312"
 974      8D7DF9CE 
 974      811C9093 
 974      1F1CCA
 975 00b7 214772C4 		.ascii	"!Gr\304\261\374$/\277(\304\332\024\313\244<\260"
 975      B1FC242F 
 975      BF28C4DA 
 975      14CBA43C 
 975      B0
 976              		.text
 977              		.section	.gnu.lto_.refs.f06d1880,"e",%progbits
 978 0000 789C05C1 		.ascii	"x\234\005\301i\032B`\030\000\300\367\231|h\221\222h"
 978      691A4260 
 978      1800C0F7 
 978      997C6891 
 978      9268
 979 0012 A7C52F67 		.ascii	"\247\305/gq\377\3534\263D\204LZ\2054\307\230\344\012"
 979      71FFEB34 
 979      B344844C 
 979      5A8534C7 
 979      98E40A
 980 0025 A5B58DAD 		.ascii	"\245\265\215\255\235\312^\355\340\250q\322:\353\364"
 980      9DCA5EED 
 980      E0A871D2 
 980      3AEBF4
 981 0034 2EAE6EEE 		.ascii	".\256n\356\036\236^\006\243\267\217\257\237)\376\200"
 981      1E9E5E06 
 981      A3B78FAF 
 981      9F29FE80 
 982 0044 6803A5   		.ascii	"h\003\245"
 983              		.text
 984              		.section	.gnu.lto_.decls.f06d1880,"e",%progbits
 985 0000 789CA596 		.ascii	"x\234\245\226kP\024W\032\206\317\327\247\207\231iFa"
 985      6B501457 
 985      1A86CFD7 
 985      A7879969 
 985      4661
 986 0012 15CBDAB2 		.ascii	"\025\313\332\262\326\020\243\013\233l$3 T\366\317\222"
 986      D610A30B 
 986      9B6C2433 
 986      2054F6CF 
 986      92
 987 0023 622B562A 		.ascii	"b+V*\233lj/\177\262Vu\261\314XR\021\206\032\232\304"
 987      9B6C6A2F 
 987      7FB25675 
 987      B1CC5852 
ARM GAS  C:\Users\zerog\AppData\Local\Temp\cclkzbrd.s 			page 33


 987      11861A9A 
 988 0038 FDB1551D 		.ascii	"\375\261U\035\344&\001\027\225\315\"\272\026e,\305\313"
 988      E4260117 
 988      95CD22BA 
 988      16652CC5 
 988      CB
 989 0049 AE580962 		.ascii	"\256X\011b\274\"\240\214Q\0231\306\033\232(*\214B\""
 989      BC22A08C 
 989      511331C6 
 989      1B9A282A 
 989      8C4222
 990 005c 1A145194 		.ascii	"\032\024Q\224\375\316\351ffN\017?\266jG\337\356>\335"
 990      FDCEE966 
 990      664E0F3F 
 990      B66A47DF 
 990      EE3EDD
 991 006f CFFB9EAF 		.ascii	"\317\373\236\257\277>3\315v\027!\025\224\2202\211\220"
 991      BF3E33CD 
 991      76172115 
 991      94903289 
 991      90
 992 0080 09FCD809 		.ascii	"\011\374\330\011!=$\362\261\241\016\243\216\242\272"
 992      213D24F2 
 992      B1A10EA3 
 992      8EA2BA
 993 008f 50275027 		.ascii	"P'P'Q\317\243n\243\006Q\337\243\356\242\356\241~D=@"
 993      51CFA36E 
 993      A30651DF 
 993      A3EEA2EE 
 993      A17E443D 
 994 00a4 8DA2C650 		.ascii	"\215\242\306POPOQ\023(\000B(\312\206\262\243\234\250"
 994      4F504F51 
 994      13280042 
 994      28CA86B2 
 994      A39CA8
 995 00b7 78D43454 		.ascii	"x\3244T\002\352'\250\231\250Y\250\331\250\237\242\346"
 995      02EA27A8 
 995      99A859A8 
 995      D9A89FA2 
 995      E6
 996 00c8 A07E867A 		.ascii	"\240~\206z\016\365<\352\005\324\002T\012\352\027@\204"
 996      0EF53CEA 
 996      05D40254 
 996      0AEA1740 
 996      84
 997 00d9 CFD73896 		.ascii	"\317\3278\226q\177\0115\200JB\205\210q\356:\252\017"
 997      717F0935 
 997      804A4285 
 997      8871EE3A 
 997      AA0F
 998 00eb F51DEA86 		.ascii	"\365\035\352\206\311'\023##\305\314|\301\234\3439s\316"
 998      C9271323 
 998      23C5CC7C 
 998      C19CE339 
 998      73CE
 999 00fd 39660DB3 		.ascii	"9f\015\263\315\232f\2325&\2305\307\233\367`7\357\211"
 999      CD9A669A 
ARM GAS  C:\Users\zerog\AppData\Local\Temp\cclkzbrd.s 			page 34


 999      35269835 
 999      C79BF760 
 999      37EF89
 1000 0110 DD1BBBC7 		.ascii	"\335\033\273\307\011\363\236\237\230=\0305{\362\243"
 1000      09F39E9F 
 1000      983D1835 
 1000      7BF2A3
 1001 011f D9A3BB66 		.ascii	"\331\243\273f\317\006\305\362\311\337\230\037\367\313"
 1001      CF06C5F2 
 1001      C9DF981F 
 1001      F7CB
 1002 012d CC3198BD 		.ascii	"\3141\230\275\267~VN\301\035\235\202[5\005\3275\005"
 1002      B77E564E 
 1002      C11D9D82 
 1002      5B3505D7 
 1002      3505
 1003 013f B76E0AEE 		.ascii	"\267n\012\356\304\024\334?\361\202\313\344f\020\243"
 1003      C414DC3F 
 1003      F182CBE4 
 1003      6610A3
 1004 014e BF2F82D1 		.ascii	"\277/\202\321\357\024\324K`\364\233\365\376\227x|\021"
 1004      EF14D44B 
 1004      60F49BF5 
 1004      FE97787C 
 1004      11
 1005 015f F7EF92A9 		.ascii	"\367\357\222\251\373\317\3468i\356o[\346\331@\245\235"
 1005      FBCFE638 
 1005      69EE6F5B 
 1005      E6D940A5 
 1005      9D
 1006 0170 370E5C75 		.ascii	"7\016\\u\335\002\"1\273\027\000.f\342F!\357R\222\244"
 1006      DD022231 
 1006      BB17002E 
 1006      66E24621 
 1006      EF5292A4 
 1007 0184 4BBA14E7 		.ascii	"K\272\024\347\245\222B\025\352U\20207u\204f;\244\324"
 1007      A5924215 
 1007      EA558230 
 1007      37758466 
 1007      3BA4D4
 1008 0197 04C5D1DC 		.ascii	"\004\305\321\334\011\211\212\315!I!\273WI}\014\273\244"
 1008      09898ACD 
 1008      214921BB 
 1008      57497D0C 
 1008      BBA4
 1009 01a9 A6B8E46C 		.ascii	"\246\270\344l]\366\326\314\012\331u\251\356\355\244"
 1009      5DF6D6CC 
 1009      0AD975A9 
 1009      EEEDA4
 1010 01b8 F46CDC86 		.ascii	"\364l\334\206\354A\360\242\353\035\331\221\210G!\273"
 1010      EC41F0A2 
 1010      EB1DD991 
 1010      884721BB 
 1011 01c8 32429B6A 		.ascii	"2B\233j\343\274\247\245\252\024\010\202\342\365$\351"
 1011      E3BCA7A5 
 1011      AA140882 
 1011      E2F524E9 
ARM GAS  C:\Users\zerog\AppData\Local\Temp\cclkzbrd.s 			page 35


 1012 01d8 BA9EED70 		.ascii	"\272\236\355p\314M\350\240\035\364uB\034\216\226\377"
 1012      CC4DE8A0 
 1012      1DF47542 
 1012      1C8E96FF 
 1013 01e8 CC5242F6 		.ascii	"\314RB\366\004\214H\365&'z\223\023\202`\363z\225\244"
 1013      048C48F5 
 1013      26277A93 
 1013      138260F3 
 1013      7A95A4
 1014 01fb 54824578 		.ascii	"T\202Ex=\236lI\301d\331\021\004\017\005\227G\277>8["
 1014      3D9E6C49 
 1014      C164D911 
 1014      040F0597 
 1014      47BF3E38 
 1015 0210 B129CEB9 		.ascii	"\261)\316\271\311\251\204x\311\353\022\346\322\211\311"
 1015      C9A98478 
 1015      C9EB12E6 
 1015      D289C9
 1016 021f 0FD8714E 		.ascii	"\017\330qNod\010\220\252H\036\211\276\031\302\357\237"
 1016      6F640890 
 1016      AA481E89 
 1016      BE19C2EF 
 1016      9F
 1017 0230 242513A2 		.ascii	"$%\023\242\313\016\227\013t\3349\3257\275\357x\024\022"
 1017      CB0E970B 
 1017      74DC39D5 
 1017      37BDEF78 
 1017      1412
 1018 0242 B24B7829 		.ascii	"\262Kx)I\006]\202\210S\211\303%'\0011\376\261\015\230"
 1018      49065D82 
 1018      885389C3 
 1018      25270131 
 1018      FEB10D98 
 1019 0256 1B985C8D 		.ascii	"\033\230\\\215Q\263\360\363\254\353\222I3\3048\033\336"
 1019      51B3F0F3 
 1019      ACEB9249 
 1019      33C4381B 
 1019      DE
 1020 0267 99C70C90 		.ascii	"\231\307\014\220\314\034ira\030\036s\022\266\215\012"
 1020      CC1C6972 
 1020      61181E73 
 1020      12B68D0A 
 1021 0277 0F236022 		.ascii	"\017#`\"\2239\206\307\004\302^\363\220\315\301a)\332"
 1021      933986C7 
 1021      04C25EF3 
 1021      90CDC161 
 1021      29DA
 1022 0289 C37D42E1 		.ascii	"\303}B\341\221H\022\216\235,\211\300\344\2629\272\256"
 1022      9148128E 
 1022      9D2C89C0 
 1022      E4B239BA 
 1022      AE
 1023 029a B7D2D68F 		.ascii	"\267\322\326\217m\323\033\222`V]6\001:\207\320\237\263"
 1023      6DD31B92 
 1023      60565D36 
 1023      013A87D0 
 1023      9FB3
ARM GAS  C:\Users\zerog\AppData\Local\Temp\cclkzbrd.s 			page 36


 1024 02ac 4B2D1BC7 		.ascii	"K-\033\307{\034\270\022\241\215}S_\"i:\377\364\275O"
 1024      7B1CB812 
 1024      A18D7D53 
 1024      5F22693A 
 1024      FFF4BD4F 
 1025 02c0 E073C3AF 		.ascii	"\340s\303\257\305\257\2450\003$\334&A\"Z*\017\254>\251"
 1025      C5AFA530 
 1025      0324DC26 
 1025      41225A2A 
 1025      0FAC3EA9 
 1026 02d4 CC466848 		.ascii	"\314FhH\327\223`\031\034\0048\300\0129\2045\370\371"
 1026      D7936019 
 1026      1C0438C0 
 1026      0A398435 
 1026      F8F9
 1027 02e6 7CB5FB77 		.ascii	"|\265\373w\375]\236\327P\247?\332P=\2629\245o\237\256"
 1027      FD5D9ED7 
 1027      50A73FDA 
 1027      503DB239 
 1027      A56F9FAE 
 1028 02fa 9797EABA 		.ascii	"\227\227\352\272\2031\260\027`?\303\367!\276\027\325"
 1028      8331B017 
 1028      603FC3F7 
 1028      21BE17D5 
 1029 030a 0AF01968 		.ascii	"\012\360\031hGl\364\036\304\024\304\306\207\007\032"
 1029      476CF41E 
 1029      C414C4C6 
 1029      87071A
 1030 0319 5D2CAB25 		.ascii	"],\253%X^\251'\226~\210\017\237\305\0341c\3321\342H"
 1030      585EA927 
 1030      967E880F 
 1030      9FC51C31 
 1030      63DA31E2 
 1031 032e 38A6CD46 		.ascii	"8\246\315F\237M\031\323\331=~\304\311c\276\025b:\314"
 1031      9F4D19D3 
 1031      D93D7EC4 
 1031      C963BE15 
 1031      623ACC
 1032 0341 984E8CE8 		.ascii	"\230N\214\350\010\307\354\266\321j\211\320\365\022\263"
 1032      08C7ECB6 
 1032      D16A89D0 
 1032      F512B3
 1033 0350 DE0E9DEB 		.ascii	"\336\016\235\353M`Q\307\215\250\033\253z\016:\315h\350"
 1033      4D6051C7 
 1033      8DA81BAB 
 1033      7A0E3ACD 
 1033      68E8
 1034 0362 063C33D2 		.ascii	"\006<3\322\273u\233s\336>\014\177\"\204\0373\303\203"
 1034      BB759B73 
 1034      DE3E0C7F 
 1034      22841F33 
 1034      C383
 1035 0374 081E0B87 		.ascii	"\010\036\013\207o\263\321\315<\370\301G\273\017\321"
 1035      6FB3D1CD 
 1035      3CF8C147 
 1035      BB0FD1
 1036 0383 790D0D7A 		.ascii	"y\015\015z\313\225Jf\323M\333\027\206\015\215_\204M"
ARM GAS  C:\Users\zerog\AppData\Local\Temp\cclkzbrd.s 			page 37


 1036      CB954A66 
 1036      D34DDB17 
 1036      860D8D5F 
 1036      844D
 1037 0395 F764FAA9 		.ascii	"\367d\372\251D\370\223\320\201?\012\335\301Gv\276\225"
 1037      44F893D0 
 1037      813F0ADD 
 1037      C14776BE 
 1037      95
 1038 03a6 F9A9640C 		.ascii	"\371\251d\014\375\374|\355\241x\005\243\206\365\366"
 1038      FDFC7CED 
 1038      A17805A3 
 1038      86F5F6
 1039 03b5 32275EEA 		.ascii	"2'^\352\0018\303\2128\213Yi\360\025p\336A\017\361\264"
 1039      0138C38A 
 1039      388B5969 
 1039      F01570DE 
 1039      410FF1B4 
 1040 03c9 14FE9D49 		.ascii	"\024\376\235I\340G\204\006yYC\307n\237\232\246\264\233"
 1040      E0478406 
 1040      795943C7 
 1040      6E9F9AA6 
 1040      B49B
 1041 03db 09C40C80 		.ascii	"\011\304\014\200\013\200\314~\200\363\000\337\260\233"
 1041      0B80CC7E 
 1041      80F300DF 
 1041      B09B
 1042 03e9 DE3FFED5 		.ascii	"\336?\376\325\3758\027\307\232:d\270\010\341\231.\261"
 1042      FD3817C7 
 1042      9A3A64B8 
 1042      08E1992E 
 1042      B1
 1043 03fa A5D483FD 		.ascii	"\245\324\203\375\3535+N4\012\006z\207M\2404m\270\320"
 1043      EB352B4E 
 1043      340A067A 
 1043      874DA034 
 1043      6DB8D0
 1044 040d 4DE7CF9C 		.ascii	"M\347\317\234?\177>s\217\217\024\005\333\001Mp\016\340"
 1044      3F7F3E73 
 1044      8F8F1405 
 1044      DB014D70 
 1044      0EE0
 1045 041f 5A2485BD 		.ascii	"Z$\205\275\266\300M\360N\312t\275]&p\025\340\012;w\215"
 1045      B6C04DF0 
 1045      4ECA74BD 
 1045      5D267015 
 1045      E00A3B77 
 1046 0434 B507AE03 		.ascii	"\265\007\256\003\364\001|\007p\203\265\012\203Z\036"
 1046      F4017C07 
 1046      7083B50A 
 1046      835A1E
 1047 0443 E33273BA 		.ascii	"\3432s\272XP\257\020\224\306s\030\361$L\\\216!z\200"
 1047      5850AF10 
 1047      94C67318 
 1047      F1244C5C 
 1047      8E217A80 
 1048 0457 234FC3C8 		.ascii	"#O\303\310\267\261\325 CGy\217nVt\236\265\317\264\326"
ARM GAS  C:\Users\zerog\AppData\Local\Temp\cclkzbrd.s 			page 38


 1048      B7B1D520 
 1048      4347798F 
 1048      6E56749E 
 1048      B5CFB4D6 
 1049 046b 063761CA 		.ascii	"\0067a\312\352\3200\260\267\343\222c\206ah\222\340\026"
 1049      EAD030B0 
 1049      B7E39263 
 1049      86616892 
 1049      E016
 1050 047d C09700A7 		.ascii	"\300\227\000\247Yh?\360g\303\240\376\256=u2Om\377\337"
 1050      59683FF0 
 1050      67C3A0FE 
 1050      AE3D7532 
 1050      4F6DFFDF 
 1051 0491 529FED5C 		.ascii	"R\237\355\\sN\216\244\016\304\246.\250\257\323\207O"
 1051      734E8EA4 
 1051      0EC4A62E 
 1051      A8AFD387 
 1051      4F
 1052 04a2 74FEAE0E 		.ascii	"t\376\256\016 \004p\212\307L28*\324n\311\264\222\262"
 1052      2004708A 
 1052      C74C3238 
 1052      2AD46EC9 
 1052      B492B2
 1053 04b5 AC8A47F5 		.ascii	"\254\212G\365\247m\013.\342\023\251\375\244z\265\016"
 1053      A76D0B2E 
 1053      E213A9FD 
 1053      A47AB50E 
 1054 04c5 E8C0677A 		.ascii	"\350\300gz\207;&\273p\007\210v\006h#7\254o}X\2530\303"
 1054      873B26BB 
 1054      70078876 
 1054      06682337 
 1054      AC6F7D58 
 1055 04dc 99D3FB74 		.ascii	"\231\323\373t\266P\020\037\022\360!\304\257\000m\346"
 1055      B650101F 
 1055      12F021C4 
 1055      AF006DE6 
 1056 04ec F8D5BE60 		.ascii	"\370\325\276`\3714\216\017\205\361\037\004\374\007\304"
 1056      F9348E0F 
 1056      85F11F04 
 1056      FC07C4
 1057 04fb 4340DB38 		.ascii	"C@\3338~{\355\330\220\223\3435++\333\023\371\002\033"
 1057      7E7BEDD8 
 1057      9093E335 
 1057      2B2BDB13 
 1057      F9021B
 1058 050e 16F061C4 		.ascii	"\026\360a\304G\200vs<8\330u<\236W\337\020U\375}\301"
 1058      47807673 
 1058      3C38D875 
 1058      3C9E57DF 
 1058      1055FD7D 
 1059 0523 701F0DBA 		.ascii	"p\037\015\272D/s\303?\036\254|J-\325\217\010\370\010"
 1059      442F73C3 
 1059      3F1EAC7C 
 1059      4A2DD58F 
 1059      08F808
 1060 0536 E235120D 		.ascii	"\3425\022\015q|G\365\352\343\222\245\372\207\002\376"
ARM GAS  C:\Users\zerog\AppData\Local\Temp\cclkzbrd.s 			page 39


 1060      717C47F5 
 1060      EAE392A5 
 1060      FA8702FE 
 1061 0546 10F10689 		.ascii	"\020\361\006\211\216r\274}\254\367\223\351\226\352\037"
 1061      8E72BC7D 
 1061      ACF793E9 
 1061      96EA1F
 1062 0555 09F823C4 		.ascii	"\011\370#\304\267H\264Rf\370\205\252\252\275\274\230"
 1062      B748B452 
 1062      66F885AA 
 1062      AABDBC98 
 1063 0565 E10D51D5 		.ascii	"\341\015Q\325?\026\014\217\321\320\"\321Fn\230\350;"
 1063      3F160C8F 
 1063      D1D022D1 
 1063      466E98E8 
 1063      3B
 1064 0576 DBEAB254 		.ascii	"\333\352\262T?.\340\343\210\037\224h3\307o\256\371~"
 1064      3F2EE0E3 
 1064      881F9468 
 1064      33C76FAE 
 1064      F97E
 1065 0588 9BCB52FD 		.ascii	"\233\313R\3753\001\307_M-(\3216\216\327\376k\354\224"
 1065      3301C75F 
 1065      4D2D28D1 
 1065      368ED7FE 
 1065      6BEC94
 1066 059b 64A91E5F 		.ascii	"d\251\036_\257Q\270.\021\355\234D\2739\276\252\265t"
 1066      AF51B82E 
 1066      11ED9C44 
 1066      BB39BEAA 
 1066      B574
 1067 05ad 8F51FDA6 		.ascii	"\217Q\375\246\250\352K\005C)\032\256a\357\271a\363\375"
 1067      A8EA4B05 
 1067      43291AAE 
 1067      61EFB961 
 1067      F3FD
 1068 05bf 95AD764B 		.ascii	"\225\255vK\365e\002\216\177wkC\330{\216\357\230\370"
 1068      F565028E 
 1068      7F776B43 
 1068      D87B8EEF 
 1068      98F8
 1069 05d1 68BD75E5 		.ascii	"h\275u\345T\010x\005\342\217\260\367\034/_\337p\306"
 1069      54087805 
 1069      E28FB0F7 
 1069      1C2F5FDF 
 1069      70C6
 1070 05e3 BA72AA04 		.ascii	"\272r\252\004\274\012\3612J+m\014\357Y{\267/\216W\277"
 1070      BC0AF132 
 1070      4A2B6D0C 
 1070      EF597BB7 
 1070      2F8E57BF 
 1071 05f7 3DAAFA6A 		.ascii	"=\252\372j\301\200/\003\255\216\322Fnh9\262\346\317"
 1071      C1802F03 
 1071      AD8ED246 
 1071      6E6839B2 
 1071      E6CF
 1072 0609 96E26B04 		.ascii	"\226\342k\004\272\006\351\215\2246sz\260\353\372Y\247"
ARM GAS  C:\Users\zerog\AppData\Local\Temp\cclkzbrd.s 			page 40


 1072      BA06E98D 
 1072      9436737A 
 1072      B0EBFA59 
 1072      A7
 1073 061a A5F8D502 		.ascii	"\245\370\325\002\276\032\361fJ\3338>vrM\3174K\361u\002"
 1073      BE1AF166 
 1073      4ADB383E 
 1073      76724DCF 
 1073      344BF175 
 1074 062f 5E87F867 		.ascii	"^\207\370g\224vs\274rwy\013\177R\303\273\242\212_+\030"
 1074      947673BC 
 1074      7277790B 
 1074      7F52C3BB 
 1074      A28A5F2B 
 1075 0644 D6A2A19D 		.ascii	"\326\242\241\235\322\313\334P\361\254\373\232\265\365"
 1075      D2CBDC50 
 1075      F1ACFB9A 
 1075      B5F5
 1076 0652 F5025E8F 		.ascii	"\365\002^\217\370)JC\034/m\335TM-\325\177,\340\037#"
 1076      F8294A43 
 1076      1C2F6DDD 
 1076      544D2DD5 
 1076      7F2CE01F 
 1077 0667 7E91D251 		.ascii	"~\221\322Q\343f\277l\332c\255\276A\300\033\020\277\211"
 1077      E366BF6C 
 1077      DA63ADBE 
 1077      41C01B10 
 1077      BF89
 1078 0679 AD8F63F8 		.ascii	"\255\217c\370\207_\237\032\345\370\360\356\250\352\033"
 1078      875F9F1A 
 1078      E5F8F0EE 
 1078      A8EA1B
 1079 0688 0543231A 		.ascii	"\005C#\032\206\261\365\334Ps\341\323\275\326e\277Q\300"
 1079      86B1F5DC 
 1079      5073E1D3 
 1079      BDD665BF 
 1079      51C0
 1080 069a 37223E8E 		.ascii	"7\">\216\275\347x\305\235\212K\326\3527\011\370&\304"
 1080      BDE778C5 
 1080      9D8A4BD6 
 1080      EA3709F8 
 1080      26C4
 1081 06ac AB64DAC6 		.ascii	"\253d\332\306\361\203g\007\317[\227}\223\2007!^/\323"
 1081      F1836707 
 1081      CF5B977D 
 1081      93803721 
 1081      5E2FD3
 1082 06bf 6E8E6FED 		.ascii	"n\216o\355\177\366o^\314\360\376\250\3527\013\006|\321"
 1082      7FF66F5E 
 1082      CCF0FEA8 
 1082      EA370B06 
 1082      7CD1
 1083 06d1 6B4D32BD 		.ascii	"kM2\275\314\015\343\367\232\373\343-\325o\021\360-\210"
 1083      CC0DE3F7 
 1083      9AFBE32D 
 1083      D56F11F0 
 1083      2D88
ARM GAS  C:\Users\zerog\AppData\Local\Temp\cclkzbrd.s 			page 41


 1084 06e3 EF926988 		.ascii	"\357\222i\210\343\207\313\352'\254?9[\005|+\342\373"
 1084      E387CBEA 
 1084      27AC3F39 
 1084      5B057C2B 
 1084      E2FB
 1085 06f5 643ACAF1 		.ascii	"d:\312\361\355\307\356wZ\177r\232\005\274\031\361.\031"
 1085      EDC7EE77 
 1085      5A7F729A 
 1085      05BC19F1 
 1085      2E19
 1086 0707 D16FD695 		.ascii	"\321o\326\225?\265E^\335\003\021d\207\304\337+=g\232"
 1086      3FB5455E 
 1086      DD031164 
 1086      87C4DF2B 
 1086      3D679A
 1087 071a C7E50810 		.ascii	"\307\345\010\020\212\000;\015\340\361\301\336\024~\275"
 1087      8A003B0D 
 1087      E0F1C1DE 
 1087      147EBD
 1088 0729 7D8A773F 		.ascii	"}\212w?\241\356L\342\314\015\024\274\237\345{\271\200"
 1088      A1EE4CE2 
 1088      CC0D14BC 
 1088      9FE57BB9 
 1088      80
 1089 073a 2879FE80 		.ascii	"(y\376\200\346[\361rA\006QT5\257\250D\315/\314\327\344"
 1089      E65BF172 
 1089      41065154 
 1089      35AFA844 
 1089      CD2FCCD7 
 1090 074f 0F7CB9EF 		.ascii	"\017|\271\357\375z\341\3024\374\237\267,\377/\371\376"
 1090      FD7AE1C2 
 1090      34FC9FB7 
 1090      2CFF2FF9 
 1090      FE
 1091 0760 628FDBED 		.ascii	"b\217\333\355N\363\027\247\345\371\013\012\374\205i"
 1091      4EF317A7 
 1091      E5F90B0A 
 1091      FC8569
 1092 076f C55A6E40 		.ascii	"\305Zn@+)J{\355\367o\345\274\265\202\235-\312_\356\013"
 1092      2B294A7B 
 1092      EDF76FE5 
 1092      BCB5829D 
 1092      2DCA5FEE 
 1093 0784 14A72DCE 		.ascii	"\024\247-\316\311I\313\013h\356\205y\216\305o\377)9"
 1093      C949CB0B 
 1093      68EE8579 
 1093      8EC56FFF 
 1093      2939
 1094 0796 C79D4512 		.ascii	"\307\235E\022\215\361\302\214W\226\276\272\364\325\254"
 1094      8DF1C28C 
 1094      5796BEBA 
 1094      F4D5AC
 1095 07a5 2CF262CE 		.ascii	",\362b\316\257\226\344\260\330?h%\336|\377\222\017\374"
 1095      AF96E4B0 
 1095      D83F6825 
 1095      DE7CFF92 
 1095      0FFC
ARM GAS  C:\Users\zerog\AppData\Local\Temp\cclkzbrd.s 			page 42


 1096 07b7 81F78A8B 		.ascii	"\201\367\212\213r\363|jI\261/\260$g\361b\3657o,~\343"
 1096      72F37C6A 
 1096      49B12FB0 
 1096      2467F162 
 1096      F5376F2C 
 1097 07cd 8FAFFD   		.ascii	"\217\257\375"
 1098 07d0 9664FF9F 		.ascii	"\226d\377\237E\020\227\252\372r\003\313\377\312\357"
 1098      451097AA 
 1098      FA7203CB 
 1098      FFCAEF
 1099 07df 2B5E5597 		.ascii	"+^U\227\347j>~<]U\275\276\245\271%\3135\325\267\"_s"
 1099      E76A3E7E 
 1099      3C5D55BD 
 1099      BEA5B925 
 1099      CB35D5B7 
 1100 07f6 14FA033E 		.ascii	"\024\372\003>\255$P\230\250\362\313j \267@\315\015\370"
 1100      AD245098 
 1100      A8F2CB6A 
 1100      20B740CD 
 1100      0DF8
 1101 0808 728B9DE1 		.ascii	"r\213\235\341#%o9f\361cGI~\241\226\356Q5'\207\331\251"
 1101      23256F39 
 1101      66F16347 
 1101      497EA196 
 1101      EE513527 
 1102 081f E9FC089B 		.ascii	"\351\374\010\233i\014]\205~5|-\201e\204G\2526Ce\371"
 1102      690C5D85 
 1102      7E357C2D 
 1102      81658447 
 1102      AA364365 
 1103 0834 AFA8118B 		.ascii	"\257\250\021\213:-\372\224:\335\034\0313\252\011\346"
 1103      3A2DFA94 
 1103      3ADD1C19 
 1103      33AA09E6 
 1104 0844 B0D06F5C 		.ascii	"\260\320o\\6\374\356X\277[\360\273E\277\333\342\367"
 1104      36FCEE58 
 1104      BF5BF0BB 
 1104      45BFDBE2 
 1104      F7
 1105 0855 C4FA3D82 		.ascii	"\304\372=\202\337#\372=\026\177z\254?]\360\247\213\376"
 1105      DF23FA3D 
 1105      167F7AAC 
 1105      3F5DF0A7 
 1105      8BFE
 1106 0867 748B3F23 		.ascii	"t\213?#\326\237!\3703D\177\206\305\277(\326\277H\360"
 1106      D69F21F8 
 1106      33447F86 
 1106      C5BF28D6 
 1106      BF48F0
 1107 087a 2F12FD8B 		.ascii	"/\022\375\213,\376\314X\177\246\340\317\024\375\231"
 1107      2CFECC58 
 1107      7FA6E0CF 
 1107      14FD99
 1108 0889 167F56AC 		.ascii	"\026\177V\254?K\360g\211\376\254\260\377\277Q\332P\265"
 1108      3F4BF067 
 1108      89FEACB0 
 1108      FFBF51DA 
ARM GAS  C:\Users\zerog\AppData\Local\Temp\cclkzbrd.s 			page 43


 1108      50B5
 1109              		.text
 1110              		.section	.gnu.lto_.symtab.f06d1880,"e",%progbits
 1111 0000 5F5F6370 		.ascii	"__cpu_init\000"
 1111      755F696E 
 1111      697400
 1112 000b 00       		.ascii	"\000"
 1113 000c 01       		.ascii	"\001"
 1114 000d 00       		.ascii	"\000"
 1115 000e 00000000 		.ascii	"\000\000\000\000\000\000\000\000"
 1115      00000000 
 1116 0016 BE000000 		.ascii	"\276\000\000\000"
 1117 001a 5F5F6561 		.ascii	"__early_init\000"
 1117      726C795F 
 1117      696E6974 
 1117      00
 1118 0027 00       		.ascii	"\000"
 1119 0028 01       		.ascii	"\001"
 1120 0029 00       		.ascii	"\000"
 1121 002a 00000000 		.ascii	"\000\000\000\000\000\000\000\000"
 1121      00000000 
 1122 0032 C1000000 		.ascii	"\301\000\000\000"
 1123 0036 5F5F6C61 		.ascii	"__late_init\000"
 1123      74655F69 
 1123      6E697400 
 1124 0042 00       		.ascii	"\000"
 1125 0043 01       		.ascii	"\001"
 1126 0044 00       		.ascii	"\000"
 1127 0045 00000000 		.ascii	"\000\000\000\000\000\000\000\000"
 1127      00000000 
 1128 004d C4000000 		.ascii	"\304\000\000\000"
 1129 0051 5F5F6465 		.ascii	"__default_exit\000"
 1129      6661756C 
 1129      745F6578 
 1129      697400
 1130 0060 00       		.ascii	"\000"
 1131 0061 01       		.ascii	"\001"
 1132 0062 00       		.ascii	"\000"
 1133 0063 00000000 		.ascii	"\000\000\000\000\000\000\000\000"
 1133      00000000 
 1134 006b C9000000 		.ascii	"\311\000\000\000"
 1135 006f 5F5F696E 		.ascii	"__init_ram_areas\000"
 1135      69745F72 
 1135      616D5F61 
 1135      72656173 
 1135      00
 1136 0080 00       		.ascii	"\000"
 1137 0081 00       		.ascii	"\000"
 1138 0082 00       		.ascii	"\000"
 1139 0083 00000000 		.ascii	"\000\000\000\000\000\000\000\000"
 1139      00000000 
 1140 008b CB000000 		.ascii	"\313\000\000\000"
 1141 008f 5F5F7261 		.ascii	"__ram0_init_text__\000"
 1141      6D305F69 
 1141      6E69745F 
 1141      74657874 
 1141      5F5F00
ARM GAS  C:\Users\zerog\AppData\Local\Temp\cclkzbrd.s 			page 44


 1142 00a2 00       		.ascii	"\000"
 1143 00a3 02       		.ascii	"\002"
 1144 00a4 00       		.ascii	"\000"
 1145 00a5 00000000 		.ascii	"\000\000\000\000\000\000\000\000"
 1145      00000000 
 1146 00ad EB000000 		.ascii	"\353\000\000\000"
 1147 00b1 5F5F7261 		.ascii	"__ram0_init__\000"
 1147      6D305F69 
 1147      6E69745F 
 1147      5F00
 1148 00bf 00       		.ascii	"\000"
 1149 00c0 02       		.ascii	"\002"
 1150 00c1 00       		.ascii	"\000"
 1151 00c2 00000000 		.ascii	"\000\000\000\000\000\000\000\000"
 1151      00000000 
 1152 00ca ED000000 		.ascii	"\355\000\000\000"
 1153 00ce 5F5F7261 		.ascii	"__ram0_clear__\000"
 1153      6D305F63 
 1153      6C656172 
 1153      5F5F00
 1154 00dd 00       		.ascii	"\000"
 1155 00de 02       		.ascii	"\002"
 1156 00df 00       		.ascii	"\000"
 1157 00e0 00000000 		.ascii	"\000\000\000\000\000\000\000\000"
 1157      00000000 
 1158 00e8 EF000000 		.ascii	"\357\000\000\000"
 1159 00ec 5F5F7261 		.ascii	"__ram0_noinit__\000"
 1159      6D305F6E 
 1159      6F696E69 
 1159      745F5F00 
 1160 00fc 00       		.ascii	"\000"
 1161 00fd 02       		.ascii	"\002"
 1162 00fe 00       		.ascii	"\000"
 1163 00ff 00000000 		.ascii	"\000\000\000\000\000\000\000\000"
 1163      00000000 
 1164 0107 F1000000 		.ascii	"\361\000\000\000"
 1165 010b 5F5F7261 		.ascii	"__ram1_init_text__\000"
 1165      6D315F69 
 1165      6E69745F 
 1165      74657874 
 1165      5F5F00
 1166 011e 00       		.ascii	"\000"
 1167 011f 02       		.ascii	"\002"
 1168 0120 00       		.ascii	"\000"
 1169 0121 00000000 		.ascii	"\000\000\000\000\000\000\000\000"
 1169      00000000 
 1170 0129 F3000000 		.ascii	"\363\000\000\000"
 1171 012d 5F5F7261 		.ascii	"__ram1_init__\000"
 1171      6D315F69 
 1171      6E69745F 
 1171      5F00
 1172 013b 00       		.ascii	"\000"
 1173 013c 02       		.ascii	"\002"
 1174 013d 00       		.ascii	"\000"
 1175 013e 00000000 		.ascii	"\000\000\000\000\000\000\000\000"
 1175      00000000 
 1176 0146 F5000000 		.ascii	"\365\000\000\000"
ARM GAS  C:\Users\zerog\AppData\Local\Temp\cclkzbrd.s 			page 45


 1177 014a 5F5F7261 		.ascii	"__ram1_clear__\000"
 1177      6D315F63 
 1177      6C656172 
 1177      5F5F00
 1178 0159 00       		.ascii	"\000"
 1179 015a 02       		.ascii	"\002"
 1180 015b 00       		.ascii	"\000"
 1181 015c 00000000 		.ascii	"\000\000\000\000\000\000\000\000"
 1181      00000000 
 1182 0164 F7000000 		.ascii	"\367\000\000\000"
 1183 0168 5F5F7261 		.ascii	"__ram1_noinit__\000"
 1183      6D315F6E 
 1183      6F696E69 
 1183      745F5F00 
 1184 0178 00       		.ascii	"\000"
 1185 0179 02       		.ascii	"\002"
 1186 017a 00       		.ascii	"\000"
 1187 017b 00000000 		.ascii	"\000\000\000\000\000\000\000\000"
 1187      00000000 
 1188 0183 F9000000 		.ascii	"\371\000\000\000"
 1189 0187 5F5F7261 		.ascii	"__ram2_init_text__\000"
 1189      6D325F69 
 1189      6E69745F 
 1189      74657874 
 1189      5F5F00
 1190 019a 00       		.ascii	"\000"
 1191 019b 02       		.ascii	"\002"
 1192 019c 00       		.ascii	"\000"
 1193 019d 00000000 		.ascii	"\000\000\000\000\000\000\000\000"
 1193      00000000 
 1194 01a5 FB000000 		.ascii	"\373\000\000\000"
 1195 01a9 5F5F7261 		.ascii	"__ram2_init__\000"
 1195      6D325F69 
 1195      6E69745F 
 1195      5F00
 1196 01b7 00       		.ascii	"\000"
 1197 01b8 02       		.ascii	"\002"
 1198 01b9 00       		.ascii	"\000"
 1199 01ba 00000000 		.ascii	"\000\000\000\000\000\000\000\000"
 1199      00000000 
 1200 01c2 FD000000 		.ascii	"\375\000\000\000"
 1201 01c6 5F5F7261 		.ascii	"__ram2_clear__\000"
 1201      6D325F63 
 1201      6C656172 
 1201      5F5F00
 1202 01d5 00       		.ascii	"\000"
 1203 01d6 02       		.ascii	"\002"
 1204 01d7 00       		.ascii	"\000"
 1205 01d8 00000000 		.ascii	"\000\000\000\000\000\000\000\000"
 1205      00000000 
 1206 01e0 FF000000 		.ascii	"\377\000\000\000"
 1207 01e4 5F5F7261 		.ascii	"__ram2_noinit__\000"
 1207      6D325F6E 
 1207      6F696E69 
 1207      745F5F00 
 1208 01f4 00       		.ascii	"\000"
 1209 01f5 02       		.ascii	"\002"
ARM GAS  C:\Users\zerog\AppData\Local\Temp\cclkzbrd.s 			page 46


 1210 01f6 00       		.ascii	"\000"
 1211 01f7 00000000 		.ascii	"\000\000\000\000\000\000\000\000"
 1211      00000000 
 1212 01ff 01010000 		.ascii	"\001\001\000\000"
 1213 0203 5F5F7261 		.ascii	"__ram3_init_text__\000"
 1213      6D335F69 
 1213      6E69745F 
 1213      74657874 
 1213      5F5F00
 1214 0216 00       		.ascii	"\000"
 1215 0217 02       		.ascii	"\002"
 1216 0218 00       		.ascii	"\000"
 1217 0219 00000000 		.ascii	"\000\000\000\000\000\000\000\000"
 1217      00000000 
 1218 0221 03010000 		.ascii	"\003\001\000\000"
 1219 0225 5F5F7261 		.ascii	"__ram3_init__\000"
 1219      6D335F69 
 1219      6E69745F 
 1219      5F00
 1220 0233 00       		.ascii	"\000"
 1221 0234 02       		.ascii	"\002"
 1222 0235 00       		.ascii	"\000"
 1223 0236 00000000 		.ascii	"\000\000\000\000\000\000\000\000"
 1223      00000000 
 1224 023e 05010000 		.ascii	"\005\001\000\000"
 1225 0242 5F5F7261 		.ascii	"__ram3_clear__\000"
 1225      6D335F63 
 1225      6C656172 
 1225      5F5F00
 1226 0251 00       		.ascii	"\000"
 1227 0252 02       		.ascii	"\002"
 1228 0253 00       		.ascii	"\000"
 1229 0254 00000000 		.ascii	"\000\000\000\000\000\000\000\000"
 1229      00000000 
 1230 025c 07010000 		.ascii	"\007\001\000\000"
 1231 0260 5F5F7261 		.ascii	"__ram3_noinit__\000"
 1231      6D335F6E 
 1231      6F696E69 
 1231      745F5F00 
 1232 0270 00       		.ascii	"\000"
 1233 0271 02       		.ascii	"\002"
 1234 0272 00       		.ascii	"\000"
 1235 0273 00000000 		.ascii	"\000\000\000\000\000\000\000\000"
 1235      00000000 
 1236 027b 09010000 		.ascii	"\011\001\000\000"
 1237 027f 5F5F7261 		.ascii	"__ram4_init_text__\000"
 1237      6D345F69 
 1237      6E69745F 
 1237      74657874 
 1237      5F5F00
 1238 0292 00       		.ascii	"\000"
 1239 0293 02       		.ascii	"\002"
 1240 0294 00       		.ascii	"\000"
 1241 0295 00000000 		.ascii	"\000\000\000\000\000\000\000\000"
 1241      00000000 
 1242 029d 0B010000 		.ascii	"\013\001\000\000"
 1243 02a1 5F5F7261 		.ascii	"__ram4_init__\000"
ARM GAS  C:\Users\zerog\AppData\Local\Temp\cclkzbrd.s 			page 47


 1243      6D345F69 
 1243      6E69745F 
 1243      5F00
 1244 02af 00       		.ascii	"\000"
 1245 02b0 02       		.ascii	"\002"
 1246 02b1 00       		.ascii	"\000"
 1247 02b2 00000000 		.ascii	"\000\000\000\000\000\000\000\000"
 1247      00000000 
 1248 02ba 0D010000 		.ascii	"\015\001\000\000"
 1249 02be 5F5F7261 		.ascii	"__ram4_clear__\000"
 1249      6D345F63 
 1249      6C656172 
 1249      5F5F00
 1250 02cd 00       		.ascii	"\000"
 1251 02ce 02       		.ascii	"\002"
 1252 02cf 00       		.ascii	"\000"
 1253 02d0 00000000 		.ascii	"\000\000\000\000\000\000\000\000"
 1253      00000000 
 1254 02d8 0F010000 		.ascii	"\017\001\000\000"
 1255 02dc 5F5F7261 		.ascii	"__ram4_noinit__\000"
 1255      6D345F6E 
 1255      6F696E69 
 1255      745F5F00 
 1256 02ec 00       		.ascii	"\000"
 1257 02ed 02       		.ascii	"\002"
 1258 02ee 00       		.ascii	"\000"
 1259 02ef 00000000 		.ascii	"\000\000\000\000\000\000\000\000"
 1259      00000000 
 1260 02f7 11010000 		.ascii	"\021\001\000\000"
 1261 02fb 5F5F7261 		.ascii	"__ram5_init_text__\000"
 1261      6D355F69 
 1261      6E69745F 
 1261      74657874 
 1261      5F5F00
 1262 030e 00       		.ascii	"\000"
 1263 030f 02       		.ascii	"\002"
 1264 0310 00       		.ascii	"\000"
 1265 0311 00000000 		.ascii	"\000\000\000\000\000\000\000\000"
 1265      00000000 
 1266 0319 13010000 		.ascii	"\023\001\000\000"
 1267 031d 5F5F7261 		.ascii	"__ram5_init__\000"
 1267      6D355F69 
 1267      6E69745F 
 1267      5F00
 1268 032b 00       		.ascii	"\000"
 1269 032c 02       		.ascii	"\002"
 1270 032d 00       		.ascii	"\000"
 1271 032e 00000000 		.ascii	"\000\000\000\000\000\000\000\000"
 1271      00000000 
 1272 0336 15010000 		.ascii	"\025\001\000\000"
 1273 033a 5F5F7261 		.ascii	"__ram5_clear__\000"
 1273      6D355F63 
 1273      6C656172 
 1273      5F5F00
 1274 0349 00       		.ascii	"\000"
 1275 034a 02       		.ascii	"\002"
 1276 034b 00       		.ascii	"\000"
ARM GAS  C:\Users\zerog\AppData\Local\Temp\cclkzbrd.s 			page 48


 1277 034c 00000000 		.ascii	"\000\000\000\000\000\000\000\000"
 1277      00000000 
 1278 0354 17010000 		.ascii	"\027\001\000\000"
 1279 0358 5F5F7261 		.ascii	"__ram5_noinit__\000"
 1279      6D355F6E 
 1279      6F696E69 
 1279      745F5F00 
 1280 0368 00       		.ascii	"\000"
 1281 0369 02       		.ascii	"\002"
 1282 036a 00       		.ascii	"\000"
 1283 036b 00000000 		.ascii	"\000\000\000\000\000\000\000\000"
 1283      00000000 
 1284 0373 19010000 		.ascii	"\031\001\000\000"
 1285 0377 5F5F7261 		.ascii	"__ram6_init_text__\000"
 1285      6D365F69 
 1285      6E69745F 
 1285      74657874 
 1285      5F5F00
 1286 038a 00       		.ascii	"\000"
 1287 038b 02       		.ascii	"\002"
 1288 038c 00       		.ascii	"\000"
 1289 038d 00000000 		.ascii	"\000\000\000\000\000\000\000\000"
 1289      00000000 
 1290 0395 1B010000 		.ascii	"\033\001\000\000"
 1291 0399 5F5F7261 		.ascii	"__ram6_init__\000"
 1291      6D365F69 
 1291      6E69745F 
 1291      5F00
 1292 03a7 00       		.ascii	"\000"
 1293 03a8 02       		.ascii	"\002"
 1294 03a9 00       		.ascii	"\000"
 1295 03aa 00000000 		.ascii	"\000\000\000\000\000\000\000\000"
 1295      00000000 
 1296 03b2 1D010000 		.ascii	"\035\001\000\000"
 1297 03b6 5F5F7261 		.ascii	"__ram6_clear__\000"
 1297      6D365F63 
 1297      6C656172 
 1297      5F5F00
 1298 03c5 00       		.ascii	"\000"
 1299 03c6 02       		.ascii	"\002"
 1300 03c7 00       		.ascii	"\000"
 1301 03c8 00000000 		.ascii	"\000\000\000\000\000\000\000\000"
 1301      00000000 
 1302 03d0 1F010000 		.ascii	"\037\001\000\000"
 1303 03d4 5F5F7261 		.ascii	"__ram6_noinit__\000"
 1303      6D365F6E 
 1303      6F696E69 
 1303      745F5F00 
 1304 03e4 00       		.ascii	"\000"
 1305 03e5 02       		.ascii	"\002"
 1306 03e6 00       		.ascii	"\000"
 1307 03e7 00000000 		.ascii	"\000\000\000\000\000\000\000\000"
 1307      00000000 
 1308 03ef 21010000 		.ascii	"!\001\000\000"
 1309 03f3 5F5F7261 		.ascii	"__ram7_init_text__\000"
 1309      6D375F69 
 1309      6E69745F 
ARM GAS  C:\Users\zerog\AppData\Local\Temp\cclkzbrd.s 			page 49


 1309      74657874 
 1309      5F5F00
 1310 0406 00       		.ascii	"\000"
 1311 0407 02       		.ascii	"\002"
 1312 0408 00       		.ascii	"\000"
 1313 0409 00000000 		.ascii	"\000\000\000\000\000\000\000\000"
 1313      00000000 
 1314 0411 23010000 		.ascii	"#\001\000\000"
 1315 0415 5F5F7261 		.ascii	"__ram7_init__\000"
 1315      6D375F69 
 1315      6E69745F 
 1315      5F00
 1316 0423 00       		.ascii	"\000"
 1317 0424 02       		.ascii	"\002"
 1318 0425 00       		.ascii	"\000"
 1319 0426 00000000 		.ascii	"\000\000\000\000\000\000\000\000"
 1319      00000000 
 1320 042e 25010000 		.ascii	"%\001\000\000"
 1321 0432 5F5F7261 		.ascii	"__ram7_clear__\000"
 1321      6D375F63 
 1321      6C656172 
 1321      5F5F00
 1322 0441 00       		.ascii	"\000"
 1323 0442 02       		.ascii	"\002"
 1324 0443 00       		.ascii	"\000"
 1325 0444 00000000 		.ascii	"\000\000\000\000\000\000\000\000"
 1325      00000000 
 1326 044c 27010000 		.ascii	"'\001\000\000"
 1327 0450 5F5F7261 		.ascii	"__ram7_noinit__\000"
 1327      6D375F6E 
 1327      6F696E69 
 1327      745F5F00 
 1328 0460 00       		.ascii	"\000"
 1329 0461 02       		.ascii	"\002"
 1330 0462 00       		.ascii	"\000"
 1331 0463 00000000 		.ascii	"\000\000\000\000\000\000\000\000"
 1331      00000000 
 1332 046b 29010000 		.ascii	")\001\000\000"
 1333              		.text
 1334              		.section	.gnu.lto_.ext_symtab.f06d1880,"e",%progbits
 1335 0000 01       		.ascii	"\001"
 1336 0001 01       		.ascii	"\001"
 1337 0002 00       		.ascii	"\000"
 1338 0003 01       		.ascii	"\001"
 1339 0004 00       		.ascii	"\000"
 1340 0005 01       		.ascii	"\001"
 1341 0006 00       		.ascii	"\000"
 1342 0007 01       		.ascii	"\001"
 1343 0008 00       		.ascii	"\000"
 1344 0009 01       		.ascii	"\001"
 1345 000a 00       		.ascii	"\000"
 1346 000b 02       		.ascii	"\002"
 1347 000c 01       		.ascii	"\001"
 1348 000d 02       		.ascii	"\002"
 1349 000e 01       		.ascii	"\001"
 1350 000f 02       		.ascii	"\002"
 1351 0010 01       		.ascii	"\001"
ARM GAS  C:\Users\zerog\AppData\Local\Temp\cclkzbrd.s 			page 50


 1352 0011 02       		.ascii	"\002"
 1353 0012 01       		.ascii	"\001"
 1354 0013 02       		.ascii	"\002"
 1355 0014 01       		.ascii	"\001"
 1356 0015 02       		.ascii	"\002"
 1357 0016 01       		.ascii	"\001"
 1358 0017 02       		.ascii	"\002"
 1359 0018 01       		.ascii	"\001"
 1360 0019 02       		.ascii	"\002"
 1361 001a 01       		.ascii	"\001"
 1362 001b 02       		.ascii	"\002"
 1363 001c 01       		.ascii	"\001"
 1364 001d 02       		.ascii	"\002"
 1365 001e 01       		.ascii	"\001"
 1366 001f 02       		.ascii	"\002"
 1367 0020 01       		.ascii	"\001"
 1368 0021 02       		.ascii	"\002"
 1369 0022 01       		.ascii	"\001"
 1370 0023 02       		.ascii	"\002"
 1371 0024 01       		.ascii	"\001"
 1372 0025 02       		.ascii	"\002"
 1373 0026 01       		.ascii	"\001"
 1374 0027 02       		.ascii	"\002"
 1375 0028 01       		.ascii	"\001"
 1376 0029 02       		.ascii	"\002"
 1377 002a 01       		.ascii	"\001"
 1378 002b 02       		.ascii	"\002"
 1379 002c 01       		.ascii	"\001"
 1380 002d 02       		.ascii	"\002"
 1381 002e 01       		.ascii	"\001"
 1382 002f 02       		.ascii	"\002"
 1383 0030 01       		.ascii	"\001"
 1384 0031 02       		.ascii	"\002"
 1385 0032 01       		.ascii	"\001"
 1386 0033 02       		.ascii	"\002"
 1387 0034 01       		.ascii	"\001"
 1388 0035 02       		.ascii	"\002"
 1389 0036 01       		.ascii	"\001"
 1390 0037 02       		.ascii	"\002"
 1391 0038 01       		.ascii	"\001"
 1392 0039 02       		.ascii	"\002"
 1393 003a 01       		.ascii	"\001"
 1394 003b 02       		.ascii	"\002"
 1395 003c 01       		.ascii	"\001"
 1396 003d 02       		.ascii	"\002"
 1397 003e 01       		.ascii	"\001"
 1398 003f 02       		.ascii	"\002"
 1399 0040 01       		.ascii	"\001"
 1400 0041 02       		.ascii	"\002"
 1401 0042 01       		.ascii	"\001"
 1402 0043 02       		.ascii	"\002"
 1403 0044 01       		.ascii	"\001"
 1404 0045 02       		.ascii	"\002"
 1405 0046 01       		.ascii	"\001"
 1406 0047 02       		.ascii	"\002"
 1407 0048 01       		.ascii	"\001"
 1408 0049 02       		.ascii	"\002"
ARM GAS  C:\Users\zerog\AppData\Local\Temp\cclkzbrd.s 			page 51


 1409 004a 01       		.ascii	"\001"
 1410              		.text
 1411              		.section	.gnu.lto_.opts,"e",%progbits
 1412 0000 272D666E 		.ascii	"'-fno-openmp' '-fno-openacc' '-fno-pie' '-fcf-prote"
 1412      6F2D6F70 
 1412      656E6D70 
 1412      2720272D 
 1412      666E6F2D 
 1413 0033 6374696F 		.ascii	"ction=none' '-g' '-mcpu=cortex-m4' '-mthumb' '-mflo"
 1413      6E3D6E6F 
 1413      6E652720 
 1413      272D6727 
 1413      20272D6D 
 1414 0066 61742D61 		.ascii	"at-abi=soft' '-mlibarch=armv7e-m' '-march=armv7e-m'"
 1414      62693D73 
 1414      6F667427 
 1414      20272D6D 
 1414      6C696261 
 1415 0099 20272D4F 		.ascii	" '-O2' '-fomit-frame-pointer' '-falign-functions=16"
 1415      32272027 
 1415      2D666F6D 
 1415      69742D66 
 1415      72616D65 
 1416 00cc 2720272D 		.ascii	"' '-ffunction-sections' '-fdata-sections' '-fno-com"
 1416      6666756E 
 1416      6374696F 
 1416      6E2D7365 
 1416      6374696F 
 1417 00ff 6D6F6E27 		.ascii	"mon' '-flto' '-Xassembler' '-alms=./build/lst/crt1."
 1417      20272D66 
 1417      6C746F27 
 1417      20272D58 
 1417      61737365 
 1418 0132 6C737427 		.ascii	"lst'\000"
 1418      00
 1419              		.text
 1420              		.comm	__gnu_lto_slim,1,1
 1421              		.ident	"GCC: (GNU Arm Embedded Toolchain 10.3-2021.07) 10.3.1 20210621 (release)"
ARM GAS  C:\Users\zerog\AppData\Local\Temp\cclkzbrd.s 			page 52


DEFINED SYMBOLS
                            *ABS*:00000000 crt1.c
C:\Users\zerog\AppData\Local\Temp\cclkzbrd.s:19     .gnu.debuglto_.debug_info:00000000 crt1.c.40f9f977
                            *COM*:00000001 __gnu_lto_slim

NO UNDEFINED SYMBOLS
