ARM GAS  C:\Users\ziemannt\AppData\Local\Temp\ccCdkGV8.s 			page 1


   1              		.cpu cortex-m4
   2              		.eabi_attribute 20, 1
   3              		.eabi_attribute 21, 1
   4              		.eabi_attribute 23, 3
   5              		.eabi_attribute 24, 1
   6              		.eabi_attribute 25, 1
   7              		.eabi_attribute 26, 1
   8              		.eabi_attribute 30, 2
   9              		.eabi_attribute 34, 1
  10              		.eabi_attribute 18, 4
  11              		.file	"hal.c"
  12              		.file 1 "../../chibios2111/os/hal/src/hal.c"
  13              		.file 2 "../../chibios2111/os/hal/osal/rt-nil/osal.h"
  14              		.section	.gnu.debuglto_.debug_info,"e",%progbits
  15              	.Ldebug_info0:
  16              		.hidden	hal.c.6e69a2f7
  17              		.weak	hal.c.6e69a2f7
  18              	hal.c.6e69a2f7:
  19 0000 86000000 		.4byte	0x86
  20 0004 0400     		.2byte	0x4
  21 0006 00000000 		.4byte	.Ldebug_abbrev0
  22 000a 04       		.byte	0x4
  23 000b 01       		.uleb128 0x1
  24 000c C7000000 		.4byte	.LASF12
  25 0010 0C       		.byte	0xc
  26 0011 7A000000 		.4byte	.LASF13
  27 0015 44000000 		.4byte	.LASF14
  28 0019 00000000 		.4byte	.Ldebug_line0
  29 001d 02       		.uleb128 0x2
  30 001e 04       		.byte	0x4
  31 001f 05       		.byte	0x5
  32 0020 696E7400 		.ascii	"int\000"
  33 0024 03       		.uleb128 0x3
  34 0025 04       		.byte	0x4
  35 0026 07       		.byte	0x7
  36 0027 0E000000 		.4byte	.LASF0
  37 002b 03       		.uleb128 0x3
  38 002c 08       		.byte	0x8
  39 002d 05       		.byte	0x5
  40 002e 00000000 		.4byte	.LASF1
  41 0032 03       		.uleb128 0x3
  42 0033 08       		.byte	0x8
  43 0034 04       		.byte	0x4
  44 0035 B4010000 		.4byte	.LASF2
  45 0039 03       		.uleb128 0x3
  46 003a 01       		.byte	0x1
  47 003b 06       		.byte	0x6
  48 003c 9F010000 		.4byte	.LASF3
  49 0040 03       		.uleb128 0x3
  50 0041 01       		.byte	0x1
  51 0042 08       		.byte	0x8
  52 0043 9D000000 		.4byte	.LASF4
  53 0047 03       		.uleb128 0x3
  54 0048 02       		.byte	0x2
  55 0049 05       		.byte	0x5
  56 004a C0010000 		.4byte	.LASF5
  57 004e 03       		.uleb128 0x3
ARM GAS  C:\Users\ziemannt\AppData\Local\Temp\ccCdkGV8.s 			page 2


  58 004f 02       		.byte	0x2
  59 0050 07       		.byte	0x7
  60 0051 8C010000 		.4byte	.LASF6
  61 0055 03       		.uleb128 0x3
  62 0056 04       		.byte	0x4
  63 0057 05       		.byte	0x5
  64 0058 B0000000 		.4byte	.LASF7
  65 005c 03       		.uleb128 0x3
  66 005d 04       		.byte	0x4
  67 005e 07       		.byte	0x7
  68 005f 1B000000 		.4byte	.LASF8
  69 0063 03       		.uleb128 0x3
  70 0064 08       		.byte	0x8
  71 0065 07       		.byte	0x7
  72 0066 2D000000 		.4byte	.LASF9
  73 006a 03       		.uleb128 0x3
  74 006b 01       		.byte	0x1
  75 006c 08       		.byte	0x8
  76 006d AB000000 		.4byte	.LASF10
  77 0071 03       		.uleb128 0x3
  78 0072 01       		.byte	0x1
  79 0073 02       		.byte	0x2
  80 0074 C1000000 		.4byte	.LASF11
  81 0078 04       		.uleb128 0x4
  82 0079 B9000000 		.4byte	.LASF15
  83 007d 01       		.byte	0x1
  84 007e 38       		.byte	0x38
  85 007f 06       		.byte	0x6
  86 0080 05       		.uleb128 0x5
  87 0081 AB010000 		.4byte	.LASF16
  88 0085 02       		.byte	0x2
  89 0086 1302     		.2byte	0x213
  90 0088 14       		.byte	0x14
  91 0089 00       		.byte	0
  92              		.section	.gnu.debuglto_.debug_abbrev,"e",%progbits
  93              	.Ldebug_abbrev0:
  94 0000 01       		.uleb128 0x1
  95 0001 11       		.uleb128 0x11
  96 0002 01       		.byte	0x1
  97 0003 25       		.uleb128 0x25
  98 0004 0E       		.uleb128 0xe
  99 0005 13       		.uleb128 0x13
 100 0006 0B       		.uleb128 0xb
 101 0007 03       		.uleb128 0x3
 102 0008 0E       		.uleb128 0xe
 103 0009 1B       		.uleb128 0x1b
 104 000a 0E       		.uleb128 0xe
 105 000b 10       		.uleb128 0x10
 106 000c 17       		.uleb128 0x17
 107 000d 00       		.byte	0
 108 000e 00       		.byte	0
 109 000f 02       		.uleb128 0x2
 110 0010 24       		.uleb128 0x24
 111 0011 00       		.byte	0
 112 0012 0B       		.uleb128 0xb
 113 0013 0B       		.uleb128 0xb
 114 0014 3E       		.uleb128 0x3e
ARM GAS  C:\Users\ziemannt\AppData\Local\Temp\ccCdkGV8.s 			page 3


 115 0015 0B       		.uleb128 0xb
 116 0016 03       		.uleb128 0x3
 117 0017 08       		.uleb128 0x8
 118 0018 00       		.byte	0
 119 0019 00       		.byte	0
 120 001a 03       		.uleb128 0x3
 121 001b 24       		.uleb128 0x24
 122 001c 00       		.byte	0
 123 001d 0B       		.uleb128 0xb
 124 001e 0B       		.uleb128 0xb
 125 001f 3E       		.uleb128 0x3e
 126 0020 0B       		.uleb128 0xb
 127 0021 03       		.uleb128 0x3
 128 0022 0E       		.uleb128 0xe
 129 0023 00       		.byte	0
 130 0024 00       		.byte	0
 131 0025 04       		.uleb128 0x4
 132 0026 2E       		.uleb128 0x2e
 133 0027 00       		.byte	0
 134 0028 3F       		.uleb128 0x3f
 135 0029 19       		.uleb128 0x19
 136 002a 03       		.uleb128 0x3
 137 002b 0E       		.uleb128 0xe
 138 002c 3A       		.uleb128 0x3a
 139 002d 0B       		.uleb128 0xb
 140 002e 3B       		.uleb128 0x3b
 141 002f 0B       		.uleb128 0xb
 142 0030 39       		.uleb128 0x39
 143 0031 0B       		.uleb128 0xb
 144 0032 27       		.uleb128 0x27
 145 0033 19       		.uleb128 0x19
 146 0034 00       		.byte	0
 147 0035 00       		.byte	0
 148 0036 05       		.uleb128 0x5
 149 0037 2E       		.uleb128 0x2e
 150 0038 00       		.byte	0
 151 0039 03       		.uleb128 0x3
 152 003a 0E       		.uleb128 0xe
 153 003b 3A       		.uleb128 0x3a
 154 003c 0B       		.uleb128 0xb
 155 003d 3B       		.uleb128 0x3b
 156 003e 05       		.uleb128 0x5
 157 003f 39       		.uleb128 0x39
 158 0040 0B       		.uleb128 0xb
 159 0041 27       		.uleb128 0x27
 160 0042 19       		.uleb128 0x19
 161 0043 00       		.byte	0
 162 0044 00       		.byte	0
 163 0045 00       		.byte	0
 164              		.section	.gnu.debuglto_.debug_line,"e",%progbits
 165              	.Ldebug_line0:
 166 0000 6F000000 		.4byte	.LELT0-.LSLT0
 167              	.LSLT0:
 168 0004 0400     		.2byte	0x4
 169 0006 69000000 		.4byte	.LELTP0-.LASLTP0
 170              	.LASLTP0:
 171 000a 01       		.byte	0x1
ARM GAS  C:\Users\ziemannt\AppData\Local\Temp\ccCdkGV8.s 			page 4


 172 000b 01       		.byte	0x1
 173 000c 01       		.byte	0x1
 174 000d F6       		.byte	0xf6
 175 000e F2       		.byte	0xf2
 176 000f 0D       		.byte	0xd
 177 0010 00       		.byte	0
 178 0011 01       		.byte	0x1
 179 0012 01       		.byte	0x1
 180 0013 01       		.byte	0x1
 181 0014 01       		.byte	0x1
 182 0015 00       		.byte	0
 183 0016 00       		.byte	0
 184 0017 00       		.byte	0
 185 0018 01       		.byte	0x1
 186 0019 00       		.byte	0
 187 001a 00       		.byte	0
 188 001b 01       		.byte	0x1
 189 001c 2E2E2F2E 		.ascii	"../../chibios2111/os/hal/osal/rt-nil"
 189      2E2F6368 
 189      6962696F 
 189      73323131 
 189      312F6F73 
 190 0040 00       		.byte	0
 191 0041 2E2E2F2E 		.ascii	"../../chibios2111/os/hal/src"
 191      2E2F6368 
 191      6962696F 
 191      73323131 
 191      312F6F73 
 192 005d 00       		.byte	0
 193 005e 00       		.byte	0
 194 005f 68616C2E 		.ascii	"hal.c\000"
 194      6300
 195 0065 02       		.uleb128 0x2
 196 0066 00       		.uleb128 0
 197 0067 00       		.uleb128 0
 198 0068 6F73616C 		.ascii	"osal.h\000"
 198      2E6800
 199 006f 01       		.uleb128 0x1
 200 0070 00       		.uleb128 0
 201 0071 00       		.uleb128 0
 202 0072 00       		.byte	0
 203              	.LELTP0:
 204              	.LELT0:
 205              		.section	.gnu.debuglto_.debug_str,"eMS",%progbits,1
 206              	.LASF1:
 207 0000 6C6F6E67 		.ascii	"long long int\000"
 207      206C6F6E 
 207      6720696E 
 207      7400
 208              	.LASF0:
 209 000e 756E7369 		.ascii	"unsigned int\000"
 209      676E6564 
 209      20696E74 
 209      00
 210              	.LASF8:
 211 001b 6C6F6E67 		.ascii	"long unsigned int\000"
 211      20756E73 
ARM GAS  C:\Users\ziemannt\AppData\Local\Temp\ccCdkGV8.s 			page 5


 211      69676E65 
 211      6420696E 
 211      7400
 212              	.LASF9:
 213 002d 6C6F6E67 		.ascii	"long long unsigned int\000"
 213      206C6F6E 
 213      6720756E 
 213      7369676E 
 213      65642069 
 214              	.LASF14:
 215 0044 433A5C43 		.ascii	"C:\\ChibiStudio\\workspace_user\\Software digital d"
 215      68696269 
 215      53747564 
 215      696F5C77 
 215      6F726B73 
 216 0074 72697665 		.ascii	"river\000"
 216      7200
 217              	.LASF13:
 218 007a 2E2E2F2E 		.ascii	"../../chibios2111/os/hal/src/hal.c\000"
 218      2E2F6368 
 218      6962696F 
 218      73323131 
 218      312F6F73 
 219              	.LASF4:
 220 009d 756E7369 		.ascii	"unsigned char\000"
 220      676E6564 
 220      20636861 
 220      7200
 221              	.LASF10:
 222 00ab 63686172 		.ascii	"char\000"
 222      00
 223              	.LASF7:
 224 00b0 6C6F6E67 		.ascii	"long int\000"
 224      20696E74 
 224      00
 225              	.LASF15:
 226 00b9 68616C49 		.ascii	"halInit\000"
 226      6E697400 
 227              	.LASF11:
 228 00c1 5F426F6F 		.ascii	"_Bool\000"
 228      6C00
 229              	.LASF12:
 230 00c7 474E5520 		.ascii	"GNU C17 10.3.1 20210621 (release) -mcpu=cortex-m4 -"
 230      43313720 
 230      31302E33 
 230      2E312032 
 230      30323130 
 231 00fa 6D746875 		.ascii	"mthumb -mfloat-abi=soft -march=armv7e-m -ggdb -O2 -"
 231      6D62202D 
 231      6D666C6F 
 231      61742D61 
 231      62693D73 
 232 012d 666F6D69 		.ascii	"fomit-frame-pointer -falign-functions=16 -ffunction"
 232      742D6672 
 232      616D652D 
 232      706F696E 
 232      74657220 
ARM GAS  C:\Users\ziemannt\AppData\Local\Temp\ccCdkGV8.s 			page 6


 233 0160 2D736563 		.ascii	"-sections -fdata-sections -fno-common -flto\000"
 233      74696F6E 
 233      73202D66 
 233      64617461 
 233      2D736563 
 234              	.LASF6:
 235 018c 73686F72 		.ascii	"short unsigned int\000"
 235      7420756E 
 235      7369676E 
 235      65642069 
 235      6E7400
 236              	.LASF3:
 237 019f 7369676E 		.ascii	"signed char\000"
 237      65642063 
 237      68617200 
 238              	.LASF16:
 239 01ab 6F73616C 		.ascii	"osalInit\000"
 239      496E6974 
 239      00
 240              	.LASF2:
 241 01b4 6C6F6E67 		.ascii	"long double\000"
 241      20646F75 
 241      626C6500 
 242              	.LASF5:
 243 01c0 73686F72 		.ascii	"short int\000"
 243      7420696E 
 243      7400
 244              		.text
 245              		.section	.gnu.lto_.profile.5f34846,"e",%progbits
 246 0000 789C6362 		.ascii	"x\234cb\000\001\000\000\022\000\003"
 246      00010000 
 246      120003
 247              		.text
 248              		.section	.gnu.lto_.icf.5f34846,"e",%progbits
 249 0000 789CE360 		.ascii	"x\234\343`@\000F\206\015\353\026<\342f\000\000\015~"
 249      40004686 
 249      0DEB163C 
 249      E2660000 
 249      0D7E
 250 0012 02F5     		.ascii	"\002\365"
 251              		.text
 252              		.section	.gnu.lto_.ipa_sra.5f34846,"e",%progbits
 253 0000 789C1367 		.ascii	"x\234\023g@\000F\020\302\204\000\003\315\000#"
 253      40004610 
 253      C2840003 
 253      CD0023
 254              		.text
 255              		.section	.gnu.lto_.inline.5f34846,"e",%progbits
 256 0000 789C8B62 		.ascii	"x\234\213b@\000F\006\006\236\206\206\206\017L\231\214"
 256      40004606 
 256      069E8686 
 256      860F4C99 
 256      8C
 257 0011 0C4C0C0C 		.ascii	"\014L\014\014\215@v\035\003\003\033\220j`Ja\002\011"
 257      8D40761D 
 257      03031B90 
 257      6A604A61 
ARM GAS  C:\Users\ziemannt\AppData\Local\Temp\ccCdkGV8.s 			page 7


 257      0209
 258 0023 31307231 		.ascii	"10r1\220A2\000\000y\005\010\230"
 258      90413200 
 258      00790508 
 258      98
 259              		.text
 260              		.section	.gnu.lto_.jmpfuncs.5f34846,"e",%progbits
 261 0000 789CE363 		.ascii	"x\234\343c@\000F\006d\000\000\001\224\000\020"
 261      40004606 
 261      64000001 
 261      940010
 262              		.text
 263              		.section	.gnu.lto_.pureconst.5f34846,"e",%progbits
 264 0000 789C6361 		.ascii	"x\234ca```d\230\301\002\000\001`\000\242"
 264      60606064 
 264      98C10200 
 264      016000A2 
 265              		.text
 266              		.section	.gnu.lto_.lto.5f34846,"e",%progbits
 267 0000 09000400 		.ascii	"\011\000\004\000\001\000\000\000"
 267      01000000 
 268              		.text
 269              		.section	.gnu.lto_halInit.353.5f34846,"e",%progbits
 270 0000 789C6B64 		.ascii	"x\234kdd`\350d``P\006bFf\006\306I\023\273\230\030\032"
 270      6460E864 
 270      60605006 
 270      62466606 
 270      C64913BB 
 271 0017 1A1A1CD8 		.ascii	"\032\032\034\330\231\030\033'vq2ne\004\363\030\031\352"
 271      99181B27 
 271      7671326E 
 271      6504F318 
 271      19EA
 272 0029 9918EB19 		.ascii	"\231\030\353\031'3k\002\271?\226\316\373\301\323*\261"
 272      27336B02 
 272      B93F96CE 
 272      FBC1D32A 
 272      B1
 273 003a 84998161 		.ascii	"\204\231\201a\036\020C\001\033\214\0074\222a\375%\326"
 273      1E104301 
 273      1B8C0734 
 273      9261FD25 
 273      D6
 274 004b 030D7FFE 		.ascii	"\003\015\177\376\36774<}\304\270O\225\233\201\241\237"
 274      F737343C 
 274      7DC4B84F 
 274      959B81A1 
 274      9F
 275 005c 19646E03 		.ascii	"\031dn\003\013c\303\001\006\206\011\314L\020N3\220\363"
 275      0B63C301 
 275      068609CC 
 275      4C104E33 
 275      90F3
 276 006e 8AB1E1D1 		.ascii	"\212\261\341\321w^\020\365\371k\357\265G\017\204 B\267"
 276      775E10F5 
 276      F96BEFB5 
 276      470F8420 
ARM GAS  C:\Users\ziemannt\AppData\Local\Temp\ccCdkGV8.s 			page 8


 276      42B7
 277 0080 1F7180E8 		.ascii	"\037q\200\350OO\037\277g\001:\203\341\003c\263\002C"
 277      4F4F1FBF 
 277      67013A83 
 277      E10363B3 
 277      0243
 278 0092 0B23D312 		.ascii	"\013#\323\022f\306y\314@;\22603\201\325MaC\225bBH\335"
 278      66C679CC 
 278      403B9630 
 278      3381D54D 
 278      61439562 
 279 00a9 43936246 		.ascii	"C\223bFH\355cG\225bAH]A\223bEH}C\223bCHM\342B\225bG"
 279      48ED6347 
 279      95624148 
 279      5D419362 
 279      45487D43 
 280 00c7 48DD4293 		.ascii	"H\335B\223\342@H\375@\223\342\204H}blz\360\327\013\034"
 280      E24048FD 
 280      4093E284 
 280      487D626C 
 280      7AF0D70B 
 281 00dc ACFDCC8C 		.ascii	"\254\375\314\214\220\240j:\000\342\2329[\3058gd&e\006"
 281      90A06A3A 
 281      00E29A39 
 281      5BC53867 
 281      64266506 
 282 00f0 9794A664 		.ascii	"\227\224\246d\346\307\224\347\027e\027\027$&\247\306"
 282      E6C794E7 
 282      17651717 
 282      2426A7C6 
 283 0100 9716A716 		.ascii	"\227\026\247\026\305\004\347\247\225\224'\026\245*\244"
 283      C504E7A7 
 283      95942716 
 283      A52AA4
 284 010f 64A66796 		.ascii	"d\246g\226$\346(\244\024e\226\245\0261(\353\351\351"
 284      24E628A4 
 284      146596A5 
 284      163128EB 
 284      E9E9
 285 0121 03513248 		.ascii	"\003Q2Hg~\261\221\241\241\241~~\261~Fb\216~qQ2\210\326"
 285      677EB191 
 285      A1A1A17E 
 285      7EB17E46 
 285      628E7E71 
 286 0139 4B66D0C1 		.ascii	"Kf\320\301\251&\277\030H\024\225\350\346eB\330z\031"
 286      A926BF18 
 286      481495E8 
 286      E66542D8 
 286      7A19
 287 014b 0C00AF63 		.ascii	"\014\000\257c\251e"
 287      A965
 288              		.text
 289              		.section	.gnu.lto_.symbol_nodes.5f34846,"e",%progbits
 290 0000 789C7590 		.ascii	"x\234u\220\313\025\3020\014\004W+\307N\240\010:E\241"
 290      CB15C230 
 290      0C04572B 
 290      C74EA008 
ARM GAS  C:\Users\ziemannt\AppData\Local\Temp\ccCdkGV8.s 			page 9


 290      3A45A1
 291 0013 8314912A 		.ascii	"\203\024\221*(\202\036\200\360m\202\330DW\3514ofO:\012"
 291      28821E80 
 291      F06D82D8 
 291      4457E934 
 291      6F664F3A 
 292 0028 005E6918 		.ascii	"\000^i\030\353%\231.\200\001\347\361$h\011\220/M~~\207"
 292      EB25992E 
 292      8001E7F1 
 292      24680990 
 292      2F4D7E7E 
 293 003d FF006DDC 		.ascii	"\377\000m\334\252|h\214\332\233\246Q{\321R\324\236\264"
 293      AA7C688C 
 293      DA9BA651 
 293      7BD152D4 
 293      9EB4
 294 004f 2E6A0F5A 		.ascii	".j\017Z\216\332B+Q\273\323\372\250\335hC\320\024\303"
 294      8EDA422B 
 294      51BBD3FA 
 294      A8DD6843 
 294      D014C3
 295 0062 F6965914 		.ascii	"\366\226Y\024\375\206K\305\3426+\262\333\212\235\333"
 295      FD864BC5 
 295      E2362BB2 
 295      DB8A9DDB 
 296 0072 A2486E2B 		.ascii	"\242Hn+\252\333\235\202n+\212\333=V\011\365\220{"
 296      AADB9D82 
 296      6E2B8ADB 
 296      3D5609F5 
 296      907B
 297              		.text
 298              		.section	.gnu.lto_.refs.5f34846,"e",%progbits
 299 0000 789C6364 		.ascii	"x\234cd\000\002\000\000\012\000\002"
 299      00020000 
 299      0A0002
 300              		.text
 301              		.section	.gnu.lto_.decls.5f34846,"e",%progbits
 302 0000 789C8D92 		.ascii	"x\234\215\222mh[U\030\307\317sn\232{{\315\226 )\373"
 302      6D685B55 
 302      18C7CF73 
 302      6E9A7B7B 
 302      CD962029 
 303 0015 2094D07D 		.ascii	" \224\320}0(K\310\355h\231\210\004*+cs-T\277H!\2449"
 303      30284BC8 
 303      ED689988 
 303      042A2B63 
 303      732D54BF 
 304 002d D972B15D 		.ascii	"\331r\261]B\222v\365\333\3011[\260v\245\323\256:\301"
 304      429276F5 
 304      DBC1315B 
 304      B076A5D3 
 304      AE3AC1
 305 0040 2808055F 		.ascii	"(\010\005_\0302\265\256\266[S\327\245\355:\235\023\025"
 305      1832B5AE 
 305      B65B53D7 
 305      A5ED3A9D 
 305      1315
ARM GAS  C:\Users\ziemannt\AppData\Local\Temp\ccCdkGV8.s 			page 10


 306 0052 9DC8D639 		.ascii	"\235\310\3269\203\233\260\017cN\255\324\347\234{s[_"
 306      839BB00F 
 306      634EADD4 
 306      E79C7B73 
 306      5B5F
 307 0064 8639C9F3 		.ascii	"\2069\311\363r\357\375\375\377\317\341\236;\350\"d\202"
 307      72EFFDFD 
 307      FFCFE19E 
 307      3BE82264 
 307      82
 308 0075 12522084 		.ascii	"\022R \204\254\341\302\226\\$\353K\307\370\004c\006"
 308      ACE1C296 
 308      5C24EB4B 
 308      C7F80463 
 308      06
 309 0086 E30C4611 		.ascii	"\343\014F\021\343S\214y\214\022\306\"\306y\214\013\344"
 309      E3538C79 
 309      8C12C622 
 309      C6798C0B 
 309      E4
 310 0097 DFEB5920 		.ascii	"\337\353Y D\301\232\262=\247\376\341y\301\326.\332^"
 310      44C19AB2 
 310      3DA7FEE1 
 310      79C1D62E 
 310      DA5E
 311 00a9 F3B677D1 		.ascii	"\363\266w\321\2365\363\037\236\307\025\372\366\312\324"
 311      9E35F31F 
 311      9EC715FA 
 311      F6CAD4
 312 00b8 F79E1F81 		.ascii	"\367\236\037\201\210\255\272\030\000|\323\204I'O+\304"
 312      88ADBA18 
 312      007CD384 
 312      49274F2B 
 312      C4
 313 00c9 CF29A76E 		.ascii	"\317)\247n\246P]\321\025\246\227\240>x[\211j4\350\325"
 313      A6505DD1 
 313      15A697A0 
 313      3E785B89 
 313      6A34E8D5 
 314 00dd B58939F0 		.ascii	"\265\2119\360\3515\032\245e\225\351\301\337\341\035"
 314      E9351AA5 
 314      6595E9C1 
 314      DFE11D
 315 00ec 5A7007A2 		.ascii	"Zp\007\242\334\305\206\352\312*\247#{\375\215Q\314e"
 315      DCC586EA 
 315      CA2AA723 
 315      7BFD8D51 
 315      CC65
 316 00fe B5040C55 		.ascii	"\265\004\014U\355.\315\207]Y\325o+\205\027\335l\231"
 316      ED2ECD87 
 316      5D59D56F 
 316      2B8517DD 
 316      6C99
 317 0110 0E3E0825 		.ascii	"\016>\010%\320\231\341\347\234G5\255\336[T\212\312N"
 317      D099E1E7 
 317      9C4735AD 
 317      DE5B548A 
ARM GAS  C:\Users\ziemannt\AppData\Local\Temp\ccCdkGV8.s 			page 11


 317      CA4E
 318 0122 4234EDC4 		.ascii	"B4\355\304{uzY\365\242E\220\005|,\340-A\015c\272?Hp"
 318      7B757A59 
 318      F5A24590 
 318      057C2CE0 
 318      2D410D63 
 319 013a 13CC30A2 		.ascii	"\023\3140\242TGg\227V\002C\001\217\301\257\334\330\242"
 319      54476797 
 319      56024301 
 319      8FC1AFDC 
 319      D8A2
 320 014c D7E8B5F5 		.ascii	"\327\350\265\365\201 !\214\354\244\350\253\254U\026"
 320      8120218C 
 320      ECA4E8AB 
 320      AC5516
 321 015b A83893AD 		.ascii	"\2508\223\255_\002\004ujPewY%\204\322\000!\334\245y"
 321      5F020475 
 321      6A506577 
 321      592584D2 
 321      0021DCA5 
 322 0170 3CC0B1D4 		.ascii	"<\300\261\324\306v\263vC'e\225\342#\277\0138\205u\245"
 322      C676B376 
 322      43276595 
 322      E223BF0B 
 322      388575A5 
 323 0184 EE260014 		.ascii	"\356&\000\024\210\365\023\011\354\004\342\022\254\023"
 323      88F51309 
 323      EC04E212 
 323      AC13
 324 0192 AF4C91F7 		.ascii	"\257L\221\367\361\225Z\012\"[\373\256S\354^\000\324"
 324      F1955A0A 
 324      225BFBAE 
 324      53EC5E00 
 324      D4
 325 01a3 F6A1F6C1 		.ascii	"\366\241\366\301\200\245\261\207\210\274\301\334A\300"
 325      80A5B187 
 325      88BCC1DC 
 325      41C0
 326 01b1 462A3E96 		.ascii	"F*>\226\306\006\034\255\335\212\031\022\246\0335R\367"
 326      C6061CAD 
 326      DD8A1912 
 326      A61B3552 
 326      F7
 327 01c2 B78DAF5B 		.ascii	"\267\215\257[\022\307\266\262%\002\225\317f\366\350"
 327      12C7B6B2 
 327      250295CF 
 327      66F6E8
 328 01d1 770335D7 		.ascii	"w\0035\327\361\265\361q?\324\215D\011(\017\020e+\011"
 328      F1B5F171 
 328      3FD48D44 
 328      09280F10 
 328      652B09
 329 01e4 73B98A09 		.ascii	"s\271\212\011\002\037Yp\333}\243\012\334\017\024\263"
 329      021F5970 
 329      DB7DA30A 
 329      DC0F14B3 
 330 01f4 1F7C281D 		.ascii	"\037|(\035\230\032^\322\267 t\223s?\244\340\024\300"
ARM GAS  C:\Users\ziemannt\AppData\Local\Temp\ccCdkGV8.s 			page 12


 330      981A5ED2 
 330      B7207493 
 330      733FA4E0 
 330      14C0
 331 0206 C762EA14 		.ascii	"\307b\352\024\016LK\363\261K\347\017{\033\306\307\371"
 331      0E4C4BF3 
 331      B14BE70F 
 331      7B1BC6C7 
 331      F9
 332 0217 DDB5E7BF 		.ascii	"\335\265\347\277~\256~\376\020\237\020_\011\022\360"
 332      7EAE7EFE 
 332      109F105F 
 332      0912F0
 333 0226 21C0A4F4 		.ascii	"!\300\244\364\305\216\300\007\000'\241\255_9\005Bv\255"
 333      C58EC007 
 333      0027A1AD 
 333      5F390542 
 333      76AD
 334 0238 3034A236 		.ascii	"04\2426\214s~wtx\370\220\3735^\244B2\355H\246eQnJzx"
 334      8C737E77 
 334      7478F890 
 334      FB355EA4 
 334      4232ED48 
 335 0253 F5874705 		.ascii	"\365\207G\005<y\371\310+\035\025\366\264\303\236\266"
 335      3C79F9C8 
 335      2B1D15F6 
 335      B4C39EB6 
 336 0263 D8012AD8 		.ascii	"\330\001*\330;\253\303\327A\3023\243\345\303j!(\330"
 336      3BABC3D7 
 336      41C233A3 
 336      E5C36A21 
 336      28D8
 337 0275 59879DB5 		.ascii	"Y\207\235\265\330\242dg~~\363K\271\213\311\223c\323"
 337      D8A26467 
 337      7E7EF34B 
 337      B98BC993 
 337      63D3
 338 0287 8D15E339 		.ascii	"\215\025\3439\007\236\263\340;\022\376\352\205_nP\011"
 338      079EB3E0 
 338      3B12FEEA 
 338      855F6E50 
 338      09
 339 0298 AF1E5B38 		.ascii	"\257\036[8b\033\237u\330\263\026\373\256\"\330\253o"
 339      621B9F75 
 339      D8B316FB 
 339      AE22D8AB 
 339      6F
 340 02a9 FDFAC626 		.ascii	"\375\372\306&\311~{|-R1>\347\300\347,\370\212\204/\015"
 340      C97E7B7C 
 340      2D52313E 
 340      E7C0E72C 
 340      F88A842F 
 341 02be AE2C2A12 		.ascii	"\256,*\022~\377\365W+;^p\330\005\213}\331%\330\227\256"
 341      7EFFF557 
 341      2B3B5E70 
 341      D8058B7D 
 341      D925D897 
ARM GAS  C:\Users\ziemannt\AppData\Local\Temp\ccCdkGV8.s 			page 13


 342 02d3 4D1FB5D8 		.ascii	"M\037\265\330\261\225\302\237Pq^r\350%\213\276*\351"
 342      B195C29F 
 342      50715E72 
 342      E8258BBE 
 342      2AE9
 343 02e5 63E5A12F 		.ascii	"c\345\241/6[\357\342\247[\277m\256\320\313\016\275,"
 343      365BEFE2 
 343      A75BBF6D 
 343      AED0CB0E 
 343      BD2C
 344 02f7 8B3C7497 		.ascii	"\213<t\227<\364\000\252\026/\237\370C\363\234\341\374"
 344      3CF400AA 
 344      162F9FF8 
 344      43F39CE1 
 344      FC
 345 0308 162F145D 		.ascii	"\026/\024]B\3609\300g\342\330/\012\\\2114\221\332x\266"
 345      42F039C0 
 345      67E2D82F 
 345      0A5C8934 
 345      91DA78B6 
 346 031c A7AF39B9 		.ascii	"\247\2579\271\255\207\350\211t6\237\354\337\326\263"
 346      AD87E889 
 346      74369FEC 
 346      DFD6B3
 347 032b 9DA8A978 		.ascii	"\235\250\251x\367\256\003f\276!\024\012\343?\2212\273"
 347      F7AE0366 
 347      BE21140A 
 347      E33F9132 
 347      BB
 348 033c CC74CE88 		.ascii	"\314t\316\210D\"\341t.\214\017\303\271lB\324PBk\335"
 348      4422E174 
 348      2E8C0FC3 
 348      B96C42D4 
 348      50426BDD 
 349 0350 FB54A025 		.ascii	"\373T\240%\322L\274\3622\324\224l\332\0217\3665\223"
 349      D24CBCF2 
 349      32D4946C 
 349      DA1137F6 
 349      3593
 350 0362 A696473A 		.ascii	"\246\226G:[\204\260#\337\313\314t\347\301t\366\231\\"
 350      5B84B023 
 350      DFCBCC74 
 350      E7C174F6 
 350      995C
 351 0374 269E48C6 		.ascii	"&\236H\306zs\311lgGz_\376`<\233\0140s\277\231\217w\007"
 351      7A73C96C 
 351      67477A5F 
 351      FE603C9B 
 351      0C3073BF 
 352 038c 58D6EC4B 		.ascii	"X\326\354Kf\311\326\377\037I\334\271\274\330\335C\367"
 352      66C9D6FF 
 352      1F49DCB9 
 352      BCD8DD43 
 352      F7
 353 039d 44CD0389 		.ascii	"D\315\003\211\356^\226\024},\227\017\245HmW:\236eB\344"
 353      EE5E9614 
 353      7D2C970F 
ARM GAS  C:\Users\ziemannt\AppData\Local\Temp\ccCdkGV8.s 			page 14


 353      A5486D57 
 353      3A9E6542 
 354 03b2 0B85656F 		.ascii	"\013\205eoe|\244\346X\257x`T\347\226\314\232Xzs]B\212"
 354      657CA4E6 
 354      58AF7860 
 354      54E796CC 
 354      9A587A73 
 355 03c9 45481FAE 		.ascii	"EH\037\256Jjkr\031ShB\325\215\313\230\261>C\312\314"
 355      4A6A6B72 
 355      19536842 
 355      D58DCB98 
 355      B13E43CA 
 356 03de 74F5A310 		.ascii	"t\365\243\020\026\232\375\231|\365\032\204Q\263)\226"
 356      169AFD99 
 356      7CF51A84 
 356      51B32996 
 357 03ee C1BEBB9B 		.ascii	"\301\276\273\233\305LT>vOe\006\277\225\\\270\343\311"
 357      C54C543E 
 357      764F6506 
 357      BF955CB8 
 357      E3C9
 358 0400 271A8DF0 		.ascii	"'\032\215\360\236=\217\207[\333w\265\365\031\322\310"
 358      9E3D8F87 
 358      5BDB77B5 
 358      F519D2C8 
 359 0410 3640334F 		.ascii	"6@3Oj\203\327\216\252\274dn\335\336\337\037N96\177\001"
 359      6A83D78E 
 359      AABC646E 
 359      DDDEDF1F 
 359      4E39367F 
 360 0425 B7A71E3A 		.ascii	"\267\247\036:"
 361              		.text
 362              		.section	.gnu.lto_.symtab.5f34846,"e",%progbits
 363 0000 68616C49 		.ascii	"halInit\000"
 363      6E697400 
 364 0008 00       		.ascii	"\000"
 365 0009 00       		.ascii	"\000"
 366 000a 00       		.ascii	"\000"
 367 000b 00000000 		.ascii	"\000\000\000\000\000\000\000\000"
 367      00000000 
 368 0013 BC000000 		.ascii	"\274\000\000\000"
 369 0017 7374496E 		.ascii	"stInit\000"
 369      697400
 370 001e 00       		.ascii	"\000"
 371 001f 02       		.ascii	"\002"
 372 0020 00       		.ascii	"\000"
 373 0021 00000000 		.ascii	"\000\000\000\000\000\000\000\000"
 373      00000000 
 374 0029 BE000000 		.ascii	"\276\000\000\000"
 375 002d 626F6172 		.ascii	"boardInit\000"
 375      64496E69 
 375      7400
 376 0037 00       		.ascii	"\000"
 377 0038 02       		.ascii	"\002"
 378 0039 00       		.ascii	"\000"
 379 003a 00000000 		.ascii	"\000\000\000\000\000\000\000\000"
 379      00000000 
ARM GAS  C:\Users\ziemannt\AppData\Local\Temp\ccCdkGV8.s 			page 15


 380 0042 C0000000 		.ascii	"\300\000\000\000"
 381 0046 73647549 		.ascii	"sduInit\000"
 381      6E697400 
 382 004e 00       		.ascii	"\000"
 383 004f 02       		.ascii	"\002"
 384 0050 00       		.ascii	"\000"
 385 0051 00000000 		.ascii	"\000\000\000\000\000\000\000\000"
 385      00000000 
 386 0059 C2000000 		.ascii	"\302\000\000\000"
 387 005d 75736249 		.ascii	"usbInit\000"
 387      6E697400 
 388 0065 00       		.ascii	"\000"
 389 0066 02       		.ascii	"\002"
 390 0067 00       		.ascii	"\000"
 391 0068 00000000 		.ascii	"\000\000\000\000\000\000\000\000"
 391      00000000 
 392 0070 C4000000 		.ascii	"\304\000\000\000"
 393 0074 73706949 		.ascii	"spiInit\000"
 393      6E697400 
 394 007c 00       		.ascii	"\000"
 395 007d 02       		.ascii	"\002"
 396 007e 00       		.ascii	"\000"
 397 007f 00000000 		.ascii	"\000\000\000\000\000\000\000\000"
 397      00000000 
 398 0087 C6000000 		.ascii	"\306\000\000\000"
 399 008b 73696F49 		.ascii	"sioInit\000"
 399      6E697400 
 400 0093 00       		.ascii	"\000"
 401 0094 02       		.ascii	"\002"
 402 0095 00       		.ascii	"\000"
 403 0096 00000000 		.ascii	"\000\000\000\000\000\000\000\000"
 403      00000000 
 404 009e C8000000 		.ascii	"\310\000\000\000"
 405 00a2 67707449 		.ascii	"gptInit\000"
 405      6E697400 
 406 00aa 00       		.ascii	"\000"
 407 00ab 02       		.ascii	"\002"
 408 00ac 00       		.ascii	"\000"
 409 00ad 00000000 		.ascii	"\000\000\000\000\000\000\000\000"
 409      00000000 
 410 00b5 CA000000 		.ascii	"\312\000\000\000"
 411 00b9 5F70616C 		.ascii	"_pal_lld_init\000"
 411      5F6C6C64 
 411      5F696E69 
 411      7400
 412 00c7 00       		.ascii	"\000"
 413 00c8 02       		.ascii	"\002"
 414 00c9 00       		.ascii	"\000"
 415 00ca 00000000 		.ascii	"\000\000\000\000\000\000\000\000"
 415      00000000 
 416 00d2 CC000000 		.ascii	"\314\000\000\000"
 417 00d6 68616C5F 		.ascii	"hal_lld_init\000"
 417      6C6C645F 
 417      696E6974 
 417      00
 418 00e3 00       		.ascii	"\000"
 419 00e4 02       		.ascii	"\002"
ARM GAS  C:\Users\ziemannt\AppData\Local\Temp\ccCdkGV8.s 			page 16


 420 00e5 00       		.ascii	"\000"
 421 00e6 00000000 		.ascii	"\000\000\000\000\000\000\000\000"
 421      00000000 
 422 00ee CE000000 		.ascii	"\316\000\000\000"
 423              		.text
 424              		.section	.gnu.lto_.ext_symtab.5f34846,"e",%progbits
 425 0000 01       		.ascii	"\001"
 426 0001 01       		.ascii	"\001"
 427 0002 00       		.ascii	"\000"
 428 0003 01       		.ascii	"\001"
 429 0004 00       		.ascii	"\000"
 430 0005 01       		.ascii	"\001"
 431 0006 00       		.ascii	"\000"
 432 0007 01       		.ascii	"\001"
 433 0008 00       		.ascii	"\000"
 434 0009 01       		.ascii	"\001"
 435 000a 00       		.ascii	"\000"
 436 000b 01       		.ascii	"\001"
 437 000c 00       		.ascii	"\000"
 438 000d 01       		.ascii	"\001"
 439 000e 00       		.ascii	"\000"
 440 000f 01       		.ascii	"\001"
 441 0010 00       		.ascii	"\000"
 442 0011 01       		.ascii	"\001"
 443 0012 00       		.ascii	"\000"
 444 0013 01       		.ascii	"\001"
 445 0014 00       		.ascii	"\000"
 446              		.text
 447              		.section	.gnu.lto_.opts,"e",%progbits
 448 0000 272D666E 		.ascii	"'-fno-openmp' '-fno-openacc' '-fno-pie' '-fcf-prote"
 448      6F2D6F70 
 448      656E6D70 
 448      2720272D 
 448      666E6F2D 
 449 0033 6374696F 		.ascii	"ction=none' '-g' '-mcpu=cortex-m4' '-mthumb' '-mflo"
 449      6E3D6E6F 
 449      6E652720 
 449      272D6727 
 449      20272D6D 
 450 0066 61742D61 		.ascii	"at-abi=soft' '-mlibarch=armv7e-m' '-march=armv7e-m'"
 450      62693D73 
 450      6F667427 
 450      20272D6D 
 450      6C696261 
 451 0099 20272D4F 		.ascii	" '-O2' '-fomit-frame-pointer' '-falign-functions=16"
 451      32272027 
 451      2D666F6D 
 451      69742D66 
 451      72616D65 
 452 00cc 2720272D 		.ascii	"' '-ffunction-sections' '-fdata-sections' '-fno-com"
 452      6666756E 
 452      6374696F 
 452      6E2D7365 
 452      6374696F 
 453 00ff 6D6F6E27 		.ascii	"mon' '-flto' '-Xassembler' '-alms=./build/lst/hal.l"
 453      20272D66 
 453      6C746F27 
ARM GAS  C:\Users\ziemannt\AppData\Local\Temp\ccCdkGV8.s 			page 17


 453      20272D58 
 453      61737365 
 454 0132 73742700 		.ascii	"st'\000"
 455              		.text
 456              		.comm	__gnu_lto_slim,1,1
 457              		.ident	"GCC: (GNU Arm Embedded Toolchain 10.3-2021.07) 10.3.1 20210621 (release)"
ARM GAS  C:\Users\ziemannt\AppData\Local\Temp\ccCdkGV8.s 			page 18


DEFINED SYMBOLS
                            *ABS*:00000000 hal.c
C:\Users\ziemannt\AppData\Local\Temp\ccCdkGV8.s:18     .gnu.debuglto_.debug_info:00000000 hal.c.6e69a2f7
                            *COM*:00000001 __gnu_lto_slim

NO UNDEFINED SYMBOLS
