ARM GAS  C:\Users\ziemannt\AppData\Local\Temp\cckiqtv9.s 			page 1


   1              		.cpu cortex-m4
   2              		.eabi_attribute 20, 1
   3              		.eabi_attribute 21, 1
   4              		.eabi_attribute 23, 3
   5              		.eabi_attribute 24, 1
   6              		.eabi_attribute 25, 1
   7              		.eabi_attribute 26, 1
   8              		.eabi_attribute 30, 2
   9              		.eabi_attribute 34, 1
  10              		.eabi_attribute 18, 4
  11              		.file	"hal_st.c"
  12              		.file 1 "c:\\chibistudio\\tools\\gnu tools arm embedded\\10.3 2021.07\\arm-none-eabi\\include\\mac
  13              		.file 2 "c:\\chibistudio\\tools\\gnu tools arm embedded\\10.3 2021.07\\arm-none-eabi\\include\\sys
  14              		.file 3 "../../chibios2111/os/rt/include/chtime.h"
  15              		.file 4 "../../chibios2111/os/hal/ports/STM32/LLD/TIMv1/stm32_tim.h"
  16              		.file 5 "../../chibios2111/os/hal/src/hal_st.c"
  17              		.file 6 "../../chibios2111/os/hal/ports/STM32/LLD/SYSTICKv1/hal_st_lld.h"
  18              		.section	.gnu.debuglto_.debug_info,"e",%progbits
  19              	.Ldebug_info0:
  20              		.hidden	hal_st.c.c55ba49c
  21              		.weak	hal_st.c.c55ba49c
  22              	hal_st.c.c55ba49c:
  23 0000 7D030000 		.4byte	0x37d
  24 0004 0400     		.2byte	0x4
  25 0006 00000000 		.4byte	.Ldebug_abbrev0
  26 000a 04       		.byte	0x4
  27 000b 01       		.uleb128 0x1
  28 000c D4000000 		.4byte	.LASF41
  29 0010 0C       		.byte	0xc
  30 0011 15020000 		.4byte	.LASF42
  31 0015 68020000 		.4byte	.LASF43
  32 0019 00000000 		.4byte	.Ldebug_line0
  33 001d 02       		.uleb128 0x2
  34 001e 04       		.byte	0x4
  35 001f 05       		.byte	0x5
  36 0020 696E7400 		.ascii	"int\000"
  37 0024 03       		.uleb128 0x3
  38 0025 04       		.byte	0x4
  39 0026 07       		.byte	0x7
  40 0027 D6010000 		.4byte	.LASF0
  41 002b 03       		.uleb128 0x3
  42 002c 08       		.byte	0x8
  43 002d 05       		.byte	0x5
  44 002e 07020000 		.4byte	.LASF1
  45 0032 03       		.uleb128 0x3
  46 0033 08       		.byte	0x8
  47 0034 04       		.byte	0x4
  48 0035 BB020000 		.4byte	.LASF2
  49 0039 03       		.uleb128 0x3
  50 003a 01       		.byte	0x1
  51 003b 06       		.byte	0x6
  52 003c C7020000 		.4byte	.LASF3
  53 0040 03       		.uleb128 0x3
  54 0041 01       		.byte	0x1
  55 0042 08       		.byte	0x8
  56 0043 99010000 		.4byte	.LASF4
  57 0047 03       		.uleb128 0x3
ARM GAS  C:\Users\ziemannt\AppData\Local\Temp\cckiqtv9.s 			page 2


  58 0048 02       		.byte	0x2
  59 0049 05       		.byte	0x5
  60 004a 3F000000 		.4byte	.LASF5
  61 004e 03       		.uleb128 0x3
  62 004f 02       		.byte	0x2
  63 0050 07       		.byte	0x7
  64 0051 2C000000 		.4byte	.LASF6
  65 0055 03       		.uleb128 0x3
  66 0056 04       		.byte	0x4
  67 0057 05       		.byte	0x5
  68 0058 A7020000 		.4byte	.LASF7
  69 005c 04       		.uleb128 0x4
  70 005d A7010000 		.4byte	.LASF10
  71 0061 01       		.byte	0x1
  72 0062 4F       		.byte	0x4f
  73 0063 19       		.byte	0x19
  74 0064 68000000 		.4byte	0x68
  75 0068 03       		.uleb128 0x3
  76 0069 04       		.byte	0x4
  77 006a 07       		.byte	0x7
  78 006b C2000000 		.4byte	.LASF8
  79 006f 03       		.uleb128 0x3
  80 0070 08       		.byte	0x8
  81 0071 07       		.byte	0x7
  82 0072 D9020000 		.4byte	.LASF9
  83 0076 04       		.uleb128 0x4
  84 0077 9E020000 		.4byte	.LASF11
  85 007b 02       		.byte	0x2
  86 007c 30       		.byte	0x30
  87 007d 14       		.byte	0x14
  88 007e 5C000000 		.4byte	0x5c
  89 0082 05       		.uleb128 0x5
  90 0083 76000000 		.4byte	0x76
  91 0087 03       		.uleb128 0x3
  92 0088 01       		.byte	0x1
  93 0089 08       		.byte	0x8
  94 008a E3010000 		.4byte	.LASF12
  95 008e 06       		.uleb128 0x6
  96 008f 87000000 		.4byte	0x87
  97 0093 04       		.uleb128 0x4
  98 0094 22000000 		.4byte	.LASF13
  99 0098 03       		.byte	0x3
 100 0099 6D       		.byte	0x6d
 101 009a 12       		.byte	0x12
 102 009b 76000000 		.4byte	0x76
 103 009f 07       		.uleb128 0x7
 104 00a0 82000000 		.4byte	0x82
 105 00a4 AF000000 		.4byte	0xaf
 106 00a8 08       		.uleb128 0x8
 107 00a9 24000000 		.4byte	0x24
 108 00ad 01       		.byte	0x1
 109 00ae 00       		.byte	0
 110 00af 05       		.uleb128 0x5
 111 00b0 9F000000 		.4byte	0x9f
 112 00b4 07       		.uleb128 0x7
 113 00b5 82000000 		.4byte	0x82
 114 00b9 C4000000 		.4byte	0xc4
ARM GAS  C:\Users\ziemannt\AppData\Local\Temp\cckiqtv9.s 			page 3


 115 00bd 08       		.uleb128 0x8
 116 00be 24000000 		.4byte	0x24
 117 00c2 03       		.byte	0x3
 118 00c3 00       		.byte	0
 119 00c4 05       		.uleb128 0x5
 120 00c5 B4000000 		.4byte	0xb4
 121 00c9 03       		.uleb128 0x3
 122 00ca 01       		.byte	0x1
 123 00cb 02       		.byte	0x2
 124 00cc D3020000 		.4byte	.LASF14
 125 00d0 09       		.uleb128 0x9
 126 00d1 E403     		.2byte	0x3e4
 127 00d3 04       		.byte	0x4
 128 00d4 F601     		.2byte	0x1f6
 129 00d6 09       		.byte	0x9
 130 00d7 48020000 		.4byte	0x248
 131 00db 0A       		.uleb128 0xa
 132 00dc 43523100 		.ascii	"CR1\000"
 133 00e0 04       		.byte	0x4
 134 00e1 F701     		.2byte	0x1f7
 135 00e3 19       		.byte	0x19
 136 00e4 82000000 		.4byte	0x82
 137 00e8 00       		.byte	0
 138 00e9 0A       		.uleb128 0xa
 139 00ea 43523200 		.ascii	"CR2\000"
 140 00ee 04       		.byte	0x4
 141 00ef F801     		.2byte	0x1f8
 142 00f1 19       		.byte	0x19
 143 00f2 82000000 		.4byte	0x82
 144 00f6 04       		.byte	0x4
 145 00f7 0B       		.uleb128 0xb
 146 00f8 51020000 		.4byte	.LASF15
 147 00fc 04       		.byte	0x4
 148 00fd F901     		.2byte	0x1f9
 149 00ff 19       		.byte	0x19
 150 0100 82000000 		.4byte	0x82
 151 0104 08       		.byte	0x8
 152 0105 0B       		.uleb128 0xb
 153 0106 88000000 		.4byte	.LASF16
 154 010a 04       		.byte	0x4
 155 010b FA01     		.2byte	0x1fa
 156 010d 19       		.byte	0x19
 157 010e 82000000 		.4byte	0x82
 158 0112 0C       		.byte	0xc
 159 0113 0A       		.uleb128 0xa
 160 0114 535200   		.ascii	"SR\000"
 161 0117 04       		.byte	0x4
 162 0118 FB01     		.2byte	0x1fb
 163 011a 19       		.byte	0x19
 164 011b 82000000 		.4byte	0x82
 165 011f 10       		.byte	0x10
 166 0120 0A       		.uleb128 0xa
 167 0121 45475200 		.ascii	"EGR\000"
 168 0125 04       		.byte	0x4
 169 0126 FC01     		.2byte	0x1fc
 170 0128 19       		.byte	0x19
 171 0129 82000000 		.4byte	0x82
ARM GAS  C:\Users\ziemannt\AppData\Local\Temp\cckiqtv9.s 			page 4


 172 012d 14       		.byte	0x14
 173 012e 0B       		.uleb128 0xb
 174 012f 56020000 		.4byte	.LASF17
 175 0133 04       		.byte	0x4
 176 0134 FD01     		.2byte	0x1fd
 177 0136 19       		.byte	0x19
 178 0137 82000000 		.4byte	0x82
 179 013b 18       		.byte	0x18
 180 013c 0B       		.uleb128 0xb
 181 013d 5C020000 		.4byte	.LASF18
 182 0141 04       		.byte	0x4
 183 0142 FE01     		.2byte	0x1fe
 184 0144 19       		.byte	0x19
 185 0145 82000000 		.4byte	0x82
 186 0149 1C       		.byte	0x1c
 187 014a 0B       		.uleb128 0xb
 188 014b 4C020000 		.4byte	.LASF19
 189 014f 04       		.byte	0x4
 190 0150 FF01     		.2byte	0x1ff
 191 0152 19       		.byte	0x19
 192 0153 82000000 		.4byte	0x82
 193 0157 20       		.byte	0x20
 194 0158 0A       		.uleb128 0xa
 195 0159 434E5400 		.ascii	"CNT\000"
 196 015d 04       		.byte	0x4
 197 015e 0002     		.2byte	0x200
 198 0160 19       		.byte	0x19
 199 0161 82000000 		.4byte	0x82
 200 0165 24       		.byte	0x24
 201 0166 0A       		.uleb128 0xa
 202 0167 50534300 		.ascii	"PSC\000"
 203 016b 04       		.byte	0x4
 204 016c 0102     		.2byte	0x201
 205 016e 19       		.byte	0x19
 206 016f 82000000 		.4byte	0x82
 207 0173 28       		.byte	0x28
 208 0174 0A       		.uleb128 0xa
 209 0175 41525200 		.ascii	"ARR\000"
 210 0179 04       		.byte	0x4
 211 017a 0202     		.2byte	0x202
 212 017c 19       		.byte	0x19
 213 017d 82000000 		.4byte	0x82
 214 0181 2C       		.byte	0x2c
 215 0182 0A       		.uleb128 0xa
 216 0183 52435200 		.ascii	"RCR\000"
 217 0187 04       		.byte	0x4
 218 0188 0302     		.2byte	0x203
 219 018a 19       		.byte	0x19
 220 018b 82000000 		.4byte	0x82
 221 018f 30       		.byte	0x30
 222 0190 0A       		.uleb128 0xa
 223 0191 43435200 		.ascii	"CCR\000"
 224 0195 04       		.byte	0x4
 225 0196 0402     		.2byte	0x204
 226 0198 19       		.byte	0x19
 227 0199 C4000000 		.4byte	0xc4
 228 019d 34       		.byte	0x34
ARM GAS  C:\Users\ziemannt\AppData\Local\Temp\cckiqtv9.s 			page 5


 229 019e 0B       		.uleb128 0xb
 230 019f 00000000 		.4byte	.LASF20
 231 01a3 04       		.byte	0x4
 232 01a4 0502     		.2byte	0x205
 233 01a6 19       		.byte	0x19
 234 01a7 82000000 		.4byte	0x82
 235 01ab 44       		.byte	0x44
 236 01ac 0B       		.uleb128 0xb
 237 01ad F0020000 		.4byte	.LASF21
 238 01b1 04       		.byte	0x4
 239 01b2 0702     		.2byte	0x207
 240 01b4 19       		.byte	0x19
 241 01b5 AF000000 		.4byte	0xaf
 242 01b9 48       		.byte	0x48
 243 01ba 0B       		.uleb128 0xb
 244 01bb 62020000 		.4byte	.LASF22
 245 01bf 04       		.byte	0x4
 246 01c0 0802     		.2byte	0x208
 247 01c2 19       		.byte	0x19
 248 01c3 82000000 		.4byte	0x82
 249 01c7 50       		.byte	0x50
 250 01c8 0B       		.uleb128 0xb
 251 01c9 FB010000 		.4byte	.LASF23
 252 01cd 04       		.byte	0x4
 253 01ce 0902     		.2byte	0x209
 254 01d0 19       		.byte	0x19
 255 01d1 82000000 		.4byte	0x82
 256 01d5 54       		.byte	0x54
 257 01d6 0A       		.uleb128 0xa
 258 01d7 45435200 		.ascii	"ECR\000"
 259 01db 04       		.byte	0x4
 260 01dc 0A02     		.2byte	0x20a
 261 01de 19       		.byte	0x19
 262 01df 82000000 		.4byte	0x82
 263 01e3 58       		.byte	0x58
 264 01e4 0B       		.uleb128 0xb
 265 01e5 E8010000 		.4byte	.LASF24
 266 01e9 04       		.byte	0x4
 267 01ea 0B02     		.2byte	0x20b
 268 01ec 19       		.byte	0x19
 269 01ed 82000000 		.4byte	0x82
 270 01f1 5C       		.byte	0x5c
 271 01f2 0A       		.uleb128 0xa
 272 01f3 41463100 		.ascii	"AF1\000"
 273 01f7 04       		.byte	0x4
 274 01f8 0C02     		.2byte	0x20c
 275 01fa 19       		.byte	0x19
 276 01fb 82000000 		.4byte	0x82
 277 01ff 60       		.byte	0x60
 278 0200 0A       		.uleb128 0xa
 279 0201 41463200 		.ascii	"AF2\000"
 280 0205 04       		.byte	0x4
 281 0206 0D02     		.2byte	0x20d
 282 0208 19       		.byte	0x19
 283 0209 82000000 		.4byte	0x82
 284 020d 64       		.byte	0x64
 285 020e 0A       		.uleb128 0xa
ARM GAS  C:\Users\ziemannt\AppData\Local\Temp\cckiqtv9.s 			page 6


 286 020f 4F5200   		.ascii	"OR\000"
 287 0212 04       		.byte	0x4
 288 0213 0E02     		.2byte	0x20e
 289 0215 19       		.byte	0x19
 290 0216 82000000 		.4byte	0x82
 291 021a 68       		.byte	0x68
 292 021b 0B       		.uleb128 0xb
 293 021c 7E000000 		.4byte	.LASF25
 294 0220 04       		.byte	0x4
 295 0221 0F02     		.2byte	0x20f
 296 0223 19       		.byte	0x19
 297 0224 58020000 		.4byte	0x258
 298 0228 6C       		.byte	0x6c
 299 0229 0C       		.uleb128 0xc
 300 022a 44435200 		.ascii	"DCR\000"
 301 022e 04       		.byte	0x4
 302 022f 1002     		.2byte	0x210
 303 0231 19       		.byte	0x19
 304 0232 82000000 		.4byte	0x82
 305 0236 DC03     		.2byte	0x3dc
 306 0238 0D       		.uleb128 0xd
 307 0239 B2010000 		.4byte	.LASF26
 308 023d 04       		.byte	0x4
 309 023e 1102     		.2byte	0x211
 310 0240 19       		.byte	0x19
 311 0241 82000000 		.4byte	0x82
 312 0245 E003     		.2byte	0x3e0
 313 0247 00       		.byte	0
 314 0248 07       		.uleb128 0x7
 315 0249 82000000 		.4byte	0x82
 316 024d 58020000 		.4byte	0x258
 317 0251 08       		.uleb128 0x8
 318 0252 24000000 		.4byte	0x24
 319 0256 DB       		.byte	0xdb
 320 0257 00       		.byte	0
 321 0258 05       		.uleb128 0x5
 322 0259 48020000 		.4byte	0x248
 323 025d 0E       		.uleb128 0xe
 324 025e 72000000 		.4byte	.LASF27
 325 0262 04       		.byte	0x4
 326 0263 1902     		.2byte	0x219
 327 0265 03       		.byte	0x3
 328 0266 D0000000 		.4byte	0xd0
 329 026a 0F       		.uleb128 0xf
 330 026b 05000000 		.4byte	.LASF32
 331 026f 05       		.byte	0x5
 332 0270 B3       		.byte	0xb3
 333 0271 06       		.byte	0x6
 334 0272 C9000000 		.4byte	0xc9
 335 0276 10       		.uleb128 0x10
 336 0277 F5020000 		.4byte	.LASF44
 337 027b 05       		.byte	0x5
 338 027c A3       		.byte	0xa3
 339 027d 0B       		.byte	0xb
 340 027e 93000000 		.4byte	0x93
 341 0282 90020000 		.4byte	0x290
 342 0286 11       		.uleb128 0x11
ARM GAS  C:\Users\ziemannt\AppData\Local\Temp\cckiqtv9.s 			page 7


 343 0287 8D000000 		.4byte	.LASF28
 344 028b A0020000 		.4byte	0x2a0
 345 028f 00       		.byte	0
 346 0290 07       		.uleb128 0x7
 347 0291 8E000000 		.4byte	0x8e
 348 0295 A0020000 		.4byte	0x2a0
 349 0299 08       		.uleb128 0x8
 350 029a 24000000 		.4byte	0x24
 351 029e 0A       		.byte	0xa
 352 029f 00       		.byte	0
 353 02a0 06       		.uleb128 0x6
 354 02a1 90020000 		.4byte	0x290
 355 02a5 12       		.uleb128 0x12
 356 02a6 B0020000 		.4byte	.LASF29
 357 02aa 05       		.byte	0x5
 358 02ab 93       		.byte	0x93
 359 02ac 06       		.byte	0x6
 360 02ad C7020000 		.4byte	0x2c7
 361 02b1 13       		.uleb128 0x13
 362 02b2 BA000000 		.4byte	.LASF31
 363 02b6 05       		.byte	0x5
 364 02b7 93       		.byte	0x93
 365 02b8 1B       		.byte	0x1b
 366 02b9 93000000 		.4byte	0x93
 367 02bd 11       		.uleb128 0x11
 368 02be 8D000000 		.4byte	.LASF28
 369 02c2 A0020000 		.4byte	0x2a0
 370 02c6 00       		.byte	0
 371 02c7 14       		.uleb128 0x14
 372 02c8 B7010000 		.4byte	.LASF34
 373 02cc 05       		.byte	0x5
 374 02cd 85       		.byte	0x85
 375 02ce 06       		.byte	0x6
 376 02cf 12       		.uleb128 0x12
 377 02d0 EE010000 		.4byte	.LASF30
 378 02d4 05       		.byte	0x5
 379 02d5 77       		.byte	0x77
 380 02d6 06       		.byte	0x6
 381 02d7 F1020000 		.4byte	0x2f1
 382 02db 13       		.uleb128 0x13
 383 02dc BA000000 		.4byte	.LASF31
 384 02e0 05       		.byte	0x5
 385 02e1 77       		.byte	0x77
 386 02e2 1D       		.byte	0x1d
 387 02e3 93000000 		.4byte	0x93
 388 02e7 11       		.uleb128 0x11
 389 02e8 8D000000 		.4byte	.LASF28
 390 02ec 01030000 		.4byte	0x301
 391 02f0 00       		.byte	0
 392 02f1 07       		.uleb128 0x7
 393 02f2 8E000000 		.4byte	0x8e
 394 02f6 01030000 		.4byte	0x301
 395 02fa 08       		.uleb128 0x8
 396 02fb 24000000 		.4byte	0x24
 397 02ff 0C       		.byte	0xc
 398 0300 00       		.byte	0
 399 0301 06       		.uleb128 0x6
ARM GAS  C:\Users\ziemannt\AppData\Local\Temp\cckiqtv9.s 			page 8


 400 0302 F1020000 		.4byte	0x2f1
 401 0306 0F       		.uleb128 0xf
 402 0307 15000000 		.4byte	.LASF33
 403 030b 05       		.byte	0x5
 404 030c 67       		.byte	0x67
 405 030d 0B       		.byte	0xb
 406 030e 93000000 		.4byte	0x93
 407 0312 14       		.uleb128 0x14
 408 0313 00020000 		.4byte	.LASF35
 409 0317 05       		.byte	0x5
 410 0318 45       		.byte	0x45
 411 0319 06       		.byte	0x6
 412 031a 15       		.uleb128 0x15
 413 031b 5B000000 		.4byte	.LASF36
 414 031f 06       		.byte	0x6
 415 0320 0003     		.2byte	0x300
 416 0322 14       		.byte	0x14
 417 0323 C9000000 		.4byte	0xc9
 418 0327 15       		.uleb128 0x15
 419 0328 3B020000 		.4byte	.LASF37
 420 032c 06       		.byte	0x6
 421 032d F202     		.2byte	0x2f2
 422 032f 19       		.byte	0x19
 423 0330 93000000 		.4byte	0x93
 424 0334 16       		.uleb128 0x16
 425 0335 A9000000 		.4byte	.LASF38
 426 0339 06       		.byte	0x6
 427 033a E602     		.2byte	0x2e6
 428 033c 14       		.byte	0x14
 429 033d 4F030000 		.4byte	0x34f
 430 0341 17       		.uleb128 0x17
 431 0342 BA000000 		.4byte	.LASF31
 432 0346 06       		.byte	0x6
 433 0347 E602     		.2byte	0x2e6
 434 0349 2F       		.byte	0x2f
 435 034a 93000000 		.4byte	0x93
 436 034e 00       		.byte	0
 437 034f 18       		.uleb128 0x18
 438 0350 49000000 		.4byte	.LASF45
 439 0354 06       		.byte	0x6
 440 0355 D602     		.2byte	0x2d6
 441 0357 14       		.byte	0x14
 442 0358 16       		.uleb128 0x16
 443 0359 96000000 		.4byte	.LASF39
 444 035d 06       		.byte	0x6
 445 035e C602     		.2byte	0x2c6
 446 0360 14       		.byte	0x14
 447 0361 73030000 		.4byte	0x373
 448 0365 17       		.uleb128 0x17
 449 0366 BA000000 		.4byte	.LASF31
 450 036a 06       		.byte	0x6
 451 036b C602     		.2byte	0x2c6
 452 036d 31       		.byte	0x31
 453 036e 93000000 		.4byte	0x93
 454 0372 00       		.byte	0
 455 0373 15       		.uleb128 0x15
 456 0374 C3010000 		.4byte	.LASF40
ARM GAS  C:\Users\ziemannt\AppData\Local\Temp\cckiqtv9.s 			page 9


 457 0378 06       		.byte	0x6
 458 0379 B802     		.2byte	0x2b8
 459 037b 19       		.byte	0x19
 460 037c 93000000 		.4byte	0x93
 461 0380 00       		.byte	0
 462              		.section	.gnu.debuglto_.debug_abbrev,"e",%progbits
 463              	.Ldebug_abbrev0:
 464 0000 01       		.uleb128 0x1
 465 0001 11       		.uleb128 0x11
 466 0002 01       		.byte	0x1
 467 0003 25       		.uleb128 0x25
 468 0004 0E       		.uleb128 0xe
 469 0005 13       		.uleb128 0x13
 470 0006 0B       		.uleb128 0xb
 471 0007 03       		.uleb128 0x3
 472 0008 0E       		.uleb128 0xe
 473 0009 1B       		.uleb128 0x1b
 474 000a 0E       		.uleb128 0xe
 475 000b 10       		.uleb128 0x10
 476 000c 17       		.uleb128 0x17
 477 000d 00       		.byte	0
 478 000e 00       		.byte	0
 479 000f 02       		.uleb128 0x2
 480 0010 24       		.uleb128 0x24
 481 0011 00       		.byte	0
 482 0012 0B       		.uleb128 0xb
 483 0013 0B       		.uleb128 0xb
 484 0014 3E       		.uleb128 0x3e
 485 0015 0B       		.uleb128 0xb
 486 0016 03       		.uleb128 0x3
 487 0017 08       		.uleb128 0x8
 488 0018 00       		.byte	0
 489 0019 00       		.byte	0
 490 001a 03       		.uleb128 0x3
 491 001b 24       		.uleb128 0x24
 492 001c 00       		.byte	0
 493 001d 0B       		.uleb128 0xb
 494 001e 0B       		.uleb128 0xb
 495 001f 3E       		.uleb128 0x3e
 496 0020 0B       		.uleb128 0xb
 497 0021 03       		.uleb128 0x3
 498 0022 0E       		.uleb128 0xe
 499 0023 00       		.byte	0
 500 0024 00       		.byte	0
 501 0025 04       		.uleb128 0x4
 502 0026 16       		.uleb128 0x16
 503 0027 00       		.byte	0
 504 0028 03       		.uleb128 0x3
 505 0029 0E       		.uleb128 0xe
 506 002a 3A       		.uleb128 0x3a
 507 002b 0B       		.uleb128 0xb
 508 002c 3B       		.uleb128 0x3b
 509 002d 0B       		.uleb128 0xb
 510 002e 39       		.uleb128 0x39
 511 002f 0B       		.uleb128 0xb
 512 0030 49       		.uleb128 0x49
 513 0031 13       		.uleb128 0x13
ARM GAS  C:\Users\ziemannt\AppData\Local\Temp\cckiqtv9.s 			page 10


 514 0032 00       		.byte	0
 515 0033 00       		.byte	0
 516 0034 05       		.uleb128 0x5
 517 0035 35       		.uleb128 0x35
 518 0036 00       		.byte	0
 519 0037 49       		.uleb128 0x49
 520 0038 13       		.uleb128 0x13
 521 0039 00       		.byte	0
 522 003a 00       		.byte	0
 523 003b 06       		.uleb128 0x6
 524 003c 26       		.uleb128 0x26
 525 003d 00       		.byte	0
 526 003e 49       		.uleb128 0x49
 527 003f 13       		.uleb128 0x13
 528 0040 00       		.byte	0
 529 0041 00       		.byte	0
 530 0042 07       		.uleb128 0x7
 531 0043 01       		.uleb128 0x1
 532 0044 01       		.byte	0x1
 533 0045 49       		.uleb128 0x49
 534 0046 13       		.uleb128 0x13
 535 0047 01       		.uleb128 0x1
 536 0048 13       		.uleb128 0x13
 537 0049 00       		.byte	0
 538 004a 00       		.byte	0
 539 004b 08       		.uleb128 0x8
 540 004c 21       		.uleb128 0x21
 541 004d 00       		.byte	0
 542 004e 49       		.uleb128 0x49
 543 004f 13       		.uleb128 0x13
 544 0050 2F       		.uleb128 0x2f
 545 0051 0B       		.uleb128 0xb
 546 0052 00       		.byte	0
 547 0053 00       		.byte	0
 548 0054 09       		.uleb128 0x9
 549 0055 13       		.uleb128 0x13
 550 0056 01       		.byte	0x1
 551 0057 0B       		.uleb128 0xb
 552 0058 05       		.uleb128 0x5
 553 0059 3A       		.uleb128 0x3a
 554 005a 0B       		.uleb128 0xb
 555 005b 3B       		.uleb128 0x3b
 556 005c 05       		.uleb128 0x5
 557 005d 39       		.uleb128 0x39
 558 005e 0B       		.uleb128 0xb
 559 005f 01       		.uleb128 0x1
 560 0060 13       		.uleb128 0x13
 561 0061 00       		.byte	0
 562 0062 00       		.byte	0
 563 0063 0A       		.uleb128 0xa
 564 0064 0D       		.uleb128 0xd
 565 0065 00       		.byte	0
 566 0066 03       		.uleb128 0x3
 567 0067 08       		.uleb128 0x8
 568 0068 3A       		.uleb128 0x3a
 569 0069 0B       		.uleb128 0xb
 570 006a 3B       		.uleb128 0x3b
ARM GAS  C:\Users\ziemannt\AppData\Local\Temp\cckiqtv9.s 			page 11


 571 006b 05       		.uleb128 0x5
 572 006c 39       		.uleb128 0x39
 573 006d 0B       		.uleb128 0xb
 574 006e 49       		.uleb128 0x49
 575 006f 13       		.uleb128 0x13
 576 0070 38       		.uleb128 0x38
 577 0071 0B       		.uleb128 0xb
 578 0072 00       		.byte	0
 579 0073 00       		.byte	0
 580 0074 0B       		.uleb128 0xb
 581 0075 0D       		.uleb128 0xd
 582 0076 00       		.byte	0
 583 0077 03       		.uleb128 0x3
 584 0078 0E       		.uleb128 0xe
 585 0079 3A       		.uleb128 0x3a
 586 007a 0B       		.uleb128 0xb
 587 007b 3B       		.uleb128 0x3b
 588 007c 05       		.uleb128 0x5
 589 007d 39       		.uleb128 0x39
 590 007e 0B       		.uleb128 0xb
 591 007f 49       		.uleb128 0x49
 592 0080 13       		.uleb128 0x13
 593 0081 38       		.uleb128 0x38
 594 0082 0B       		.uleb128 0xb
 595 0083 00       		.byte	0
 596 0084 00       		.byte	0
 597 0085 0C       		.uleb128 0xc
 598 0086 0D       		.uleb128 0xd
 599 0087 00       		.byte	0
 600 0088 03       		.uleb128 0x3
 601 0089 08       		.uleb128 0x8
 602 008a 3A       		.uleb128 0x3a
 603 008b 0B       		.uleb128 0xb
 604 008c 3B       		.uleb128 0x3b
 605 008d 05       		.uleb128 0x5
 606 008e 39       		.uleb128 0x39
 607 008f 0B       		.uleb128 0xb
 608 0090 49       		.uleb128 0x49
 609 0091 13       		.uleb128 0x13
 610 0092 38       		.uleb128 0x38
 611 0093 05       		.uleb128 0x5
 612 0094 00       		.byte	0
 613 0095 00       		.byte	0
 614 0096 0D       		.uleb128 0xd
 615 0097 0D       		.uleb128 0xd
 616 0098 00       		.byte	0
 617 0099 03       		.uleb128 0x3
 618 009a 0E       		.uleb128 0xe
 619 009b 3A       		.uleb128 0x3a
 620 009c 0B       		.uleb128 0xb
 621 009d 3B       		.uleb128 0x3b
 622 009e 05       		.uleb128 0x5
 623 009f 39       		.uleb128 0x39
 624 00a0 0B       		.uleb128 0xb
 625 00a1 49       		.uleb128 0x49
 626 00a2 13       		.uleb128 0x13
 627 00a3 38       		.uleb128 0x38
ARM GAS  C:\Users\ziemannt\AppData\Local\Temp\cckiqtv9.s 			page 12


 628 00a4 05       		.uleb128 0x5
 629 00a5 00       		.byte	0
 630 00a6 00       		.byte	0
 631 00a7 0E       		.uleb128 0xe
 632 00a8 16       		.uleb128 0x16
 633 00a9 00       		.byte	0
 634 00aa 03       		.uleb128 0x3
 635 00ab 0E       		.uleb128 0xe
 636 00ac 3A       		.uleb128 0x3a
 637 00ad 0B       		.uleb128 0xb
 638 00ae 3B       		.uleb128 0x3b
 639 00af 05       		.uleb128 0x5
 640 00b0 39       		.uleb128 0x39
 641 00b1 0B       		.uleb128 0xb
 642 00b2 49       		.uleb128 0x49
 643 00b3 13       		.uleb128 0x13
 644 00b4 00       		.byte	0
 645 00b5 00       		.byte	0
 646 00b6 0F       		.uleb128 0xf
 647 00b7 2E       		.uleb128 0x2e
 648 00b8 00       		.byte	0
 649 00b9 3F       		.uleb128 0x3f
 650 00ba 19       		.uleb128 0x19
 651 00bb 03       		.uleb128 0x3
 652 00bc 0E       		.uleb128 0xe
 653 00bd 3A       		.uleb128 0x3a
 654 00be 0B       		.uleb128 0xb
 655 00bf 3B       		.uleb128 0x3b
 656 00c0 0B       		.uleb128 0xb
 657 00c1 39       		.uleb128 0x39
 658 00c2 0B       		.uleb128 0xb
 659 00c3 27       		.uleb128 0x27
 660 00c4 19       		.uleb128 0x19
 661 00c5 49       		.uleb128 0x49
 662 00c6 13       		.uleb128 0x13
 663 00c7 00       		.byte	0
 664 00c8 00       		.byte	0
 665 00c9 10       		.uleb128 0x10
 666 00ca 2E       		.uleb128 0x2e
 667 00cb 01       		.byte	0x1
 668 00cc 3F       		.uleb128 0x3f
 669 00cd 19       		.uleb128 0x19
 670 00ce 03       		.uleb128 0x3
 671 00cf 0E       		.uleb128 0xe
 672 00d0 3A       		.uleb128 0x3a
 673 00d1 0B       		.uleb128 0xb
 674 00d2 3B       		.uleb128 0x3b
 675 00d3 0B       		.uleb128 0xb
 676 00d4 39       		.uleb128 0x39
 677 00d5 0B       		.uleb128 0xb
 678 00d6 27       		.uleb128 0x27
 679 00d7 19       		.uleb128 0x19
 680 00d8 49       		.uleb128 0x49
 681 00d9 13       		.uleb128 0x13
 682 00da 01       		.uleb128 0x1
 683 00db 13       		.uleb128 0x13
 684 00dc 00       		.byte	0
ARM GAS  C:\Users\ziemannt\AppData\Local\Temp\cckiqtv9.s 			page 13


 685 00dd 00       		.byte	0
 686 00de 11       		.uleb128 0x11
 687 00df 34       		.uleb128 0x34
 688 00e0 00       		.byte	0
 689 00e1 03       		.uleb128 0x3
 690 00e2 0E       		.uleb128 0xe
 691 00e3 49       		.uleb128 0x49
 692 00e4 13       		.uleb128 0x13
 693 00e5 34       		.uleb128 0x34
 694 00e6 19       		.uleb128 0x19
 695 00e7 00       		.byte	0
 696 00e8 00       		.byte	0
 697 00e9 12       		.uleb128 0x12
 698 00ea 2E       		.uleb128 0x2e
 699 00eb 01       		.byte	0x1
 700 00ec 3F       		.uleb128 0x3f
 701 00ed 19       		.uleb128 0x19
 702 00ee 03       		.uleb128 0x3
 703 00ef 0E       		.uleb128 0xe
 704 00f0 3A       		.uleb128 0x3a
 705 00f1 0B       		.uleb128 0xb
 706 00f2 3B       		.uleb128 0x3b
 707 00f3 0B       		.uleb128 0xb
 708 00f4 39       		.uleb128 0x39
 709 00f5 0B       		.uleb128 0xb
 710 00f6 27       		.uleb128 0x27
 711 00f7 19       		.uleb128 0x19
 712 00f8 01       		.uleb128 0x1
 713 00f9 13       		.uleb128 0x13
 714 00fa 00       		.byte	0
 715 00fb 00       		.byte	0
 716 00fc 13       		.uleb128 0x13
 717 00fd 05       		.uleb128 0x5
 718 00fe 00       		.byte	0
 719 00ff 03       		.uleb128 0x3
 720 0100 0E       		.uleb128 0xe
 721 0101 3A       		.uleb128 0x3a
 722 0102 0B       		.uleb128 0xb
 723 0103 3B       		.uleb128 0x3b
 724 0104 0B       		.uleb128 0xb
 725 0105 39       		.uleb128 0x39
 726 0106 0B       		.uleb128 0xb
 727 0107 49       		.uleb128 0x49
 728 0108 13       		.uleb128 0x13
 729 0109 00       		.byte	0
 730 010a 00       		.byte	0
 731 010b 14       		.uleb128 0x14
 732 010c 2E       		.uleb128 0x2e
 733 010d 00       		.byte	0
 734 010e 3F       		.uleb128 0x3f
 735 010f 19       		.uleb128 0x19
 736 0110 03       		.uleb128 0x3
 737 0111 0E       		.uleb128 0xe
 738 0112 3A       		.uleb128 0x3a
 739 0113 0B       		.uleb128 0xb
 740 0114 3B       		.uleb128 0x3b
 741 0115 0B       		.uleb128 0xb
ARM GAS  C:\Users\ziemannt\AppData\Local\Temp\cckiqtv9.s 			page 14


 742 0116 39       		.uleb128 0x39
 743 0117 0B       		.uleb128 0xb
 744 0118 27       		.uleb128 0x27
 745 0119 19       		.uleb128 0x19
 746 011a 00       		.byte	0
 747 011b 00       		.byte	0
 748 011c 15       		.uleb128 0x15
 749 011d 2E       		.uleb128 0x2e
 750 011e 00       		.byte	0
 751 011f 03       		.uleb128 0x3
 752 0120 0E       		.uleb128 0xe
 753 0121 3A       		.uleb128 0x3a
 754 0122 0B       		.uleb128 0xb
 755 0123 3B       		.uleb128 0x3b
 756 0124 05       		.uleb128 0x5
 757 0125 39       		.uleb128 0x39
 758 0126 0B       		.uleb128 0xb
 759 0127 27       		.uleb128 0x27
 760 0128 19       		.uleb128 0x19
 761 0129 49       		.uleb128 0x49
 762 012a 13       		.uleb128 0x13
 763 012b 00       		.byte	0
 764 012c 00       		.byte	0
 765 012d 16       		.uleb128 0x16
 766 012e 2E       		.uleb128 0x2e
 767 012f 01       		.byte	0x1
 768 0130 03       		.uleb128 0x3
 769 0131 0E       		.uleb128 0xe
 770 0132 3A       		.uleb128 0x3a
 771 0133 0B       		.uleb128 0xb
 772 0134 3B       		.uleb128 0x3b
 773 0135 05       		.uleb128 0x5
 774 0136 39       		.uleb128 0x39
 775 0137 0B       		.uleb128 0xb
 776 0138 27       		.uleb128 0x27
 777 0139 19       		.uleb128 0x19
 778 013a 01       		.uleb128 0x1
 779 013b 13       		.uleb128 0x13
 780 013c 00       		.byte	0
 781 013d 00       		.byte	0
 782 013e 17       		.uleb128 0x17
 783 013f 05       		.uleb128 0x5
 784 0140 00       		.byte	0
 785 0141 03       		.uleb128 0x3
 786 0142 0E       		.uleb128 0xe
 787 0143 3A       		.uleb128 0x3a
 788 0144 0B       		.uleb128 0xb
 789 0145 3B       		.uleb128 0x3b
 790 0146 05       		.uleb128 0x5
 791 0147 39       		.uleb128 0x39
 792 0148 0B       		.uleb128 0xb
 793 0149 49       		.uleb128 0x49
 794 014a 13       		.uleb128 0x13
 795 014b 00       		.byte	0
 796 014c 00       		.byte	0
 797 014d 18       		.uleb128 0x18
 798 014e 2E       		.uleb128 0x2e
ARM GAS  C:\Users\ziemannt\AppData\Local\Temp\cckiqtv9.s 			page 15


 799 014f 00       		.byte	0
 800 0150 03       		.uleb128 0x3
 801 0151 0E       		.uleb128 0xe
 802 0152 3A       		.uleb128 0x3a
 803 0153 0B       		.uleb128 0xb
 804 0154 3B       		.uleb128 0x3b
 805 0155 05       		.uleb128 0x5
 806 0156 39       		.uleb128 0x39
 807 0157 0B       		.uleb128 0xb
 808 0158 27       		.uleb128 0x27
 809 0159 19       		.uleb128 0x19
 810 015a 00       		.byte	0
 811 015b 00       		.byte	0
 812 015c 00       		.byte	0
 813              		.section	.gnu.debuglto_.debug_line,"e",%progbits
 814              	.Ldebug_line0:
 815 0000 BB010000 		.4byte	.LELT0-.LSLT0
 816              	.LSLT0:
 817 0004 0400     		.2byte	0x4
 818 0006 B5010000 		.4byte	.LELTP0-.LASLTP0
 819              	.LASLTP0:
 820 000a 01       		.byte	0x1
 821 000b 01       		.byte	0x1
 822 000c 01       		.byte	0x1
 823 000d F6       		.byte	0xf6
 824 000e F2       		.byte	0xf2
 825 000f 0D       		.byte	0xd
 826 0010 00       		.byte	0
 827 0011 01       		.byte	0x1
 828 0012 01       		.byte	0x1
 829 0013 01       		.byte	0x1
 830 0014 01       		.byte	0x1
 831 0015 00       		.byte	0
 832 0016 00       		.byte	0
 833 0017 00       		.byte	0
 834 0018 01       		.byte	0x1
 835 0019 00       		.byte	0
 836 001a 00       		.byte	0
 837 001b 01       		.byte	0x1
 838 001c 2E2E2F2E 		.ascii	"../../chibios2111/os/hal/ports/STM32/LLD/SYSTICKv1"
 838      2E2F6368 
 838      6962696F 
 838      73323131 
 838      312F6F73 
 839 004e 00       		.byte	0
 840 004f 2E2E2F2E 		.ascii	"../../chibios2111/os/hal/ports/STM32/LLD/TIMv1"
 840      2E2F6368 
 840      6962696F 
 840      73323131 
 840      312F6F73 
 841 007d 00       		.byte	0
 842 007e 2E2E2F2E 		.ascii	"../../chibios2111/os/hal/src"
 842      2E2F6368 
 842      6962696F 
 842      73323131 
 842      312F6F73 
 843 009a 00       		.byte	0
ARM GAS  C:\Users\ziemannt\AppData\Local\Temp\cckiqtv9.s 			page 16


 844 009b 2E2E2F2E 		.ascii	"../../chibios2111/os/rt/include"
 844      2E2F6368 
 844      6962696F 
 844      73323131 
 844      312F6F73 
 845 00ba 00       		.byte	0
 846 00bb 633A5C63 		.ascii	"c:\\chibistudio\\tools\\gnu tools arm embedded\\10."
 846      68696269 
 846      73747564 
 846      696F5C74 
 846      6F6F6C73 
 847 00ea 33203230 		.ascii	"3 2021.07\\arm-none-eabi\\include\\machine"
 847      32312E30 
 847      375C6172 
 847      6D2D6E6F 
 847      6E652D65 
 848 0111 00       		.byte	0
 849 0112 633A5C63 		.ascii	"c:\\chibistudio\\tools\\gnu tools arm embedded\\10."
 849      68696269 
 849      73747564 
 849      696F5C74 
 849      6F6F6C73 
 850 0141 33203230 		.ascii	"3 2021.07\\arm-none-eabi\\include\\sys"
 850      32312E30 
 850      375C6172 
 850      6D2D6E6F 
 850      6E652D65 
 851 0164 00       		.byte	0
 852 0165 00       		.byte	0
 853 0166 5F646566 		.ascii	"_default_types.h\000"
 853      61756C74 
 853      5F747970 
 853      65732E68 
 853      00
 854 0177 05       		.uleb128 0x5
 855 0178 00       		.uleb128 0
 856 0179 00       		.uleb128 0
 857 017a 5F737464 		.ascii	"_stdint.h\000"
 857      696E742E 
 857      6800
 858 0184 06       		.uleb128 0x6
 859 0185 00       		.uleb128 0
 860 0186 00       		.uleb128 0
 861 0187 63687469 		.ascii	"chtime.h\000"
 861      6D652E68 
 861      00
 862 0190 04       		.uleb128 0x4
 863 0191 00       		.uleb128 0
 864 0192 00       		.uleb128 0
 865 0193 73746D33 		.ascii	"stm32_tim.h\000"
 865      325F7469 
 865      6D2E6800 
 866 019f 02       		.uleb128 0x2
 867 01a0 00       		.uleb128 0
 868 01a1 00       		.uleb128 0
 869 01a2 68616C5F 		.ascii	"hal_st.c\000"
 869      73742E63 
ARM GAS  C:\Users\ziemannt\AppData\Local\Temp\cckiqtv9.s 			page 17


 869      00
 870 01ab 03       		.uleb128 0x3
 871 01ac 00       		.uleb128 0
 872 01ad 00       		.uleb128 0
 873 01ae 68616C5F 		.ascii	"hal_st_lld.h\000"
 873      73745F6C 
 873      6C642E68 
 873      00
 874 01bb 01       		.uleb128 0x1
 875 01bc 00       		.uleb128 0
 876 01bd 00       		.uleb128 0
 877 01be 00       		.byte	0
 878              	.LELTP0:
 879              	.LELT0:
 880              		.section	.gnu.debuglto_.debug_str,"eMS",%progbits,1
 881              	.LASF20:
 882 0000 42445452 		.ascii	"BDTR\000"
 882      00
 883              	.LASF32:
 884 0005 73744973 		.ascii	"stIsAlarmActive\000"
 884      416C6172 
 884      6D416374 
 884      69766500 
 885              	.LASF33:
 886 0015 73744765 		.ascii	"stGetCounter\000"
 886      74436F75 
 886      6E746572 
 886      00
 887              	.LASF13:
 888 0022 73797374 		.ascii	"systime_t\000"
 888      696D655F 
 888      7400
 889              	.LASF6:
 890 002c 73686F72 		.ascii	"short unsigned int\000"
 890      7420756E 
 890      7369676E 
 890      65642069 
 890      6E7400
 891              	.LASF5:
 892 003f 73686F72 		.ascii	"short int\000"
 892      7420696E 
 892      7400
 893              	.LASF45:
 894 0049 73745F6C 		.ascii	"st_lld_stop_alarm\000"
 894      6C645F73 
 894      746F705F 
 894      616C6172 
 894      6D00
 895              	.LASF36:
 896 005b 73745F6C 		.ascii	"st_lld_is_alarm_active\000"
 896      6C645F69 
 896      735F616C 
 896      61726D5F 
 896      61637469 
 897              	.LASF27:
 898 0072 73746D33 		.ascii	"stm32_tim_t\000"
 898      325F7469 
ARM GAS  C:\Users\ziemannt\AppData\Local\Temp\cckiqtv9.s 			page 18


 898      6D5F7400 
 899              	.LASF25:
 900 007e 52455345 		.ascii	"RESERVED0\000"
 900      52564544 
 900      3000
 901              	.LASF16:
 902 0088 44494552 		.ascii	"DIER\000"
 902      00
 903              	.LASF28:
 904 008d 5F5F6675 		.ascii	"__func__\000"
 904      6E635F5F 
 904      00
 905              	.LASF39:
 906 0096 73745F6C 		.ascii	"st_lld_start_alarm\000"
 906      6C645F73 
 906      74617274 
 906      5F616C61 
 906      726D00
 907              	.LASF38:
 908 00a9 73745F6C 		.ascii	"st_lld_set_alarm\000"
 908      6C645F73 
 908      65745F61 
 908      6C61726D 
 908      00
 909              	.LASF31:
 910 00ba 61627374 		.ascii	"abstime\000"
 910      696D6500 
 911              	.LASF8:
 912 00c2 6C6F6E67 		.ascii	"long unsigned int\000"
 912      20756E73 
 912      69676E65 
 912      6420696E 
 912      7400
 913              	.LASF41:
 914 00d4 474E5520 		.ascii	"GNU C17 10.3.1 20210621 (release) -mcpu=cortex-m4 -"
 914      43313720 
 914      31302E33 
 914      2E312032 
 914      30323130 
 915 0107 6D746875 		.ascii	"mthumb -mfloat-abi=soft -march=armv7e-m -ggdb -O2 -"
 915      6D62202D 
 915      6D666C6F 
 915      61742D61 
 915      62693D73 
 916 013a 666F6D69 		.ascii	"fomit-frame-pointer -falign-functions=16 -ffunction"
 916      742D6672 
 916      616D652D 
 916      706F696E 
 916      74657220 
 917 016d 2D736563 		.ascii	"-sections -fdata-sections -fno-common -flto\000"
 917      74696F6E 
 917      73202D66 
 917      64617461 
 917      2D736563 
 918              	.LASF4:
 919 0199 756E7369 		.ascii	"unsigned char\000"
 919      676E6564 
ARM GAS  C:\Users\ziemannt\AppData\Local\Temp\cckiqtv9.s 			page 19


 919      20636861 
 919      7200
 920              	.LASF10:
 921 01a7 5F5F7569 		.ascii	"__uint32_t\000"
 921      6E743332 
 921      5F7400
 922              	.LASF26:
 923 01b2 444D4152 		.ascii	"DMAR\000"
 923      00
 924              	.LASF34:
 925 01b7 73745374 		.ascii	"stStopAlarm\000"
 925      6F70416C 
 925      61726D00 
 926              	.LASF40:
 927 01c3 73745F6C 		.ascii	"st_lld_get_counter\000"
 927      6C645F67 
 927      65745F63 
 927      6F756E74 
 927      657200
 928              	.LASF0:
 929 01d6 756E7369 		.ascii	"unsigned int\000"
 929      676E6564 
 929      20696E74 
 929      00
 930              	.LASF12:
 931 01e3 63686172 		.ascii	"char\000"
 931      00
 932              	.LASF24:
 933 01e8 54495345 		.ascii	"TISEL\000"
 933      4C00
 934              	.LASF30:
 935 01ee 73745374 		.ascii	"stStartAlarm\000"
 935      61727441 
 935      6C61726D 
 935      00
 936              	.LASF23:
 937 01fb 44545232 		.ascii	"DTR2\000"
 937      00
 938              	.LASF35:
 939 0200 7374496E 		.ascii	"stInit\000"
 939      697400
 940              	.LASF1:
 941 0207 6C6F6E67 		.ascii	"long long int\000"
 941      206C6F6E 
 941      6720696E 
 941      7400
 942              	.LASF42:
 943 0215 2E2E2F2E 		.ascii	"../../chibios2111/os/hal/src/hal_st.c\000"
 943      2E2F6368 
 943      6962696F 
 943      73323131 
 943      312F6F73 
 944              	.LASF37:
 945 023b 73745F6C 		.ascii	"st_lld_get_alarm\000"
 945      6C645F67 
 945      65745F61 
 945      6C61726D 
ARM GAS  C:\Users\ziemannt\AppData\Local\Temp\cckiqtv9.s 			page 20


 945      00
 946              	.LASF19:
 947 024c 43434552 		.ascii	"CCER\000"
 947      00
 948              	.LASF15:
 949 0251 534D4352 		.ascii	"SMCR\000"
 949      00
 950              	.LASF17:
 951 0256 43434D52 		.ascii	"CCMR1\000"
 951      3100
 952              	.LASF18:
 953 025c 43434D52 		.ascii	"CCMR2\000"
 953      3200
 954              	.LASF22:
 955 0262 43434D52 		.ascii	"CCMR3\000"
 955      3300
 956              	.LASF43:
 957 0268 433A5C43 		.ascii	"C:\\ChibiStudio\\workspace_user\\Software digital d"
 957      68696269 
 957      53747564 
 957      696F5C77 
 957      6F726B73 
 958 0298 72697665 		.ascii	"river\000"
 958      7200
 959              	.LASF11:
 960 029e 75696E74 		.ascii	"uint32_t\000"
 960      33325F74 
 960      00
 961              	.LASF7:
 962 02a7 6C6F6E67 		.ascii	"long int\000"
 962      20696E74 
 962      00
 963              	.LASF29:
 964 02b0 73745365 		.ascii	"stSetAlarm\000"
 964      74416C61 
 964      726D00
 965              	.LASF2:
 966 02bb 6C6F6E67 		.ascii	"long double\000"
 966      20646F75 
 966      626C6500 
 967              	.LASF3:
 968 02c7 7369676E 		.ascii	"signed char\000"
 968      65642063 
 968      68617200 
 969              	.LASF14:
 970 02d3 5F426F6F 		.ascii	"_Bool\000"
 970      6C00
 971              	.LASF9:
 972 02d9 6C6F6E67 		.ascii	"long long unsigned int\000"
 972      206C6F6E 
 972      6720756E 
 972      7369676E 
 972      65642069 
 973              	.LASF21:
 974 02f0 43435852 		.ascii	"CCXR\000"
 974      00
 975              	.LASF44:
ARM GAS  C:\Users\ziemannt\AppData\Local\Temp\cckiqtv9.s 			page 21


 976 02f5 73744765 		.ascii	"stGetAlarm\000"
 976      74416C61 
 976      726D00
 977              		.text
 978              		.section	.gnu.lto_.profile.5f34d37,"e",%progbits
 979 0000 789C6362 		.ascii	"x\234cb\000\001\000\000\022\000\003"
 979      00010000 
 979      120003
 980              		.text
 981              		.section	.gnu.lto_.icf.5f34d37,"e",%progbits
 982 0000 789CD361 		.ascii	"x\234\323a@\000v\206#\315\373~\3630\316;\264k\005\017"
 982      40007686 
 982      23CDFB7E 
 982      F330CE3B 
 982      B46B050F 
 983 0014 D3A5832B 		.ascii	"\323\245\203+\026\3631/|\177\375\036\037\313\323%\337"
 983      16F3312F 
 983      7C7FFD1E 
 983      1FCBD325 
 983      DF
 984 0025 1FF0B32E 		.ascii	"\037\360\263.\\4\353\007\027\333\335\265{\017\2601\000"
 984      5C34EB07 
 984      17DBDDB5 
 984      7B0FB031 
 984      00
 985 0036 00E97E15 		.ascii	"\000\351~\025\275"
 985      BD
 986              		.text
 987              		.section	.gnu.lto_.ipa_sra.5f34d37,"e",%progbits
 988 0000 789C5364 		.ascii	"x\234Sd@\000v\006\006F\006FF\006f&F\020\227\221\231"
 988      40007606 
 988      06460646 
 988      46066626 
 988      46109791 
 989 0015 819105C2 		.ascii	"\201\221\005\302be`fc`f\000\000\010\271\000N"
 989      62656066 
 989      63606600 
 989      0008B900 
 989      4E
 990              		.text
 991              		.section	.gnu.lto_.inline.5f34d37,"e",%progbits
 992 0000 789CFBC6 		.ascii	"x\234\373\306\200\000\354\014\014,\015@\300\234\306"
 992      8000EC0C 
 992      0C2C0D40 
 992      C09CC6
 993 000f C8C0C4C0 		.ascii	"\310\300\304\300\320\010d\32610\260\201\204\230R\230"
 993      D00864D6 
 993      3130B081 
 993      84985298 
 994 001f 40420C8C 		.ascii	"@B\014\214\\ \205\214Pu)@uL`\351d4uL`\356\001\246T\240"
 994      5C20858C 
 994      50752940 
 994      754C60E9 
 994      6434754C 
 995 0039 0A36885A 		.ascii	"\0126\210Z4\025\314\004\315`!\250\202\225\240\0126\202"
 995      3415CC04 
 995      CD6021A8 
ARM GAS  C:\Users\ziemannt\AppData\Local\Temp\cckiqtv9.s 			page 22


 995      8295A00A 
 995      3682
 996 004b EE600000 		.ascii	"\356`\000\000\325j4\253"
 996      D56A34AB 
 997              		.text
 998              		.section	.gnu.lto_.jmpfuncs.5f34d37,"e",%progbits
 999 0000 789C5362 		.ascii	"x\234Sb@\000v\020\301\310\300\300\304\310\310X\277\204"
 999      40007610 
 999      C1C8C0C0 
 999      C4C8C858 
 999      BF84
 1000 0012 99819981 		.ascii	"\231\201\231\201\201\005\312de``\003J\002\000-7\002"
 1000      8105CA64 
 1000      65606003 
 1000      4A02002D 
 1000      3702
 1001 0024 91       		.ascii	"\221"
 1002              		.text
 1003              		.section	.gnu.lto_.pureconst.5f34d37,"e",%progbits
 1004 0000 789C05C1 		.ascii	"x\234\005\301\001\021\000 \014\304\260\037\024\346\000"
 1004      01110020 
 1004      0CC4B01F 
 1004      14E600
 1005 000f EDBBAA25 		.ascii	"\355\273\252%yI:C\311\222-\310\221+\0372\332\004\203"
 1005      79493A43 
 1005      C9922DC8 
 1005      912B1F32 
 1005      DA0483
 1006              		.text
 1007              		.section	.gnu.lto_.lto.5f34d37,"e",%progbits
 1008 0000 09000400 		.ascii	"\011\000\004\000\001\000\000\000"
 1008      01000000 
 1009              		.text
 1010              		.section	.gnu.lto_stInit.353.5f34d37,"e",%progbits
 1011 0000 789CEB65 		.ascii	"x\234\353e``\210\007be fdf`\2344\261\213\211\241\241"
 1011      60608807 
 1011      62652066 
 1011      6466609C 
 1011      34B18B89 
 1012 0016 A1C1819D 		.ascii	"\241\301\201\235\211\261qb\027'\343VF0\217\221\241\236"
 1012      89B17162 
 1012      1727E356 
 1012      46308F91 
 1012      A19E
 1013 0028 89B19E71 		.ascii	"\211\261\236q2\263&\220\373c\351\274\336\303\214\015"
 1013      32B32690 
 1013      FB63E9BC 
 1013      DEC38C0D 
 1014 0038 2B0E302E 		.ascii	"+\0160.af`\230\007\304P\300\006\3431\002\361\372K\254"
 1014      61666098 
 1014      07C450C0 
 1014      06E33102 
 1014      F1FA4BAC 
 1015 004c 071AFEFC 		.ascii	"\007\032\376\374\357oh\270\373\210q\2362P\274\237\031"
 1015      EF6F68B8 
 1015      FB88719E 
 1015      3250BC9F 
ARM GAS  C:\Users\ziemannt\AppData\Local\Temp\cckiqtv9.s 			page 23


 1015      19
 1016 005d 6474030B 		.ascii	"dt\003\013c\303\001\006\206\011\314L\020N#\220\363\212"
 1016      63C30106 
 1016      8609CC4C 
 1016      104E2390 
 1016      F38A
 1017 006f B1E1D1EE 		.ascii	"\261\341\321\356c\214\014\037\030\233\025\030Z\030\231"
 1017      638C0C1F 
 1017      189B1518 
 1017      5A1899
 1018 007e 963033CE 		.ascii	"\22603\316c\006\032\262\204\231\211\341\023c\323\203"
 1018      63061AB2 
 1018      849989E1 
 1018      1363D383 
 1019 008e BD6E60F3 		.ascii	"\275n`\363\373\231\031\021\00600\2309[\3058gd&e\006"
 1019      FB991911 
 1019      06303098 
 1019      395BC538 
 1019      67642665 
 1020 00a3 9794A664 		.ascii	"\227\224\246d\346\307\224\347\027e\027\027$&\247\306"
 1020      E6C794E7 
 1020      17651717 
 1020      2426A7C6 
 1021 00b3 9716A716 		.ascii	"\227\026\247\026\305\004\347\247\225\224'\026\245*\244"
 1021      C504E7A7 
 1021      95942716 
 1021      A52AA4
 1022 00c2 64A66796 		.ascii	"d\246g\226$\346(\244\024e\226\245\0261\250\351\351\351"
 1022      24E628A4 
 1022      146596A5 
 1022      1631A8E9 
 1022      E9E9
 1023 00d4 03513248 		.ascii	"\003Q2Hg~\261\221\241\241\241~~\261~Fb\216~qQ2\210\216"
 1023      677EB191 
 1023      A1A1A17E 
 1023      7EB17E46 
 1023      628E7E71 
 1024 00ec 2F2ED14B 		.ascii	"/.\321Kf\000\000>$S\364"
 1024      6600003E 
 1024      2453F4
 1025              		.text
 1026              		.section	.gnu.lto_stGetCounter.354.5f34d37,"e",%progbits
 1027 0000 789C754F 		.ascii	"x\234uO?,\003Q\034\376}\367Nk1Y\015\035\244\211\245"
 1027      3F2C0351 
 1027      1CFE7DF7 
 1027      4E6B3159 
 1027      0D1DA489 
 1028 0015 A7240693 		.ascii	"\247$\006\223\244\026\301t\026I\223\246\332\322\213"
 1028      A416C174 
 1028      164993A6 
 1028      DAD28B
 1029 0024 26277787 		.ascii	"&'w\207\321\303fPe1\250\250\2240Y\210\377r1\331$f\023"
 1029      D1C36650 
 1029      6531A8A8 
 1029      94305988 
 1029      FF7231D9 
 1030 003b 91082242 		.ascii	"\221\010\"B\210A\302\357]\273\272\274{\357\367\375\336"
ARM GAS  C:\Users\ziemannt\AppData\Local\Temp\cckiqtv9.s 			page 24


 1030      8841C2EF 
 1030      5DBBBABC 
 1030      7BEFF7FD 
 1030      DE
 1031 004c F77DBFEF 		.ascii	"\367}\277\357EA\264ADQ\376!\010\313\245\005\215\244"
 1031      4541B441 
 1031      4451FE21 
 1031      08CBA505 
 1031      8DA4
 1032 005e 943D610D 		.ascii	"\224=a\015\263\245\205\353\362\276\216C\004\015\320"
 1032      B3A585EB 
 1032      F2BE8E43 
 1032      040DD0
 1033 006d 8C8619AC 		.ascii	"\214\206\031\254\2105\201eQe\262^\257\200H\233/\345"
 1033      88358165 
 1033      5165B25E 
 1033      AF80489B 
 1033      2FE5
 1034 007f F7D6FAF5 		.ascii	"\367\326\372\365}hm\307\327\253B\243u&\034\000\373<"
 1034      7D686DC7 
 1034      D7AB42A3 
 1034      75261C00 
 1034      FB3C
 1035 0091 407D2152 		.ascii	"@}!R\035\036\302\232\240\006\216@\012\260\371\367K\205"
 1035      1D1EC29A 
 1035      A0068E40 
 1035      0AB0F9F7 
 1035      4B85
 1036 00a3 D987E0AE 		.ascii	"\331\207\340\256\"\3428\270T\312\275\233\006_\376\374"
 1036      22E238B8 
 1036      54CABD9B 
 1036      065FFEFC 
 1037 00b3 16A5FC6D 		.ascii	"\026\245\374m\271\270\375jd\343\252`\237\242P)\245\016"
 1037      B9B8FD6A 
 1037      64E3AA60 
 1037      9FA25029 
 1037      A50E
 1038 00c5 E9132D09 		.ascii	"\351\023-\011\255\006\346\031<An\206\325\376QY|{\276"
 1038      AD06E619 
 1038      3C416E86 
 1038      D5FE5159 
 1038      7C7BBE
 1039 00d8 6A663385 		.ascii	"jf3\205\356>\237W\201\023\320+.\317v\2336\205V\017\257"
 1039      EE3E9F57 
 1039      8113D02B 
 1039      2ECF769B 
 1039      3685560F 
 1040 00ed 07296A55 		.ascii	"\007)jU\340\302h\033<\245\001g\300)\250\275\"\345ck"
 1040      E0C2681B 
 1040      3CA50167 
 1040      C029A8BD 
 1040      22E5636B 
 1041 0101 5584708E 		.ascii	"U\204p\216\262\010\322\321;\346\336\036VN\037\03394"
 1041      B208D2D1 
 1041      3BE6DE1E 
 1041      564E1F1B 
 1041      3934
ARM GAS  C:\Users\ziemannt\AppData\Local\Temp\cckiqtv9.s 			page 25


 1042 0113 5BA90716 		.ascii	"[\251\007\026EM\2169_\301\256Dw2\221\267F,\323\233\314"
 1042      454D8E39 
 1042      5FC1AE44 
 1042      773291B7 
 1042      462CD39B 
 1043 0128 5A7672DA 		.ascii	"Zvr\332v\306\335\211t&\227\232tsN\322\264G\275\351\264"
 1043      76C6DD89 
 1043      7426979A 
 1043      74734ED2 
 1043      B447BDE9 
 1044 013d 938B64AD 		.ascii	"\223\213d\2551\313K\027\"Y\307\232\3129\024\215\305"
 1044      31CB4B17 
 1044      2259C79A 
 1044      CA39148D 
 1044      C5
 1045 014e 0C5E19A5 		.ascii	"\014^\031\245\264\335\216x<n\330\256\221O\027\014\327"
 1045      B4DD8E78 
 1045      3C6ED8AE 
 1045      914F170C 
 1045      D7
 1046 015f C9A833E5 		.ascii	"\311\2503\345z\261\014\365\374K\233\260\035\3175\314"
 1046      7AB10CF5 
 1046      FC4B9BB0 
 1046      1DCF35CC 
 1047 016f A1C1CE0E 		.ascii	"\241\301\316\016c`\240\3270\207\315\241\276D\377T\274"
 1047      6360A0D7 
 1047      3087CDA1 
 1047      BE44FF54 
 1047      BC
 1048 0180 2E4E150A 		.ascii	".N\025\012\331X\236\376\000\251\210\230\233"
 1048      D9589EFE 
 1048      00A98898 
 1048      9B
 1049              		.text
 1050              		.section	.gnu.lto_stStartAlarm.355.5f34d37,"e",%progbits
 1051 0000 789C8D52 		.ascii	"x\234\215RMh\023A\030\375\336N\222\265'\241\007\361"
 1051      4D681341 
 1051      18FDDE4E 
 1051      92B527A1 
 1051      07F1
 1052 0012 5024F88B 		.ascii	"P$\370\213\036\262&ZAO\205\010*\215\247\364\"\004b\262"
 1052      1EB2265A 
 1052      414F8508 
 1052      2A8DA7F4 
 1052      220462B2 
 1053 0026 896631B2 		.ascii	"\211f1\262ew\333\036;\246\007\241\210\261\365\"\022"
 1053      6577DB1E 
 1053      3BA607A1 
 1053      88B1F522 
 1053      12
 1054 0037 034A9478 		.ascii	"\003J\224x\022)\232\326Z\033\253XO\"^\275\224@A\204"
 1054      12299AD6 
 1054      5A1BAB58 
 1054      4F225EBD 
 1054      94404184 
 1055 004b 4649A1B4 		.ascii	"FI\241\264\240\304\231\315\246BAp\331\331\357\367\275"
 1055      A0C499CD 
ARM GAS  C:\Users\ziemannt\AppData\Local\Temp\cckiqtv9.s 			page 26


 1055      A6424170 
 1055      D9D9EFF7 
 1055      BD
 1056 005c 37F3CD0E 		.ascii	"7\363\315\016*D\363Dt@,0\302\364\324\244B\234\363\001"
 1056      2A44F344 
 1056      74402C30 
 1056      C2F4D4A4 
 1056      429CF301 
 1057 0070 55C18DA9 		.ascii	"U\301\215\251\311\036\314\301\215@\343\012\306q\227"
 1057      C91ECCC1 
 1057      8D40E30A 
 1057      C67197
 1058 007f 1D15E1E6 		.ascii	"\035\025\341\346\343\362\217w\340\325:*\214\250,\226"
 1058      E3F28F77 
 1058      E0D53A2A 
 1058      8CA82C96 
 1059 008f FB9418A6 		.ascii	"\373\224\030\246Y\205\001>\317S\020\024\036\273LG\352"
 1059      5985013E 
 1059      CF531014 
 1059      1EBB4C47 
 1059      EA
 1060 00a0 9C7F5E98 		.ascii	"\234\177^\230\345\274\207*\214\241\006\201\301K\340"
 1060      E5BC872A 
 1060      8CA10681 
 1060      C14BE0
 1061 00af 05482672 		.ascii	"\005H&r_\375D\001\217\011\002\342\372\300+HN\011\336"
 1061      5FFD4401 
 1061      8F0902E2 
 1061      FAC02B48 
 1061      4E09DE
 1062 00c2 DCB879BB 		.ascii	"\334\270y\273v\360\303\004?\337\305\303\303c\036\222"
 1062      76F0C304 
 1062      3FDFC5C3 
 1062      C3631E92 
 1063 00d2 6135203A 		.ascii	"a5 :\017\311\316\326V\371\226\312?r\337N%\321\331\331"
 1063      0FC9CED6 
 1063      56F996CA 
 1063      3F72DF4E 
 1063      25D1D9D9 
 1064 00e6 64401EE1 		.ascii	"d@\036\341w\030\257EnNRIm,\270z\262\345\331\027\177"
 1064      7718AF45 
 1064      6E4E5249 
 1064      6D2CB87A 
 1064      B2E5D917 
 1065 00fb 9DFF6A17 		.ascii	"\235\377j\0279o\357\373Tj\357\012(\300\254(\024\231"
 1065      396FEFFB 
 1065      546AEF0A 
 1065      28C0AC28 
 1065      1499
 1066 010d 9C0CF781 		.ascii	"\234\014\367\201\327\211\3560\245\023L\210\340;xc}\031"
 1066      D789EE30 
 1066      A5134C88 
 1066      E03B7863 
 1066      7D19
 1067 011f D2EEDFFE 		.ascii	"\322\356\337\37646Ta\012A\241\363\210)2\263\276V,5W"
 1067      34365461 
 1067      0A41A1F3 
ARM GAS  C:\Users\ziemannt\AppData\Local\Temp\cckiqtv9.s 			page 27


 1067      882932B3 
 1067      BE562C35 
 1068 0134 7A85945B 		.ascii	"z\205\224[\177\336\274\007\274\0015\261t\377i\23773"
 1068      7FDEBC07 
 1068      BC0135B1 
 1068      74FF699F 
 1068      3733
 1069 0146 1F68DB73 		.ascii	"\037h\333s\005D\364\004bJ~\324\201E\267z\374!\347\337"
 1069      0544F404 
 1069      624A7ED4 
 1069      8145B77A 
 1069      FC21E7DF 
 1070 015a 76575800 		.ascii	"vWX\000o\361\200\271{\217\210TuO\205\251X\002\216\271"
 1070      6FF180B9 
 1070      7B8F8854 
 1070      754F85A9 
 1070      58028EB9 
 1071 016e 294FB431 		.ascii	")O\2641\323\334+%Z\325\276\235T]\036\025\357\005\017"
 1071      D3DC2B25 
 1071      5AD5BE9D 
 1071      545D1E15 
 1071      EF050F
 1072 0181 24480A8B 		.ascii	"$H\012\213\313v\201\265\377\000.\013\240\362\027(\025"
 1072      CB7681B5 
 1072      FF002E0B 
 1072      A0F21728 
 1072      15
 1073 0192 0B3F5767 		.ascii	"\013?Wg\026cb\262r\300\324Bae\353\234\373\177\024Y\347"
 1073      166362B2 
 1073      72C0D442 
 1073      6165EB9C 
 1073      FB7F1459 
 1074 01a7 4428D465 		.ascii	"D(\324ex*z&\021\315\031i#\356\214d\01431fZ\327\354\341"
 1074      782A7A26 
 1074      11CD1969 
 1074      23EE8C64 
 1074      0C333166 
 1075 01bf 949E4D8E 		.ascii	"\224\236M\216\330Y+\0217\2578c)+\033\314\030W\015'\225"
 1075      D8592B11 
 1075      37AF3863 
 1075      292B1BCC 
 1075      18570D27 
 1076 01d4 0F662C63 		.ascii	"\017f,c4k\321\341PH\023\257.\221\246\035\011\207\303"
 1076      346BD1E1 
 1076      504813AF 
 1076      2E91A61D 
 1076      0987C3
 1077 01e7 9A696BB9 		.ascii	"\232ik\271T^\263-]\332\244\355\204tRSi\3331\256g{\273"
 1077      545EB32D 
 1077      5DDAA4ED 
 1077      84745253 
 1077      69DB31AE 
 1078 01fe 9990DEDF 		.ascii	"\231\220\336\337\237N\235<\255\323\300?\031\206M\313"
 1078      9F4E9D3C 
 1078      ADD3C03F 
 1078      19864DCB 
 1079 020e B1B5F8D0 		.ascii	"\261\265\370\320\305\023\021-\026;\253\305/\305\207"
ARM GAS  C:\Users\ziemannt\AppData\Local\Temp\cckiqtv9.s 			page 28


 1079      C513112D 
 1079      163BABC5 
 1079      2FC587
 1080 021d 2E440747 		.ascii	".D\007G\303\036o2\237\317\204r\364\007\215\223\374\001"
 1080      C31E6F32 
 1080      9FCF8472 
 1080      F4078D93 
 1080      FC01
 1081              		.text
 1082              		.section	.gnu.lto_stStopAlarm.356.5f34d37,"e",%progbits
 1083 0000 789C758F 		.ascii	"x\234u\217?H\303@\024\306\337\227\363\017\305Apq\025"
 1083      3F48C340 
 1083      14C6DF97 
 1083      F30FC541 
 1083      707115
 1084 0013 04D1A5B1 		.ascii	"\004\321\245\261\025\034\234\204v\021u\212\213P(1\251"
 1084      151C9C84 
 1084      7611758A 
 1084      8B502831 
 1084      A9
 1085 0024 36584849 		.ascii	"6XHIb\035{\266\233\240\365\317\342P\253\205*nNj\325"
 1085      621D7BB6 
 1085      9BA0F5CF 
 1085      E250AB85 
 1085      2A6E4E6A 
 1086 0039 25082238 		.ascii	"%\010\"8\352\352 \202 \016Utq\020\364.-n\036w\274\367"
 1086      EAEA2082 
 1086      200E5574 
 1086      7110F42E 
 1086      2D6E1E77 
 1087 004f BB7BEF7B 		.ascii	"\273{\357{\337u\201h\237\210\372\305\001#lm\256*\304"
 1087      DF758168 
 1087      9F88FAC5 
 1087      01236C6D 
 1087      AE2AC4
 1088 0062 391FEF54 		.ascii	"9\037\357T\260\262\271\032\302\011\002\002\345\025\344"
 1088      B0B2B91A 
 1088      C2090202 
 1088      E515E4
 1089 0071 B1CD8604 		.ascii	"\261\315\206\004~\035T\326\256\301\217|\324\030QE\234"
 1089      7E1D54D6 
 1089      AEC18F7C 
 1089      D4185145 
 1089      9C
 1090 0082 D6EA6811 		.ascii	"\326\352h\021\312\014A\016\234\202$\310\256\233(\011"
 1090      CA0C410E 
 1090      9C8224C8 
 1090      AE9B2809 
 1091 0092 397129EB 		.ascii	"9q)\353p\026\274\211\361t|\327\356\363\357\237\022\347"
 1091      7016BC89 
 1091      F1747CD7 
 1091      EEF3EF9F 
 1091      12E7
 1092 00a4 6F83F5F2 		.ascii	"o\203\365\362aH(\224\2304\301\333\300}\242\015\2464"
 1092      61482894 
 1092      9834C1DB 
 1092      C07DA20D 
ARM GAS  C:\Users\ziemannt\AppData\Local\Temp\cckiqtv9.s 			page 29


 1092      A634
 1093 00b6 A128E015 		.ascii	"\241(\340\025\374i\357\0262~V\327\037\032\217=B)\270"
 1093      FC69EF16 
 1093      327E56D7 
 1093      1F1A8F3D 
 1093      4229B8
 1094 00c9 FD6CEC00 		.ascii	"\375l\354\000uP\003W\037G\275b\350\026\253\011\003\364"
 1094      75500357 
 1094      1F47BD62 
 1094      E816AB09 
 1094      03F4
 1095 00db 97052282 		.ascii	"\227\005\"\202\016A5\246\340\0028\007\015W9\177\351"
 1095      0E4135A6 
 1095      E0023807 
 1095      0D57397F 
 1095      E9
 1096 00ec AE31864B 		.ascii	"\2561\206K\354\262\300\227\254\026&\351\003\205\367"
 1096      ECB2C097 
 1096      AC1626E9 
 1096      0385F7
 1097 00fb E7E27D5C 		.ascii	"\347\342}\\\230\016~WbM\011\024|\211\243\261\261D,m"
 1097      980E7E57 
 1097      624D0914 
 1097      7C89A3B1 
 1097      B1442C6D 
 1098 010f CD599AB7 		.ascii	"\315Y\232\267dZvb\331v\026\335\254n\244\222Kn\312Ih"
 1098      645A7662 
 1098      D97616DD 
 1098      AC6EA492 
 1098      4B6ECA49 
 1099 0124 F6BCB7AC 		.ascii	"\366\274\267\254;\251>\323Z\260<=\323g:V.\345\320@8"
 1099      3BA93ED3 
 1099      5AB03C3D 
 1099      D3673A56 
 1099      2EE5D040 
 1100 0139 AC8A6DC8 		.ascii	"\254\212m\310N\333\215F\"\021\325v\325\264\236Q]\307"
 1100      4EDB8D46 
 1100      2211D576 
 1100      D5B49E51 
 1100      5DC7
 1101 014b 9031E97A 		.ascii	"\2201\351za\203\306\377-\313\332\216\347\252\332\314"
 1101      6183C6FF 
 1101      2DCBDA8E 
 1101      E7AADACC 
 1102 015b F448549D 		.ascii	"\364HT\235\232\212\253\332\25463\021\233\314EZ\315\311"
 1102      9A8AABDA 
 1102      AC363311 
 1102      9BCC455A 
 1102      CDC9
 1103 016d 4CC60CA7 		.ascii	"L\306\014\247\351\027\354\317\217r"
 1103      E917ECCF 
 1103      8F72
 1104              		.text
 1105              		.section	.gnu.lto_stSetAlarm.357.5f34d37,"e",%progbits
 1106 0000 789C7551 		.ascii	"x\234uQMh\023Q\020\236o_~\210\027\241\007O\036\202\242"
 1106      4D681351 
 1106      109E6F5F 
ARM GAS  C:\Users\ziemannt\AppData\Local\Temp\cckiqtv9.s 			page 30


 1106      7E8817A1 
 1106      074F1E82 
 1107 0015 620F5913 		.ascii	"b\017Y\023\255\240x(\304\203?\361\224^\204@\334l\242"
 1107      ADA07828 
 1107      C4833FF1 
 1107      945E8440 
 1107      DC6CA2
 1108 0028 598C6CD9 		.ascii	"Y\214l\331\335\266\307>\323\203P\204\330z\021\211\005"
 1108      DDB6C73E 
 1108      D3835084 
 1108      D87A1189 
 1108      05
 1109 0039 254A5550 		.ascii	"%JUPz\320\266\306\237m\241 \"\"\202H\021\264\024\012"
 1109      7AD0B6C6 
 1109      9F6DA120 
 1109      22228248 
 1109      11B4140A 
 1110 004d 22686D0B 		.ascii	"\"hm\013\245\007A\347m\322\036\004\227};3\337\314|\337"
 1110      A50741E7 
 1110      6DD21E04 
 1110      977D3B33 
 1110      DFCC7CDF 
 1111 0061 9BD97910 		.ascii	"\233\331y\0205\211h7\037\010\302\350\310\260FR\312\356"
 1111      35896837 
 1111      1F08C2E8 
 1111      C8B04652 
 1111      CAEE
 1112 0073 A886CB23 		.ascii	"\250\206\313#\3031L#\210@\203\032\006q]\354\347p\343"
 1112      C3314C23 
 1112      8840831A 
 1112      06715DEC 
 1112      E770E3
 1113 0086 EED8C339 		.ascii	"\356\330\3039\310q\037\015A4\306'x\352\002\243\242!"
 1113      C8711F0D 
 1113      4134C627 
 1113      78EA02A3 
 1113      A221
 1114 0098 8050DBD3 		.ascii	"\200P\333\323\020gO\234\243}\276\224\357\233SR\306\250"
 1114      10674F9C 
 1114      A37DBE94 
 1114      EF9B5352 
 1114      C6A8
 1115 00aa 210426C1 		.ascii	"!\004&\301=x\012<au\006\312\023a\242H\233\011\334\022"
 1115      3D780A3C 
 1115      617506CA 
 1115      1361A248 
 1115      9B09DC12 
 1116 00be F8C03328 		.ascii	"\370\3003(N\325\274\261~\345\335\344\261\271!yb\263"
 1116      4ED5BCB1 
 1116      7EE5DDE4 
 1116      B1B92179 
 1116      62B3
 1117 00d0 1FED7E34 		.ascii	"\037\355~4\241\030f\"\\\271GU\256\316?\270\032\225\257"
 1117      A1186622 
 1117      5CB94755 
 1117      AECE3FB8 
 1117      1A95AF
ARM GAS  C:\Users\ziemannt\AppData\Local\Temp\cckiqtv9.s 			page 31


 1118 00e3 65E85F25 		.ascii	"e\350_%\256l]2\242F\370\224\302s\306\246\025\225\322"
 1118      AE6C5D32 
 1118      A246F894 
 1118      C273C6A6 
 1118      1595D2
 1119 00f6 C68B404F 		.ascii	"\306\213@O\225<\376\020\366\345\357?5)\277v\276\255"
 1119      953CFE10 
 1119      F6E5EF3F 
 1119      3529BF76 
 1119      BEAD
 1120 0108 3F8A8534 		.ascii	"?\212\2054`\212\0235\2416#C\220>\3215\241\265\202!\016"
 1120      608A1335 
 1120      A1362343 
 1120      903ED135 
 1120      A1B58221 
 1121 011d BE432E7E 		.ascii	"\276C.~~\003ewm}\026\277lcS\215\263\316\035\241)d\355"
 1121      7E036577 
 1121      6D7D16BF 
 1121      6C63538D 
 1121      B3CE1DA1 
 1122 0134 47ADBEBC 		.ascii	"G\255\276\274\320\301RA~b\371\006\360\022\364\023\263"
 1122      D0C15241 
 1122      7E62F906 
 1122      F012F413 
 1122      B3
 1123 0145 37EFEF6C 		.ascii	"7\357\357l\357,\004\332\362\002\001\216\356\201\267"
 1123      EF2C04DA 
 1123      F202018E 
 1123      EE81B7
 1124 0154 14860FBC 		.ascii	"\024\206\017\274\012\262\007nK\371m{CD0\203[\"\270{"
 1124      0AB2076E 
 1124      4BF96D7B 
 1124      43443083 
 1124      5B22B87B 
 1125 0168 8AA1F11D 		.ascii	"\212\241\361\035\015\021\305,\320\031@-\321\352\257"
 1125      0D11C52C 
 1125      D019402D 
 1125      D1EAAF
 1126 0177 A5B58F19 		.ascii	"\245\265\217\031\236S\215K\253\250.\254\234\012\376"
 1126      9E538D4B 
 1126      ABA82EAC 
 1126      9C0AFE
 1127 0186 564DB4F8 		.ascii	"VM\264\370Q\365Ux8}4\227.[\005+\353\365\025-;7`;\027"
 1127      51F55578 
 1127      387D3497 
 1127      2E5B052B 
 1127      EBF5152D 
 1128 019f DD5EC32C 		.ascii	"\335^\303,\345\373\334\222\223\313\332\347\275\001\303"
 1128      E5FBDC92 
 1128      93CBDAE7 
 1128      BD01C3
 1129 01ae 29C58BD6 		.ascii	")\305\213\326\005\3133*\361\242c\365\227\034\332\233"
 1129      05CB332A 
 1129      F1A263F5 
 1129      971CDA9B 
 1130 01be 48E8FC9A 		.ascii	"H\350\374\232\252\323vS\311dR\267]\275lTt\3271\225\315"
 1130      AAD37653 
ARM GAS  C:\Users\ziemannt\AppData\Local\Temp\cckiqtv9.s 			page 32


 1130      C96452B7 
 1130      5DBD6C54 
 1130      74D73195 
 1131 01d3 BB5EC2A4 		.ascii	"\273^\302\244\250Qp=\353R\251c\023I\230]]\005\343\320"
 1131      A851703D 
 1131      EB52A963 
 1131      1349985D 
 1131      5D05E3D0 
 1132 01e7 1193BAFF 		.ascii	"\021\223\272\377\313\320k;\236\253g{\316\034L\351\231"
 1132      CBD06B3B 
 1132      9EAB677B 
 1132      CE1C4CE9 
 1132      99
 1133 01f8 CC713D7B 		.ascii	"\314q={6\333s2}\272?\331\346\315W*\305D\231\376\002"
 1133      36DB7332 
 1133      7DBA3FD9 
 1133      E6CD572A 
 1133      C54499FE 
 1134 020d 4B56D84B 		.ascii	"KV\330K"
 1135              		.text
 1136              		.section	.gnu.lto_stGetAlarm.358.5f34d37,"e",%progbits
 1137 0000 789CF367 		.ascii	"x\234\363gd`X\300\300\300\240\006\304\214\314\014\214"
 1137      646058C0 
 1137      C0C0A006 
 1137      C48CCC0C 
 1137      8C
 1138 0011 93267631 		.ascii	"\223&v114448\260316N\354\372\277f\013\013\343vF\260"
 1138      31343434 
 1138      38B03331 
 1138      364EECFA 
 1138      BF660B0B 
 1139 0029 0023433D 		.ascii	"\000#C=\023c=\343d\3469\314\214\223\230\227\000\025"
 1139      13633DE3 
 1139      64E639CC 
 1139      8C939897 
 1139      0015
 1140 003b B340598C 		.ascii	"\263@Y\214\214\012\232\007\032\032~,\235w\372)\333\234"
 1140      8C0A9A07 
 1140      1A1A7E2C 
 1140      9D77FA29 
 1140      DB9C
 1141 004d 15075896 		.ascii	"\025\007X\226031\314\003*\330\312\310\270\005h\001\010"
 1141      303331CC 
 1141      032AD8CA 
 1141      C8B80568 
 1141      0108
 1142 005f B0318044 		.ascii	"\2601\200D\200\226\000\365\200\331\214\214;\030\031"
 1142      809600F5 
 1142      80D98C8C 
 1142      3B1819
 1143 006e 401CA0E1 		.ascii	"@\034\240\341?\236/\002\252\336\316\010\024\005)d\334"
 1143      3F9E2F02 
 1143      AADECE08 
 1143      14052964 
 1143      DC
 1144 007f 099604E9 		.ascii	"\011\226\004\351\\\177\211\365@\303\237\377\375\015"
 1144      5C7F89F5 
ARM GAS  C:\Users\ziemannt\AppData\Local\Temp\cckiqtv9.s 			page 33


 1144      40C39FFF 
 1144      FD0D
 1145 008d 0DF775F6 		.ascii	"\015\367u\366\314\331\306\0114x\0113\320\234~f\220+"
 1145      CCD9C609 
 1145      34780933 
 1145      D09C7E66 
 1145      902B
 1146 009f 1B58181B 		.ascii	"\033X\030\033\01600L`f\202p\232\201\234W\214\015\217"
 1146      0E30304C 
 1146      60668270 
 1146      9A819C57 
 1146      8C0D8F
 1147 00b2 669F6604 		.ascii	"f\237f\004\321Jp\342\321<n\020\365ya\337\225\367'\204"
 1147      D14A70E2 
 1147      D13C6E10 
 1147      F57961DF 
 1147      95F72784 
 1148 00c6 81E68305 		.ascii	"\201\346\203\005o\276\237\301\310\270\213\221\341\035"
 1148      6FBE9FC1 
 1148      C8B88B91 
 1148      E11D
 1149 00d4 E3A10B2B 		.ascii	"\343\241\013+y\02713A\375\303\002v\030\204\0056\030"
 1149      79173133 
 1149      41FDC302 
 1149      76188405 
 1149      3618
 1150 00e6 C85BC608 		.ascii	"\310[\306\010\264\230\225q\017#\343n\260\254\301\302"
 1150      B4989571 
 1150      0F23E36E 
 1150      B0ACC1C2 
 1151 00f6 8686172A 		.ascii	"\206\206\027*K\230\331\030\3672\316e\006\273\331\010"
 1151      4B98D918 
 1151      F732CE65 
 1151      06BBD908 
 1152 0106 28B4427D 		.ascii	"(\264B}\0113;\343>FF-\260\020\303'\306\246\017O?\337"
 1152      09333BE3 
 1152      3E46462D 
 1152      B010C327 
 1152      C6A60F4F 
 1153 011c 7CC101F4 		.ascii	"|\301\001\364\035\320\002PH\3643C\014el:\000\342\232"
 1153      1DD00250 
 1153      48F43343 
 1153      0C656C3A 
 1153      00E29A
 1154 012f 395BC538 		.ascii	"9[\3058gd&e\006\227\224\246d\346\307\224\347\027e\027"
 1154      67642665 
 1154      069794A6 
 1154      64E6C794 
 1154      E7176517 
 1155 0143 172426A7 		.ascii	"\027$&\247\306\227\026\247\026\305\004\347\247\225\224"
 1155      C69716A7 
 1155      16C504E7 
 1155      A79594
 1156 0152 2716A52A 		.ascii	"'\026\245*\244d\246g\226$\346(\244\024e\226\245\026"
 1156      A464A667 
 1156      9624E628 
 1156      A4146596 
ARM GAS  C:\Users\ziemannt\AppData\Local\Temp\cckiqtv9.s 			page 34


 1156      A516
 1157 0164 31A8E9E9 		.ascii	"1\250\351\351\351\003Q2Hg~\261\221\241\241\241~~\261"
 1157      E9035132 
 1157      48677EB1 
 1157      91A1A1A1 
 1157      7E7EB1
 1158 0177 7E46628E 		.ascii	"~Fb\216~qQ2\210\216/.\321Kfp\300\251\254 \277\250\244"
 1158      7E715132 
 1158      888E2F2E 
 1158      D14B6670 
 1158      C0A9AC20 
 1159 018e 583F38C4 		.ascii	"X?8\304\327\330H\337\307\307E?828\304\323\331\273\314"
 1159      D7D848DF 
 1159      C7C7453F 
 1159      383238C4 
 1159      D3D9BBCC 
 1160 01a2 10AA393E 		.ascii	"\020\2529>''E/\203\001\000\350&\246\024"
 1160      2727452F 
 1160      830100E8 
 1160      26A614
 1161              		.text
 1162              		.section	.gnu.lto_stIsAlarmActive.359.5f34d37,"e",%progbits
 1163 0000 789C7550 		.ascii	"x\234uP=K$A\020\2557=~\\\352\037\320H0\231q\025\014"
 1163      3D4B2441 
 1163      10AD373D 
 1163      7E5CEA1F 
 1163      D0483099 
 1164 0017 2E12F712 		.ascii	".\022\367\022Q\2431\021\026\226uw\357v\270\205\221\231"
 1164      51A33111 
 1164      16967577 
 1164      EF76B885 
 1164      9199
 1165 0029 51435B0D 		.ascii	"QC[\015\004\003\327\017<\016Q\321a\025M49\365N\015\006"
 1165      0403D70F 
 1165      3C0E51D1 
 1165      61154D34 
 1165      39F54E0D 
 1166 003e C13FA05C 		.ascii	"\301?\240\\v\242\210\221\242\036{p\030\010Z\335kj\323"
 1166      76A28891 
 1166      A21E7B70 
 1166      18085ADD 
 1166      6B6AD3
 1167 0051 5DDDEF55 		.ascii	"]\335\357U\325\253Gw\201h\215\210\232\371@\020\346\347"
 1167      D5AB4777 
 1167      81688D88 
 1167      9AF94010 
 1167      E6E7
 1168 0063 A60D9252 		.ascii	"\246\015\222Rv\326\031\030\237\233~\334\371ab\017\232"
 1168      76D61918 
 1168      9F9B7EDC 
 1168      F961620F 
 1168      9A
 1169 0074 008D1918 		.ascii	"\000\215\031\030\303\202h\211\245|\332X\275;\305\322"
 1169      C3826889 
 1169      A57CDA58 
 1169      BD3BC5D2 
 1170 0084 568CB220 		.ascii	"V\214\262 Z\345\316v\264\222^\265\032\263\334\262\200"
ARM GAS  C:\Users\ziemannt\AppData\Local\Temp\cckiqtv9.s 			page 35


 1170      5AE5CE76 
 1170      B4925EB5 
 1170      1AB3DCB2 
 1170      80
 1171 0095 7E03FB20 		.ascii	"~\003\373 \005X\346\351\177\304\265{`V\025\342@'\331"
 1171      0558E6E9 
 1171      7FC4B57B 
 1171      605615E2 
 1171      4027D9
 1172 00a8 04ED9ED5 		.ascii	"\004\355\236\325\304\362\371\245$\345\245u\374\347\350"
 1172      C4F2F9A5 
 1172      24E5A575 
 1172      FCE7E8
 1173 00b7 438D4165 		.ascii	"C\215Ae\301\2268\230\244\206PI(g\322\204\214\211f\205"
 1173      C1963898 
 1173      A4865049 
 1173      2867D284 
 1173      8C896685 
 1174 00cb 5105930C 		.ascii	"Q\005\223\014n!\243:\025\377\255\317\314V\256\032XV"
 1174      6E21A33A 
 1174      15FFADCF 
 1174      CC56AE1A 
 1174      5856
 1175 00dd A1EBC5CA 		.ascii	"\241\353\305\312w\340'\350\001'\307\333\215\2210\330"
 1175      77E027E8 
 1175      0127C7DB 
 1175      8D9130D8 
 1176 00ed C5BC280B 		.ascii	"\305\274(\013C\373\251\276\264\012\243M\360\024\201"
 1176      43FBA9BE 
 1176      B40AA34D 
 1176      F01481
 1177 00fc 43E017A8 		.ascii	"C\340\027\250u]\312\372\2620q\204\025\241m\262\306\344"
 1177      755DCAFA 
 1177      B2307184 
 1177      15A16DB2 
 1177      C6E4
 1178 010e B7A97B33 		.ascii	"\267\251{3\022\202uT+`(\362l\3527\"\241\370*IT\301\304"
 1178      12827554 
 1178      2B6028F2 
 1178      6CEA3722 
 1178      A1F82A49 
 1179 0125 DF9BF30B 		.ascii	"\337\233\363\013\365q\234 \355\274:\006\023\261\202"
 1179      F5719C20 
 1179      EDBC3A06 
 1179      13B182
 1180 0134 1DC98FA9 		.ascii	"\035\311\217\251d\301\035t\235p8\347z\251Q\317\377\032"
 1180      64C11D74 
 1180      9D7038E7 
 1180      7AA951CF 
 1180      FF1A
 1181 0146 0C65B2F9 		.ascii	"\014e\262\371\364p\220\367S\216\3679\034\315\370\371"
 1181      F47090F7 
 1181      538EF739 
 1181      1CCDF8F9 
 1182 0156 A69CFBC5 		.ascii	"\246\234\373\305\0153\305\246\234\357\216\344}j\266"
 1182      0D33C5A6 
 1182      9CEF8EE4 
ARM GAS  C:\Users\ziemannt\AppData\Local\Temp\cckiqtv9.s 			page 36


 1182      7D6AB6
 1183 0165 2C9B7756 		.ascii	",\233wVuzA[\"\221\260\275\300.d\212v\340g\325\235\016"
 1183      757A415B 
 1183      2291B0BD 
 1183      C02E648A 
 1183      76E067D5 
 1184 017b 422B4B9D 		.ascii	"B+K\235\357\226\015y~\030\330N\177_{\233\335\333\373"
 1184      EF960D79 
 1184      7E18D84E 
 1184      7F5F7B9B 
 1184      DDDBFB
 1185 018e C976069C 		.ascii	"\311v\006\234\376\356d\317H\342\2559],\346\254\002\275"
 1185      FEEE64CF 
 1185      48E2AD39 
 1185      5D2CE6AC 
 1185      02BD
 1186 01a0 02296E9F 		.ascii	"\002)n\237\023"
 1186      13
 1187              		.text
 1188              		.section	.gnu.lto_.symbol_nodes.5f34d37,"e",%progbits
 1189 0000 789C75CF 		.ascii	"x\234u\317\271\001\2000\014CQY\011d\014\226a/\205\015"
 1189      B9018030 
 1189      0C435159 
 1189      09640C96 
 1189      612F850D 
 1190 0014 988721D8 		.ascii	"\230\207!\330\201\233\236\001\270[\377\366Y\205\017"
 1190      819B9E01 
 1190      B85BFFF6 
 1190      59850F
 1191 0023 DC71A090 		.ascii	"\334q\240\220\357\242\265= \240\313\215\301\360\342"
 1191      EFA2B53D 
 1191      20A0CB8D 
 1191      C1F0E2
 1192 0032 48998B13 		.ascii	"H\231\213\023E\027g*\270\270P\321\305\225*\\\334\250"
 1192      4517672A 
 1192      B8B850D1 
 1192      C5952A5C 
 1192      DCA8
 1193 0044 D243DBA9 		.ascii	"\322C\333\251t\376U\357\001\236\327\036\015H\337\254"
 1193      74FE55EF 
 1193      019ED71E 
 1193      0D48DFAC 
 1194 0054 C6053560 		.ascii	"\306\0055`@\356"
 1194      40EE
 1195              		.text
 1196              		.section	.gnu.lto_.refs.5f34d37,"e",%progbits
 1197 0000 789C6364 		.ascii	"x\234cd\000\002\000\000\012\000\002"
 1197      00020000 
 1197      0A0002
 1198              		.text
 1199              		.section	.gnu.lto_.decls.5f34d37,"e",%progbits
 1200 0000 789CB556 		.ascii	"x\234\265Vkp\023\327\025\276\347\336\325\303\213\300"
 1200      6B7013D7 
 1200      15BEE7DE 
 1200      D5C38BC0 
 1201 0010 AE63423B 		.ascii	"\256cB;\235a4\351\003O\246AH\0160i\246\255\211l\010"
 1201      9D6134E9 
ARM GAS  C:\Users\ziemannt\AppData\Local\Temp\cckiqtv9.s 			page 37


 1201      034FA641 
 1201      480E3069 
 1201      A6AD896C 
 1202 0025 C3A38CE4 		.ascii	"\303\243\214\344t\332\0163\032\307R\261\2466r\255\205"
 1202      74DA0E33 
 1202      1AC752B1 
 1202      A63672AD 
 1202      85
 1203 0036 B4FFB606 		.ascii	"\264\377\266\006\203y\030\010.\261\003\004\034\222\200"
 1203      83791808 
 1203      2EB10304 
 1203      1C9280
 1204 0045 09091862 		.ascii	"\011\011\030bb\203y\030\010\340\360&\205b\312\373m0"
 1204      62837918 
 1204      08E0F026 
 1204      8562CAFB 
 1204      6D30
 1205 0057 E1112071 		.ascii	"\341\021 q0\204\236\273{w\327\262\314\014\177*\373\354"
 1205      30849EBB 
 1205      7B77D7B2 
 1205      CC0C7F2A 
 1205      FBEC
 1206 0069 DE7BF49D 		.ascii	"\336{\364\235\357|\347\334\273W\273\247/!\253(!\277"
 1206      EF7CE7DC 
 1206      BB57BBA7 
 1206      2F21AB28 
 1206      21BF
 1207 007b 427B821F 		.ascii	"B{\202\037'!\344(\032\2405\023\375\303};\321v\243}\211"
 1207      2721E428 
 1207      1AA03513 
 1207      FDC37D3B 
 1207      D176A37D 
 1208 0090 B61FED20 		.ascii	"\266\037\355 \332a\264\377\240\265\221\344O9\0220\274"
 1208      DA61B4FF 
 1208      A0B591E4 
 1208      4F391230 
 1208      BC
 1209 00a1 17A29D44 		.ascii	"\027\242\235D\333!\374Tp\365\0263\007c\034xOG\313\020"
 1209      DB21FC54 
 1209      70F51633 
 1209      07631C78 
 1209      4F47CB10 
 1210 00b5 F907A165 		.ascii	"\371\007\241e\241\337\207vV\350\362\200\316\303\365"
 1210      A1DF8776 
 1210      56E8F280 
 1210      CEC3F5
 1211 00c4 0C85649E 		.ascii	"\014\205d\236*\3205\027\366\3402x\250\340\342\372~\202"
 1211      2AD03517 
 1211      F6E03278 
 1211      A8E0E2FA 
 1211      7E82
 1212 00d6 E301682F 		.ascii	"\343\001h/\012N^\337\360^8\253\321'\011\316\236z\214"
 1212      0A4E5EDF 
 1212      F05E38AB 
 1212      D12709CE 
 1212      9E7A8C
 1213 00e9 58DE9757 		.ascii	"X\336\227Wz\211]\362\214z@\350\241\242\277\257\366\302"
ARM GAS  C:\Users\ziemannt\AppData\Local\Temp\cckiqtv9.s 			page 38


 1213      7A895DF2 
 1213      8C7A40E8 
 1213      A1A2BFAF 
 1213      F6C2
 1214 00fb B55C703D 		.ascii	"\265\\p=\255G\275q\361u\372M/\\\237\242\317\206\367"
 1214      AD47BD71 
 1214      F175FA4D 
 1214      2F5C9FA2 
 1214      CF86F7
 1215 010e 634FE9B3 		.ascii	"cO\351\263Q\027_\343\337\365\022\277\220\301 \340\233"
 1215      51175FE3 
 1215      DFF512BF 
 1215      90C120E0 
 1215      9B
 1216 011f 26551B11 		.ascii	"&U\033\021F\211G\325>e\317\023\370\\\217\360\366a9\034"
 1216      468947D5 
 1216      3E65CF13 
 1216      F85C8FF0 
 1216      F661391C 
 1217 0133 990E125E 		.ascii	"\231\016\022^3\300\275\204\321\317\246-\253r\311-\252"
 1217      33C0BD84 
 1217      D1CFA62D 
 1217      AB72C92D 
 1217      AA
 1218 0144 7A476D99 		.ascii	"zGm\231\236B`3\300& \320\004\310\322\010\260\021\240"
 1218      9E426033 
 1218      C02620D0 
 1218      04C8D208 
 1218      B011A0
 1219 0157 0110B6E6 		.ascii	"\001\020\266\346R\363\031\327\025\3204Ha\000h\033\206"
 1219      52F319D7 
 1219      15D03448 
 1219      6100681B 
 1219      86
 1220 0168 1799FC99 		.ascii	"\027\231\374\231\221\014\225\252\324\036fTf2\013\313"
 1220      910C95AA 
 1220      D41E6654 
 1220      66320BCB 
 1221 0178 AD3030F3 		.ascii	"\25500\363>\313v\322\314T\331Y\267\013\322d\233\223"
 1221      3ECB76D2 
 1221      CC54D959 
 1221      B70BD264 
 1221      9B93
 1222 018a D2764758 		.ascii	"\322vGX\316|\010\237\320Z\273;[\225\302s\373\267;T\272"
 1222      CE7C089F 
 1222      D05ABB3B 
 1222      5B95C273 
 1222      FBB73B54 
 1223 019f 607C4656 		.ascii	"`|FV6^\333\035\255\020\306\250\011\2223\015G\355\016"
 1223      365EDB1D 
 1223      AD10C6A8 
 1223      0992330D 
 1223      47ED0E
 1224 01b2 F93EABAD 		.ascii	"\371>\253\255\264\207\017\322\212A\320\012r\330\227"
 1224      B4870FD2 
 1224      8A41D00A 
 1224      72D897
ARM GAS  C:\Users\ziemannt\AppData\Local\Temp\cckiqtv9.s 			page 39


 1225 01c1 8195643B 		.ascii	"\201\225d;\235\003Sw\262\235l$\366\335Y\277\266\277"
 1225      9D035377 
 1225      B29D6C24 
 1225      F6DD59BF 
 1225      B6BF
 1226 01d3 DCEE4845 		.ascii	"\334\356HE\212\314\260;-\354Nm\005[8,gd\022\024\021"
 1226      8ACCB03B 
 1226      2DEC4E6D 
 1226      055B382C 
 1226      67641214 
 1227 01e8 F6F9B2A9 		.ascii	"\366\371\262\251\214\314\222\263\025|\014\\>\365B\307"
 1227      8CCC92B3 
 1227      157C0C5C 
 1227      3EF542C7 
 1228 01f8 00D926A7 		.ascii	"\000\331&\247\014tg\022\022&#)\362\262'\306\007\034"
 1228      0C746712 
 1228      12262329 
 1228      F2B227C6 
 1228      071C
 1229 020a 98336C4D 		.ascii	"\2303lM\0012e\352\243lL;>\004\224\272\011Q%\247\313"
 1229      013265EA 
 1229      A36C4C3B 
 1229      3E0494BA 
 1229      095125A7 
 1230 021f 052ADE52 		.ascii	"\005*\336RBc\302\023|2iwP\374*C\002\225\202\025)\333"
 1230      4263C213 
 1230      7C326977 
 1230      50FC2A43 
 1230      02958215 
 1231 0235 09C03286 		.ascii	"\011\3002\206-\324\376\370\005\304\005\370\024\364g"
 1231      2DD4FEF8 
 1231      05C405F8 
 1231      14F467
 1232 0244 DB48A3F9 		.ascii	"\333H\243\371\371\032S\201\346\020\335k\336\304\230"
 1232      F91A5381 
 1232      E610DD6B 
 1232      DEC498
 1233 0253 03A8E0A1 		.ascii	"\003\250\340\241b\331A\217\021I\370\265\033\271\011"
 1233      62D9418F 
 1233      1149F8B5 
 1233      1BB909
 1234 0262 01013178 		.ascii	"\001\0011x\364\030\0010c\305\220\347\320\300\264{\214"
 1234      F4180130 
 1234      63C590E7 
 1234      D0C0B47B 
 1234      8C
 1235 0273 169720DC 		.ascii	"\026\227 \334\242$&\255!\211\350\023\3347;\252N\315"
 1235      A22426AD 
 1235      2189E813 
 1235      DC373BAA 
 1235      4ECD
 1236 0285 B45DC5BE 		.ascii	"\264]\305\276\251u\225[\030\364_\220M\200M\3227!\325"
 1236      A975955B 
 1236      18F45F90 
 1236      4D804DD2 
 1236      3721D5
 1237 0298 36611AA2 		.ascii	"6a\032\242f6\317\333/\017@\320MU\315\200Bh\001\330\316"
ARM GAS  C:\Users\ziemannt\AppData\Local\Temp\cckiqtv9.s 			page 40


 1237      6636CFDB 
 1237      2F0F40D0 
 1237      4D55CD80 
 1237      426801D8 
 1238 02ad 13EC40EE 		.ascii	"\023\354@\356\230\306\263jc\345\375\324\027jj\324\316"
 1238      98C6B36A 
 1238      63E5FDD4 
 1238      176A6AD4 
 1238      CE
 1239 02be AD7BAFAE 		.ascii	"\255{\257\256\370\331\205&U-G\274\223c`\033\340V\325"
 1239      F8D98526 
 1239      552D47BC 
 1239      9363601B 
 1239      E056D5
 1240 02d1 726FC380 		.ascii	"ro\303\200\255\000[\300\273\320\316\016\000\217|xrz"
 1240      AD005BC0 
 1240      BBD0CE0E 
 1240      008F7C78 
 1240      727A
 1241 02e3 97C3E46E 		.ascii	"\227\303\344n\006\223\374\013\223|\356\245/\032\373"
 1241      0693FC0B 
 1241      937CEEA5 
 1241      2F1AFB
 1242 02f2 72F23B87 		.ascii	"r\362;\207/\315\350w\204?5\200_\303.\223w\227\311;\303"
 1242      2FCDE877 
 1242      843F3580 
 1242      5FC32E93 
 1242      7797C93B 
 1243 0307 CE4E6ABC 		.ascii	"\316Nj\274\367\026}\3675\343\307\020\347\214\241\343"
 1243      F7167DF7 
 1243      35E3C710 
 1243      E78CA1E3 
 1244 0317 9DB22F1F 		.ascii	"\235\262/\037\364\351\245\210V\214\335\013Z\242\273"
 1244      F4E9A588 
 1244      568CDD0B 
 1244      5AA2BB
 1245 0326 17B71D05 		.ascii	"\027\267\035\005-\321\355]\177\253\343[\032\277\205"
 1245      2DD1ED5D 
 1245      7FABE35B 
 1245      1ABF85
 1246 0335 3D669A3D 		.ascii	"=f\232=f\232\3036vUK\263|\345\371\031\224\207\324W\226"
 1246      669AC336 
 1246      76554BB3 
 1246      7CE5F919 
 1246      9487D457 
 1247 034a CF54D3CA 		.ascii	"\317T\323\3120H\3425\3573\203\366\231A{m\354\033-\350"
 1247      3048E235 
 1247      EF3383F6 
 1247      99417B6D 
 1247      EC1B2DE8 
 1248 035e 68E583AB 		.ascii	"h\345\203\253\375\264\2405V\020f:`\006\0350\203>\262"
 1248      FDB4A035 
 1248      5610663A 
 1248      60061D30 
 1248      833EB2
 1249 0371 B1C75AD0 		.ascii	"\261\307Z\320\271\346\217\257\2714q\373\257t\357\302"
 1249      B9E68FAF 
ARM GAS  C:\Users\ziemannt\AppData\Local\Temp\cckiqtv9.s 			page 41


 1249      B93471FB 
 1249      AF74EFC2 
 1250 0381 2133E890 		.ascii	"!3\350\220\031\364\255\304*(a5\024\003\355\233g7| \375"
 1250      19F4ADC4 
 1250      2A286135 
 1250      1403ED9B 
 1250      67377C20 
 1251 0396 1400FF53 		.ascii	"\024\000\377S(\034\2032\236\355\030\340\231\322\256"
 1251      281C8332 
 1251      9EED18E0 
 1251      99D2AE
 1252 03a5 4E7711C8 		.ascii	"Nw\021\310\202!\004\216\002\272\010|\005\360o~\236\254"
 1252      8221048E 
 1252      02BA087C 
 1252      05F06F7E 
 1252      9EAC
 1253 03b7 6C59721E 		.ascii	"lYr\036\314f\035\263V\345\270\271*{.5\225\247hz:v\213"
 1253      CC661DB3 
 1253      56E5B8B9 
 1253      2A7B2E35 
 1253      95A7687A 
 1254 03ce 661D0738 		.ascii	"f\035\0078b\2529b\252\271!\261e\\\011\235ws\321v,AU"
 1254      62AA3962 
 1254      AAB921B1 
 1254      655C099D 
 1254      7773D176 
 1255 03e5 3B1BAA0E 		.ascii	";\033\252\016nt\357\230V\233\311{u\302\2149\001b_\356"
 1255      6E74EF98 
 1255      569BC97B 
 1255      75C28C39 
 1255      01625FEE 
 1256 03f9 3B5DDFE5 		.ascii	";]\337\345ti\307^\355N\255\241\372\301G\000WW\337\236"
 1256      7469C75E 
 1256      ED4EADA1 
 1256      FAC14700 
 1256      5757DF9E 
 1257 040d E71DDAAD 		.ascii	"\347\035\332\255\315\301:\260\324\333Z\202\031-\327"
 1257      CDC13AB0 
 1257      D4DB5A82 
 1257      192DD7
 1258 041c 8E38E5F3 		.ascii	"\2168\345\363=O\3133\335OK-\252]\347\270c\327\366\270"
 1258      3D4FCB33 
 1258      DD4F4B2D 
 1258      AA5DE7B8 
 1258      63D7F6B8 
 1259 0430 3A9C7552 		.ascii	":\234uR\335s\212W\277\364\326\336V\207\254\012\032\364"
 1259      DD738A57 
 1259      BFF4D6DE 
 1259      5687AC0A 
 1259      1AF4
 1260 0442 1AC92F23 		.ascii	"\032\311/#\231\007.q\314\315\335\327\017\364M>\230\317"
 1260      99072E71 
 1260      CCCDDDD7 
 1260      0FF44D3E 
 1260      98CF
 1261 0454 F43898A7 		.ascii	"\3648\230\247\335]}RJG\252\351\252ZK\341\012\300\005"
 1261      DD5D7D52 
ARM GAS  C:\Users\ziemannt\AppData\Local\Temp\cckiqtv9.s 			page 42


 1261      4A47AAE9 
 1261      AA5A4BE1 
 1261      0AC005
 1262 0467 80F39C0B 		.ascii	"\200\363\234\013\367\017\347\343\262Otl(\003\013t6\031"
 1262      F70FE7E3 
 1262      B24F746C 
 1262      28030B74 
 1262      3619
 1263 0479 C4CA98A8 		.ascii	"\304\312\230\250\232\260rF\330,1m#\254\022\247Ubz\204"
 1263      9AB07246 
 1263      D82C316D 
 1263      23AC12A7 
 1263      55627A84 
 1264 048d B06A9C2E 		.ascii	"\260j\234.\025\323V\375\346\324\212l!l\005\343\3316"
 1264      15D356FD 
 1264      E6D48A6C 
 1264      216C05E3 
 1264      D936
 1265 049f DE7A546F 		.ascii	"\336zTo\353\255\272o\265\352\206 \244\241y\177\035M"
 1265      EBADBA6F 
 1265      B5EA8620 
 1265      A4A1797F 
 1265      1D4D
 1266 04b1 507D1FE0 		.ascii	"P}\037\340\036\307|\007\032\216\363\324}\330Q\220 \272"
 1266      1EC77C07 
 1266      1A8EF3D4 
 1266      7DD85190 
 1266      20BA
 1267 04c3 27464B8E 		.ascii	"'FK\216iW\0119C\264k\232\336r`\237\0107C\256\252\033"
 1267      69570939 
 1267      43B46B9A 
 1267      DE72609F 
 1267      083743AE 
 1268 04d9 5DEB5CBD 		.ascii	"]\353\\\275iR)\327\364\204\267r\355\342S\263 A\324c"
 1268      695229D7 
 1268      F484B772 
 1268      EDE253B3 
 1268      2041D463 
 1269 04ed 80471CF4 		.ascii	"\200G\034\364O\252\001\271\250\332c\025\315}\022T\365"
 1269      4FAA01B9 
 1269      A8DA6315 
 1269      CD7D1254 
 1269      F5
 1270 04fe 04B17A91 		.ascii	"\004\261z\2217\2235`\257\232\304\314\315\266\340\254"
 1270      37933560 
 1270      AF9AC4CC 
 1270      CDB6E0AC 
 1271 050e 45CC7ECC 		.ascii	"E\314~\314v\343l?\332Q\264\343hmhg\320.\242]\025\250"
 1271      76E36C3F 
 1271      DA51B4E3 
 1271      686D6867 
 1271      D02EA25D 
 1272 0524 CB0EAD96 		.ascii	"\313\016\255\226\332\337\262\033\274\263\303\252Oo8"
 1272      DADFB21B 
 1272      BCB3C3AA 
 1272      4F6F38
 1273 0533 EBFA79F2 		.ascii	"\353\372y\362\3479q\277\200;\177\333\362'\353\372-\305"
ARM GAS  C:\Users\ziemannt\AppData\Local\Temp\cckiqtv9.s 			page 43


 1273      E73971BF 
 1273      803B7FDB 
 1273      F227EBFA 
 1273      2DC5
 1274 0545 2A5D5CDC 		.ascii	"*]\\\334,\012\253\251Y\354L\224\007^\202\260\372\256"
 1274      2C0AABA9 
 1274      59EC4C94 
 1274      075E82B0 
 1274      FAAE
 1275 0557 F97830E8 		.ascii	"\371x0\350\230y\011\030\255\026\035\363\310\302T&c6"
 1275      98790918 
 1275      AD161DF3 
 1275      C8C25426 
 1275      6336
 1276 0569 03791F41 		.ascii	"\003y\037As\327K\255\370\360\226Q\370\0018\306hG\227"
 1276      73D74BAD 
 1276      F8F09651 
 1276      F80138C6 
 1276      684797
 1277 057c C070A277 		.ascii	"\300p\242w\327\227p\014\362\334\201\356<\267\273\361"
 1277      D797700C 
 1277      F2DC81EE 
 1277      3CB7BBF1 
 1278 058c 2CD779AE 		.ascii	",\327y\256\001\\\3240\306\016=\327\215\347{K\320\202"
 1278      015CD430 
 1278      C60E3DD7 
 1278      8DE77B4B 
 1278      D082
 1279 059e 0441F72C 		.ascii	"\004A\367,\321K\315\\\035\011\271\256[\220\367L\310"
 1279      D14BCD5C 
 1279      1D09B9AE 
 1279      5B90F74C 
 1279      C8
 1280 05af 8D648848 		.ascii	"\215d\210HUib\036&`\276\357\206Ylbn%`nZ\251~\260\024"
 1280      5569621E 
 1280      2660BEEF 
 1280      86596C62 
 1280      6E25606E 
 1281 05c8 CF49503C 		.ascii	"\317IP<\233Z<\263L\236\031\011\230\351\326r\335\266"
 1281      9B5A3CB3 
 1281      4C9E1909 
 1281      98E9D672 
 1281      DDB6
 1282 05da 78162660 		.ascii	"x\026&`<\032\2047p\276\336\300N\200\007\232\032\343"
 1282      3C1A8437 
 1282      70BEDEC0 
 1282      4E80079A 
 1282      1AE3
 1283 05ec 69F9C652 		.ascii	"i\371\306R\323i\261\274\235\304\"\304\324\230b\356&"
 1283      D369B1BC 
 1283      9DC422C4 
 1283      D49862EE 
 1283      26
 1284 05fd AF954EF3 		.ascii	"\257\225N\363\330\242\231\233\\\224\216\231c\322LK\200"
 1284      D8A2999B 
 1284      5C948E99 
 1284      63D24C4B 
ARM GAS  C:\Users\ziemannt\AppData\Local\Temp\cckiqtv9.s 			page 44


 1284      80
 1285 060e 74E934FA 		.ascii	"t\3514\372\003\324\"\021\370\027\205*\036\206\030<\326"
 1285      03D42211 
 1285      F817852A 
 1285      1E86183C 
 1285      D6
 1286 061f 3EA0F011 		.ascii	">\240\360\021\205\245\024>\246PM\241\206\302*\012\357"
 1286      85A5143E 
 1286      A6504DA1 
 1286      86C22A0A 
 1286      EF
 1287 0630 537887C2 		.ascii	"Sx\207\302:\012+(\276AB\035\205w),\247\360!\205\225"
 1287      3A0A2B28 
 1287      BE41421D 
 1287      8577292C 
 1287      A7F02185 
 1288 0645 141653C0 		.ascii	"\024\026S\300\007q\015\205\367(,\243POa\011\205O)\254"
 1288      07710D85 
 1288      F7282CA3 
 1288      504F6109 
 1288      854F29AC 
 1289 0659 E52F495C 		.ascii	"\345/I\\\312CK\356\374\344]#\312^b\352\375:y-\005f\266"
 1289      CA434BEE 
 1289      FCE45D23 
 1289      CA5E62EA 
 1289      FD3A792D 
 1290 0670 89294F5E 		.ascii	"\211)O^'\201\25131\247\023xNu\343Ymb\026%\360\374\327"
 1290      2781A933 
 1290      31A71378 
 1290      4E75E359 
 1290      6D621625 
 1291 0687 6A718509 		.ascii	"jq\205\011\251H~\202\005\3152\023\323\236\220\352\234"
 1291      A9487E82 
 1291      05CD3213 
 1291      D39E90EA 
 1291      9C
 1292 0698 4EC3D648 		.ascii	"N\303\326H\374\300\252>x\366Q\352s=\373\015\353\351"
 1292      FCC0AA3E 
 1292      78F651EA 
 1292      733DFB0D 
 1292      EBE9
 1293 06aa FFA9E3FC 		.ascii	"\377\251\343\374\260\235v\375+f\375\270n\260\244}\306"
 1293      B09D76FD 
 1293      2B66FDB8 
 1293      6EB0A47D 
 1293      C6
 1294 06bb CFC74689 		.ascii	"\317\307F\211\274\260\240Fmj\250\352\034\212\007\025"
 1294      BCB0A046 
 1294      6D6AA8EA 
 1294      1C8A0715 
 1295 06cb BE2EEC90 		.ascii	"\276.\354\220\370\213F\003\325\177\246a#\305\261\361"
 1295      F88B4603 
 1295      D57FA661 
 1295      23C5B1F1 
 1296 06db E37ECFCE 		.ascii	"\343~\317\316\366\351\001w\3465\326_\000u6\226\222\316"
 1296      F6E90177 
 1296      E635D65F 
ARM GAS  C:\Users\ziemannt\AppData\Local\Temp\cckiqtv9.s 			page 45


 1296      00753696 
 1296      92CE
 1297 06ed DF663E37 		.ascii	"\337f>7\360\215\024\307\006\276\315\316\316\350\370"
 1297      F08D14C7 
 1297      06BECDCE 
 1297      CEE8F8
 1298 06fc FAB58D25 		.ascii	"\372\265\215%\370\336\260\340u\376\363\336d\2007Q\034"
 1298      F8DEB0E0 
 1298      75FEF3DE 
 1298      64803751 
 1298      1C
 1299 070d 9BAF5976 		.ascii	"\233\257Yvv[\200\017\031`d\336l\200\233Q\272\011n\260"
 1299      765B800F 
 1299      196064DE 
 1299      6C809B51 
 1299      BA096EB0 
 1300 0721 33D5A62B 		.ascii	"3\325\246+\271\321x\331T\202\312\267\030\370\255\024"
 1300      B9D178D9 
 1300      5482CAB7 
 1300      18F8AD14 
 1301 0731 C7067E95 		.ascii	"\307\006~\225\235\275-\360\025\233,\345\370\022\263"
 1301      9DBD2DF0 
 1301      159B2CE5 
 1301      F812B3
 1302 0740 CDC06FA7 		.ascii	"\315\300o\24786\360\213\355\344\027\203\007{\360\277"
 1302      3836F08B 
 1302      EDE41783 
 1302      077BF0BF 
 1303 0750 A030FA66 		.ascii	"\2400\372f4\026\367y\275^O,\356)\314/\362\304K\013\370"
 1303      3416F779 
 1303      BD5E4F2C 
 1303      EE29CC2F 
 1303      F2C44B0B 
 1304 0765 3D145706 		.ascii	"=\024W\006\0278G\215\177\303\355\367\016'\351\206gp"
 1304      1738478D 
 1304      7FC3EDF7 
 1304      0E27E986 
 1304      6770
 1305 0777 C1D0A16F 		.ascii	"\301\320\241o\346\277\374J\001I\211\377#\256D\213#!"
 1305      E6BFFC4A 
 1305      014989FF 
 1305      23AE448B 
 1305      2321
 1306 0789 85798791 		.ascii	"\205y\207\221\224\374\322\342\251\303#/\025\023\271"
 1306      94FCD2E2 
 1306      A9C3232F 
 1306      1513B9
 1307 0798 2056AA44 		.ascii	" V\252D\376\376R\361\313\304\036WFO\216*\303\374\277"
 1307      FEFE52F1 
 1307      CBC41E57 
 1307      464F8E2A 
 1307      C3FCBF
 1308 07ab 9EE8E789 		.ascii	"\236\350\347\211\202\312\224p46\361\255X\351_\343%\371"
 1308      82CA9470 
 1308      3436F1AD 
 1308      58E95FE3 
 1308      25F9
ARM GAS  C:\Users\ziemannt\AppData\Local\Temp\cckiqtv9.s 			page 46


 1309 07bd 0591D094 		.ascii	"\005\221\320\224x\244tb0\366\027\345\255\374\322\210"
 1309      78A47462 
 1309      30F617E5 
 1309      ADFCD288 
 1310 07cd 3B1C9D   		.ascii	";\034\235"
 1311 07d0 1455F28B 		.ascii	"\024U\362\213\334\341\322\350\324H)\371\3453I$\256\270"
 1311      DCE1D2E8 
 1311      D44829F9 
 1311      E5334924 
 1311      AEB8
 1312 07e2 322AA2F8 		.ascii	"2*\242\370cS&+\221R\234\004\225\374ReD\021\352\351\303"
 1312      6353262B 
 1312      91529C04 
 1312      95FC5265 
 1312      4411EAE9 
 1313 07f7 27B1126D 		.ascii	"'\261\022m,\3438\242\030\303Qb\230\212\002\343\332h"
 1313      2CE338A2 
 1313      18C35162 
 1313      988A02E3 
 1313      DA68
 1314 0809 44818249 		.ascii	"D\201\202Im\241\327b\261\"\214\013\025\025\205CQ\324"
 1314      6DA1D762 
 1314      B1228C0B 
 1314      15158543 
 1314      51D4
 1315 081b 9EFD5411 		.ascii	"\236\375T\021%Xf\334\023\314\033\227\345\363\214\035"
 1315      255866DC 
 1315      13CC1B97 
 1315      E5F38C1D 
 1316 082b 9BE309FE 		.ascii	"\233\343\011\376)\2307\332?f\252WH\343\024\203\013\011"
 1316      299837DA 
 1316      3F66AA57 
 1316      48E31483 
 1316      0B09
 1317 083d CBF1079C 		.ascii	"\313\361\007\234S\242\223\225,_HI\011\344\006s\003\177"
 1317      53A29395 
 1317      2C5F4849 
 1317      09E40673 
 1317      037F
 1318 084f C8CD1942 		.ascii	"\310\315\031B\177\037`#F\372\320\274\266\274\321\301"
 1318      7F1F6023 
 1318      46FAD0BC 
 1318      B6BCD1C1 
 1319 085f DCB12CD7 		.ascii	"\334\261,\327\037\220r\362\002>\233\337?.\220%\371\375"
 1319      1F9072F2 
 1319      023E9BDF 
 1319      3F2E9025 
 1319      F9FD
 1320 0871 7F0C48AF 		.ascii	"\177\014H\257\241\203\371\375\001\026@\033\021\010\260"
 1320      A183F9FD 
 1320      0116401B 
 1320      1108B0
 1321 0880 09413FF3 		.ascii	"\011A?\363\217\317\303os\003\032P\207{Y\356\250\000"
 1321      8FCFC36F 
 1321      73031A50 
 1321      877B59EE 
 1321      A800
ARM GAS  C:\Users\ziemannt\AppData\Local\Temp\cckiqtv9.s 			page 47


 1322 0892 0D22C1E8 		.ascii	"\015\"\301\350\334\200\024\034\207h\177\300\207\346"
 1322      DC80141C 
 1322      87687FC0 
 1322      87E6
 1323 08a0 9572C68D 		.ascii	"\225r\306\215\010\274\372\314E\344\215\036\207\005\304"
 1323      08BCFACC 
 1323      45E48D1E 
 1323      8705C4
 1324 08af 9562AE36 		.ascii	"\225b\2566Z\214\372\373\230\223\220\222.\0323)\242\204"
 1324      5A8CFAFB 
 1324      98939092 
 1324      2E1A3329 
 1324      A284
 1325 08c1 0AF4861B 		.ascii	"\012\364\206\033\2568\357z(\237\267\362G\246+V\242{"
 1325      AE38EF7A 
 1325      289FB7F2 
 1325      47A62B56 
 1325      A27B
 1326 08d3 D20C4F44 		.ascii	"\322\014ODItL2\034\317\033-\217\353\363P\276\266\036"
 1326      49744C32 
 1326      1CCF1B2D 
 1326      8FEBF350 
 1326      BEB61E
 1327 08e6 FF03E520 		.ascii	"\377\003\345 \334$"
 1327      DC24
 1328              		.text
 1329              		.section	.gnu.lto_.symtab.5f34d37,"e",%progbits
 1330 0000 7374496E 		.ascii	"stInit\000"
 1330      697400
 1331 0007 00       		.ascii	"\000"
 1332 0008 00       		.ascii	"\000"
 1333 0009 00       		.ascii	"\000"
 1334 000a 00000000 		.ascii	"\000\000\000\000\000\000\000\000"
 1334      00000000 
 1335 0012 C2000000 		.ascii	"\302\000\000\000"
 1336 0016 73744765 		.ascii	"stGetCounter\000"
 1336      74436F75 
 1336      6E746572 
 1336      00
 1337 0023 00       		.ascii	"\000"
 1338 0024 00       		.ascii	"\000"
 1339 0025 00       		.ascii	"\000"
 1340 0026 00000000 		.ascii	"\000\000\000\000\000\000\000\000"
 1340      00000000 
 1341 002e C5000000 		.ascii	"\305\000\000\000"
 1342 0032 73745374 		.ascii	"stStartAlarm\000"
 1342      61727441 
 1342      6C61726D 
 1342      00
 1343 003f 00       		.ascii	"\000"
 1344 0040 00       		.ascii	"\000"
 1345 0041 00       		.ascii	"\000"
 1346 0042 00000000 		.ascii	"\000\000\000\000\000\000\000\000"
 1346      00000000 
 1347 004a C9000000 		.ascii	"\311\000\000\000"
 1348 004e 73745374 		.ascii	"stStopAlarm\000"
 1348      6F70416C 
ARM GAS  C:\Users\ziemannt\AppData\Local\Temp\cckiqtv9.s 			page 48


 1348      61726D00 
 1349 005a 00       		.ascii	"\000"
 1350 005b 00       		.ascii	"\000"
 1351 005c 00       		.ascii	"\000"
 1352 005d 00000000 		.ascii	"\000\000\000\000\000\000\000\000"
 1352      00000000 
 1353 0065 CB000000 		.ascii	"\313\000\000\000"
 1354 0069 73745365 		.ascii	"stSetAlarm\000"
 1354      74416C61 
 1354      726D00
 1355 0074 00       		.ascii	"\000"
 1356 0075 00       		.ascii	"\000"
 1357 0076 00       		.ascii	"\000"
 1358 0077 00000000 		.ascii	"\000\000\000\000\000\000\000\000"
 1358      00000000 
 1359 007f CD000000 		.ascii	"\315\000\000\000"
 1360 0083 73744765 		.ascii	"stGetAlarm\000"
 1360      74416C61 
 1360      726D00
 1361 008e 00       		.ascii	"\000"
 1362 008f 00       		.ascii	"\000"
 1363 0090 00       		.ascii	"\000"
 1364 0091 00000000 		.ascii	"\000\000\000\000\000\000\000\000"
 1364      00000000 
 1365 0099 CF000000 		.ascii	"\317\000\000\000"
 1366 009d 73744973 		.ascii	"stIsAlarmActive\000"
 1366      416C6172 
 1366      6D416374 
 1366      69766500 
 1367 00ad 00       		.ascii	"\000"
 1368 00ae 00       		.ascii	"\000"
 1369 00af 00       		.ascii	"\000"
 1370 00b0 00000000 		.ascii	"\000\000\000\000\000\000\000\000"
 1370      00000000 
 1371 00b8 D6000000 		.ascii	"\326\000\000\000"
 1372 00bc 73745F6C 		.ascii	"st_lld_init\000"
 1372      6C645F69 
 1372      6E697400 
 1373 00c8 00       		.ascii	"\000"
 1374 00c9 02       		.ascii	"\002"
 1375 00ca 00       		.ascii	"\000"
 1376 00cb 00000000 		.ascii	"\000\000\000\000\000\000\000\000"
 1376      00000000 
 1377 00d3 D8000000 		.ascii	"\330\000\000\000"
 1378              		.text
 1379              		.section	.gnu.lto_.ext_symtab.5f34d37,"e",%progbits
 1380 0000 01       		.ascii	"\001"
 1381 0001 01       		.ascii	"\001"
 1382 0002 00       		.ascii	"\000"
 1383 0003 01       		.ascii	"\001"
 1384 0004 00       		.ascii	"\000"
 1385 0005 01       		.ascii	"\001"
 1386 0006 00       		.ascii	"\000"
 1387 0007 01       		.ascii	"\001"
 1388 0008 00       		.ascii	"\000"
 1389 0009 01       		.ascii	"\001"
 1390 000a 00       		.ascii	"\000"
ARM GAS  C:\Users\ziemannt\AppData\Local\Temp\cckiqtv9.s 			page 49


 1391 000b 01       		.ascii	"\001"
 1392 000c 00       		.ascii	"\000"
 1393 000d 01       		.ascii	"\001"
 1394 000e 00       		.ascii	"\000"
 1395 000f 01       		.ascii	"\001"
 1396 0010 00       		.ascii	"\000"
 1397              		.text
 1398              		.section	.gnu.lto_.opts,"e",%progbits
 1399 0000 272D666E 		.ascii	"'-fno-openmp' '-fno-openacc' '-fno-pie' '-fcf-prote"
 1399      6F2D6F70 
 1399      656E6D70 
 1399      2720272D 
 1399      666E6F2D 
 1400 0033 6374696F 		.ascii	"ction=none' '-g' '-mcpu=cortex-m4' '-mthumb' '-mflo"
 1400      6E3D6E6F 
 1400      6E652720 
 1400      272D6727 
 1400      20272D6D 
 1401 0066 61742D61 		.ascii	"at-abi=soft' '-mlibarch=armv7e-m' '-march=armv7e-m'"
 1401      62693D73 
 1401      6F667427 
 1401      20272D6D 
 1401      6C696261 
 1402 0099 20272D4F 		.ascii	" '-O2' '-fomit-frame-pointer' '-falign-functions=16"
 1402      32272027 
 1402      2D666F6D 
 1402      69742D66 
 1402      72616D65 
 1403 00cc 2720272D 		.ascii	"' '-ffunction-sections' '-fdata-sections' '-fno-com"
 1403      6666756E 
 1403      6374696F 
 1403      6E2D7365 
 1403      6374696F 
 1404 00ff 6D6F6E27 		.ascii	"mon' '-flto' '-Xassembler' '-alms=./build/lst/hal_s"
 1404      20272D66 
 1404      6C746F27 
 1404      20272D58 
 1404      61737365 
 1405 0132 742E6C73 		.ascii	"t.lst'\000"
 1405      742700
 1406              		.text
 1407              		.comm	__gnu_lto_slim,1,1
 1408              		.ident	"GCC: (GNU Arm Embedded Toolchain 10.3-2021.07) 10.3.1 20210621 (release)"
ARM GAS  C:\Users\ziemannt\AppData\Local\Temp\cckiqtv9.s 			page 50


DEFINED SYMBOLS
                            *ABS*:00000000 hal_st.c
C:\Users\ziemannt\AppData\Local\Temp\cckiqtv9.s:22     .gnu.debuglto_.debug_info:00000000 hal_st.c.c55ba49c
                            *COM*:00000001 __gnu_lto_slim

NO UNDEFINED SYMBOLS
