ARM GAS  C:\Users\zerog\AppData\Local\Temp\ccdGDece.s 			page 1


   1              		.cpu cortex-m4
   2              		.eabi_attribute 20, 1
   3              		.eabi_attribute 21, 1
   4              		.eabi_attribute 23, 3
   5              		.eabi_attribute 24, 1
   6              		.eabi_attribute 25, 1
   7              		.eabi_attribute 26, 1
   8              		.eabi_attribute 30, 2
   9              		.eabi_attribute 34, 1
  10              		.eabi_attribute 18, 4
  11              		.file	"memstreams.c"
  12              		.file 1 "c:\\chibistudio\\tools\\gnu tools arm embedded\\10.3 2021.07\\lib\\gcc\\arm-none-eabi\\10
  13              		.file 2 "c:\\chibistudio\\tools\\gnu tools arm embedded\\10.3 2021.07\\arm-none-eabi\\include\\mac
  14              		.file 3 "c:\\chibistudio\\tools\\gnu tools arm embedded\\10.3 2021.07\\arm-none-eabi\\include\\sys
  15              		.file 4 "../../chibios2111/os/rt/include/chearly.h"
  16              		.file 5 "../../chibios2111/os/hal/lib/streams/memstreams.h"
  17              		.file 6 "../../chibios2111/os/hal/lib/streams/memstreams.c"
  18              		.section	.gnu.debuglto_.debug_info,"e",%progbits
  19              	.Ldebug_info0:
  20              		.hidden	memstreams.c.fe8a6447
  21              		.weak	memstreams.c.fe8a6447
  22              	memstreams.c.fe8a6447:
  23 0000 56030000 		.4byte	0x356
  24 0004 0400     		.2byte	0x4
  25 0006 00000000 		.4byte	.Ldebug_abbrev0
  26 000a 04       		.byte	0x4
  27 000b 01       		.uleb128 0x1
  28 000c 9D000000 		.4byte	.LASF30
  29 0010 0C       		.byte	0xc
  30 0011 68010000 		.4byte	.LASF31
  31 0015 60000000 		.4byte	.LASF32
  32 0019 00000000 		.4byte	.Ldebug_line0
  33 001d 02       		.uleb128 0x2
  34 001e 04       		.byte	0x4
  35 001f 05       		.byte	0x5
  36 0020 696E7400 		.ascii	"int\000"
  37 0024 03       		.uleb128 0x3
  38 0025 0A000000 		.4byte	.LASF4
  39 0029 01       		.byte	0x1
  40 002a D1       		.byte	0xd1
  41 002b 17       		.byte	0x17
  42 002c 30000000 		.4byte	0x30
  43 0030 04       		.uleb128 0x4
  44 0031 04       		.byte	0x4
  45 0032 07       		.byte	0x7
  46 0033 20000000 		.4byte	.LASF0
  47 0037 04       		.uleb128 0x4
  48 0038 08       		.byte	0x8
  49 0039 05       		.byte	0x5
  50 003a 08020000 		.4byte	.LASF1
  51 003e 04       		.uleb128 0x4
  52 003f 08       		.byte	0x8
  53 0040 04       		.byte	0x4
  54 0041 3A000000 		.4byte	.LASF2
  55 0045 04       		.uleb128 0x4
  56 0046 01       		.byte	0x1
  57 0047 06       		.byte	0x6
ARM GAS  C:\Users\zerog\AppData\Local\Temp\ccdGDece.s 			page 2


  58 0048 46000000 		.4byte	.LASF3
  59 004c 03       		.uleb128 0x3
  60 004d 00000000 		.4byte	.LASF5
  61 0051 02       		.byte	0x2
  62 0052 2B       		.byte	0x2b
  63 0053 18       		.byte	0x18
  64 0054 58000000 		.4byte	0x58
  65 0058 04       		.uleb128 0x4
  66 0059 01       		.byte	0x1
  67 005a 08       		.byte	0x8
  68 005b 52000000 		.4byte	.LASF6
  69 005f 04       		.uleb128 0x4
  70 0060 02       		.byte	0x2
  71 0061 05       		.byte	0x5
  72 0062 1D020000 		.4byte	.LASF7
  73 0066 04       		.uleb128 0x4
  74 0067 02       		.byte	0x2
  75 0068 07       		.byte	0x7
  76 0069 8A000000 		.4byte	.LASF8
  77 006d 03       		.uleb128 0x3
  78 006e 16000000 		.4byte	.LASF9
  79 0072 02       		.byte	0x2
  80 0073 4D       		.byte	0x4d
  81 0074 18       		.byte	0x18
  82 0075 79000000 		.4byte	0x79
  83 0079 04       		.uleb128 0x4
  84 007a 04       		.byte	0x4
  85 007b 05       		.byte	0x5
  86 007c 2E020000 		.4byte	.LASF10
  87 0080 04       		.uleb128 0x4
  88 0081 04       		.byte	0x4
  89 0082 07       		.byte	0x7
  90 0083 C1010000 		.4byte	.LASF11
  91 0087 04       		.uleb128 0x4
  92 0088 08       		.byte	0x8
  93 0089 07       		.byte	0x7
  94 008a 51020000 		.4byte	.LASF12
  95 008e 05       		.uleb128 0x5
  96 008f 04       		.byte	0x4
  97 0090 04       		.uleb128 0x4
  98 0091 01       		.byte	0x1
  99 0092 08       		.byte	0x8
 100 0093 DE010000 		.4byte	.LASF13
 101 0097 03       		.uleb128 0x3
 102 0098 E3010000 		.4byte	.LASF14
 103 009c 03       		.byte	0x3
 104 009d 18       		.byte	0x18
 105 009e 13       		.byte	0x13
 106 009f 4C000000 		.4byte	0x4c
 107 00a3 06       		.uleb128 0x6
 108 00a4 97000000 		.4byte	0x97
 109 00a8 03       		.uleb128 0x3
 110 00a9 F8010000 		.4byte	.LASF15
 111 00ad 03       		.byte	0x3
 112 00ae 2C       		.byte	0x2c
 113 00af 13       		.byte	0x13
 114 00b0 6D000000 		.4byte	0x6d
ARM GAS  C:\Users\zerog\AppData\Local\Temp\ccdGDece.s 			page 3


 115 00b4 03       		.uleb128 0x3
 116 00b5 EB010000 		.4byte	.LASF16
 117 00b9 04       		.byte	0x4
 118 00ba 58       		.byte	0x58
 119 00bb 19       		.byte	0x19
 120 00bc A8000000 		.4byte	0xa8
 121 00c0 04       		.uleb128 0x4
 122 00c1 01       		.byte	0x1
 123 00c2 02       		.byte	0x2
 124 00c3 4B020000 		.4byte	.LASF17
 125 00c7 07       		.uleb128 0x7
 126 00c8 04       		.byte	0x4
 127 00c9 97000000 		.4byte	0x97
 128 00cd 08       		.uleb128 0x8
 129 00ce 24000000 		.4byte	0x24
 130 00d2 E6000000 		.4byte	0xe6
 131 00d6 09       		.uleb128 0x9
 132 00d7 8E000000 		.4byte	0x8e
 133 00db 09       		.uleb128 0x9
 134 00dc E6000000 		.4byte	0xe6
 135 00e0 09       		.uleb128 0x9
 136 00e1 24000000 		.4byte	0x24
 137 00e5 00       		.byte	0
 138 00e6 07       		.uleb128 0x7
 139 00e7 04       		.byte	0x4
 140 00e8 A3000000 		.4byte	0xa3
 141 00ec 07       		.uleb128 0x7
 142 00ed 04       		.byte	0x4
 143 00ee CD000000 		.4byte	0xcd
 144 00f2 08       		.uleb128 0x8
 145 00f3 24000000 		.4byte	0x24
 146 00f7 0B010000 		.4byte	0x10b
 147 00fb 09       		.uleb128 0x9
 148 00fc 8E000000 		.4byte	0x8e
 149 0100 09       		.uleb128 0x9
 150 0101 C7000000 		.4byte	0xc7
 151 0105 09       		.uleb128 0x9
 152 0106 24000000 		.4byte	0x24
 153 010a 00       		.byte	0
 154 010b 07       		.uleb128 0x7
 155 010c 04       		.byte	0x4
 156 010d F2000000 		.4byte	0xf2
 157 0111 08       		.uleb128 0x8
 158 0112 B4000000 		.4byte	0xb4
 159 0116 25010000 		.4byte	0x125
 160 011a 09       		.uleb128 0x9
 161 011b 8E000000 		.4byte	0x8e
 162 011f 09       		.uleb128 0x9
 163 0120 97000000 		.4byte	0x97
 164 0124 00       		.byte	0
 165 0125 07       		.uleb128 0x7
 166 0126 04       		.byte	0x4
 167 0127 11010000 		.4byte	0x111
 168 012b 08       		.uleb128 0x8
 169 012c B4000000 		.4byte	0xb4
 170 0130 3A010000 		.4byte	0x13a
 171 0134 09       		.uleb128 0x9
ARM GAS  C:\Users\zerog\AppData\Local\Temp\ccdGDece.s 			page 4


 172 0135 8E000000 		.4byte	0x8e
 173 0139 00       		.byte	0
 174 013a 07       		.uleb128 0x7
 175 013b 04       		.byte	0x4
 176 013c 2B010000 		.4byte	0x12b
 177 0140 0A       		.uleb128 0xa
 178 0141 2D000000 		.4byte	.LASF33
 179 0145 18       		.byte	0x18
 180 0146 05       		.byte	0x5
 181 0147 3D       		.byte	0x3d
 182 0148 08       		.byte	0x8
 183 0149 9C010000 		.4byte	0x19c
 184 014d 0B       		.uleb128 0xb
 185 014e A7010000 		.4byte	.LASF18
 186 0152 05       		.byte	0x5
 187 0153 3E       		.byte	0x3e
 188 0154 03       		.byte	0x3
 189 0155 24000000 		.4byte	0x24
 190 0159 00       		.byte	0
 191 015a 0B       		.uleb128 0xb
 192 015b 62010000 		.4byte	.LASF19
 193 015f 05       		.byte	0x5
 194 0160 3E       		.byte	0x3e
 195 0161 03       		.byte	0x3
 196 0162 EC000000 		.4byte	0xec
 197 0166 04       		.byte	0x4
 198 0167 0B       		.uleb128 0xb
 199 0168 BC010000 		.4byte	.LASF20
 200 016c 05       		.byte	0x5
 201 016d 3E       		.byte	0x3e
 202 016e 03       		.byte	0x3
 203 016f 0B010000 		.4byte	0x10b
 204 0173 08       		.byte	0x8
 205 0174 0C       		.uleb128 0xc
 206 0175 70757400 		.ascii	"put\000"
 207 0179 05       		.byte	0x5
 208 017a 3E       		.byte	0x3e
 209 017b 03       		.byte	0x3
 210 017c 25010000 		.4byte	0x125
 211 0180 0C       		.byte	0xc
 212 0181 0C       		.uleb128 0xc
 213 0182 67657400 		.ascii	"get\000"
 214 0186 05       		.byte	0x5
 215 0187 3E       		.byte	0x3e
 216 0188 03       		.byte	0x3
 217 0189 3A010000 		.4byte	0x13a
 218 018d 10       		.byte	0x10
 219 018e 0B       		.uleb128 0xb
 220 018f D3010000 		.4byte	.LASF21
 221 0193 05       		.byte	0x5
 222 0194 3E       		.byte	0x3e
 223 0195 03       		.byte	0x3
 224 0196 25010000 		.4byte	0x125
 225 019a 14       		.byte	0x14
 226 019b 00       		.byte	0
 227 019c 06       		.uleb128 0x6
 228 019d 40010000 		.4byte	0x140
ARM GAS  C:\Users\zerog\AppData\Local\Temp\ccdGDece.s 			page 5


 229 01a1 0D       		.uleb128 0xd
 230 01a2 14       		.byte	0x14
 231 01a3 05       		.byte	0x5
 232 01a4 46       		.byte	0x46
 233 01a5 09       		.byte	0x9
 234 01a6 EC010000 		.4byte	0x1ec
 235 01aa 0C       		.uleb128 0xc
 236 01ab 766D7400 		.ascii	"vmt\000"
 237 01af 05       		.byte	0x5
 238 01b0 48       		.byte	0x48
 239 01b1 1E       		.byte	0x1e
 240 01b2 EC010000 		.4byte	0x1ec
 241 01b6 00       		.byte	0
 242 01b7 0B       		.uleb128 0xb
 243 01b8 27020000 		.4byte	.LASF22
 244 01bc 05       		.byte	0x5
 245 01bd 49       		.byte	0x49
 246 01be 03       		.byte	0x3
 247 01bf C7000000 		.4byte	0xc7
 248 01c3 04       		.byte	0x4
 249 01c4 0B       		.uleb128 0xb
 250 01c5 D9010000 		.4byte	.LASF23
 251 01c9 05       		.byte	0x5
 252 01ca 49       		.byte	0x49
 253 01cb 03       		.byte	0x3
 254 01cc 24000000 		.4byte	0x24
 255 01d0 08       		.byte	0x8
 256 01d1 0C       		.uleb128 0xc
 257 01d2 656F7300 		.ascii	"eos\000"
 258 01d6 05       		.byte	0x5
 259 01d7 49       		.byte	0x49
 260 01d8 03       		.byte	0x3
 261 01d9 24000000 		.4byte	0x24
 262 01dd 0C       		.byte	0xc
 263 01de 0B       		.uleb128 0xb
 264 01df 16020000 		.4byte	.LASF24
 265 01e3 05       		.byte	0x5
 266 01e4 49       		.byte	0x49
 267 01e5 03       		.byte	0x3
 268 01e6 24000000 		.4byte	0x24
 269 01ea 10       		.byte	0x10
 270 01eb 00       		.byte	0
 271 01ec 07       		.uleb128 0x7
 272 01ed 04       		.byte	0x4
 273 01ee 9C010000 		.4byte	0x19c
 274 01f2 03       		.uleb128 0x3
 275 01f3 37020000 		.4byte	.LASF25
 276 01f7 05       		.byte	0x5
 277 01f8 4A       		.byte	0x4a
 278 01f9 03       		.byte	0x3
 279 01fa A1010000 		.4byte	0x1a1
 280 01fe 0E       		.uleb128 0xe
 281 01ff 766D7400 		.ascii	"vmt\000"
 282 0203 06       		.byte	0x6
 283 0204 64       		.byte	0x64
 284 0205 22       		.byte	0x22
 285 0206 9C010000 		.4byte	0x19c
ARM GAS  C:\Users\zerog\AppData\Local\Temp\ccdGDece.s 			page 6


 286 020a 0F       		.uleb128 0xf
 287 020b 9A010000 		.4byte	.LASF34
 288 020f 06       		.byte	0x6
 289 0210 74       		.byte	0x74
 290 0211 06       		.byte	0x6
 291 0212 47020000 		.4byte	0x247
 292 0216 10       		.uleb128 0x10
 293 0217 6D737000 		.ascii	"msp\000"
 294 021b 06       		.byte	0x6
 295 021c 74       		.byte	0x74
 296 021d 21       		.byte	0x21
 297 021e 47020000 		.4byte	0x247
 298 0222 11       		.uleb128 0x11
 299 0223 27020000 		.4byte	.LASF22
 300 0227 06       		.byte	0x6
 301 0228 74       		.byte	0x74
 302 0229 2F       		.byte	0x2f
 303 022a C7000000 		.4byte	0xc7
 304 022e 11       		.uleb128 0x11
 305 022f D9010000 		.4byte	.LASF23
 306 0233 06       		.byte	0x6
 307 0234 75       		.byte	0x75
 308 0235 1A       		.byte	0x1a
 309 0236 24000000 		.4byte	0x24
 310 023a 10       		.uleb128 0x10
 311 023b 656F7300 		.ascii	"eos\000"
 312 023f 06       		.byte	0x6
 313 0240 75       		.byte	0x75
 314 0241 27       		.byte	0x27
 315 0242 24000000 		.4byte	0x24
 316 0246 00       		.byte	0
 317 0247 07       		.uleb128 0x7
 318 0248 04       		.byte	0x4
 319 0249 F2010000 		.4byte	0x1f2
 320 024d 12       		.uleb128 0x12
 321 024e 44020000 		.4byte	.LASF26
 322 0252 06       		.byte	0x6
 323 0253 58       		.byte	0x58
 324 0254 0E       		.byte	0xe
 325 0255 B4000000 		.4byte	0xb4
 326 0259 7F020000 		.4byte	0x27f
 327 025d 10       		.uleb128 0x10
 328 025e 697000   		.ascii	"ip\000"
 329 0261 06       		.byte	0x6
 330 0262 58       		.byte	0x58
 331 0263 1B       		.byte	0x1b
 332 0264 8E000000 		.4byte	0x8e
 333 0268 10       		.uleb128 0x10
 334 0269 6200     		.ascii	"b\000"
 335 026b 06       		.byte	0x6
 336 026c 58       		.byte	0x58
 337 026d 27       		.byte	0x27
 338 026e 97000000 		.4byte	0x97
 339 0272 0E       		.uleb128 0xe
 340 0273 6D737000 		.ascii	"msp\000"
 341 0277 06       		.byte	0x6
 342 0278 5A       		.byte	0x5a
ARM GAS  C:\Users\zerog\AppData\Local\Temp\ccdGDece.s 			page 7


 343 0279 11       		.byte	0x11
 344 027a 47020000 		.4byte	0x247
 345 027e 00       		.byte	0
 346 027f 12       		.uleb128 0x12
 347 0280 B7010000 		.4byte	.LASF27
 348 0284 06       		.byte	0x6
 349 0285 4D       		.byte	0x4d
 350 0286 0E       		.byte	0xe
 351 0287 B4000000 		.4byte	0xb4
 352 028b B1020000 		.4byte	0x2b1
 353 028f 10       		.uleb128 0x10
 354 0290 697000   		.ascii	"ip\000"
 355 0293 06       		.byte	0x6
 356 0294 4D       		.byte	0x4d
 357 0295 19       		.byte	0x19
 358 0296 8E000000 		.4byte	0x8e
 359 029a 0E       		.uleb128 0xe
 360 029b 6200     		.ascii	"b\000"
 361 029d 06       		.byte	0x6
 362 029e 4E       		.byte	0x4e
 363 029f 0B       		.byte	0xb
 364 02a0 97000000 		.4byte	0x97
 365 02a4 0E       		.uleb128 0xe
 366 02a5 6D737000 		.ascii	"msp\000"
 367 02a9 06       		.byte	0x6
 368 02aa 4F       		.byte	0x4f
 369 02ab 11       		.byte	0x11
 370 02ac 47020000 		.4byte	0x247
 371 02b0 00       		.byte	0
 372 02b1 12       		.uleb128 0x12
 373 02b2 11000000 		.4byte	.LASF28
 374 02b6 06       		.byte	0x6
 375 02b7 43       		.byte	0x43
 376 02b8 0E       		.byte	0xe
 377 02b9 B4000000 		.4byte	0xb4
 378 02bd E3020000 		.4byte	0x2e3
 379 02c1 10       		.uleb128 0x10
 380 02c2 697000   		.ascii	"ip\000"
 381 02c5 06       		.byte	0x6
 382 02c6 43       		.byte	0x43
 383 02c7 19       		.byte	0x19
 384 02c8 8E000000 		.4byte	0x8e
 385 02cc 10       		.uleb128 0x10
 386 02cd 6200     		.ascii	"b\000"
 387 02cf 06       		.byte	0x6
 388 02d0 43       		.byte	0x43
 389 02d1 25       		.byte	0x25
 390 02d2 97000000 		.4byte	0x97
 391 02d6 0E       		.uleb128 0xe
 392 02d7 6D737000 		.ascii	"msp\000"
 393 02db 06       		.byte	0x6
 394 02dc 44       		.byte	0x44
 395 02dd 11       		.byte	0x11
 396 02de 47020000 		.4byte	0x247
 397 02e2 00       		.byte	0
 398 02e3 12       		.uleb128 0x12
 399 02e4 F1010000 		.4byte	.LASF29
ARM GAS  C:\Users\zerog\AppData\Local\Temp\ccdGDece.s 			page 8


 400 02e8 06       		.byte	0x6
 401 02e9 39       		.byte	0x39
 402 02ea 0F       		.byte	0xf
 403 02eb 24000000 		.4byte	0x24
 404 02ef 20030000 		.4byte	0x320
 405 02f3 10       		.uleb128 0x10
 406 02f4 697000   		.ascii	"ip\000"
 407 02f7 06       		.byte	0x6
 408 02f8 39       		.byte	0x39
 409 02f9 1C       		.byte	0x1c
 410 02fa 8E000000 		.4byte	0x8e
 411 02fe 10       		.uleb128 0x10
 412 02ff 627000   		.ascii	"bp\000"
 413 0302 06       		.byte	0x6
 414 0303 39       		.byte	0x39
 415 0304 29       		.byte	0x29
 416 0305 C7000000 		.4byte	0xc7
 417 0309 10       		.uleb128 0x10
 418 030a 6E00     		.ascii	"n\000"
 419 030c 06       		.byte	0x6
 420 030d 39       		.byte	0x39
 421 030e 34       		.byte	0x34
 422 030f 24000000 		.4byte	0x24
 423 0313 0E       		.uleb128 0xe
 424 0314 6D737000 		.ascii	"msp\000"
 425 0318 06       		.byte	0x6
 426 0319 3A       		.byte	0x3a
 427 031a 11       		.byte	0x11
 428 031b 47020000 		.4byte	0x247
 429 031f 00       		.byte	0
 430 0320 13       		.uleb128 0x13
 431 0321 00020000 		.4byte	.LASF35
 432 0325 06       		.byte	0x6
 433 0326 2F       		.byte	0x2f
 434 0327 0F       		.byte	0xf
 435 0328 24000000 		.4byte	0x24
 436 032c 10       		.uleb128 0x10
 437 032d 697000   		.ascii	"ip\000"
 438 0330 06       		.byte	0x6
 439 0331 2F       		.byte	0x2f
 440 0332 1D       		.byte	0x1d
 441 0333 8E000000 		.4byte	0x8e
 442 0337 10       		.uleb128 0x10
 443 0338 627000   		.ascii	"bp\000"
 444 033b 06       		.byte	0x6
 445 033c 2F       		.byte	0x2f
 446 033d 30       		.byte	0x30
 447 033e E6000000 		.4byte	0xe6
 448 0342 10       		.uleb128 0x10
 449 0343 6E00     		.ascii	"n\000"
 450 0345 06       		.byte	0x6
 451 0346 2F       		.byte	0x2f
 452 0347 3B       		.byte	0x3b
 453 0348 24000000 		.4byte	0x24
 454 034c 0E       		.uleb128 0xe
 455 034d 6D737000 		.ascii	"msp\000"
 456 0351 06       		.byte	0x6
ARM GAS  C:\Users\zerog\AppData\Local\Temp\ccdGDece.s 			page 9


 457 0352 30       		.byte	0x30
 458 0353 11       		.byte	0x11
 459 0354 47020000 		.4byte	0x247
 460 0358 00       		.byte	0
 461 0359 00       		.byte	0
 462              		.section	.gnu.debuglto_.debug_abbrev,"e",%progbits
 463              	.Ldebug_abbrev0:
 464 0000 01       		.uleb128 0x1
 465 0001 11       		.uleb128 0x11
 466 0002 01       		.byte	0x1
 467 0003 25       		.uleb128 0x25
 468 0004 0E       		.uleb128 0xe
 469 0005 13       		.uleb128 0x13
 470 0006 0B       		.uleb128 0xb
 471 0007 03       		.uleb128 0x3
 472 0008 0E       		.uleb128 0xe
 473 0009 1B       		.uleb128 0x1b
 474 000a 0E       		.uleb128 0xe
 475 000b 10       		.uleb128 0x10
 476 000c 17       		.uleb128 0x17
 477 000d 00       		.byte	0
 478 000e 00       		.byte	0
 479 000f 02       		.uleb128 0x2
 480 0010 24       		.uleb128 0x24
 481 0011 00       		.byte	0
 482 0012 0B       		.uleb128 0xb
 483 0013 0B       		.uleb128 0xb
 484 0014 3E       		.uleb128 0x3e
 485 0015 0B       		.uleb128 0xb
 486 0016 03       		.uleb128 0x3
 487 0017 08       		.uleb128 0x8
 488 0018 00       		.byte	0
 489 0019 00       		.byte	0
 490 001a 03       		.uleb128 0x3
 491 001b 16       		.uleb128 0x16
 492 001c 00       		.byte	0
 493 001d 03       		.uleb128 0x3
 494 001e 0E       		.uleb128 0xe
 495 001f 3A       		.uleb128 0x3a
 496 0020 0B       		.uleb128 0xb
 497 0021 3B       		.uleb128 0x3b
 498 0022 0B       		.uleb128 0xb
 499 0023 39       		.uleb128 0x39
 500 0024 0B       		.uleb128 0xb
 501 0025 49       		.uleb128 0x49
 502 0026 13       		.uleb128 0x13
 503 0027 00       		.byte	0
 504 0028 00       		.byte	0
 505 0029 04       		.uleb128 0x4
 506 002a 24       		.uleb128 0x24
 507 002b 00       		.byte	0
 508 002c 0B       		.uleb128 0xb
 509 002d 0B       		.uleb128 0xb
 510 002e 3E       		.uleb128 0x3e
 511 002f 0B       		.uleb128 0xb
 512 0030 03       		.uleb128 0x3
 513 0031 0E       		.uleb128 0xe
ARM GAS  C:\Users\zerog\AppData\Local\Temp\ccdGDece.s 			page 10


 514 0032 00       		.byte	0
 515 0033 00       		.byte	0
 516 0034 05       		.uleb128 0x5
 517 0035 0F       		.uleb128 0xf
 518 0036 00       		.byte	0
 519 0037 0B       		.uleb128 0xb
 520 0038 0B       		.uleb128 0xb
 521 0039 00       		.byte	0
 522 003a 00       		.byte	0
 523 003b 06       		.uleb128 0x6
 524 003c 26       		.uleb128 0x26
 525 003d 00       		.byte	0
 526 003e 49       		.uleb128 0x49
 527 003f 13       		.uleb128 0x13
 528 0040 00       		.byte	0
 529 0041 00       		.byte	0
 530 0042 07       		.uleb128 0x7
 531 0043 0F       		.uleb128 0xf
 532 0044 00       		.byte	0
 533 0045 0B       		.uleb128 0xb
 534 0046 0B       		.uleb128 0xb
 535 0047 49       		.uleb128 0x49
 536 0048 13       		.uleb128 0x13
 537 0049 00       		.byte	0
 538 004a 00       		.byte	0
 539 004b 08       		.uleb128 0x8
 540 004c 15       		.uleb128 0x15
 541 004d 01       		.byte	0x1
 542 004e 27       		.uleb128 0x27
 543 004f 19       		.uleb128 0x19
 544 0050 49       		.uleb128 0x49
 545 0051 13       		.uleb128 0x13
 546 0052 01       		.uleb128 0x1
 547 0053 13       		.uleb128 0x13
 548 0054 00       		.byte	0
 549 0055 00       		.byte	0
 550 0056 09       		.uleb128 0x9
 551 0057 05       		.uleb128 0x5
 552 0058 00       		.byte	0
 553 0059 49       		.uleb128 0x49
 554 005a 13       		.uleb128 0x13
 555 005b 00       		.byte	0
 556 005c 00       		.byte	0
 557 005d 0A       		.uleb128 0xa
 558 005e 13       		.uleb128 0x13
 559 005f 01       		.byte	0x1
 560 0060 03       		.uleb128 0x3
 561 0061 0E       		.uleb128 0xe
 562 0062 0B       		.uleb128 0xb
 563 0063 0B       		.uleb128 0xb
 564 0064 3A       		.uleb128 0x3a
 565 0065 0B       		.uleb128 0xb
 566 0066 3B       		.uleb128 0x3b
 567 0067 0B       		.uleb128 0xb
 568 0068 39       		.uleb128 0x39
 569 0069 0B       		.uleb128 0xb
 570 006a 01       		.uleb128 0x1
ARM GAS  C:\Users\zerog\AppData\Local\Temp\ccdGDece.s 			page 11


 571 006b 13       		.uleb128 0x13
 572 006c 00       		.byte	0
 573 006d 00       		.byte	0
 574 006e 0B       		.uleb128 0xb
 575 006f 0D       		.uleb128 0xd
 576 0070 00       		.byte	0
 577 0071 03       		.uleb128 0x3
 578 0072 0E       		.uleb128 0xe
 579 0073 3A       		.uleb128 0x3a
 580 0074 0B       		.uleb128 0xb
 581 0075 3B       		.uleb128 0x3b
 582 0076 0B       		.uleb128 0xb
 583 0077 39       		.uleb128 0x39
 584 0078 0B       		.uleb128 0xb
 585 0079 49       		.uleb128 0x49
 586 007a 13       		.uleb128 0x13
 587 007b 38       		.uleb128 0x38
 588 007c 0B       		.uleb128 0xb
 589 007d 00       		.byte	0
 590 007e 00       		.byte	0
 591 007f 0C       		.uleb128 0xc
 592 0080 0D       		.uleb128 0xd
 593 0081 00       		.byte	0
 594 0082 03       		.uleb128 0x3
 595 0083 08       		.uleb128 0x8
 596 0084 3A       		.uleb128 0x3a
 597 0085 0B       		.uleb128 0xb
 598 0086 3B       		.uleb128 0x3b
 599 0087 0B       		.uleb128 0xb
 600 0088 39       		.uleb128 0x39
 601 0089 0B       		.uleb128 0xb
 602 008a 49       		.uleb128 0x49
 603 008b 13       		.uleb128 0x13
 604 008c 38       		.uleb128 0x38
 605 008d 0B       		.uleb128 0xb
 606 008e 00       		.byte	0
 607 008f 00       		.byte	0
 608 0090 0D       		.uleb128 0xd
 609 0091 13       		.uleb128 0x13
 610 0092 01       		.byte	0x1
 611 0093 0B       		.uleb128 0xb
 612 0094 0B       		.uleb128 0xb
 613 0095 3A       		.uleb128 0x3a
 614 0096 0B       		.uleb128 0xb
 615 0097 3B       		.uleb128 0x3b
 616 0098 0B       		.uleb128 0xb
 617 0099 39       		.uleb128 0x39
 618 009a 0B       		.uleb128 0xb
 619 009b 01       		.uleb128 0x1
 620 009c 13       		.uleb128 0x13
 621 009d 00       		.byte	0
 622 009e 00       		.byte	0
 623 009f 0E       		.uleb128 0xe
 624 00a0 34       		.uleb128 0x34
 625 00a1 00       		.byte	0
 626 00a2 03       		.uleb128 0x3
 627 00a3 08       		.uleb128 0x8
ARM GAS  C:\Users\zerog\AppData\Local\Temp\ccdGDece.s 			page 12


 628 00a4 3A       		.uleb128 0x3a
 629 00a5 0B       		.uleb128 0xb
 630 00a6 3B       		.uleb128 0x3b
 631 00a7 0B       		.uleb128 0xb
 632 00a8 39       		.uleb128 0x39
 633 00a9 0B       		.uleb128 0xb
 634 00aa 49       		.uleb128 0x49
 635 00ab 13       		.uleb128 0x13
 636 00ac 00       		.byte	0
 637 00ad 00       		.byte	0
 638 00ae 0F       		.uleb128 0xf
 639 00af 2E       		.uleb128 0x2e
 640 00b0 01       		.byte	0x1
 641 00b1 3F       		.uleb128 0x3f
 642 00b2 19       		.uleb128 0x19
 643 00b3 03       		.uleb128 0x3
 644 00b4 0E       		.uleb128 0xe
 645 00b5 3A       		.uleb128 0x3a
 646 00b6 0B       		.uleb128 0xb
 647 00b7 3B       		.uleb128 0x3b
 648 00b8 0B       		.uleb128 0xb
 649 00b9 39       		.uleb128 0x39
 650 00ba 0B       		.uleb128 0xb
 651 00bb 27       		.uleb128 0x27
 652 00bc 19       		.uleb128 0x19
 653 00bd 01       		.uleb128 0x1
 654 00be 13       		.uleb128 0x13
 655 00bf 00       		.byte	0
 656 00c0 00       		.byte	0
 657 00c1 10       		.uleb128 0x10
 658 00c2 05       		.uleb128 0x5
 659 00c3 00       		.byte	0
 660 00c4 03       		.uleb128 0x3
 661 00c5 08       		.uleb128 0x8
 662 00c6 3A       		.uleb128 0x3a
 663 00c7 0B       		.uleb128 0xb
 664 00c8 3B       		.uleb128 0x3b
 665 00c9 0B       		.uleb128 0xb
 666 00ca 39       		.uleb128 0x39
 667 00cb 0B       		.uleb128 0xb
 668 00cc 49       		.uleb128 0x49
 669 00cd 13       		.uleb128 0x13
 670 00ce 00       		.byte	0
 671 00cf 00       		.byte	0
 672 00d0 11       		.uleb128 0x11
 673 00d1 05       		.uleb128 0x5
 674 00d2 00       		.byte	0
 675 00d3 03       		.uleb128 0x3
 676 00d4 0E       		.uleb128 0xe
 677 00d5 3A       		.uleb128 0x3a
 678 00d6 0B       		.uleb128 0xb
 679 00d7 3B       		.uleb128 0x3b
 680 00d8 0B       		.uleb128 0xb
 681 00d9 39       		.uleb128 0x39
 682 00da 0B       		.uleb128 0xb
 683 00db 49       		.uleb128 0x49
 684 00dc 13       		.uleb128 0x13
ARM GAS  C:\Users\zerog\AppData\Local\Temp\ccdGDece.s 			page 13


 685 00dd 00       		.byte	0
 686 00de 00       		.byte	0
 687 00df 12       		.uleb128 0x12
 688 00e0 2E       		.uleb128 0x2e
 689 00e1 01       		.byte	0x1
 690 00e2 03       		.uleb128 0x3
 691 00e3 0E       		.uleb128 0xe
 692 00e4 3A       		.uleb128 0x3a
 693 00e5 0B       		.uleb128 0xb
 694 00e6 3B       		.uleb128 0x3b
 695 00e7 0B       		.uleb128 0xb
 696 00e8 39       		.uleb128 0x39
 697 00e9 0B       		.uleb128 0xb
 698 00ea 27       		.uleb128 0x27
 699 00eb 19       		.uleb128 0x19
 700 00ec 49       		.uleb128 0x49
 701 00ed 13       		.uleb128 0x13
 702 00ee 01       		.uleb128 0x1
 703 00ef 13       		.uleb128 0x13
 704 00f0 00       		.byte	0
 705 00f1 00       		.byte	0
 706 00f2 13       		.uleb128 0x13
 707 00f3 2E       		.uleb128 0x2e
 708 00f4 01       		.byte	0x1
 709 00f5 03       		.uleb128 0x3
 710 00f6 0E       		.uleb128 0xe
 711 00f7 3A       		.uleb128 0x3a
 712 00f8 0B       		.uleb128 0xb
 713 00f9 3B       		.uleb128 0x3b
 714 00fa 0B       		.uleb128 0xb
 715 00fb 39       		.uleb128 0x39
 716 00fc 0B       		.uleb128 0xb
 717 00fd 27       		.uleb128 0x27
 718 00fe 19       		.uleb128 0x19
 719 00ff 49       		.uleb128 0x49
 720 0100 13       		.uleb128 0x13
 721 0101 00       		.byte	0
 722 0102 00       		.byte	0
 723 0103 00       		.byte	0
 724              		.section	.gnu.debuglto_.debug_line,"e",%progbits
 725              	.Ldebug_line0:
 726 0000 C1010000 		.4byte	.LELT0-.LSLT0
 727              	.LSLT0:
 728 0004 0400     		.2byte	0x4
 729 0006 BB010000 		.4byte	.LELTP0-.LASLTP0
 730              	.LASLTP0:
 731 000a 01       		.byte	0x1
 732 000b 01       		.byte	0x1
 733 000c 01       		.byte	0x1
 734 000d F6       		.byte	0xf6
 735 000e F2       		.byte	0xf2
 736 000f 0D       		.byte	0xd
 737 0010 00       		.byte	0
 738 0011 01       		.byte	0x1
 739 0012 01       		.byte	0x1
 740 0013 01       		.byte	0x1
 741 0014 01       		.byte	0x1
ARM GAS  C:\Users\zerog\AppData\Local\Temp\ccdGDece.s 			page 14


 742 0015 00       		.byte	0
 743 0016 00       		.byte	0
 744 0017 00       		.byte	0
 745 0018 01       		.byte	0x1
 746 0019 00       		.byte	0
 747 001a 00       		.byte	0
 748 001b 01       		.byte	0x1
 749 001c 2E2E2F2E 		.ascii	"../../chibios2111/os/hal/lib/streams"
 749      2E2F6368 
 749      6962696F 
 749      73323131 
 749      312F6F73 
 750 0040 00       		.byte	0
 751 0041 2E2E2F2E 		.ascii	"../../chibios2111/os/rt/include"
 751      2E2F6368 
 751      6962696F 
 751      73323131 
 751      312F6F73 
 752 0060 00       		.byte	0
 753 0061 633A5C63 		.ascii	"c:\\chibistudio\\tools\\gnu tools arm embedded\\10."
 753      68696269 
 753      73747564 
 753      696F5C74 
 753      6F6F6C73 
 754 0090 33203230 		.ascii	"3 2021.07\\arm-none-eabi\\include\\machine"
 754      32312E30 
 754      375C6172 
 754      6D2D6E6F 
 754      6E652D65 
 755 00b7 00       		.byte	0
 756 00b8 633A5C63 		.ascii	"c:\\chibistudio\\tools\\gnu tools arm embedded\\10."
 756      68696269 
 756      73747564 
 756      696F5C74 
 756      6F6F6C73 
 757 00e7 33203230 		.ascii	"3 2021.07\\arm-none-eabi\\include\\sys"
 757      32312E30 
 757      375C6172 
 757      6D2D6E6F 
 757      6E652D65 
 758 010a 00       		.byte	0
 759 010b 633A5C63 		.ascii	"c:\\chibistudio\\tools\\gnu tools arm embedded\\10."
 759      68696269 
 759      73747564 
 759      696F5C74 
 759      6F6F6C73 
 760 013a 33203230 		.ascii	"3 2021.07\\lib\\gcc\\arm-none-eabi\\10.3.1\\include"
 760      32312E30 
 760      375C6C69 
 760      625C6763 
 760      635C6172 
 761 0168 00       		.byte	0
 762 0169 00       		.byte	0
 763 016a 73746464 		.ascii	"stddef.h\000"
 763      65662E68 
 763      00
 764 0173 05       		.uleb128 0x5
ARM GAS  C:\Users\zerog\AppData\Local\Temp\ccdGDece.s 			page 15


 765 0174 00       		.uleb128 0
 766 0175 00       		.uleb128 0
 767 0176 5F646566 		.ascii	"_default_types.h\000"
 767      61756C74 
 767      5F747970 
 767      65732E68 
 767      00
 768 0187 03       		.uleb128 0x3
 769 0188 00       		.uleb128 0
 770 0189 00       		.uleb128 0
 771 018a 5F737464 		.ascii	"_stdint.h\000"
 771      696E742E 
 771      6800
 772 0194 04       		.uleb128 0x4
 773 0195 00       		.uleb128 0
 774 0196 00       		.uleb128 0
 775 0197 63686561 		.ascii	"chearly.h\000"
 775      726C792E 
 775      6800
 776 01a1 02       		.uleb128 0x2
 777 01a2 00       		.uleb128 0
 778 01a3 00       		.uleb128 0
 779 01a4 6D656D73 		.ascii	"memstreams.h\000"
 779      74726561 
 779      6D732E68 
 779      00
 780 01b1 01       		.uleb128 0x1
 781 01b2 00       		.uleb128 0
 782 01b3 00       		.uleb128 0
 783 01b4 6D656D73 		.ascii	"memstreams.c\000"
 783      74726561 
 783      6D732E63 
 783      00
 784 01c1 01       		.uleb128 0x1
 785 01c2 00       		.uleb128 0
 786 01c3 00       		.uleb128 0
 787 01c4 00       		.byte	0
 788              	.LELTP0:
 789              	.LELT0:
 790              		.section	.gnu.debuglto_.debug_str,"eMS",%progbits,1
 791              	.LASF5:
 792 0000 5F5F7569 		.ascii	"__uint8_t\000"
 792      6E74385F 
 792      7400
 793              	.LASF4:
 794 000a 73697A65 		.ascii	"size_t\000"
 794      5F7400
 795              	.LASF28:
 796 0011 5F707574 		.ascii	"_put\000"
 796      00
 797              	.LASF9:
 798 0016 5F5F696E 		.ascii	"__int32_t\000"
 798      7433325F 
 798      7400
 799              	.LASF0:
 800 0020 756E7369 		.ascii	"unsigned int\000"
 800      676E6564 
ARM GAS  C:\Users\zerog\AppData\Local\Temp\ccdGDece.s 			page 16


 800      20696E74 
 800      00
 801              	.LASF33:
 802 002d 4D656D53 		.ascii	"MemStreamVMT\000"
 802      74726561 
 802      6D564D54 
 802      00
 803              	.LASF2:
 804 003a 6C6F6E67 		.ascii	"long double\000"
 804      20646F75 
 804      626C6500 
 805              	.LASF3:
 806 0046 7369676E 		.ascii	"signed char\000"
 806      65642063 
 806      68617200 
 807              	.LASF6:
 808 0052 756E7369 		.ascii	"unsigned char\000"
 808      676E6564 
 808      20636861 
 808      7200
 809              	.LASF32:
 810 0060 433A5C43 		.ascii	"C:\\ChibiStudio\\workspace_user\\CGG_DIGITAL\000"
 810      68696269 
 810      53747564 
 810      696F5C77 
 810      6F726B73 
 811              	.LASF8:
 812 008a 73686F72 		.ascii	"short unsigned int\000"
 812      7420756E 
 812      7369676E 
 812      65642069 
 812      6E7400
 813              	.LASF30:
 814 009d 474E5520 		.ascii	"GNU C17 10.3.1 20210621 (release) -mcpu=cortex-m4 -"
 814      43313720 
 814      31302E33 
 814      2E312032 
 814      30323130 
 815 00d0 6D746875 		.ascii	"mthumb -mfloat-abi=soft -march=armv7e-m -ggdb -O2 -"
 815      6D62202D 
 815      6D666C6F 
 815      61742D61 
 815      62693D73 
 816 0103 666F6D69 		.ascii	"fomit-frame-pointer -falign-functions=16 -ffunction"
 816      742D6672 
 816      616D652D 
 816      706F696E 
 816      74657220 
 817 0136 2D736563 		.ascii	"-sections -fdata-sections -fno-common -flto\000"
 817      74696F6E 
 817      73202D66 
 817      64617461 
 817      2D736563 
 818              	.LASF19:
 819 0162 77726974 		.ascii	"write\000"
 819      6500
 820              	.LASF31:
ARM GAS  C:\Users\zerog\AppData\Local\Temp\ccdGDece.s 			page 17


 821 0168 2E2E2F2E 		.ascii	"../../chibios2111/os/hal/lib/streams/memstreams.c\000"
 821      2E2F6368 
 821      6962696F 
 821      73323131 
 821      312F6F73 
 822              	.LASF34:
 823 019a 6D734F62 		.ascii	"msObjectInit\000"
 823      6A656374 
 823      496E6974 
 823      00
 824              	.LASF18:
 825 01a7 696E7374 		.ascii	"instance_offset\000"
 825      616E6365 
 825      5F6F6666 
 825      73657400 
 826              	.LASF27:
 827 01b7 5F676574 		.ascii	"_get\000"
 827      00
 828              	.LASF20:
 829 01bc 72656164 		.ascii	"read\000"
 829      00
 830              	.LASF11:
 831 01c1 6C6F6E67 		.ascii	"long unsigned int\000"
 831      20756E73 
 831      69676E65 
 831      6420696E 
 831      7400
 832              	.LASF21:
 833 01d3 756E6765 		.ascii	"unget\000"
 833      7400
 834              	.LASF23:
 835 01d9 73697A65 		.ascii	"size\000"
 835      00
 836              	.LASF13:
 837 01de 63686172 		.ascii	"char\000"
 837      00
 838              	.LASF14:
 839 01e3 75696E74 		.ascii	"uint8_t\000"
 839      385F7400 
 840              	.LASF16:
 841 01eb 6D73675F 		.ascii	"msg_t\000"
 841      7400
 842              	.LASF29:
 843 01f1 5F726561 		.ascii	"_reads\000"
 843      647300
 844              	.LASF15:
 845 01f8 696E7433 		.ascii	"int32_t\000"
 845      325F7400 
 846              	.LASF35:
 847 0200 5F777269 		.ascii	"_writes\000"
 847      74657300 
 848              	.LASF1:
 849 0208 6C6F6E67 		.ascii	"long long int\000"
 849      206C6F6E 
 849      6720696E 
 849      7400
 850              	.LASF24:
ARM GAS  C:\Users\zerog\AppData\Local\Temp\ccdGDece.s 			page 18


 851 0216 6F666673 		.ascii	"offset\000"
 851      657400
 852              	.LASF7:
 853 021d 73686F72 		.ascii	"short int\000"
 853      7420696E 
 853      7400
 854              	.LASF22:
 855 0227 62756666 		.ascii	"buffer\000"
 855      657200
 856              	.LASF10:
 857 022e 6C6F6E67 		.ascii	"long int\000"
 857      20696E74 
 857      00
 858              	.LASF25:
 859 0237 4D656D6F 		.ascii	"MemoryStream\000"
 859      72795374 
 859      7265616D 
 859      00
 860              	.LASF26:
 861 0244 5F756E67 		.ascii	"_unget\000"
 861      657400
 862              	.LASF17:
 863 024b 5F426F6F 		.ascii	"_Bool\000"
 863      6C00
 864              	.LASF12:
 865 0251 6C6F6E67 		.ascii	"long long unsigned int\000"
 865      206C6F6E 
 865      6720756E 
 865      7369676E 
 865      65642069 
 866              		.text
 867              		.section	.gnu.lto_.profile.f06d0589,"e",%progbits
 868 0000 789C6362 		.ascii	"x\234cb\000\001\000\000\022\000\003"
 868      00010000 
 868      120003
 869              		.text
 870              		.section	.gnu.lto_.icf.f06d0589,"e",%progbits
 871 0000 789CD361 		.ascii	"x\234\323a@\000v\206\273]\375o\231\031\037/|\267\203"
 871      40007686 
 871      BB5DFD6F 
 871      99191F2F 
 871      7CB783
 872 0013 8DE9C8B4 		.ascii	"\215\351\310\264MGX\230\377>j\354\344eY\270lV3\037\353"
 872      4D475898 
 872      FF3E6AEC 
 872      E46559B8 
 872      6C56331F 
 873 0028 8BAE876D 		.ascii	"\213\256\207m,lo&<\332\305\302\000\000\330\220\024\224"
 873      2C6C6F26 
 873      3CDAC5C2 
 873      0000D890 
 873      1494
 874              		.text
 875              		.section	.gnu.lto_.ipa_sra.f06d0589,"e",%progbits
 876 0000 789CCB63 		.ascii	"x\234\313c@\0006\006&\030\223\231\221\021L1!D\230\231"
 876      40003606 
 876      26189399 
ARM GAS  C:\Users\zerog\AppData\Local\Temp\ccdGDece.s 			page 19


 876      91114C31 
 876      21449899 
 877 0014 C1340703 		.ascii	"\3014\007\003;\204\313\330\310\003\221a\004\252adA\223"
 877      3B84CBD8 
 877      C8039161 
 877      04AA6164 
 877      4193
 878 0026 054B8054 		.ascii	"\005K\200T\200eYY\030\320\000#\003\000~\315\001\353"
 878      80655959 
 878      18D00023 
 878      03007ECD 
 878      01EB
 879              		.text
 880              		.section	.gnu.lto_.inline.f06d0589,"e",%progbits
 881 0000 789CCD92 		.ascii	"x\234\315\222\257N\003A\020\207\177;\263-\033\256MN"
 881      AF4E0341 
 881      10877F3B 
 881      B32D1BAE 
 881      4D4E
 882 0012 56204EF2 		.ascii	"V N\362\030<\001\206\027h\357Z\320\274\000\271&\204"
 882      183C0186 
 882      1768EF5A 
 882      D0BC00B9 
 882      2684
 883 0024 044142F1 		.ascii	"\004AB\361\020D\011\002\203 H(\301a\020$\004G\352\260"
 883      10440902 
 883      83204828 
 883      C1611024 
 883      0447EAB0 
 884 0038 3508A085 		.ascii	"5\010\240\205\271\241w{\374\021\3241g\276\235\335\271"
 884      B9A1777B 
 884      FC11D431 
 884      67BE9DDD 
 884      B9
 885 0049 F96EF656 		.ascii	"\371n\366V\030ET\201\372\366\321\353\204V\015\303\364"
 885      18455481 
 885      FAF6D1EB 
 885      84560DC3 
 885      F4
 886 005a 65879730 		.ascii	"e\207\2270\205\246\202\001G\230\257\366n\236\307\324"
 886      85A68201 
 886      4798AFF6 
 886      6E9EC7D4 
 887 006a 06DCE9F5 		.ascii	"\006\334\351\365\361;\265\011\004\223JPL\260\005\303"
 887      F13BB509 
 887      04934A50 
 887      4CB005C3 
 888 007a FAACF359 		.ascii	"\372\254\363Y\007\253\324F\015\346j\347`\314-BH9#\004"
 888      07ABD446 
 888      0DE66AE7 
 888      60CC2D42 
 888      48392304 
 889 008e 29C56888 		.ascii	")\305h\210\223Am\377\254\367XRj\346J\251)9\261:%\300"
 889      93416DFF 
 889      ACF75852 
 889      6AE64AA9 
 889      2939B13A 
ARM GAS  C:\Users\zerog\AppData\Local\Temp\ccdGDece.s 			page 20


 890 00a4 DCC3F0EE 		.ascii	"\334\303\360\356\362\257N<\334\272\235H\325lN\204`\263"
 890      F2AF4E3C 
 890      DCBA9D48 
 890      D56C4E84 
 890      60B3
 891 00b6 7B72A14E 		.ascii	"{r\241N\353}\246=\026\037S\010}W\003\272\362\356\015"
 891      EB7DA63D 
 891      161F5308 
 891      7D5703BA 
 891      F2EE0D
 892 00c9 99EF678F 		.ascii	"\231\357g\217/j\"Q\021\034Hk'M\316\357_8\266p\242\251"
 892      2F6A2251 
 892      111C486B 
 892      274DCEEF 
 892      5F38B670 
 893 00df DCB26ACF 		.ascii	"\334\262j\317\243\247\364\215\022\213r>\314>k\272\222"
 893      A3A7F48D 
 893      128B723E 
 893      CC3E6BBA 
 893      92
 894 00f0 85AF6E58 		.ascii	"\205\257nX\221d\204Y\017^3\366\227\301\221\022\274e"
 894      91648459 
 894      0F5E33F6 
 894      97C19112 
 894      BC65
 895 0102 900F004E 		.ascii	"\220\017\000N\313f\276TRJd\2009-\370\223\221?\031\025"
 895      CB66BE54 
 895      524A6480 
 895      392DF893 
 895      913F1915 
 896 0116 FB8BD2DE 		.ascii	"\373\213\322\336\3263\325\335\345\354\261?\214K\177"
 896      D633D5DD 
 896      E5ECB13F 
 896      8C4B7F
 897 0125 DF7F14AE 		.ascii	"\337\177\024\256h\353\001wd\236\371%\"\0208\244Nf#\361"
 897      68EB0177 
 897      649EF925 
 897      221038A4 
 897      4E6623F1 
 898 0139 016970C1 		.ascii	"\001ip\301\337"
 898      DF
 899              		.text
 900              		.section	.gnu.lto_.jmpfuncs.f06d0589,"e",%progbits
 901 0000 789C854E 		.ascii	"x\234\205NA\012\2000\014K\326n\036\367c\367\231=\304"
 901      410A8030 
 901      0C4BD66E 
 901      1EF763F7 
 901      993DC4
 902 0013 9BCF72E9 		.ascii	"\233\317r\351\020\034\010\032\0104i\033r\342AA\"\255"
 902      101C081A 
 902      0834691B 
 902      72E24141 
 902      22AD
 903 0025 750B3A85 		.ascii	"u\013:\205\230\323j\232\311\335B\261[\254Q|'\301\303"
 903      98D36A9A 
 903      C9DD42B1 
 903      5BAC517C 
ARM GAS  C:\Users\zerog\AppData\Local\Temp\ccdGDece.s 			page 21


 903      27C1C3
 904 0038 09F112AA 		.ascii	"\011\361\022\252\242\276\265\257)y\246\274N\376S\363"
 904      A2BEB5AF 
 904      2979A6BC 
 904      4EFE53F3 
 905 0048 AC58F55E 		.ascii	"\254X\365^\332]&\210\001\362\2104\031"
 905      DA5D2688 
 905      01F28834 
 905      19
 906              		.text
 907              		.section	.gnu.lto_.pureconst.f06d0589,"e",%progbits
 908 0000 789C1366 		.ascii	"x\234\023f```c\230\305\3028\213\205i\026\013\363,\026"
 908      60606063 
 908      98C5C238 
 908      8B856916 
 908      0BF32C16 
 909 0014 96592CAC 		.ascii	"\226Y,\254\263X\000%\275\003\335"
 909      B3580025 
 909      BD03DD
 910              		.text
 911              		.section	.gnu.lto_.lto.f06d0589,"e",%progbits
 912 0000 09000400 		.ascii	"\011\000\004\000\001\000\000\000"
 912      01000000 
 913              		.text
 914              		.section	.gnu.lto__writes.353.f06d0589,"e",%progbits
 915 0000 789C7D92 		.ascii	"x\234}\222Oh\023A\024\306\3377\263\177\022\333\350M"
 915      4F681341 
 915      14C6DF37 
 915      B37F12DB 
 915      E84D
 916 0012 AF8214D1 		.ascii	"\257\202\024\321C\326\224\372\007\017\242D(\005=\325"
 916      43D694FA 
 916      070FA244 
 916      28053DD5 
 917 0022 63A1266B 		.ascii	"c\241&k\244\301\306\204l\213 H\247Qr\350\245\266\036"
 917      A4C1C684 
 917      6C8B2048 
 917      A75172E8 
 917      A5B61E
 918 0035 BCC45042 		.ascii	"\274\304PB,\026\004A\224Vm5*B\021\005-xP\220\202 V\017"
 918      2C160441 
 918      94566D35 
 918      2A421105 
 918      2D785090 
 919 004d 520AA2A0 		.ascii	"R\012\242\240P\337\314\006\332\202\025v\337\316{\363"
 919      50DFCC06 
 919      DA821576 
 919      DFCE7BF3 
 920 005d 7BF37D33 		.ascii	"{\363}3\263K\202\250DDm\374B\022\306\307F\004)\245\216"
 920      B34B82A8 
 920      44446DFC 
 920      4212C6C7 
 920      460429A5 
 921 0072 BA02C363 		.ascii	"\272\002\303c#?'w\341\011L\016\032\022\030\3025Y\221"
 921      233F2777 
 921      E1094C0E 
 921      1A1218C2 
ARM GAS  C:\Users\zerog\AppData\Local\Temp\ccdGDece.s 			page 22


 921      355991
 922 0085 18977566 		.ascii	"\030\227uf\255\346\010\330\271\247\241\324\257\233\327"
 922      ADE608D8 
 922      B9A7A1D4 
 922      AF9BD7
 923 0094 178F546E 		.ascii	"\027\217Tn5\254\272\024T\345\371\373\300=\360\272\304"
 923      35ACBA14 
 923      54E5F9FB 
 923      C03DF0BA 
 923      C4
 924 00a5 9C3C4DBB 		.ascii	"\234<M\273\231y37\243T\224\352Rb\032\353\030.\370\267"
 924      99793337 
 924      A35494EA 
 924      52621AEB 
 924      182EF8B7 
 925 00b9 1DCD5D0C 		.ascii	"\035\315]\014\271\245&g\341\301F\316\362\247\015w)\344"
 925      B9A52667 
 925      E1C146CE 
 925      F2A70D77 
 925      29E4
 926 00cb 7E373981 		.ascii	"~79\201G\0339\341?sB\345!\035\333\030^^Z(\314+\266g"
 926      471B39E1 
 926      3F7342E5 
 926      211DDB18 
 926      5E5E5A28 
 927 00e3 630E1B0C 		.ascii	"c\016\033\014\372\257\034\207\360\030\332\266>\010~"
 927      FAAF1C87 
 927      F018DAB6 
 927      3E087E
 928 00f2 EF2CD80D 		.ascii	"\357,\330\015\365guT\251\325\317\370\262ho\003/\352"
 928      F5677554 
 928      A9D5CFF8 
 928      B2686F03 
 928      2FEA
 929 0104 081DA40E 		.ascii	"\010\035\244\016\026a\0266\217\\G\007W\327\":D\201\031"
 929      16611636 
 929      8F5C4707 
 929      57D7223A 
 929      448119
 930 0117 B480675B 		.ascii	"\264\200g[\201\207\274\324\250\324\007\252,\250\006"
 930      8187BCD4 
 930      A8D407AA 
 930      2CA806
 931 0126 D15529C2 		.ascii	"\321U)\302d\230\223oP\237\336\306\370S\232\350f\365"
 931      6498936F 
 931      509FDEC6 
 931      F8539AE8 
 931      66F5
 932 0138 9A8C9AD2 		.ascii	"\232\214\232\322\273\030}Giv*V\223h\036\261\015\275"
 932      BB187D47 
 932      69762A56 
 932      93681EB1 
 932      0DBD
 933 014a 89497D13 		.ascii	"\211I}\023\221\272\2140\211\006h_\230\012<\305\015c"
 933      91BA8C30 
 933      8906685F 
 933      980A3CC5 
ARM GAS  C:\Users\zerog\AppData\Local\Temp\ccdGDece.s 			page 23


 933      0D63
 934 015c DCB4EDA8 		.ascii	"\334\264\355\250I\361?\3709\3030\360\345j\371\265\250"
 934      49F13FF8 
 934      39C330F0 
 934      E56AF9B5 
 934      A8
 935 016d 49C93ADC 		.ascii	"I\311:\334\243\013+eA5i\231Z\013\233\021\274\015\316"
 935      A30B2B65 
 935      41356999 
 935      5A0B9B11 
 935      BC0DCE
 936 0180 8DADF727 		.ascii	"\215\255\367'\371W0\022_\267\326\244\275\271\204\213"
 936      F9573012 
 936      5FB7D6A4 
 936      BDB9848B 
 937 0190 172C2142 		.ascii	"\027,!B\211\273\345\037,\341p\203\226XFy\302\245+\020"
 937      89BBE51F 
 937      2CE17083 
 937      96584679 
 937      C2A52B10 
 938 01a4 7519AD6A 		.ascii	"u\031\255j\027f\252\225%\352r\213Q\371\020JL\261\204"
 938      1766AA95 
 938      25EA728B 
 938      51F9104A 
 938      4CB184
 939 01b7 FB2F0973 		.ascii	"\373/\011s\327\363k[\250\224\331`\304xvu\347\362\010"
 939      D7F36B5B 
 939      A894D960 
 939      C4787675 
 939      E7F208
 940 01ca 366D7B19 		.ascii	"6m{\031\2661o\244>\306h\205\217~\277\336 \351{\302\332"
 940      B6316FA4 
 940      3EC66885 
 940      8F7EBFDE 
 940      20E97BC2 
 941 01df 3D11ED4D 		.ascii	"=\021\355M\036\356I\366e\323\331\356\201\3013\331|\317"
 941      1EEE49F6 
 941      65D3D9EE 
 941      81C133D9 
 941      7CCF
 942 01f1 857CF15C 		.ascii	"\205|\361\\PH\371\231\336\301 S\354Ivv\366\036\357\352"
 942      5048F999 
 942      DEC12053 
 942      EC497676 
 942      F61EEFEA 
 943 0205 EC3A75EC 		.ascii	"\354:u\354\004\265\307\343\036?\276\246\363A{\"\221"
 943      04B5C7E3 
 943      1E3FBEA6 
 943      F3417B22 
 943      91
 944 0216 F0F281D7 		.ascii	"\360\362\201\327\227\352\367\372\263i/\030(fR\271\300"
 944      97EAF7FA 
 944      B3692F18 
 944      286652B9 
 944      C0
 945 0227 CB6572CD 		.ascii	"\313er\315a\334'\221-l__\210\237\315\034J\035\350\350"
 945      61DC2791 
ARM GAS  C:\Users\zerog\AppData\Local\Temp\ccdGDece.s 			page 24


 945      2D6C5F5F 
 945      889FCD1C 
 945      4A1DE8E8 
 946 023b 3848225D 		.ascii	"8H\"]\300y\231\013\012\177\001\011?\005\256"
 946      C079990B 
 946      0A7F0109 
 946      3F05AE
 947              		.text
 948              		.section	.gnu.lto__reads.354.f06d0589,"e",%progbits
 949 0000 789C7D92 		.ascii	"x\234}\222Oh\023A\024\306\3377\263\371G\033z\221\236"
 949      4F681341 
 949      14C6DF37 
 949      B3F9471B 
 949      7A919E
 950 0013 BDA8E821 		.ascii	"\275\250\350!1\245\376\301\203(\021CAO\365\030\250\311"
 950      31A5FEC1 
 950      83281143 
 950      414FF518 
 950      A8C9
 951 0025 1A69B031 		.ascii	"\032i\2601!\333\"\010\222i\225\200\271\3244\007=\304"
 951      21DB2208 
 951      92699580 
 951      B9D43407 
 951      3DC4
 952 0037 5096287A 		.ascii	"P\226(z\022\244b\325\250\021\251\026/J\301\203W\017"
 952      12A462D5 
 952      A811A916 
 952      2F4AC183 
 952      570F
 953 0049 42452454 		.ascii	"BE$T\212V\264\372fw\241\015X!\373\262\363\346\367\346"
 953      8A56B4FA 
 953      6677A10D 
 953      5821FBB2 
 953      F3E6F7E6 
 954 005d FBDEBC5D 		.ascii	"\373\336\274]\026DSD\264\223\037H\302L\265\"H)u$ 0Y"
 954      16445344 
 954      B4931F48 
 954      C24CB522 
 954      48297524 
 955 0074 ADBCBE31 		.ascii	"\255\274\2761g\3409\234\004\250$PBM\326%fd\223a\303"
 955      67E0399C 
 955      04A82450 
 955      424DD625 
 955      66649361 
 956 0089 7B03B6EF 		.ascii	"{\003\266\357n+\365\343\326\365\265\303\365;m\243)\005"
 956      6E2BF5E3 
 956      D6F5B5C3 
 956      F53B6DA3 
 956      2905
 957 009b 3578FF01 		.ascii	"5x\377\0010\007>\230\230\223\247i\0273\357Z\363J\205"
 957      30073E98 
 957      9893A769 
 957      1733EF5A 
 957      F34A85
 958 00ae A829251E 		.ascii	"\250)%\036b\023\303\011\363\233Os\027]\356\203\307\031"
 958      6213C309 
 958      F39B4F73 
ARM GAS  C:\Users\zerog\AppData\Local\Temp\ccdGDece.s 			page 25


 958      175DEE83 
 958      C719
 959 00c0 78D4CD19 		.ascii	"x\324\315\031\346\272\303]r\271/\036'\360\244\233\023"
 959      E6BAC35D 
 959      72B92F1E 
 959      27F0A49B 
 959      13
 960 00d1 E655BFAB 		.ascii	"\346U\277\253\\\322q\007\303\235\237K\205E\305\366|"
 960      5CD27107 
 960      C39D9F4B 
 960      8545C5F6 
 960      7C
 961 00e2 788A2E83 		.ascii	"x\212.\203f\315\357'<\203\266\255o\202\237{K\276\266"
 961      66CDEF27 
 961      3C83B6AD 
 961      6F829F7B 
 961      4BBEB6
 962 00f5 FAF5675A 		.ascii	"\372\365gZ\251\267\337\361\251v\274\017|\250_\350 u"
 962      A9B7DFF1 
 962      A976BC0F 
 962      7CA85FE8 
 962      2075
 963 0107 30082DF8 		.ascii	"0\010-\370\264!\277\016\001\235\013\352\020\002\346"
 963      B421BF0E 
 963      019D0BEA 
 963      1002E6
 964 0116 D103DEED 		.ascii	"\321\003\336\355\005\036\363Q\323R\337\2502\240\332"
 964      051EF351 
 964      D352DFA8 
 964      32A0DA
 965 0125 44D7A470 		.ascii	"D\327\244p\027\223\274\370\014\365q5\314\177S\263\303"
 965      1793BCF8 
 965      0CF57135 
 965      CC7F53B3 
 965      C3
 966 0136 AC6ECB90 		.ascii	"\254n\313\220\223Z\013\323WL\265\356\206m\011\357\212"
 966      935A0BD3 
 966      574CB5EE 
 966      866D09EF 
 966      8A
 967 0147 7DD04DDC 		.ascii	"}\320M\334\326\223\0106e\200I\264A{\335\245\300\013"
 967      D6930836 
 967      658049B4 
 967      417BDDA5 
 967      C00B
 968 0159 DC748CEB 		.ascii	"\334t\214\353\262\345~[\212\377\301/\031\206\003_n\224"
 968      B2E57E5B 
 968      8AFFC12F 
 968      1986035F 
 968      6E94
 969 016b 17842D25 		.ascii	"\027\204-%\353p\215N\254\224\005\331\322pr=lFp\033\274"
 969      EB708D4E 
 969      AC9405D9 
 969      D270723D 
 969      6C46701B 
 970 0180 766CFD3E 		.ascii	"vl\375>\311\237\202+\261\315\226\276\255%\014,\260\204"
 970      C99F822B 
ARM GAS  C:\Users\zerog\AppData\Local\Temp\ccdGDece.s 			page 26


 970      B1CD96BE 
 970      AD250C2C 
 970      B084
 971 0192 7025EE97 		.ascii	"p%\356\227\337\363Y~.\320\022\035\224g\003t\005\242"
 971      DFF3597E 
 971      2ED0121D 
 971      94670374 
 971      05A2
 972 01a4 29830DED 		.ascii	")\203\015\355\302\226\275\316.O\305m~\335\223\350\263"
 972      C296BDCE 
 972      2E4FC56D 
 972      7EDD93E8 
 972      B3
 973 01b5 65E05F12 		.ascii	"e\340_\022\316\254\0277Z\250\227\331`\320\361\034\320"
 973      CEAC1737 
 973      5AA897D9 
 973      60D0F11C 
 973      D0
 974 01c6 959D0AB6 		.ascii	"\225\235\012\266,{\343\2261\357HU_\201V\370\356\367"
 974      2C7BE396 
 974      31EF4855 
 974      5F8156F8 
 974      EEF7
 975 01d8 E90E490F 		.ascii	"\351\016I\017\012\033\203\"\332\023?\224\214\217f\323"
 975      0A1B8322 
 975      DA133F94 
 975      8C8F66D3 
 976 01e8 D9E1F189 		.ascii	"\331\341\361\2113\331|\362B\276x\316*\244\314\314\310"
 976      33D97CF2 
 976      42BE78CE 
 976      2AA4CCCC 
 976      C8
 977 01f9 84952926 		.ascii	"\204\225)&\343\211\304\310\261\241\304\320\251\243'"
 977      E389C4C8 
 977      B1A1C4D0 
 977      A9A327
 978 0208 68201289 		.ascii	"h \022\211\362\317\324t\336\032\210\305b\321\274\025"
 978      F2CFD474 
 978      DE1A88C5 
 978      62D1BC15 
 979 0218 1D4D8D45 		.ascii	"\035M\215E\307\262\351\2505^\314\244rV4\227\311y\257"
 979      C7B2E9A8 
 979      355ECCA4 
 979      72563497 
 979      C979AF
 980 022b 119344B6 		.ascii	"\021\223D\266\320\2779\0219\2339\230\332?8x\200D\272"
 980      D0BF3911 
 980      399B3998 
 980      DA3F3878 
 980      8044BA
 981 023e 80F33267 		.ascii	"\200\3632g\025\376\002\360\341\007Q"
 981      15FE02F0 
 981      E10751
 982              		.text
 983              		.section	.gnu.lto__put.355.f06d0589,"e",%progbits
 984 0000 789C7D52 		.ascii	"x\234}RMHTQ\024>\337\275\367\315\233\301\232eE\213h"
 984      4D485451 
ARM GAS  C:\Users\zerog\AppData\Local\Temp\ccdGDece.s 			page 27


 984      143EDFBD 
 984      F7CD9BC1 
 984      9A65458B 
 985 0015 1351C48C 		.ascii	"\023Q\304\214\232T\264\311\260\020\241\235-\005\033"
 985      9A54B4C9 
 985      B010A19D 
 985      2D051B
 986 0024 A709871C 		.ascii	"\247\011\207\034F|J\020\221\327\037\\\214\205\216\005"
 986      467C4A10 
 986      91D71F5C 
 986      8C858E05 
 987 0034 61A8C46B 		.ascii	"a\250\304k\012\333\024\232\222\226\325\210d\020\011"
 987      0ADB149A 
 987      9296D588 
 987      641009
 988 0043 5250EEA2 		.ascii	"RP\356\242\202\320\026!\255\"\354\347\334\367&5\310"
 988      82D01621 
 988      AD22ECE7 
 988      DCF72635 
 988      C8
 989 0054 E0BDC33D 		.ascii	"\340\275\303=\347}?\347\234\373>\012\242V\":\316/,B"
 989      E77D3FE7 
 989      9CFB3E0A 
 989      A256223A 
 989      CE2F2C42 
 990 0068 5F362348 		.ascii	"_6#Hk]n\013\321\231\355\026x\214\341\241}\252#\033^"
 990      6B5D6E0B 
 990      D199ED16 
 990      788CE1A1 
 990      7DAA231B 
 991 007d 78FFFA88 		.ascii	"x\377\372\210\222\270\232\315\274\355/\363\020\012m"
 991      92B89ACD 
 991      BCED2FF3 
 991      100A6D
 992 008c AB6850AB 		.ascii	"\253hP\253\220\012\255\270\"\007$\372dN\022T\341\004"
 992      900AADB8 
 992      220724FA 
 992      644E1254 
 992      E104
 993 009e ECDCC3A0 		.ascii	"\354\334\303\240o\267\256u\317\330\003\303y\225\223"
 993      6FB7AE75 
 993      CFD803C3 
 993      799593
 994 00ad 82861830 		.ascii	"\202\206\0300\016\214\201\215\211\201\362\024\355\316"
 994      0E8C818D 
 994      8981F214 
 994      EDCE
 995 00bb 6B3D3F39 		.ascii	"k=?9\241u\210rR\342\001\326a\270\020\237\266\014\356"
 995      A1758872 
 995      52E201D6 
 995      61B8109F 
 995      B60CEE
 996 00ce BC8F9B1B 		.ascii	"\274\217\233\033\323ZrYa\322\303\355G\261A\251\370K"
 996      D35A7259 
 996      61D2C3ED 
 996      47B141A9 
 996      F84B
ARM GAS  C:\Users\zerog\AppData\Local\Temp\ccdGDece.s 			page 28


 997 00e0 CBD7BB60 		.ascii	"\313\327\273`\342.\206._\272\231\011\367\266\005s\322"
 997      E22E862E 
 997      5FBA9909 
 997      F7B60573 
 997      D2
 998 00f1 C223FCE5 		.ascii	"\302#\374\345\033\177c\005\010S0\335\230\005\360{\357"
 998      1B7F6305 
 998      085330DD 
 998      9805F07B 
 998      EF
 999 0102 9595D72B 		.ascii	"\225\225\327+\277z\264~\267ma\345S0\014V\015\010\023"
 999      BF7AB47E 
 999      B76D61E5 
 999      53300C56 
 999      0D0813
 1000 0115 8C9DAD4C 		.ascii	"\214\235\255L\260L\0320\301\346 B\300\004\212\200\207"
 1000      B04C1A30 
 1000      C1E62042 
 1000      C0048A80 
 1000      87
 1001 0126 2CD023CD 		.ascii	",\320#\315B\264\202\316\023\365J\341'm\234|\206\376"
 1001      42B482CE 
 1001      13F54AE1 
 1001      276D9C7C 
 1001      86FE
 1002 0138 D03F1BE2 		.ascii	"\320?\033\342\215\362\261\375F5\373\2722\344\225\007"
 1002      8DF2B1FD 
 1002      4635FBBA 
 1002      32E49507 
 1003 0148 67415FD0 		.ascii	"gA_\320>ug\263+Q\330\232\0053\300m0\237[\0172\024O@"
 1003      3E7567B3 
 1003      2B51D89A 
 1003      0533C06D 
 1003      309F5B0F 
 1004 0160 C57E1AC2 		.ascii	"\305~\032\302S\014z={\264\255\256\024\377\003O3\330"
 1004      530C7A3D 
 1004      7BB4ADAE 
 1004      14FF034F 
 1004      33D8
 1005 0172 0CB784CE 		.ascii	"\014\267\204\316\305\231\355\354\301xC\346\006\345\364"
 1005      C599EDEC 
 1005      C17843E6 
 1005      06E5F4
 1006 0181 E5A11F72 		.ascii	"\345\241\037r\265\301\221?\235lr\245\334X\322\306\014"
 1006      B5C1913F 
 1006      9D6C72A5 
 1006      DC58D2C6 
 1006      0C
 1007 0192 4B0ACFBF 		.ascii	"K\012\317\277c\264kN\270R1\301\3102\373\372\322\216"
 1007      63B46B4E 
 1007      B85231C1 
 1007      C832FBFA 
 1007      D28E
 1008 01a4 C210FC5F 		.ascii	"\302\020\374_x\012\213\310\031\200\3023\220+\213<\253"
 1008      780A8BC8 
 1008      1980C233 
 1008      902B8B3C 
ARM GAS  C:\Users\zerog\AppData\Local\Temp\ccdGDece.s 			page 29


 1008      AB
 1009 01b5 D180EF14 		.ascii	"\321\200\357\024v\245\365/'2\235?/t\3166\003]\334v\200"
 1009      76A5F52F 
 1009      27329D3F 
 1009      2F74CE36 
 1009      035DDC76 
 1010 01ca C1469857 		.ascii	"\301F\230Wn\330\313\031lH}\341S\231\343\331\215\317"
 1010      6ED8CB19 
 1010      6C487DE1 
 1010      5399E3D9 
 1010      8DCF
 1011 01dc C21B58AD 		.ascii	"\302\033X\255\335\310W\264\227\363w\233\353\337a\033"
 1011      DDC857B4 
 1011      97F3779B 
 1011      EBDF611B 
 1012 01ec 59818BE2 		.ascii	"Y\201\213\342\347\310r\220/\311OI\336\275_\317\227\212"
 1012      E7C87290 
 1012      2FC94F49 
 1012      DEBD5FCF 
 1012      978A
 1013 01fe B54B25DA 		.ascii	"\265K%\332[q\270\246\242>Y\227\254nn9\235L\327\234K"
 1013      5B71B8A6 
 1013      A23E5997 
 1013      AC6E6E39 
 1013      9D4CD79C 
 1014 0213 379D751A 		.ascii	"7\235u\032c\361Dm\213\223h\252\251\250\254\254=VUYu"
 1014      63F1446D 
 1014      8B9368AA 
 1014      A9A8ACAC 
 1014      3D565559 
 1015 0228 F2E8092A 		.ascii	"\362\350\011*\215D\242\374\304\015:\355\224\226\224"
 1015      8D44A2FC 
 1015      C40D3AED 
 1015      949694
 1016 0237 9444D34E 		.ascii	"\224D\323N\264>\326\020mH\326E\235\346\246D,\345DS\211"
 1016      B43ED610 
 1016      6D48D645 
 1016      9DE6A644 
 1016      2CE54453 
 1017 024c 54E11889 		.ascii	"T\341\030\211\223H6nY_\210\234I\034\212\035(+;H\250"
 1017      9348366E 
 1017      595F889C 
 1017      491C8A1D 
 1017      282B3B48 
 1018 0261 9329A7F1 		.ascii	"\223)\247\3617\342\276\017\223"
 1018      37E2BE0F 
 1018      93
 1019              		.text
 1020              		.section	.gnu.lto__get.356.f06d0589,"e",%progbits
 1021 0000 789C7D92 		.ascii	"x\234}\222MHTQ\024\307\317\377\336\367\346\303\034\227"
 1021      4D485451 
 1021      14C7CFFF 
 1021      DEF7E6C3 
 1021      1C97
 1022 0012 42ADDA44 		.ascii	"B\255\332D\0245\243&\025m2,DhgK\301\306i\302!\207\021"
 1022      1435A326 
 1022      156D322C 
ARM GAS  C:\Users\zerog\AppData\Local\Temp\ccdGDece.s 			page 30


 1022      4468674B 
 1022      C1C669C2 
 1023 0029 9F12B4D0 		.ascii	"\237\022\264\320\353\007\006#\241cA!:\305k\012\333T"
 1023      EB070623 
 1023      A1634121 
 1023      3AC56B0A 
 1023      DB54
 1024 003b 449296DA 		.ascii	"D\222\226\332\210$-#\011\213\"\2606Z\224C\253\010\245"
 1024      88242D23 
 1024      098B22B0 
 1024      365A9443 
 1024      AB08A5
 1025 004e CEBD33A9 		.ascii	"\316\2753\251A\005\357\235w\317\341w\316\371\237s\337"
 1025      4105EF9D 
 1025      77CFE177 
 1025      CEF99F73 
 1025      DF
 1026 005f 9220EA24 		.ascii	"\222 \352$\242\023\374\302&\014\245\222\202\224RU^!"
 1026      A213FCC2 
 1026      260CA592 
 1026      82945255 
 1026      5E21
 1027 0071 7A53FD02 		.ascii	"zS\375\002\323\030K\357\263zR%\257\227\026\216Z\022"
 1027      D3184BEF 
 1027      B37A5225 
 1027      AF97168E 
 1027      5A12
 1028 0083 5752C9D5 		.ascii	"WR\311\325\341JCX\350\332\240A\235BZ\350\304e9\"1$3"
 1028      E14A4358 
 1028      E8DAA041 
 1028      9D425AE8 
 1028      C4653922 
 1029 009a 9260154E 		.ascii	"\222`\025N\300\316=\014}\277uut\316;2\226\2652RP\232"
 1029      C0CE3D0C 
 1029      7DBF7575 
 1029      74CE3B32 
 1029      96B53252 
 1030 00b0 8171E021 		.ascii	"\201q\340!\27011(O\323\356\254R/&'\224\362SFJ<\302\026"
 1030      B8313128 
 1030      4FD3EEAC 
 1030      522F2627 
 1030      94F25346 
 1031 00c8 86039101 		.ascii	"\206\003\221\001;O^\320v\027\303\271\3537\223%\203]"
 1031      3B4F5ED0 
 1031      7617C3B9 
 1031      EB379325 
 1031      835D
 1032 00da BE0C779E 		.ascii	"\276\014w\236\304\037\025#\031[\243\035\033h\372c_\340"
 1032      C41F1523 
 1032      195BA31D 
 1032      1B68FA63 
 1032      5FE0
 1033 00ec BE62D4C6 		.ascii	"\276b\324\306\023\203\036@\231\001\207m\017a\012x\014"
 1033      13831E40 
 1033      9901876D 
 1033      0F610A78 
 1033      0C
ARM GAS  C:\Users\zerog\AppData\Local\Temp\ccdGDece.s 			page 31


 1034 00fd AD49AF81 		.ascii	"\255I\257\201\037\016\334{ig\325\332\317\001\245V\267"
 1034      1F0EDC7B 
 1034      6967D5DA 
 1034      CF01A556 
 1034      B7
 1035 010e 4FBFFBEC 		.ascii	"O\277\373\354\013\200Ex\2046\222\215\327\322\306\326"
 1035      0B804578 
 1035      8436928D 
 1035      D7D2C6D6 
 1036 011e AE878DF0 		.ascii	"\256\207\215\360\001\023(\322\225\212\265K4 \365f\224"
 1036      011328D2 
 1036      958AB54B 
 1036      3420F566 
 1036      94
 1037 012f 0595251A 		.ascii	"\005\225%\032\224\"\357t\261\363\011\352\303\364\274"
 1037      9422EF74 
 1037      B1F309EA 
 1037      C3F4BC
 1038 013e 9F576B8E 		.ascii	"\237Wk\2163\036\376t\337\250c\005\256\364\231\320\302"
 1038      331EFE74 
 1038      DFA86305 
 1038      AEF499D0 
 1038      C2
 1039 014f 3CE82BBA 		.ascii	"<\350+\272\247\356\004\\\211\302\026-\350Yn\203\313"
 1039      A7EE045C 
 1039      89C2162D 
 1039      E8596E83 
 1039      CB
 1040 0160 F0143E46 		.ascii	"\360\024>F1\003*\313\273~<\305\250Q\257\323VJ])\376"
 1040      31032ACB 
 1040      BB7E3CC5 
 1040      A851AFD3 
 1040      564A5D29 
 1041 0175 07CF32AC 		.ascii	"\007\3172\254\327\264\202\336\345\271\035\334\303\325"
 1041      D7B482DE 
 1041      E5B91DDC 
 1041      C3D5
 1042 0183 8A49EB94 		.ascii	"\212I\353\224\263\227\322\353rC\347\342o%%\256\224\377"
 1042      B397D2EB 
 1042      7243E7E2 
 1042      6F2525AE 
 1042      94FF
 1043 0195 2EE9C51C 		.ascii	".\351\305\034\227\024\246\177\317\203\276/\302\225\026"
 1043      9714A67F 
 1043      CF83BE2F 
 1043      C29516
 1044 01a4 27E8B29C 		.ascii	"'\350\262\234}\255\177\277+\213\012s\360\257b\212,\363"
 1044      7DAD7FBF 
 1044      2B8B0A73 
 1044      F0AF628A 
 1044      2CF3
 1045 01b6 D9660CCF 		.ascii	"\331f\014\317@f\001\333xw\214\231\266oL\333\236\221"
 1045      406601DB 
 1045      78778C99 
 1045      B66F4CDB 
 1045      9E91
 1046 01c8 BE750E31 		.ascii	"\276u\0161%t\246\037FK.\211\277\011!\015<\317\017\306"
ARM GAS  C:\Users\zerog\AppData\Local\Temp\ccdGDece.s 			page 32


 1046      2574A61F 
 1046      464B2E89 
 1046      BF09210D 
 1046      3CCF0FC6 
 1047 01dc 39A6CCDB 		.ascii	"9\246\314\333\274\372\265\213\257\270L\261.\256G\264"
 1047      BCFAB58B 
 1047      AFB84CB1 
 1047      2EAE47B4 
 1048 01ec 36AFE21B 		.ascii	"6\257\342\033\272\253\230\366p\374\007<\272\211@\207"
 1048      BAAB98F6 
 1048      70FC073C 
 1048      BA894087 
 1049 01fc B83B9EF3 		.ascii	"\270;\236\363\361\355p\212|?\336\3047\211\315\233$\332"
 1049      F1ED708A 
 1049      7C3FDEC4 
 1049      3789CD9B 
 1049      24DA
 1050 020e 5B7DA4BE 		.ascii	"[}\244\276\272)\326\030\253kk?\023K\324\237O\264\236"
 1050      BA29D618 
 1050      AB6B6B3F 
 1050      134BD49F 
 1050      4FB49E
 1051 0221 735AC291 		.ascii	"sZ\302\221hC\273\023m\255\257\256\251i8^[S{\352\330"
 1051      6843BB13 
 1051      6DADAFAE 
 1051      A969385E 
 1051      5B537BEA 
 1052 0236 49AA0806 		.ascii	"I\252\010\006C\374D4\235p*\312\313\313C\011'\324\024"
 1052      43FC4434 
 1052      9D702ACA 
 1052      CBCB4309 
 1052      27D414
 1053 0249 6E0E35C7 		.ascii	"n\0165\307\032CN[k4\034wB\361h\274p\014FH\304ZJ\267"
 1053      1A434E5B 
 1053      6B341C77 
 1053      42F168BC 
 1053      700C4648 
 1054 0261 068267A3 		.ascii	"\006\202g\243\207\303\007++\017\221\214;-h\374\005D"
 1054      87C3072B 
 1054      2B0F918C 
 1054      3B2D68FC 
 1054      0544
 1055 0273 18144B   		.ascii	"\030\024K"
 1056              		.text
 1057              		.section	.gnu.lto__unget.357.f06d0589,"e",%progbits
 1058 0000 789C7552 		.ascii	"x\234uRMh\023A\024~\337\314l\267)\265\336<\350\305\203"
 1058      4D681341 
 1058      147EDFCC 
 1058      6CB729B5 
 1058      DE3CE8C5 
 1059 0015 227A48DA 		.ascii	"\"zH\332\032T\274X\211\022\012\336\252\267BMc\244\301"
 1059      1A54BC58 
 1059      89120ADE 
 1059      AAB7424D 
 1059      63A4C1
 1060 0028 86946C8B 		.ascii	"\206\224l\213 b&i\351!\036\332\324\202?\304\"1\212\365"
 1060      20622669 
ARM GAS  C:\Users\zerog\AppData\Local\Temp\ccdGDece.s 			page 33


 1060      E9211EDA 
 1060      D4823FC4 
 1060      22318AF5 
 1061 003c 2248B5BF 		.ascii	"\"H\265\277j\244XOR\361\340\315\202\036$z\220R\020\264"
 1061      6AA4584F 
 1061      52F1E0CD 
 1061      821E247A 
 1061      905210B4 
 1062 0050 58EA9BDD 		.ascii	"X\352\233\335\330V\320e\3471\357\355\367\275\357\233"
 1062      D856D065 
 1062      E731EFED 
 1062      F7BDEF9B 
 1063 0060 379B1344 		.ascii	"7\233\023Di\":\311\013\026a$\237\023\244\265n\261\205"
 1063      69223AC9 
 1063      0B166124 
 1063      9F13A4B5 
 1063      6EB185
 1064 0073 18C85F15 		.ascii	"\030\310_\025x\206\0337\317\250\376|C\345\363\303cJ"
 1064      78861B37 
 1064      CFA8FE7C 
 1064      43E5F3C3 
 1064      634A
 1065 0085 62349F5B 		.ascii	"b4\237[,\004]\204Bf\003\015J\013\251\220\3065Y\220\030"
 1065      2C045D84 
 1065      4266030D 
 1065      4A0BA990 
 1065      C6355990 
 1066 009a 91254950 		.ascii	"\221%IP\325\035\260{?\203~\334\273>5o\027\036\224UI"
 1066      D51DB07B 
 1066      3F837EDC 
 1066      BB3E356F 
 1066      171E9455 
 1067 00af 0A1A63C0 		.ascii	"\012\032c\300\023`\002,L\014\224gi_Y\353\267\263SZ\373"
 1067      1360022C 
 1067      4C0C9467 
 1067      695F59EB 
 1067      B7B3535A 
 1068 00c4 A8242526 		.ascii	"\250$%&\261\005\303\205\350\007\323P^\362p\213\023Z"
 1068      B105C385 
 1068      E807D350 
 1068      5EF2708B 
 1068      135A
 1069 00d6 4B2E2B4C 		.ascii	"K.+L\273\270\203h4(\025\255(\257\337e\023\3672ty\346"
 1069      BBB88368 
 1069      342815AD 
 1069      28AFDF65 
 1069      13F73274 
 1070 00ec 6EAE6138 		.ascii	"n\256a8S[\222\026f\361\227ntE\325\020\346`\334\230\001"
 1070      535B9216 
 1070      66F1976E 
 1070      7445D510 
 1070      E660DC98 
 1071 0101 F07AF4CE 		.ascii	"\360z\364\316*\353_\353CZ/\356\3728j\327\203\233\326"
 1071      2AEB5FEB 
 1071      435A2FEE 
 1071      FA386AD7 
 1071      839BD6
ARM GAS  C:\Users\zerog\AppData\Local\Temp\ccdGDece.s 			page 34


 1072 0114 08138C9A 		.ascii	"\010\023\214\232\255L\2608\010\033\230B\0350\303\254"
 1072      AD4CB038 
 1072      081B9842 
 1072      1D30C3AC 
 1073 0124 2169A6A0 		.ascii	"!i\246\240\025t\231hX\012/\311p\362\025\372\323\367"
 1073      15749968 
 1073      580A2FC9 
 1073      70F215FA 
 1073      D3F7
 1074 0136 051F8F91 		.ascii	"\005\037\217\221\267\331;m,V\224\266[\376\271\000\372"
 1074      B7D93B6D 
 1074      2C5694B6 
 1074      5BFEB900 
 1074      FA
 1075 0147 86ECDCF8 		.ascii	"\206\354\334\370\266\242DuT\026\214\353\373`>\373\255"
 1075      B6A24475 
 1075      54168CEB 
 1075      FB603EFB 
 1075      AD
 1076 0158 65289E83 		.ascii	"e(\236\203\032\275\324\207\027\270\355\032\375\202\201"
 1076      1ABDD487 
 1076      17B8ED1A 
 1076      FD8281
 1077 0167 CAFCCEA2 		.ascii	"\312\374\316\242\307\361\271G1\272\362\345\323\367\253"
 1077      C7F1B947 
 1077      31BAF2E5 
 1077      D3F7AB
 1078 0176 724377CD 		.ascii	"rCw\315\025\350/\014\256\261\246\330@\257\363\263\335"
 1078      15E82F0C 
 1078      AEB1A6D8 
 1078      40AFF3B3 
 1078      DD
 1079 0187 282FE7F0 		.ascii	"(/\347\360/12\240yO\211yn\253\365?^\353\213R\376\337"
 1079      2F3132A0 
 1079      794F8979 
 1079      6EABF53F 
 1079      5EEB8B52 
 1080 019d A18D57CC 		.ascii	"\241\215W\3143~X\367\361\340\033\026UL0]\230}k|O\365"
 1080      337E58F7 
 1080      F1E01B16 
 1080      554C305D 
 1080      987D6B7C 
 1081 01b3 98FCBBB8 		.ascii	"\230\374\273\270\035*(\031\200\302k\260T\235+5b\273"
 1081      1D2A2819 
 1081      80C26BB0 
 1081      549D2B35 
 1081      62BB
 1082 01c5 67519B33 		.ascii	"gQ\2333\\A\266\205?[\\_\205e\370\002W\304\322\344r-"
 1082      5C41B685 
 1082      3F5B5C5F 
 1082      8565F802 
 1082      57C4D2E4 
 1083 01db 8FD54B49 		.ascii	"\217\325KI\216Mw\3615`\363\032\210\016\204\216\266\207"
 1083      8E4D77F1 
 1083      3560F31A 
 1083      880E848E 
 1083      B687
ARM GAS  C:\Users\zerog\AppData\Local\Temp\ccdGDece.s 			page 35


 1084 01ed BAE29DF1 		.ascii	"\272\342\235\361\266\336\276s\361d\373\305d\352\202"
 1084      B6DEBE73 
 1084      F164FBC5 
 1084      64EA82
 1085 01fc D31389C6 		.ascii	"\323\023\211\306:\372\234X\252=\024\016w\234h\015\267"
 1085      3AFA9C58 
 1085      AA3D140E 
 1085      779C680D 
 1085      B7
 1086 020d 9E3E7E8A 		.ascii	"\236>~\212\232\375\376\000\277Q\203N:\315MMM\201\244"
 1086      9AFDFE00 
 1086      BF51834E 
 1086      3ACD4D4D 
 1086      4D81A4
 1087 0220 13E88A74 		.ascii	"\023\350\212t\007\272\343\235\001\2477\025\213$\234"
 1087      07BAE39D 
 1087      01A73715 
 1087      8B249C
 1088 022f 402296A8 		.ascii	"@\"\226\250n\375Q\022\361\236\035[\013\376\363\261#"
 1088      6EFD5112 
 1088      F19E1D5B 
 1088      0BFEF3B1 
 1088      23
 1089 0240 9143C1E0 		.ascii	"\221C\301\340aB\247L8=\277\001\332B\374\276"
 1089      6142A74C 
 1089      383DBF01 
 1089      DA42FCBE 
 1090              		.text
 1091              		.section	.gnu.lto_vmt.358.f06d0589,"e",%progbits
 1092 0000 789C9BC4 		.ascii	"x\234\233\304\300\300\020\317\000\001s\230\031[\030"
 1092      C0C010CF 
 1092      00017398 
 1092      195B18
 1093 000f 9B1A1AFE 		.ascii	"\233\032\032\376\\\352~6Q\224q\0113\303<f\204\350\213"
 1093      5CEA7E36 
 1093      51947109 
 1093      33C33C66 
 1093      84E88B
 1094 0022 B34011C6 		.ascii	"\263@\021\306y\314\214\010\221c\0205L\010\021\273%\314"
 1094      79CC8C08 
 1094      91631035 
 1094      4C0811BB 
 1094      25CC
 1095 0034 4CF39899 		.ascii	"L\363\230\231\341\002+\314\22603\317cf\001\011Lb^\302"
 1095      E1022BCC 
 1095      963033CF 
 1095      63660109 
 1095      4C625EC2 
 1096 0048 CCC2C860 		.ascii	"\314\302\310`\331\324\321 \261\204\231u.3\003\343N\306"
 1096      D9D4D120 
 1096      B1849975 
 1096      2E3303E3 
 1096      4EC6
 1097 005a B9CC8C8C 		.ascii	"\271\314\214\214;\200$\023\343v \311\314\270\015H\262"
 1097      3B802413 
 1097      E37620C9 
 1097      CCB80D48 
ARM GAS  C:\Users\zerog\AppData\Local\Temp\ccdGDece.s 			page 36


 1097      B2
 1098 006b 306E0592 		.ascii	"0n\005\222\254\214[\030\031\264\234\255b\23432\2232"
 1098      AC8C5B18 
 1098      19B49CAD 
 1098      629C3332 
 1098      9332
 1099 007d 834B4A53 		.ascii	"\203KJS2\363c\312\363\213\262\213\013\022\223S\343K"
 1099      32F363CA 
 1099      F38BB28B 
 1099      0B129353 
 1099      E34B
 1100 008f 8B538B62 		.ascii	"\213S\213b\234\335\335\343]<\335=C\034}\030\214\364"
 1100      9CDDDDE3 
 1100      5D3CDD3D 
 1100      431C7D18 
 1100      8CF4
 1101 00a1 F4F48128 		.ascii	"\364\364\201(\031\244:\277\330\310\320\320P?\277X?#"
 1101      19A43ABF 
 1101      D8C8D0D0 
 1101      503FBF58 
 1101      3F23
 1102 00b3 31473F27 		.ascii	"1G?'3I\277\270\244(51\267X?75\027\312\324Kf\000\000"
 1102      3349BFB8 
 1102      A4283531 
 1102      B7583F37 
 1102      3517CAD4 
 1103 00cb 80654AA8 		.ascii	"\200eJ\250"
 1104              		.text
 1105              		.section	.gnu.lto_msObjectInit.359.f06d0589,"e",%progbits
 1106 0000 789C8D92 		.ascii	"x\234\215\222Mk\023Q\024\206\317;\347\316$E\320\215"
 1106      4D6B1351 
 1106      1486CF3B 
 1106      E7CE2445 
 1106      D08D
 1107 0012 B816BA10 		.ascii	"\270\026\272\020]dL)*\256\224\010\241\340N\227\201\232"
 1107      5D644C29 
 1107      2AAE9408 
 1107      A1E04E97 
 1107      819A
 1108 0024 8F090D36 		.ascii	"\217\011\0156\244d\032\004]\3646\024\205Y\230\266\212"
 1108      A4641A04 
 1108      5DF43614 
 1108      855998B6 
 1108      8A
 1109 0035 82A88B10 		.ascii	"\202\250\213\020%+]\251\265~\215D)E\304\342\037\250"
 1109      252B5DA9 
 1109      B57E8D44 
 1109      2945C4E2 
 1109      1FA8
 1110 0047 08852A2A 		.ascii	"\010\205**Z\021\025*zf&R\353\242t\230\013\347\\\236"
 1110      5A11152A 
 1110      7A662652 
 1110      EBA27498 
 1110      0BE75C9E 
 1111 005b 67CE9D77 		.ascii	"g\316\235w\3063\210<\"\352\225\005&LOy\006i\255\017"
 1111      C633883C 
 1111      22EA9505 
ARM GAS  C:\Users\zerog\AppData\Local\Temp\ccdGDece.s 			page 37


 1111      264C4F79 
 1111      0669AD0F 
 1112 006f C50C8C4F 		.ascii	"\305\014\214Oy=x\202\260\003\215\031\030\303\005\336"
 1112      793D7882 
 1112      B0038D19 
 1112      18C305DE 
 1113 007f 2DED8F1B 		.ascii	"-\355\217\033\227?t\240\333>ZLt]Vx]eLs\213\001\325\255"
 1113      973F74A0 
 1113      DB3E5A4C 
 1113      745D5678 
 1113      5D654C73 
 1114 0097 0CEC948A 		.ascii	"\014\354\224\212O\320._\353\205\371\031\255{\250\305"
 1114      4FD02E5F 
 1114      EB85F919 
 1114      AD7BA8C5 
 1115 00a7 8C7B1007 		.ascii	"\214{\020\007w\201;\240`\243p)0\370L\304-v9\205\373"
 1115      77813BA0 
 1115      60A37029 
 1115      30F84CC4 
 1115      2D763985 
 1116 00bc EB395568 		.ascii	"\3539Uh\206\\\035!\370\371c\347\374\326I9\202\211\007"
 1116      865C1D21 
 1116      F8F963E7 
 1116      FCD64939 
 1116      828907
 1117 00cf EB41B370 		.ascii	"\353A\263p+\004\317E\340\302\253\356\023M<\372\037\234"
 1117      2B04CF45 
 1117      E0C2ABEE 
 1117      134D3CFA 
 1117      1F9C
 1118 00e1 5544D6DF 		.ascii	"UD\326\337w\220=\272\375\332\364\365\352\357\206\326"
 1118      77903DBA 
 1118      FDDAF4F5 
 1118      EAEF86D6 
 1119 00f1 4B4B58ED 		.ascii	"KKX\355\335b\0003P\300,,\340!\342\300c\301\032\034\204"
 1119      DD620033 
 1119      50C02C2C 
 1119      E021E2C0 
 1119      63C11A1C 
 1120 0106 A415B44F 		.ascii	"\244\025\264O4\311F\324\214K\363\036\372\355\342\034"
 1120      34C946D4 
 1120      8C4BF31E 
 1120      FAEDE21C 
 1121 0116 E813EA17 		.ascii	"\350\023\352\027\275_\350&\301\010\322\271\031d\331"
 1121      BD5FE826 
 1121      C108D2B9 
 1121      1964D9
 1122 0125 96D66A4A 		.ascii	"\226\326jJ6>h\257\364\361\026\307\360\024\327x-\301"
 1122      363E68AF 
 1122      F4F116C7 
 1122      F014D778 
 1122      2DC1
 1123 0137 58484FC0 		.ascii	"XHO\300\222\262\315\024\251\252\305q<\003:\240\011\234"
 1123      92B2CD14 
 1123      A9AAC571 
 1123      3C033AA0 
 1123      099C
ARM GAS  C:\Users\zerog\AppData\Local\Temp\ccdGDece.s 			page 38


 1124 0149 D57A797B 		.ascii	"\325zy{\000>G4\362K4\362\312\273m\033\314Q\230\2239"
 1124      003E4734 
 1124      F24B34F2 
 1124      CABB6D1B 
 1124      CC519893 
 1125 015e 62345985 		.ascii	"b4Y\205\326\327\315X&\346\3052\002\313\012\255o\233"
 1125      D6D7CD58 
 1125      26E6C532 
 1125      02CB0AAD 
 1125      6F9B
 1126 0170 B35E88C5 		.ascii	"\263^\210\305\201\025\017\255\357\221\265\262\274\261"
 1126      81150FAD 
 1126      EF91B5B2 
 1126      BCB1
 1127 017e F5522CF9 		.ascii	"\365R,\371&A\014\246\234t\005\3657?\323\341\357\325"
 1127      26410CA6 
 1127      9C7405F5 
 1127      373FD3E1 
 1127      EFD5
 1128 0190 60AC654E 		.ascii	"`\254eN\264'u0\223\032*\345J\307Fk\205R%s\252R=\351"
 1128      B4277530 
 1128      931A2AE5 
 1128      4AC7466B 
 1128      85522573 
 1129 01a8 8E64F3CE 		.ascii	"\216d\363\316`\315u\252\231T:=xd =p\374\360Q\352K$l"
 1129      60CD75AA 
 1129      99543A3D 
 1129      7864203D 
 1129      70FCF051 
 1130 01c0 B9F3015D 		.ascii	"\271\363\001]q\373\222\311\244]q\355\241\354\260=\\"
 1130      71FB92C9 
 1130      A45D71ED 
 1130      A1ECB03D 
 1130      5C
 1131 01d1 CAD9EE68 		.ascii	"\312\331\356h\325\311\226]\273\354\224\273e\"O\\vGv"
 1131      D5C9965D 
 1131      BBEC94BB 
 1131      65224F5C 
 1131      764776
 1132 01e4 FCBB9328 		.ascii	"\374\273\223(:\007\262\373\372\373\367\223\225\253\025"
 1132      3A07B2FB 
 1132      FAFBF793 
 1132      95AB15
 1133 01f3 8B4E55B9 		.ascii	"\213NU\271\245\323\016;\025\367\017t\010\364\234"
 1133      A5D30E3B 
 1133      15F70F74 
 1133      08F49C
 1134              		.text
 1135              		.section	.gnu.lto_.symbol_nodes.f06d0589,"e",%progbits
 1136 0000 789CFBC0 		.ascii	"x\234\373\300\000\004L\217\231\352\031\032\200\200\205"
 1136      00044C8F 
 1136      99EA191A 
 1136      808085
 1137 000f 71C23906 		.ascii	"q\3029\006\206z\006\206\035\013\032\033\015\030\030"
 1137      867A0686 
 1137      1D0B1A1B 
 1137      0D1818
ARM GAS  C:\Users\zerog\AppData\Local\Temp\ccdGDece.s 			page 39


 1138 001e 19C0B24F 		.ascii	"\031\300\262O\230\352\031q\313>e\252g\302-\373\210\251"
 1138      98EA1971 
 1138      CB3E65AA 
 1138      67C22DFB 
 1138      88A9
 1139 0030 9E19B7EC 		.ascii	"\236\031\267\354C\246z\026\334\262\317\231\352YQdw5"
 1139      43A67A16 
 1139      DCB2CF99 
 1139      EA595164 
 1139      7735
 1140 0042 34324225 		.ascii	"42B%Y\23711481003\276`\252g\373\017\005\362`\225\014"
 1140      599F3131 
 1140      34383130 
 1140      3033BE60 
 1140      AA67FB0F 
 1141 005b 20BF8094 		.ascii	" \277\200\22413\263C\364\267\2603\263\300\231\014\000"
 1141      3133B343 
 1141      F4B7B033 
 1141      B3C0990C 
 1141      00
 1142 006c 54DA427C 		.ascii	"T\332B|"
 1143              		.text
 1144              		.section	.gnu.lto_.refs.f06d0589,"e",%progbits
 1145 0000 789C05C1 		.ascii	"x\234\005\301\007\001\000\000\010\303\260\256\034\003"
 1145      07010000 
 1145      08C3B0AE 
 1145      1C03
 1146 000e F8F74A72 		.ascii	"\370\367Jr@\306\225Y\333\022\243<\003\360\000C"
 1146      40C69559 
 1146      DB12A33C 
 1146      03F00043 
 1147              		.text
 1148              		.section	.gnu.lto_.decls.f06d0589,"e",%progbits
 1149 0000 789C9556 		.ascii	"x\234\225Vyl\024\327\031\177\337{\263\207\207\015&`"
 1149      796C14D7 
 1149      197FDF7B 
 1149      B387870D 
 1149      2660
 1150 0012 4AAA4474 		.ascii	"J\252DtCIbU\302f\027\004Q$$WTA(\315!\205V\245\265d\331"
 1150      43496255 
 1150      C2661704 
 1150      51242457 
 1150      544128CD 
 1151 002d 3B637B53 		.ascii	";c{S\357\256\353]\207\244\177\015\306\334\227\303e\210"
 1151      EFAEEB5D 
 1151      87A47F0D 
 1151      C6DC97C3 
 1151      6588
 1152 003f 0976380A 		.ascii	"\011v8\012\345\012gCp\023\2265M\034\216B\314\035 @\314"
 1152      E50A6743 
 1152      70139635 
 1152      4D1C8E42 
 1152      CC1D2040 
 1153 0054 B1C60E18 		.ascii	"\261\306\016\030\260\215\235\020\323\357\275\231\335"
 1153      B08D9D10 
 1153      D3EFBD99 
 1153      DD
ARM GAS  C:\Users\zerog\AppData\Local\Temp\ccdGDece.s 			page 40


 1154 0061 D9B517A9 		.ascii	"\331\265\027\251\214\375\315\314~\363\373~\337\357}"
 1154      8CFDCDCC 
 1154      7EF3FB7E 
 1154      DFEF7D
 1155 0070 EFCC7510 		.ascii	"\357\314u\020\362\034%\344\032\332#\274\354\204\220"
 1155      F21C25E4 
 1155      1ADA23BC 
 1155      EC8490
 1156 007f 6FD06C68 		.ascii	"o\320lh\365ha\264\251hEh\007\320\"h\347\210~q\314u\264"
 1156      F56861B4 
 1156      A9684568 
 1156      07D02268 
 1156      E7887E71 
 1157 0096 16B456B4 		.ascii	"\026\264V\264\273h\017\320\000\010y\032\015\377\311"
 1157      BB680FD0 
 1157      0008791A 
 1157      0DFFC9
 1158 00a5 8B4092AE 		.ascii	"\213@\222\256;\370{\000>\007\243e\0309\212\022x\247"
 1158      3BF87B00 
 1158      3E07A365 
 1158      18398A12 
 1158      78A7
 1159 00b7 1A39CFA2 		.ascii	"\0329\317\242\275\204\330Qh\014\337\233\014]\247\321"
 1159      BD84D851 
 1159      680CDF9B 
 1159      0C5DA7D1 
 1160 00c7 A891E7E9 		.ascii	"\250\221\347\351>\334\374jF\237\234\202?\234\300\337"
 1160      3EDCFC6A 
 1160      469F9C82 
 1160      3F9CC0DF 
 1161 00d7 979BF39E 		.ascii	"\227\233\363\236L\340\276\373\030\356#}\270\233\023"
 1161      4CE0BEFB 
 1161      18EE237D 
 1161      B89B13
 1162 00e6 EAD2573B 		.ascii	"\352\322W;\317\333W7\030\365\352{\235|\014\3579\203"
 1162      CFDB5737 
 1162      18F5EA7B 
 1162      9D7C0CEF 
 1162      3983
 1163 00f8 3B156FA2 		.ascii	";\025o\242f\316\333\222\202\367\354\023\352\245}8[S"
 1163      66CEDB92 
 1163      82F7EC13 
 1163      EAA57D38 
 1163      5B53
 1164 010a 70BE8E20 		.ascii	"p\276\216 +>\207!`(\332/\321\236\005\235\353\005\320"
 1164      2B3E8721 
 1164      6028DA2F 
 1164      D19E059D 
 1164      EB05D0
 1165 011d BFFD0A9F 		.ascii	"\277\375\012\237#\320~\215\366<\332p\264\221h\026\203"
 1165      23D07E8D 
 1165      F63CDA70 
 1165      B4916816 
 1165      83
 1166 012e B3C5A843 		.ascii	"\263\305\250Cl\274\364\275\030\346H\303gq\202\366s\206"
 1166      6CBCF4BD 
 1166      18E648C3 
ARM GAS  C:\Users\zerog\AppData\Local\Temp\ccdGDece.s 			page 41


 1166      677182F6 
 1166      7386
 1167 0140 D67A436F 		.ascii	"\326zCo\026\350\3718\347)Cs\254\326'\015\375\360\230"
 1167      16E8F938 
 1167      E7294373 
 1167      ACD6270D 
 1167      FDF098
 1168 0153 31B884C1 		.ascii	"1\270\204\301T\340\203=]\274\361|\331\232\270*\236%"
 1168      54E0833D 
 1168      5DBCF17C 
 1168      D99AB82A 
 1168      9E25
 1169 0165 F02F1D3D 		.ascii	"\360/\035=a\000\233\302\221\203A\302{\0068k\030]r\377"
 1169      61009BC2 
 1169      918341C2 
 1169      7B06386B 
 1169      185D72FF 
 1170 0179 41A3550E 		.ascii	"A\243U\016kZ\273\026\256L#\260\037\3403 \260\017\220"
 1170      6B5ABB16 
 1170      AE4C23B0 
 1170      1FE03320 
 1170      B00F90
 1171 018c E55380BD 		.ascii	"\345S\200\275\000{\000\301\317\301#\375A\330_\010\206"
 1171      007B00C1 
 1171      CFC123FD 
 1171      41D85F08 
 1171      86
 1172 019d 1DFD7261 		.ascii	"\035\375ra#\360\260\250\026\231\316\010\214\201\321"
 1172      23F0B0A8 
 1172      1699CE08 
 1172      8C81D1
 1173 01ac 04BE0004 		.ascii	"\004\276\000\004`\320\347\000\377\006\004u\034Z\277"
 1173      60D0E700 
 1173      FF060475 
 1173      1C5ABF
 1174 01bb 7E804370 		.ascii	"~\200Cp\327E$8\000\006;\2010\336\020\320\274\350\223"
 1174      D7452438 
 1174      00063B81 
 1174      30DE10D0 
 1174      BCE893
 1175 01ce E674C112 		.ascii	"\346t\301\022~<\313\345E\2076\313&\313A\223%\002Do\316"
 1175      7E3CCBE5 
 1175      458736CB 
 1175      26CB4193 
 1175      2502446F 
 1176 01e3 2071B733 		.ascii	" q\2673\017aE\204\225\020\026$l\032O\260{\361\266\016"
 1176      0F614584 
 1176      95101624 
 1176      6C1A4FB0 
 1176      7BF1B60E 
 1177 01f7 69885E88 		.ascii	"i\210^\210\260(\002|\015p\030\220\237\010\005\007\357"
 1177      B028027C 
 1177      0D701890 
 1177      9F080507 
 1177      EF
 1178 0208 751ED401 		.ascii	"u\036\324\001\341\324\200\015\363\252\267?ef?bf?\032"
 1178      E1D4800D 
ARM GAS  C:\Users\zerog\AppData\Local\Temp\ccdGDece.s 			page 42


 1178      F3AAB73F 
 1178      65663F62 
 1178      663F1A
 1179 021b CB9E218A 		.ascii	"\313\236!\212Y\007\254\0220\3021\253w&\0332\222_\310"
 1179      5907AC12 
 1179      30C231AB 
 1179      77261B32 
 1179      925FC8
 1180 022e 5A89C412 		.ascii	"Z\211\304\022\201\377\002\034\3431'81\234\0028\015\320"
 1180      81FF021C 
 1180      E3312738 
 1180      319C0238 
 1180      0DD0
 1181 0240 04F00D00 		.ascii	"\004\360\015\000\237(\004\351\273?\235\367`\355\213"
 1181      9F2804E9 
 1181      BB3F9DF7 
 1181      60ED8B
 1182 024f 3BF769DA 		.ascii	";\367i\332\334g\240\036\340?\300\301\261\\\207\370m"
 1182      DC67A01E 
 1182      E03FC0C1 
 1182      B15C87F8 
 1182      6D
 1183 0260 3F7060D5 		.ascii	"?p`\325jd\264r\310\227\375!\256d\304\361$DC\034\321"
 1183      6A64B472 
 1183      C897FD21 
 1183      AE64C4F1 
 1183      2444431C 
 1184 0275 BEB261F1 		.ascii	"\276\262a\361\300\252\351\014\333\000\215I\230\3548"
 1184      C0AAE90C 
 1184      DB008D49 
 1184      98EC38
 1185 0284 64557369 		.ascii	"dUsic\030\260\247\340\253~\010T\302Zxc\351\251c?mxj"
 1185      6318B0A7 
 1185      E0AB7E08 
 1185      54C25A78 
 1185      63E9A963 
 1186 029c 48DF86C2 		.ascii	"H\337\206\302\031x\\S1\346Lx\371f\213Y\322\263&\367"
 1186      19785C53 
 1186      31E64C78 
 1186      F9668B59 
 1186      D2B326F7 
 1187 02b0 397D586C 		.ascii	"9}Xli\256\277\344\270\016b\362J\012\000\234\033\207"
 1187      69AEBFE4 
 1187      B80E62F2 
 1187      4A0A009C 
 1187      1B87
 1188 02c2 3799FC99 		.ascii	"7\231\374\231\221\014\215j\324\2520*3\231)r#\014\317"
 1188      910C8D6A 
 1188      D4AA302A 
 1188      33992972 
 1188      230CCF
 1189 02d5 EC603976 		.ascii	"\354`9v\232\231.\33375\300 \331b\2474jS\344\314\037"
 1189      9A992EDB 
 1189      3735C020 
 1189      D962A734 
 1189      6A53E4CC 
 1190 02ea 612BADB3 		.ascii	"a+\255\263:s4IY04j\323h\325\033\031cr\360\036\2655\202"
ARM GAS  C:\Users\zerog\AppData\Local\Temp\ccdGDece.s 			page 43


 1190      3A733449 
 1190      5930346A 
 1190      D368D51B 
 1190      196372F0 
 1191 0302 82516F49 		.ascii	"\202QoI\366A\370\026\265\311\035\254n\241U9F\347\274"
 1191      F641F816 
 1191      B5C91DAC 
 1191      6EA15539 
 1191      46E7BC
 1192 0315 84D59015 		.ascii	"\204\325\220\025w\006\266'\307n\037\236\036a\021\366"
 1192      7706B627 
 1192      C76E1F9E 
 1192      1E6111F6 
 1193 0325 2A2176FB 		.ascii	"*!v\373\216\355C\345\250-\035)2\025\347 \305\231\336"
 1193      8EED43E5 
 1193      A82D1D29 
 1193      3215E720 
 1193      C599DE
 1194 0338 08164591 		.ascii	"\010\026E\22132\011\212P\334\356\034*#\263do\0047\003"
 1194      3332098A 
 1194      50DCEE1C 
 1194      2A23B364 
 1194      6F043703 
 1195 034c 875BBBDA 		.ascii	"\207[\273\332:L\266\310i\303\235\231\204(\344U\212\274"
 1195      3A4CB6C8 
 1195      69C39D99 
 1195      8428E455 
 1195      8ABC
 1196 035e EC51EC02 		.ascii	"\354Q\354\002\033\346T\314\237\000\2312uS\366Z\024w"
 1196      1BE654CC 
 1196      9F009932 
 1196      7553F65A 
 1196      1477
 1197 0370 1F4A9D84 		.ascii	"\037J\235\204h\222\335\341\000\015\037iy\257)o\271e"
 1197      6892DDE1 
 1197      000D1F69 
 1197      79AF296F 
 1197      B965
 1198 0382 12B551FC 		.ascii	"\022\265Q\374\224!\201F\301\214\224\255\270 \334\266"
 1198      94218146 
 1198      C18C94AD 
 1198      B820DCB6 
 1199 0392 61C1C51F 		.ascii	"a\301\305\037\277\201q\023\013\005\350\033`,\215\360"
 1199      BF817113 
 1199      0B05E81B 
 1199      602C8DF0 
 1200 03a2 F3214E0D 		.ascii	"\363!N\0154\207\350\336\370\303x\347\000j\360Pc\215"
 1200      3487E8DE 
 1200      F8C378E7 
 1200      006AF050 
 1200      638D
 1201 03b4 31D61E23 		.ascii	"1\326\036#\011\277'\220\307!`@b<z\214\001\210\307\032"
 1201      09BF2790 
 1201      C7216040 
 1201      623C7A8C 
 1201      0188C71A 
 1202 03c8 AF3C8700 		.ascii	"\257<\207\000\323\304\030\021\227$\334\244$q\332\230"
ARM GAS  C:\Users\zerog\AppData\Local\Temp\ccdGDece.s 			page 44


 1202      D3C41811 
 1202      9724DCA4 
 1202      2471DA98 
 1203 03d8 24A2FFE0 		.ascii	"$\242\377\340\223y\351\205\331\226\033X7-Z\273 \015"
 1203      9379E985 
 1203      D9961B58 
 1203      372D5ABB 
 1203      200D
 1204 03ea 8656E510 		.ascii	"\206V\345\020`\213)\377Ts\257v\207C\342`\\\205\002\350"
 1204      608B29FF 
 1204      5473AF76 
 1204      8743E260 
 1204      5C8502E8 
 1205 03fe 58BCFC83 		.ascii	"X\274\374\203=\026\341(\202\213 \3461\025\363\230\257"
 1205      3D16E128 
 1205      828B20E6 
 1205      3115F398 
 1205      AF
 1206 040f 25565163 		.ascii	"%VQc\233x\343k\303{l\231`\271s\346t\304*k}\027\313\357"
 1206      9B78E36B 
 1206      C37B6C99 
 1206      60B973E6 
 1206      74C42A6B 
 1207 0427 017138D8 		.ascii	"\001q8\330\257\002\\\341+V\343\327M\247a\030\302\332"
 1207      AF025CE1 
 1207      2B56E3D7 
 1207      4DA76118 
 1207      C2DA
 1208 0439 342D039A 		.ascii	"4-\003\232\001.\003|\307\333p\015\301\227\370NR\265"
 1208      012E037C 
 1208      C7DB700D 
 1208      C197F84E 
 1208      52B5
 1209 044b 52EBEE58 		.ascii	"R\353\356X2\277\301\206S\265\002\201\022~\202\013\306"
 1209      32BFC186 
 1209      53B50281 
 1209      127E820B 
 1209      C6
 1210 045c AA43F08D 		.ascii	"\252C\360\215\300\267\000\347a\302N\013;&R\267tW\266"
 1210      C0B700E7 
 1210      61C24E0B 
 1210      3B2652B7 
 1210      7457B6
 1211 046f A61B7AB9 		.ascii	"\246\033z\271\376\275\347O\365\260T9\242\030{\323\310"
 1211      FEBDE74F 
 1211      F5B05439 
 1211      A2187BD3 
 1211      C8
 1212 0480 B1E3A319 		.ascii	"\261\343\243\031\263\265Az\202(\300\215x\202\033\361"
 1212      B3B5417A 
 1212      8228C08D 
 1212      78821BF1 
 1213 0490 048F24D6 		.ascii	"\004\217$\326Du\360>\023\214jn\305\301\267\342\340c"
 1213      4475F03E 
 1213      138C6A6E 
 1213      C5C1B7E2 
 1213      E063
ARM GAS  C:\Users\zerog\AppData\Local\Temp\ccdGDece.s 			page 45


 1214 04a2 123BAF97 		.ascii	"\022;\257\227\363\300g\033%\241\246^/\347\245\266\226"
 1214      F3C0671B 
 1214      25A1A65E 
 1214      2FE7A5B6 
 1214      96
 1215 04b3 15543870 		.ascii	"\025T8p\301\370\201\027\241\275\271\352\254\325\020"
 1215      C1F88117 
 1215      A1BDB9EA 
 1215      ACD510
 1216 04c2 7C9B3BEA 		.ascii	"|\233;\352O\257k\222\342\212\353M\305\355\310\177\307"
 1216      4FAF6B92 
 1216      E28AEB4D 
 1216      C5EDC87F 
 1216      C7
 1217 04d3 50DCDEF3 		.ascii	"P\334\336\363E\351&>\375\320\013mq\011mq\011\315\026"
 1217      45E9263E 
 1217      FDD00B6D 
 1217      71096D71 
 1217      09CD16
 1218 04e6 7625B584 		.ascii	"v%\265\204\357\227u\035\264\013G\004\340>\317\270':"
 1218      EF97751D 
 1218      B40B4704 
 1218      E03ECFB8 
 1218      273A
 1219 04f8 7F173324 		.ascii	"\177\0273$tp\307\322\253\015\307SJ\350B\376\316X\321"
 1219      7470C7D2 
 1219      AB0DC753 
 1219      4AE842FE 
 1219      CE58D1
 1220 050b 2EE3226C 		.ascii	".\343\"l\021e\350\002\270\027\327p/\256\241\316\312"
 1220      1165E802 
 1220      B817D770 
 1220      2FAEA1CE 
 1220      CA
 1221 051c A2A935FC 		.ascii	"\242\2515\374p3\322\232\026s\364\360\224\237|XQe\213"
 1221      7033D29A 
 1221      1673F4F0 
 1221      949F7C58 
 1221      51658B
 1222 052f 15E647EE 		.ascii	"\025\346G\356\2710s\347\"H\332\223\010<47\234y\221-"
 1222      B93073E7 
 1222      2248DA93 
 1222      083C3437 
 1222      9C79912D 
 1223 0543 EB2CC95B 		.ascii	"\353,\311[\026\256\246\011\200\213Gw\235J\330U\1776"
 1223      16AEA609 
 1223      808B4777 
 1223      9D4AD855 
 1223      7F36
 1224 0555 97CF5E7D 		.ascii	"\227\317^}\371\334\373\301\322]z_\364\002\374\304S\366"
 1224      F9DCFBC1 
 1224      D25D7A5F 
 1224      F402FCC4 
 1224      53F6
 1225 0567 EEA8BD42 		.ascii	"\356\250\275B\343\355.\2167[\303i\367H\017\332\326\323"
 1225      E3ED2E8E 
 1225      375BC369 
ARM GAS  C:\Users\zerog\AppData\Local\Temp\ccdGDece.s 			page 46


 1225      F7480FDA 
 1225      D6D3
 1226 0579 B3C63A62 		.ascii	"\263\306:b%\366@[\303\337\364\036\300\245\246;\336\372"
 1226      25F6405B 
 1226      C3DFF41E 
 1226      C0A5A63B 
 1226      DEFA
 1227 058b EE78EBE7 		.ascii	"\356x\353\347I\254\223\022\366PT`G\315\215\303\274y"
 1227      49AC9312 
 1227      F6505460 
 1227      47CD8DC3 
 1227      BC79
 1228 059d 30035709 		.ascii	"0\003W\011\206{8\372\326nX\323\304\213\0003\221\276"
 1228      867B38FA 
 1228      D66E58D3 
 1228      C48B0033 
 1228      91BE
 1229 05af 92A6AAD3 		.ascii	"\222\246\252\323\321\033k[\007\010\207\027fs\304\306"
 1229      D11B6B5B 
 1229      07088717 
 1229      6673C4C6 
 1230 05bf AECA8B69 		.ascii	"\256\312\213iFW\315\341\21633\026t\015|~.\023Y>_\325"
 1230      4657CDE1 
 1230      8E333316 
 1230      740D7C7E 
 1230      2E13593E 
 1231 05d5 B25B8F9F 		.ascii	"\262[\217\237\207\231\347\213,wk\357\377\203\217/X@"
 1231      8799E78B 
 1231      2C776BEF 
 1231      FF838F2F 
 1231      5840
 1232 05e7 613E7A97 		.ascii	"a>z\227\012\357\226\352\365'\204\236E\230{!'\352\270"
 1232      0AEF96EA 
 1232      F527849E 
 1232      45987B21 
 1232      27EAB8
 1233 05fa F4F30973 		.ascii	"\364\363\011s2\026\351m\007\\\025\240\012m.\025\255"
 1233      3216E96D 
 1233      075C15A0 
 1233      0A6D2E15 
 1233      AD
 1234 060b 3FB9F7F6 		.ascii	"?\271\367\366a\030\261r\216\326\335\365\355\001\367"
 1234      6118B172 
 1234      8ED6DDF5 
 1234      ED01F7
 1235 061a 6A2D52A1 		.ascii	"j-R\2419\2560D@\005\025\025\200Y\010\256\240\306Qk0"
 1235      39AE3044 
 1235      40051515 
 1235      805908AE 
 1235      A0C6516B 
 1236 062f 3C23D68A 		.ascii	"<#\326\2120\260\016\221vk\315\356&j\366I\324\354\223"
 1236      30B00E91 
 1236      766BCDEE 
 1236      266AF649 
 1236      D4EC93
 1237 0642 E5BC2EDD 		.ascii	"\345\274.\335z]\216\367\254`&\350\232\011\252\346\240"
 1237      7A5D8EF7 
ARM GAS  C:\Users\zerog\AppData\Local\Temp\ccdGDece.s 			page 47


 1237      AC6026E8 
 1237      9A09AAE6 
 1237      A0
 1238 0653 8702B4FB 		.ascii	"\207\002\264\373\372\202=\011\275\333n\202V\211\012"
 1238      FA823D09 
 1238      BDDB6E82 
 1238      56890A
 1239 0662 4B1C54DB 		.ascii	"K\034T\333xp\321@\023\324e\202j8h\266DX5\007\016\374"
 1239      7870D140 
 1239      13D46582 
 1239      6A3868B6 
 1239      44583507 
 1240 0678 F85EE76D 		.ascii	"\370^\347m\373\310\221\3428\302\017\031\027\347\367"
 1240      FBC891E2 
 1240      38C20F19 
 1240      17E7F7
 1241 0687 CEB2697C 		.ascii	"\316\262i|__Na\031\205:\232\342t`\236\037V'!\364\263"
 1241      5F5F4E61 
 1241      19853A9A 
 1241      E274609E 
 1241      1F562721 
 1242 069d 81B9D72F 		.ascii	"\201\271\327/\245\260\204\212\363R\035/\022\324RXKa"
 1242      A5B0848A 
 1242      F3521D2F 
 1242      12D45258 
 1242      4B61
 1243 06af 1D858F29 		.ascii	"\035\205\217)\254\241\260\236\352'\033\203\256\232\302"
 1243      ACA1B09E 
 1243      EA271B83 
 1243      AE9AC2
 1244 06be 8A24BAFE 		.ascii	"\212$\272\376g\232\032\012\037\366\313\230\204XEae\177"
 1244      679A1A0A 
 1244      1FF6CB98 
 1244      84584561 
 1244      657F
 1245 06d0 1257729A 		.ascii	"\022Wr\232\217\372\267k\2778\254\204\217t>\0203\257"
 1245      8FFAB76B 
 1245      BF38AC84 
 1245      8F743E10 
 1245      33AF
 1246 06e2 32FC7F37 		.ascii	"2\374\1777\340\205eU|\251>\3320x:\306\300\006\276\225"
 1246      E0856555 
 1246      7CA93EDA 
 1246      30783AC6 
 1246      C006BE95 
 1247 06f6 73AC1E4B 		.ascii	"s\254\036K\370/\377\204^\206\354\225\325\355G\322\315"
 1247      F82FFF84 
 1247      5E86EC95 
 1247      D5ED47D2 
 1247      CD
 1248 0707 4EA93225 		.ascii	"N\2512%l\324\007Y\277Yp\177KM\257UDT\361\210w\342\001"
 1248      6CD40759 
 1248      BF59707F 
 1248      4B4DAF55 
 1248      4454F188 
 1249 071e 5E81FFEE 		.ascii	"^\201\377\356\320\306&Y\340\377Ia\023\037\313{VW^I\010"
 1249      D0C62659 
ARM GAS  C:\Users\zerog\AppData\Local\Temp\ccdGDece.s 			page 48


 1249      E0FF4961 
 1249      131FCB7B 
 1249      56575E49 
 1250 0733 288E0714 		.ascii	"(\216\007\024\361A\212\200\356\366u\235z\310\026\012"
 1250      F1418A80 
 1250      EEF6759D 
 1250      7AC8160A 
 1251 0743 9BC5D4BB 		.ascii	"\233\305\324\273\271\372@Z\312\341\277\015m\253\256"
 1251      B9FA405A 
 1251      CAE1BF0D 
 1251      6DABAE
 1252 0752 ACEDD6C6 		.ascii	"\254\355\326\306\257\022\306\323\006S\372v^\003WVV6"
 1252      AF12C6D3 
 1252      0653FA76 
 1252      5E035756 
 1252      5636
 1253 0764 FE7B8ABD 		.ascii	"\376{\212\275\005\336@\320\355r\271\262\003\301\354"
 1253      05DE40D0 
 1253      ED72B9B2 
 1253      03C1EC
 1254 0773 E2FC92EC 		.ascii	"\342\374\222\354\022oAv0T\246\346\373\202\331>\325g"
 1254      126F4176 
 1254      3054A6E6 
 1254      FB82D93E 
 1254      D567
 1255 0785 BC6679EC 		.ascii	"\274fy\354\223\336\370\203s\242k<\371E\2427\253P}9\177"
 1255      93DEF883 
 1255      73A26B3C 
 1255      F945A237 
 1255      AB507D39 
 1256 079a DCD8B1E3 		.ascii	"\334\330\261\343\2115\350\375\273\232\027\262\225{\375"
 1256      8935E8FD 
 1256      BB9A17B2 
 1256      957BFD
 1257 07a9 A197F342 		.ascii	"\241\227\363BL\015\004%\356\262\026\224\027\026\252"
 1257      4C0D0425 
 1257      EEB21694 
 1257      1716AA
 1258 07b8 65EC5D5F 		.ascii	"e\354]_\310\361\272\352{[D\376\361\365)\326@aaP\015"
 1258      C8F1BAEA 
 1258      7B5B44FE 
 1258      F1F529D6 
 1258      40616150 
 1259 07cd FD66E2   		.ascii	"\375f\342"
 1260 07d0 2BB913B9 		.ascii	"+\271\023\271\212\267C\345\2127\220;-P\366\327`i\276"
 1260      8AB743E5 
 1260      8A37903B 
 1260      2D50F6D7 
 1260      6069BE
 1261 07e3 47CD2B0F 		.ascii	"G\315+\017\252e\271\023'M\312\373\335\344I\223\247\374"
 1261      AA65B913 
 1261      274DCAFB 
 1261      DDE44993 
 1261      A7FC
 1262 07f5 F6F7C4FD 		.ascii	"\366\367\304\375\244\232\213\011\317\030({_O\312\\\343"
 1262      A49A8B09 
 1262      CF18287B 
ARM GAS  C:\Users\zerog\AppData\Local\Temp\ccdGDece.s 			page 49


 1262      5F4FCA5C 
 1262      E3
 1263 0806 485A7E99 		.ascii	"HZ~\231\357\335\361\352(\037\221=\201\262\220\372\336"
 1263      EFDDF1EA 
 1263      281F913D 
 1263      81B290FA 
 1263      DE
 1264 0817 28DF5822 		.ascii	"(\337X\"\345\225\226\207,\276`Q^\350\211sx0\272H\015"
 1264      E5959687 
 1264      2CBE6051 
 1264      5EE88973 
 1264      7830BA48 
 1265 082c 59F3CAFD 		.ascii	"Y\363\312\375\342\201^%h\313\233V\346\015\251A\207/"
 1265      E2815E25 
 1265      68CB9B56 
 1265      E60DA941 
 1265      872F
 1266 083e F866C13B 		.ascii	"\370f\301;\252'4\331\357\015Y1\312S\372\276T\242\346"
 1266      AA2734D9 
 1266      EF0D5931 
 1266      CA53FABE 
 1266      54A2E6
 1267 0851 17DAFC81 		.ascii	"\027\332\374\201PqY`\032\270l\205~g\260T\365\240\307"
 1267      50715960 
 1267      1AB86C85 
 1267      7E67B054 
 1267      F5A0C7
 1268 0864 EF2F2F29 		.ascii	"\357//)\371\223\347\225\\\221=\250\327#\024\010\224"
 1268      F993E795 
 1268      5C913DA8 
 1268      D7231408 
 1268      94
 1269 0875 04738BFC 		.ascii	"\004s\213\374\345N\361\346D\375N\325W\240*\212\252\344"
 1269      E54EF1E6 
 1269      44FD4ED5 
 1269      57A02A8A 
 1269      AAE4
 1270 0887 BA46678D 		.ascii	"\272Fg\215q\272G\273]Y\243\307\347\342\227QH\242\216"
 1270      71BA47BB 
 1270      5D59A3C7 
 1270      E7E29751 
 1270      48A28E
 1271 089a 52F30BBC 		.ascii	"R\363\013\274\271^\277\247\244\\QsQ\247\327_\204\245"
 1271      B95EBFA7 
 1271      A45C5173 
 1271      51A7D75F 
 1271      84A5
 1272 08ac 60288F61 		.ascii	"`(\217a;%\256\320\"\364\245{\375\301P\276\037k\255\367"
 1272      3B25AED0 
 1272      22F4A57B 
 1272      FDC150BE 
 1272      1F6BADF7 
 1273 08c0 8545B4E1 		.ascii	"\205E\264\341\177\276\226\202O"
 1273      7FBE9682 
 1273      4F
 1274              		.text
 1275              		.section	.gnu.lto_.symtab.f06d0589,"e",%progbits
ARM GAS  C:\Users\zerog\AppData\Local\Temp\ccdGDece.s 			page 50


 1276 0000 6D734F62 		.ascii	"msObjectInit\000"
 1276      6A656374 
 1276      496E6974 
 1276      00
 1277 000d 00       		.ascii	"\000"
 1278 000e 00       		.ascii	"\000"
 1279 000f 00       		.ascii	"\000"
 1280 0010 00000000 		.ascii	"\000\000\000\000\000\000\000\000"
 1280      00000000 
 1281 0018 01010000 		.ascii	"\001\001\000\000"
 1282              		.text
 1283              		.section	.gnu.lto_.ext_symtab.f06d0589,"e",%progbits
 1284 0000 01       		.ascii	"\001"
 1285 0001 01       		.ascii	"\001"
 1286 0002 00       		.ascii	"\000"
 1287              		.text
 1288              		.section	.gnu.lto_.opts,"e",%progbits
 1289 0000 272D666E 		.ascii	"'-fno-openmp' '-fno-openacc' '-fno-pie' '-fcf-prote"
 1289      6F2D6F70 
 1289      656E6D70 
 1289      2720272D 
 1289      666E6F2D 
 1290 0033 6374696F 		.ascii	"ction=none' '-g' '-mcpu=cortex-m4' '-mthumb' '-mflo"
 1290      6E3D6E6F 
 1290      6E652720 
 1290      272D6727 
 1290      20272D6D 
 1291 0066 61742D61 		.ascii	"at-abi=soft' '-mlibarch=armv7e-m' '-march=armv7e-m'"
 1291      62693D73 
 1291      6F667427 
 1291      20272D6D 
 1291      6C696261 
 1292 0099 20272D4F 		.ascii	" '-O2' '-fomit-frame-pointer' '-falign-functions=16"
 1292      32272027 
 1292      2D666F6D 
 1292      69742D66 
 1292      72616D65 
 1293 00cc 2720272D 		.ascii	"' '-ffunction-sections' '-fdata-sections' '-fno-com"
 1293      6666756E 
 1293      6374696F 
 1293      6E2D7365 
 1293      6374696F 
 1294 00ff 6D6F6E27 		.ascii	"mon' '-flto' '-Xassembler' '-alms=./build/lst/memst"
 1294      20272D66 
 1294      6C746F27 
 1294      20272D58 
 1294      61737365 
 1295 0132 7265616D 		.ascii	"reams.lst'\000"
 1295      732E6C73 
 1295      742700
 1296              		.text
 1297              		.comm	__gnu_lto_slim,1,1
 1298              		.ident	"GCC: (GNU Arm Embedded Toolchain 10.3-2021.07) 10.3.1 20210621 (release)"
ARM GAS  C:\Users\zerog\AppData\Local\Temp\ccdGDece.s 			page 51


DEFINED SYMBOLS
                            *ABS*:00000000 memstreams.c
C:\Users\zerog\AppData\Local\Temp\ccdGDece.s:22     .gnu.debuglto_.debug_info:00000000 memstreams.c.fe8a6447
                            *COM*:00000001 __gnu_lto_slim

NO UNDEFINED SYMBOLS
